[INFO] terminal64.exe = C:\Users\Leon\Desktop\MetaTrader 5 - Kopie - Kopie - Kopie (10) - Kopie - Kopie - Kopie - Kopie\terminal64.exe
[INFO] PROJECT_ROOT = C:\Users\Leon\Desktop\Business_Code\Quant_Structure\FTMO
[INFO] OUT_DIR       = C:\Users\Leon\Desktop\Business_Code\Quant_Structure\FTMO\1.Data_Center\Data\Spreads_Data\Spreads
[OK] Connected: 540130486 | FTMO Challenge EUR | FTMO-Server4
[INFO] Spread logging started: symbols=13 poll=1.0s
[WARN] AUDJPY sample failed: Symbol nicht gefunden: AUDJPY
[WARN] AUDUSD sample failed: Symbol nicht gefunden: AUDUSD
[WARN] EURGBP sample failed: Symbol nicht gefunden: EURGBP
[WARN] EURUSD sample failed: Symbol nicht gefunden: EURUSD
[WARN] GBPUSD sample failed: Symbol nicht gefunden: GBPUSD
[WARN] GBPJPY sample failed: Symbol nicht gefunden: GBPJPY
[WARN] NZDUSD sample failed: Symbol nicht gefunden: NZDUSD
[WARN] US500.cash sample failed: Symbol nicht gefunden: US500.cash
[WARN] USDCAD sample failed: Symbol nicht gefunden: USDCAD
[WARN] USDCHF sample failed: Symbol nicht gefunden: USDCHF
[WARN] USDJPY sample failed: Symbol nicht gefunden: USDJPY
[WARN] USOIL.cash sample failed: Symbol nicht gefunden: USOIL.cash
[WARN] XAUUSD sample failed: Symbol nicht gefunden: XAUUSD
[WARN] AUDJPY sample failed: Symbol nicht gefunden: AUDJPY
[WARN] AUDUSD sample failed: Symbol nicht gefunden: AUDUSD
[WARN] EURGBP sample failed: Symbol nicht gefunden: EURGBP
[WARN] EURUSD sample failed: Symbol nicht gefunden: EURUSD
[WARN] GBPUSD sample failed: Symbol nicht gefunden: GBPUSD
[WARN] GBPJPY sample failed: Symbol nicht gefunden: GBPJPY
[WARN] NZDUSD sample failed: Symbol nicht gefunden: NZDUSD
[WARN] US500.cash sample failed: Symbol nicht gefunden: US500.cash
[WARN] USDCAD sample failed: Symbol nicht gefunden: USDCAD
[WARN] USDCHF sample failed: Symbol nicht gefunden: USDCHF
[WARN] USDJPY sample failed: Symbol nicht gefunden: USDJPY
[WARN] USOIL.cash sample failed: Symbol nicht gefunden: USOIL.cash
[WARN] XAUUSD sample failed: Symbol nicht gefunden: XAUUSD
[WARN] AUDJPY sample failed: Symbol nicht gefunden: AUDJPY
[WARN] AUDUSD sample failed: Symbol nicht gefunden: AUDUSD
[WARN] EURGBP sample failed: Symbol nicht gefunden: EURGBP
[WARN] EURUSD sample failed: Symbol nicht gefunden: EURUSD
[WARN] GBPUSD sample failed: Symbol nicht gefunden: GBPUSD
[WARN] GBPJPY sample failed: Symbol nicht gefunden: GBPJPY
[WARN] NZDUSD sample failed: Symbol nicht gefunden: NZDUSD
[WARN] US500.cash sample failed: Symbol nicht gefunden: US500.cash
[WARN] USDCAD sample failed: Symbol nicht gefunden: USDCAD
[WARN] USDCHF sample failed: Symbol nicht gefunden: USDCHF
[WARN] USDJPY sample failed: Symbol nicht gefunden: USDJPY
[WARN] USOIL.cash sample failed: Symbol nicht gefunden: USOIL.cash
[WARN] XAUUSD sample failed: Symbol nicht gefunden: XAUUSD
[WARN] AUDJPY sample failed: Symbol nicht gefunden: AUDJPY
[WARN] AUDUSD sample failed: Symbol nicht gefunden: AUDUSD
[WARN] EURGBP sample failed: Symbol nicht gefunden: EURGBP
[WARN] EURUSD sample failed: Symbol nicht gefunden: EURUSD
[WARN] GBPUSD sample failed: Symbol nicht gefunden: GBPUSD
[WARN] GBPJPY sample failed: Symbol nicht gefunden: GBPJPY
[WARN] NZDUSD sample failed: Symbol nicht gefunden: NZDUSD
[WARN] US500.cash sample failed: Symbol nicht gefunden: US500.cash
[WARN] USDCAD sample failed: Symbol nicht gefunden: USDCAD
[WARN] USDCHF sample failed: Symbol nicht gefunden: USDCHF
[WARN] USDJPY sample failed: Symbol nicht gefunden: USDJPY
[WARN] USOIL.cash sample failed: Symbol nicht gefunden: USOIL.cash
[WARN] XAUUSD sample failed: Symbol nicht gefunden: XAUUSD
[WARN] AUDJPY sample failed: Symbol nicht gefunden: AUDJPY
[WARN] AUDUSD sample failed: Symbol nicht gefunden: AUDUSD
[WARN] EURGBP sample failed: Symbol nicht gefunden: EURGBP
[WARN] EURUSD sample failed: Symbol nicht gefunden: EURUSD
[WARN] GBPUSD sample failed: Symbol nicht gefunden: GBPUSD
[WARN] GBPJPY sample failed: Symbol nicht gefunden: GBPJPY
[WARN] NZDUSD sample failed: Symbol nicht gefunden: NZDUSD
[WARN] US500.cash sample failed: Symbol nicht gefunden: US500.cash
[WARN] USDCAD sample failed: Symbol nicht gefunden: USDCAD
[WARN] USDCHF sample failed: Symbol nicht gefunden: USDCHF
[WARN] USDJPY sample failed: Symbol nicht gefunden: USDJPY
[WARN] USOIL.cash sample failed: Symbol nicht gefunden: USOIL.cash
[WARN] XAUUSD sample failed: Symbol nicht gefunden: XAUUSD
[WARN] AUDJPY sample failed: Symbol nicht gefunden: AUDJPY
[WARN] AUDUSD sample failed: Symbol nicht gefunden: AUDUSD
[WARN] EURGBP sample failed: Symbol nicht gefunden: EURGBP
[WARN] EURUSD sample failed: Symbol nicht gefunden: EURUSD
[WARN] GBPUSD sample failed: Symbol nicht gefunden: GBPUSD
[WARN] GBPJPY sample failed: Symbol nicht gefunden: GBPJPY
[WARN] NZDUSD sample failed: Symbol nicht gefunden: NZDUSD
[WARN] US500.cash sample failed: Symbol nicht gefunden: US500.cash
[WARN] USDCAD sample failed: Symbol nicht gefunden: USDCAD
[WARN] USDCHF sample failed: Symbol nicht gefunden: USDCHF
[WARN] USDJPY sample failed: Symbol nicht gefunden: USDJPY
[WARN] USOIL.cash sample failed: Symbol nicht gefunden: USOIL.cash
[WARN] XAUUSD sample failed: Symbol nicht gefunden: XAUUSD
[WARN] AUDJPY sample failed: Symbol nicht gefunden: AUDJPY
[WARN] AUDUSD sample failed: Symbol nicht gefunden: AUDUSD
[WARN] EURGBP sample failed: Symbol nicht gefunden: EURGBP
[WARN] EURUSD sample failed: Symbol nicht gefunden: EURUSD
[WARN] GBPUSD sample failed: Symbol nicht gefunden: GBPUSD
[WARN] GBPJPY sample failed: Symbol nicht gefunden: GBPJPY
[WARN] NZDUSD sample failed: Symbol nicht gefunden: NZDUSD
[WARN] US500.cash sample failed: Symbol nicht gefunden: US500.cash
[WARN] USDCAD sample failed: Symbol nicht gefunden: USDCAD
[WARN] USDCHF sample failed: Symbol nicht gefunden: USDCHF
[WARN] USDJPY sample failed: Symbol nicht gefunden: USDJPY
[WARN] USOIL.cash sample failed: Symbol nicht gefunden: USOIL.cash
[WARN] XAUUSD sample failed: Symbol nicht gefunden: XAUUSD
[WARN] AUDJPY sample failed: Symbol nicht gefunden: AUDJPY
[WARN] AUDUSD sample failed: Symbol nicht gefunden: AUDUSD
[WARN] EURGBP sample failed: Symbol nicht gefunden: EURGBP
[WARN] EURUSD sample failed: Symbol nicht gefunden: EURUSD
[WARN] GBPUSD sample failed: Symbol nicht gefunden: GBPUSD
[WARN] GBPJPY sample failed: Symbol nicht gefunden: GBPJPY
[WARN] NZDUSD sample failed: Symbol nicht gefunden: NZDUSD
[WARN] US500.cash sample failed: Symbol nicht gefunden: US500.cash
[WARN] USDCAD sample failed: Symbol nicht gefunden: USDCAD
[WARN] USDCHF sample failed: Symbol nicht gefunden: USDCHF
[WARN] USDJPY sample failed: Symbol nicht gefunden: USDJPY
[WARN] USOIL.cash sample failed: Symbol nicht gefunden: USOIL.cash
[WARN] XAUUSD sample failed: Symbol nicht gefunden: XAUUSD
[WARN] AUDJPY sample failed: Symbol nicht gefunden: AUDJPY
[WARN] AUDUSD sample failed: Symbol nicht gefunden: AUDUSD
[WARN] EURGBP sample failed: Symbol nicht gefunden: EURGBP
[WARN] EURUSD sample failed: Symbol nicht gefunden: EURUSD
[WARN] GBPUSD sample failed: Symbol nicht gefunden: GBPUSD
[WARN] GBPJPY sample failed: Symbol nicht gefunden: GBPJPY
[WARN] NZDUSD sample failed: Symbol nicht gefunden: NZDUSD
[WARN] US500.cash sample failed: Symbol nicht gefunden: US500.cash
[WARN] USDCAD sample failed: Symbol nicht gefunden: USDCAD
[WARN] USDCHF sample failed: Symbol nicht gefunden: USDCHF
[WARN] USDJPY sample failed: Symbol nicht gefunden: USDJPY
[WARN] USOIL.cash sample failed: Symbol nicht gefunden: USOIL.cash
[WARN] XAUUSD sample failed: Symbol nicht gefunden: XAUUSD
[WARN] AUDJPY sample failed: Symbol nicht gefunden: AUDJPY
[WARN] AUDUSD sample failed: Symbol nicht gefunden: AUDUSD
[WARN] EURGBP sample failed: Symbol nicht gefunden: EURGBP
[WARN] EURUSD sample failed: Symbol nicht gefunden: EURUSD
[WARN] GBPUSD sample failed: Symbol nicht gefunden: GBPUSD
[WARN] GBPJPY sample failed: Symbol nicht gefunden: GBPJPY
[WARN] NZDUSD sample failed: Symbol nicht gefunden: NZDUSD
[WARN] US500.cash sample failed: Symbol nicht gefunden: US500.cash
[WARN] USDCAD sample failed: Symbol nicht gefunden: USDCAD
[WARN] USDCHF sample failed: Symbol nicht gefunden: USDCHF
[WARN] USDJPY sample failed: Symbol nicht gefunden: USDJPY
[WARN] USOIL.cash sample failed: Symbol nicht gefunden: USOIL.cash
[WARN] XAUUSD sample failed: Symbol nicht gefunden: XAUUSD
[WARN] AUDJPY sample failed: Symbol nicht gefunden: AUDJPY
[WARN] AUDUSD sample failed: Symbol nicht gefunden: AUDUSD
[WARN] EURGBP sample failed: Symbol nicht gefunden: EURGBP
[WARN] EURUSD sample failed: Symbol nicht gefunden: EURUSD
[WARN] GBPUSD sample failed: Symbol nicht gefunden: GBPUSD
[WARN] GBPJPY sample failed: Symbol nicht gefunden: GBPJPY
[WARN] NZDUSD sample failed: Symbol nicht gefunden: NZDUSD
[WARN] US500.cash sample failed: Symbol nicht gefunden: US500.cash
[WARN] USDCAD sample failed: Symbol nicht gefunden: USDCAD
[WARN] USDCHF sample failed: Symbol nicht gefunden: USDCHF
[WARN] USDJPY sample failed: Symbol nicht gefunden: USDJPY
[WARN] USOIL.cash sample failed: Symbol nicht gefunden: USOIL.cash
[WARN] XAUUSD sample failed: Symbol nicht gefunden: XAUUSD
[WARN] AUDJPY sample failed: Symbol nicht gefunden: AUDJPY
[WARN] AUDUSD sample failed: Symbol nicht gefunden: AUDUSD
[WARN] EURGBP sample failed: Symbol nicht gefunden: EURGBP
[WARN] EURUSD sample failed: Symbol nicht gefunden: EURUSD
[WARN] GBPUSD sample failed: Symbol nicht gefunden: GBPUSD
[WARN] GBPJPY sample failed: Symbol nicht gefunden: GBPJPY
[WARN] NZDUSD sample failed: Symbol nicht gefunden: NZDUSD
[WARN] US500.cash sample failed: Symbol nicht gefunden: US500.cash
[WARN] USDCAD sample failed: Symbol nicht gefunden: USDCAD
[WARN] USDCHF sample failed: Symbol nicht gefunden: USDCHF
[WARN] USDJPY sample failed: Symbol nicht gefunden: USDJPY
[WARN] USOIL.cash sample failed: Symbol nicht gefunden: USOIL.cash
[WARN] XAUUSD sample failed: Symbol nicht gefunden: XAUUSD
[WARN] AUDJPY sample failed: Symbol nicht gefunden: AUDJPY
[WARN] AUDUSD sample failed: Symbol nicht gefunden: AUDUSD
[WARN] EURGBP sample failed: Symbol nicht gefunden: EURGBP
[WARN] EURUSD sample failed: Symbol nicht gefunden: EURUSD
[WARN] GBPUSD sample failed: Symbol nicht gefunden: GBPUSD
[WARN] GBPJPY sample failed: Symbol nicht gefunden: GBPJPY
[WARN] NZDUSD sample failed: Symbol nicht gefunden: NZDUSD
[WARN] US500.cash sample failed: Symbol nicht gefunden: US500.cash
[WARN] USDCAD sample failed: Symbol nicht gefunden: USDCAD
[WARN] USDCHF sample failed: Symbol nicht gefunden: USDCHF
[WARN] USDJPY sample failed: Symbol nicht gefunden: USDJPY
[WARN] USOIL.cash sample failed: Symbol nicht gefunden: USOIL.cash
[WARN] XAUUSD sample failed: Symbol nicht gefunden: XAUUSD
[WARN] AUDJPY sample failed: Symbol nicht gefunden: AUDJPY
[WARN] AUDUSD sample failed: Symbol nicht gefunden: AUDUSD
[WARN] EURGBP sample failed: Symbol nicht gefunden: EURGBP
[WARN] EURUSD sample failed: Symbol nicht gefunden: EURUSD
[WARN] GBPUSD sample failed: Symbol nicht gefunden: GBPUSD
[WARN] GBPJPY sample failed: Symbol nicht gefunden: GBPJPY
[WARN] NZDUSD sample failed: Symbol nicht gefunden: NZDUSD
[WARN] US500.cash sample failed: Symbol nicht gefunden: US500.cash
[WARN] USDCAD sample failed: Symbol nicht gefunden: USDCAD
[WARN] USDCHF sample failed: Symbol nicht gefunden: USDCHF
[WARN] USDJPY sample failed: Symbol nicht gefunden: USDJPY
[WARN] USOIL.cash sample failed: Symbol nicht gefunden: USOIL.cash
[WARN] XAUUSD sample failed: Symbol nicht gefunden: XAUUSD
[WARN] AUDJPY sample failed: Symbol nicht gefunden: AUDJPY
[WARN] AUDUSD sample failed: Symbol nicht gefunden: AUDUSD
[WARN] EURGBP sample failed: Symbol nicht gefunden: EURGBP
[WARN] EURUSD sample failed: Symbol nicht gefunden: EURUSD
[WARN] GBPUSD sample failed: Symbol nicht gefunden: GBPUSD
[WARN] GBPJPY sample failed: Symbol nicht gefunden: GBPJPY
[WARN] NZDUSD sample failed: Symbol nicht gefunden: NZDUSD
[WARN] US500.cash sample failed: Symbol nicht gefunden: US500.cash
[WARN] USDCAD sample failed: Symbol nicht gefunden: USDCAD
[WARN] USDCHF sample failed: Symbol nicht gefunden: USDCHF
[WARN] USDJPY sample failed: Symbol nicht gefunden: USDJPY
[WARN] USOIL.cash sample failed: Symbol nicht gefunden: USOIL.cash
[WARN] XAUUSD sample failed: Symbol nicht gefunden: XAUUSD
[WARN] AUDJPY sample failed: Symbol nicht gefunden: AUDJPY
[WARN] AUDUSD sample failed: Symbol nicht gefunden: AUDUSD
[WARN] EURGBP sample failed: Symbol nicht gefunden: EURGBP
[WARN] EURUSD sample failed: Symbol nicht gefunden: EURUSD
[WARN] GBPUSD sample failed: Symbol nicht gefunden: GBPUSD
[WARN] GBPJPY sample failed: Symbol nicht gefunden: GBPJPY
[WARN] NZDUSD sample failed: Symbol nicht gefunden: NZDUSD
[WARN] US500.cash sample failed: Symbol nicht gefunden: US500.cash
[WARN] USDCAD sample failed: Symbol nicht gefunden: USDCAD
[WARN] USDCHF sample failed: Symbol nicht gefunden: USDCHF
[WARN] USDJPY sample failed: Symbol nicht gefunden: USDJPY
[WARN] USOIL.cash sample failed: Symbol nicht gefunden: USOIL.cash
[WARN] XAUUSD sample failed: Symbol nicht gefunden: XAUUSD
[WARN] AUDJPY sample failed: Symbol nicht gefunden: AUDJPY
[WARN] AUDUSD sample failed: Symbol nicht gefunden: AUDUSD
[WARN] EURGBP sample failed: Symbol nicht gefunden: EURGBP
[WARN] EURUSD sample failed: Symbol nicht gefunden: EURUSD
[WARN] GBPUSD sample failed: Symbol nicht gefunden: GBPUSD
[WARN] GBPJPY sample failed: Symbol nicht gefunden: GBPJPY
[WARN] NZDUSD sample failed: Symbol nicht gefunden: NZDUSD
[WARN] US500.cash sample failed: Symbol nicht gefunden: US500.cash
[WARN] USDCAD sample failed: Symbol nicht gefunden: USDCAD
[WARN] USDCHF sample failed: Symbol nicht gefunden: USDCHF
[WARN] USDJPY sample failed: Symbol nicht gefunden: USDJPY
[WARN] USOIL.cash sample failed: Symbol nicht gefunden: USOIL.cash
[WARN] XAUUSD sample failed: Symbol nicht gefunden: XAUUSD
[WARN] AUDJPY sample failed: Symbol nicht gefunden: AUDJPY
[WARN] AUDUSD sample failed: Symbol nicht gefunden: AUDUSD
[WARN] EURGBP sample failed: Symbol nicht gefunden: EURGBP
[WARN] EURUSD sample failed: Symbol nicht gefunden: EURUSD
[WARN] GBPUSD sample failed: Symbol nicht gefunden: GBPUSD
[WARN] GBPJPY sample failed: Symbol nicht gefunden: GBPJPY
[WARN] NZDUSD sample failed: Symbol nicht gefunden: NZDUSD
[WARN] US500.cash sample failed: Symbol nicht gefunden: US500.cash
[WARN] USDCAD sample failed: Symbol nicht gefunden: USDCAD
[WARN] USDCHF sample failed: Symbol nicht gefunden: USDCHF
[WARN] USDJPY sample failed: Symbol nicht gefunden: USDJPY
[WARN] USOIL.cash sample failed: Symbol nicht gefunden: USOIL.cash
[WARN] XAUUSD sample failed: Symbol nicht gefunden: XAUUSD
[WARN] AUDJPY sample failed: Symbol nicht gefunden: AUDJPY
[WARN] AUDUSD sample failed: Symbol nicht gefunden: AUDUSD
[WARN] EURGBP sample failed: Symbol nicht gefunden: EURGBP
[WARN] EURUSD sample failed: Symbol nicht gefunden: EURUSD
[WARN] GBPUSD sample failed: Symbol nicht gefunden: GBPUSD
[WARN] GBPJPY sample failed: Symbol nicht gefunden: GBPJPY
[WARN] NZDUSD sample failed: Symbol nicht gefunden: NZDUSD
[WARN] US500.cash sample failed: Symbol nicht gefunden: US500.cash
[WARN] USDCAD sample failed: Symbol nicht gefunden: USDCAD
[WARN] USDCHF sample failed: Symbol nicht gefunden: USDCHF
[WARN] USDJPY sample failed: Symbol nicht gefunden: USDJPY
[WARN] USOIL.cash sample failed: Symbol nicht gefunden: USOIL.cash
[WARN] XAUUSD sample failed: Symbol nicht gefunden: XAUUSD
[WARN] AUDJPY sample failed: Symbol nicht gefunden: AUDJPY
[WARN] AUDUSD sample failed: Symbol nicht gefunden: AUDUSD
[WARN] EURGBP sample failed: Symbol nicht gefunden: EURGBP
[WARN] EURUSD sample failed: Symbol nicht gefunden: EURUSD
[WARN] GBPUSD sample failed: Symbol nicht gefunden: GBPUSD
[WARN] GBPJPY sample failed: Symbol nicht gefunden: GBPJPY
[WARN] NZDUSD sample failed: Symbol nicht gefunden: NZDUSD
[WARN] US500.cash sample failed: Symbol nicht gefunden: US500.cash
[WARN] USDCAD sample failed: Symbol nicht gefunden: USDCAD
[WARN] USDCHF sample failed: Symbol nicht gefunden: USDCHF
[WARN] USDJPY sample failed: Symbol nicht gefunden: USDJPY
[WARN] USOIL.cash sample failed: Symbol nicht gefunden: USOIL.cash
[WARN] XAUUSD sample failed: Symbol nicht gefunden: XAUUSD
[WARN] AUDJPY sample failed: Symbol nicht gefunden: AUDJPY
[WARN] AUDUSD sample failed: Symbol nicht gefunden: AUDUSD
[WARN] EURGBP sample failed: Symbol nicht gefunden: EURGBP
[WARN] EURUSD sample failed: Symbol nicht gefunden: EURUSD
[WARN] GBPUSD sample failed: Symbol nicht gefunden: GBPUSD
[WARN] GBPJPY sample failed: Symbol nicht gefunden: GBPJPY
[WARN] NZDUSD sample failed: Symbol nicht gefunden: NZDUSD
[WARN] US500.cash sample failed: Symbol nicht gefunden: US500.cash
[WARN] USDCAD sample failed: Symbol nicht gefunden: USDCAD
[WARN] USDCHF sample failed: Symbol nicht gefunden: USDCHF
[WARN] USDJPY sample failed: Symbol nicht gefunden: USDJPY
[WARN] USOIL.cash sample failed: Symbol nicht gefunden: USOIL.cash
[WARN] XAUUSD sample failed: Symbol nicht gefunden: XAUUSD
[WARN] AUDJPY sample failed: Symbol nicht gefunden: AUDJPY
[WARN] AUDUSD sample failed: Symbol nicht gefunden: AUDUSD
[WARN] EURGBP sample failed: Symbol nicht gefunden: EURGBP
[WARN] EURUSD sample failed: Symbol nicht gefunden: EURUSD
[WARN] GBPUSD sample failed: Symbol nicht gefunden: GBPUSD
[WARN] GBPJPY sample failed: Symbol nicht gefunden: GBPJPY
[WARN] NZDUSD sample failed: Symbol nicht gefunden: NZDUSD
[WARN] US500.cash sample failed: Symbol nicht gefunden: US500.cash
[WARN] USDCAD sample failed: Symbol nicht gefunden: USDCAD
[WARN] USDCHF sample failed: Symbol nicht gefunden: USDCHF
[WARN] USDJPY sample failed: Symbol nicht gefunden: USDJPY
[WARN] USOIL.cash sample failed: Symbol nicht gefunden: USOIL.cash
[WARN] XAUUSD sample failed: Symbol nicht gefunden: XAUUSD
[WARN] AUDJPY sample failed: Symbol nicht gefunden: AUDJPY
[WARN] AUDUSD sample failed: Symbol nicht gefunden: AUDUSD
[WARN] EURGBP sample failed: Symbol nicht gefunden: EURGBP
[WARN] EURUSD sample failed: Symbol nicht gefunden: EURUSD
[WARN] GBPUSD sample failed: Symbol nicht gefunden: GBPUSD
[WARN] GBPJPY sample failed: Symbol nicht gefunden: GBPJPY
[WARN] NZDUSD sample failed: Symbol nicht gefunden: NZDUSD
[WARN] US500.cash sample failed: Symbol nicht gefunden: US500.cash
[WARN] USDCAD sample failed: Symbol nicht gefunden: USDCAD
[WARN] USDCHF sample failed: Symbol nicht gefunden: USDCHF
[WARN] USDJPY sample failed: Symbol nicht gefunden: USDJPY
[WARN] USOIL.cash sample failed: Symbol nicht gefunden: USOIL.cash
[WARN] XAUUSD sample failed: Symbol nicht gefunden: XAUUSD
[WARN] AUDJPY sample failed: Symbol nicht gefunden: AUDJPY
[WARN] AUDUSD sample failed: Symbol nicht gefunden: AUDUSD
[WARN] EURGBP sample failed: Symbol nicht gefunden: EURGBP
[WARN] EURUSD sample failed: Symbol nicht gefunden: EURUSD
[WARN] GBPUSD sample failed: Symbol nicht gefunden: GBPUSD
[WARN] GBPJPY sample failed: Symbol nicht gefunden: GBPJPY
[WARN] NZDUSD sample failed: Symbol nicht gefunden: NZDUSD
[WARN] US500.cash sample failed: Symbol nicht gefunden: US500.cash
[WARN] USDCAD sample failed: Symbol nicht gefunden: USDCAD
[WARN] USDCHF sample failed: Symbol nicht gefunden: USDCHF
[WARN] USDJPY sample failed: Symbol nicht gefunden: USDJPY
[WARN] USOIL.cash sample failed: Symbol nicht gefunden: USOIL.cash
[WARN] XAUUSD sample failed: Symbol nicht gefunden: XAUUSD
[WARN] AUDJPY sample failed: Symbol nicht gefunden: AUDJPY
[WARN] AUDUSD sample failed: Symbol nicht gefunden: AUDUSD
[WARN] EURGBP sample failed: Symbol nicht gefunden: EURGBP
[WARN] EURUSD sample failed: Symbol nicht gefunden: EURUSD
[WARN] GBPUSD sample failed: Symbol nicht gefunden: GBPUSD
[WARN] GBPJPY sample failed: Symbol nicht gefunden: GBPJPY
[WARN] NZDUSD sample failed: Symbol nicht gefunden: NZDUSD
[WARN] US500.cash sample failed: Symbol nicht gefunden: US500.cash
[WARN] USDCAD sample failed: Symbol nicht gefunden: USDCAD
[WARN] USDCHF sample failed: Symbol nicht gefunden: USDCHF
[WARN] USDJPY sample failed: Symbol nicht gefunden: USDJPY
[WARN] USOIL.cash sample failed: Symbol nicht gefunden: USOIL.cash
[WARN] XAUUSD sample failed: Symbol nicht gefunden: XAUUSD
[WARN] AUDJPY sample failed: Symbol nicht gefunden: AUDJPY
[WARN] AUDUSD sample failed: Symbol nicht gefunden: AUDUSD
[WARN] EURGBP sample failed: Symbol nicht gefunden: EURGBP
[WARN] EURUSD sample failed: Symbol nicht gefunden: EURUSD
[WARN] GBPUSD sample failed: Symbol nicht gefunden: GBPUSD
[WARN] GBPJPY sample failed: Symbol nicht gefunden: GBPJPY
[WARN] NZDUSD sample failed: Symbol nicht gefunden: NZDUSD
[WARN] US500.cash sample failed: Symbol nicht gefunden: US500.cash
[WARN] USDCAD sample failed: Symbol nicht gefunden: USDCAD
[WARN] USDCHF sample failed: Symbol nicht gefunden: USDCHF
[WARN] USDJPY sample failed: Symbol nicht gefunden: USDJPY
[WARN] USOIL.cash sample failed: Symbol nicht gefunden: USOIL.cash
[WARN] XAUUSD sample failed: Symbol nicht gefunden: XAUUSD
[WARN] AUDJPY sample failed: Symbol nicht gefunden: AUDJPY
[WARN] AUDUSD sample failed: Symbol nicht gefunden: AUDUSD
[WARN] EURGBP sample failed: Symbol nicht gefunden: EURGBP
[WARN] EURUSD sample failed: Symbol nicht gefunden: EURUSD
[WARN] GBPUSD sample failed: Symbol nicht gefunden: GBPUSD
[WARN] GBPJPY sample failed: Symbol nicht gefunden: GBPJPY
[WARN] NZDUSD sample failed: Symbol nicht gefunden: NZDUSD
[WARN] US500.cash sample failed: Symbol nicht gefunden: US500.cash
[WARN] USDCAD sample failed: Symbol nicht gefunden: USDCAD
[WARN] USDCHF sample failed: Symbol nicht gefunden: USDCHF
[WARN] USDJPY sample failed: Symbol nicht gefunden: USDJPY
[WARN] USOIL.cash sample failed: Symbol nicht gefunden: USOIL.cash
[WARN] XAUUSD sample failed: Symbol nicht gefunden: XAUUSD
[WARN] AUDJPY sample failed: Symbol nicht gefunden: AUDJPY
[WARN] AUDUSD sample failed: Symbol nicht gefunden: AUDUSD
[WARN] EURGBP sample failed: Symbol nicht gefunden: EURGBP
[WARN] EURUSD sample failed: Symbol nicht gefunden: EURUSD
[WARN] GBPUSD sample failed: Symbol nicht gefunden: GBPUSD
[WARN] GBPJPY sample failed: Symbol nicht gefunden: GBPJPY
[WARN] NZDUSD sample failed: Symbol nicht gefunden: NZDUSD
[WARN] US500.cash sample failed: Symbol nicht gefunden: US500.cash
[WARN] USDCAD sample failed: Symbol nicht gefunden: USDCAD
[WARN] USDCHF sample failed: Symbol nicht gefunden: USDCHF
[WARN] USDJPY sample failed: Symbol nicht gefunden: USDJPY
[WARN] USOIL.cash sample failed: Symbol nicht gefunden: USOIL.cash
[WARN] XAUUSD sample failed: Symbol nicht gefunden: XAUUSD
[WARN] AUDJPY sample failed: Symbol nicht gefunden: AUDJPY
[WARN] AUDUSD sample failed: Symbol nicht gefunden: AUDUSD
[WARN] EURGBP sample failed: Symbol nicht gefunden: EURGBP
[WARN] EURUSD sample failed: Symbol nicht gefunden: EURUSD
[WARN] GBPUSD sample failed: Symbol nicht gefunden: GBPUSD
[WARN] GBPJPY sample failed: Symbol nicht gefunden: GBPJPY
[WARN] NZDUSD sample failed: Symbol nicht gefunden: NZDUSD
[WARN] US500.cash sample failed: Symbol nicht gefunden: US500.cash
[WARN] USDCAD sample failed: Symbol nicht gefunden: USDCAD
[WARN] USDCHF sample failed: Symbol nicht gefunden: USDCHF
[WARN] USDJPY sample failed: Symbol nicht gefunden: USDJPY
[WARN] USOIL.cash sample failed: Symbol nicht gefunden: USOIL.cash
[WARN] XAUUSD sample failed: Symbol nicht gefunden: XAUUSD
[WARN] AUDJPY sample failed: Symbol nicht gefunden: AUDJPY
[WARN] AUDUSD sample failed: Symbol nicht gefunden: AUDUSD
[WARN] EURGBP sample failed: Symbol nicht gefunden: EURGBP
[WARN] EURUSD sample failed: Symbol nicht gefunden: EURUSD
[WARN] GBPUSD sample failed: Symbol nicht gefunden: GBPUSD
[WARN] GBPJPY sample failed: Symbol nicht gefunden: GBPJPY
[WARN] NZDUSD sample failed: Symbol nicht gefunden: NZDUSD
[WARN] US500.cash sample failed: Symbol nicht gefunden: US500.cash
[WARN] USDCAD sample failed: Symbol nicht gefunden: USDCAD
[WARN] USDCHF sample failed: Symbol nicht gefunden: USDCHF
[WARN] USDJPY sample failed: Symbol nicht gefunden: USDJPY
[WARN] USOIL.cash sample failed: Symbol nicht gefunden: USOIL.cash
[WARN] XAUUSD sample failed: Symbol nicht gefunden: XAUUSD
[WARN] AUDJPY sample failed: Symbol nicht gefunden: AUDJPY
[WARN] AUDUSD sample failed: Symbol nicht gefunden: AUDUSD
[WARN] EURGBP sample failed: Symbol nicht gefunden: EURGBP
[WARN] EURUSD sample failed: Symbol nicht gefunden: EURUSD
[WARN] GBPUSD sample failed: Symbol nicht gefunden: GBPUSD
[WARN] GBPJPY sample failed: Symbol nicht gefunden: GBPJPY
[WARN] NZDUSD sample failed: Symbol nicht gefunden: NZDUSD
[WARN] US500.cash sample failed: Symbol nicht gefunden: US500.cash
[WARN] USDCAD sample failed: Symbol nicht gefunden: USDCAD
[WARN] USDCHF sample failed: Symbol nicht gefunden: USDCHF
[WARN] USDJPY sample failed: Symbol nicht gefunden: USDJPY
[WARN] USOIL.cash sample failed: Symbol nicht gefunden: USOIL.cash
[WARN] XAUUSD sample failed: Symbol nicht gefunden: XAUUSD
[WARN] AUDJPY sample failed: Symbol nicht gefunden: AUDJPY
[WARN] AUDUSD sample failed: Symbol nicht gefunden: AUDUSD
[WARN] EURGBP sample failed: Symbol nicht gefunden: EURGBP
[WARN] EURUSD sample failed: Symbol nicht gefunden: EURUSD
[WARN] GBPUSD sample failed: Symbol nicht gefunden: GBPUSD
[WARN] GBPJPY sample failed: Symbol nicht gefunden: GBPJPY
[WARN] NZDUSD sample failed: Symbol nicht gefunden: NZDUSD
[WARN] US500.cash sample failed: Symbol nicht gefunden: US500.cash
[WARN] USDCAD sample failed: Symbol nicht gefunden: USDCAD
[WARN] USDCHF sample failed: Symbol nicht gefunden: USDCHF
[WARN] USDJPY sample failed: Symbol nicht gefunden: USDJPY
[WARN] USOIL.cash sample failed: Symbol nicht gefunden: USOIL.cash
[WARN] XAUUSD sample failed: Symbol nicht gefunden: XAUUSD
[WARN] AUDJPY sample failed: Symbol nicht gefunden: AUDJPY
[WARN] AUDUSD sample failed: Symbol nicht gefunden: AUDUSD
[WARN] EURGBP sample failed: Symbol nicht gefunden: EURGBP
[WARN] EURUSD sample failed: Symbol nicht gefunden: EURUSD
[WARN] GBPUSD sample failed: Symbol nicht gefunden: GBPUSD
[WARN] GBPJPY sample failed: Symbol nicht gefunden: GBPJPY
[WARN] NZDUSD sample failed: Symbol nicht gefunden: NZDUSD
[WARN] US500.cash sample failed: Symbol nicht gefunden: US500.cash
[WARN] USDCAD sample failed: Symbol nicht gefunden: USDCAD
[WARN] USDCHF sample failed: Symbol nicht gefunden: USDCHF
[WARN] USDJPY sample failed: Symbol nicht gefunden: USDJPY
[WARN] USOIL.cash sample failed: Symbol nicht gefunden: USOIL.cash
[WARN] XAUUSD sample failed: Symbol nicht gefunden: XAUUSD
[WARN] AUDJPY sample failed: Symbol nicht gefunden: AUDJPY
[WARN] AUDUSD sample failed: Symbol nicht gefunden: AUDUSD
[WARN] EURGBP sample failed: Symbol nicht gefunden: EURGBP
[WARN] EURUSD sample failed: Symbol nicht gefunden: EURUSD
[WARN] GBPUSD sample failed: Symbol nicht gefunden: GBPUSD
[WARN] GBPJPY sample failed: Symbol nicht gefunden: GBPJPY
[WARN] NZDUSD sample failed: Symbol nicht gefunden: NZDUSD
[WARN] US500.cash sample failed: Symbol nicht gefunden: US500.cash
[WARN] USDCAD sample failed: Symbol nicht gefunden: USDCAD
[WARN] USDCHF sample failed: Symbol nicht gefunden: USDCHF
[WARN] USDJPY sample failed: Symbol nicht gefunden: USDJPY
[WARN] USOIL.cash sample failed: Symbol nicht gefunden: USOIL.cash
[WARN] XAUUSD sample failed: Symbol nicht gefunden: XAUUSD
[WARN] AUDJPY sample failed: Symbol nicht gefunden: AUDJPY
[WARN] AUDUSD sample failed: Symbol nicht gefunden: AUDUSD
[WARN] EURGBP sample failed: Symbol nicht gefunden: EURGBP
[WARN] EURUSD sample failed: Symbol nicht gefunden: EURUSD
[WARN] GBPUSD sample failed: Symbol nicht gefunden: GBPUSD
[WARN] GBPJPY sample failed: Symbol nicht gefunden: GBPJPY
[WARN] NZDUSD sample failed: Symbol nicht gefunden: NZDUSD
[WARN] US500.cash sample failed: Symbol nicht gefunden: US500.cash
[WARN] USDCAD sample failed: Symbol nicht gefunden: USDCAD
[WARN] USDCHF sample failed: Symbol nicht gefunden: USDCHF
[WARN] USDJPY sample failed: Symbol nicht gefunden: USDJPY
[WARN] USOIL.cash sample failed: Symbol nicht gefunden: USOIL.cash
[WARN] XAUUSD sample failed: Symbol nicht gefunden: XAUUSD
[WARN] AUDJPY sample failed: Symbol nicht gefunden: AUDJPY
[WARN] AUDUSD sample failed: Symbol nicht gefunden: AUDUSD
[WARN] EURGBP sample failed: Symbol nicht gefunden: EURGBP
[WARN] EURUSD sample failed: Symbol nicht gefunden: EURUSD
[WARN] GBPUSD sample failed: Symbol nicht gefunden: GBPUSD
[WARN] GBPJPY sample failed: Symbol nicht gefunden: GBPJPY
[WARN] NZDUSD sample failed: Symbol nicht gefunden: NZDUSD
[WARN] US500.cash sample failed: Symbol nicht gefunden: US500.cash
[WARN] USDCAD sample failed: Symbol nicht gefunden: USDCAD
[WARN] USDCHF sample failed: Symbol nicht gefunden: USDCHF
[WARN] USDJPY sample failed: Symbol nicht gefunden: USDJPY
[WARN] USOIL.cash sample failed: Symbol nicht gefunden: USOIL.cash
[WARN] XAUUSD sample failed: Symbol nicht gefunden: XAUUSD
[WARN] AUDJPY sample failed: Symbol nicht gefunden: AUDJPY
[WARN] AUDUSD sample failed: Symbol nicht gefunden: AUDUSD
[WARN] EURGBP sample failed: Symbol nicht gefunden: EURGBP
[WARN] EURUSD sample failed: Symbol nicht gefunden: EURUSD
[WARN] GBPUSD sample failed: Symbol nicht gefunden: GBPUSD
[WARN] GBPJPY sample failed: Symbol nicht gefunden: GBPJPY
[WARN] NZDUSD sample failed: Symbol nicht gefunden: NZDUSD
[WARN] US500.cash sample failed: Symbol nicht gefunden: US500.cash
[WARN] USDCAD sample failed: Symbol nicht gefunden: USDCAD
[WARN] USDCHF sample failed: Symbol nicht gefunden: USDCHF
[WARN] USDJPY sample failed: Symbol nicht gefunden: USDJPY
[WARN] USOIL.cash sample failed: Symbol nicht gefunden: USOIL.cash
[WARN] XAUUSD sample failed: Symbol nicht gefunden: XAUUSD
[WARN] AUDJPY sample failed: Symbol nicht gefunden: AUDJPY
[WARN] AUDUSD sample failed: Symbol nicht gefunden: AUDUSD
[WARN] EURGBP sample failed: Symbol nicht gefunden: EURGBP
[WARN] EURUSD sample failed: Symbol nicht gefunden: EURUSD
[WARN] GBPUSD sample failed: Symbol nicht gefunden: GBPUSD
[WARN] GBPJPY sample failed: Symbol nicht gefunden: GBPJPY
[WARN] NZDUSD sample failed: Symbol nicht gefunden: NZDUSD
[WARN] US500.cash sample failed: Symbol nicht gefunden: US500.cash
[WARN] USDCAD sample failed: Symbol nicht gefunden: USDCAD
[WARN] USDCHF sample failed: Symbol nicht gefunden: USDCHF
[WARN] USDJPY sample failed: Symbol nicht gefunden: USDJPY
[WARN] USOIL.cash sample failed: Symbol nicht gefunden: USOIL.cash
[WARN] XAUUSD sample failed: Symbol nicht gefunden: XAUUSD
[WARN] AUDJPY sample failed: Symbol nicht gefunden: AUDJPY
[WARN] AUDUSD sample failed: Symbol nicht gefunden: AUDUSD
[WARN] EURGBP sample failed: Symbol nicht gefunden: EURGBP
[WARN] EURUSD sample failed: Symbol nicht gefunden: EURUSD
[WARN] GBPUSD sample failed: Symbol nicht gefunden: GBPUSD
[WARN] GBPJPY sample failed: Symbol nicht gefunden: GBPJPY
[WARN] NZDUSD sample failed: Symbol nicht gefunden: NZDUSD
[WARN] US500.cash sample failed: Symbol nicht gefunden: US500.cash
[WARN] USDCAD sample failed: Symbol nicht gefunden: USDCAD
[WARN] USDCHF sample failed: Symbol nicht gefunden: USDCHF
[WARN] USDJPY sample failed: Symbol nicht gefunden: USDJPY
[WARN] USOIL.cash sample failed: Symbol nicht gefunden: USOIL.cash
[WARN] XAUUSD sample failed: Symbol nicht gefunden: XAUUSD
[WARN] AUDJPY sample failed: Symbol nicht gefunden: AUDJPY
[WARN] AUDUSD sample failed: Symbol nicht gefunden: AUDUSD
[WARN] EURGBP sample failed: Symbol nicht gefunden: EURGBP
[WARN] EURUSD sample failed: Symbol nicht gefunden: EURUSD
[WARN] GBPUSD sample failed: Symbol nicht gefunden: GBPUSD
[WARN] GBPJPY sample failed: Symbol nicht gefunden: GBPJPY
[WARN] NZDUSD sample failed: Symbol nicht gefunden: NZDUSD
[WARN] US500.cash sample failed: Symbol nicht gefunden: US500.cash
[WARN] USDCAD sample failed: Symbol nicht gefunden: USDCAD
[WARN] USDCHF sample failed: Symbol nicht gefunden: USDCHF
[WARN] USDJPY sample failed: Symbol nicht gefunden: USDJPY
[WARN] USOIL.cash sample failed: Symbol nicht gefunden: USOIL.cash
[WARN] XAUUSD sample failed: Symbol nicht gefunden: XAUUSD
[WARN] AUDJPY sample failed: Symbol nicht gefunden: AUDJPY
[WARN] AUDUSD sample failed: Symbol nicht gefunden: AUDUSD
[WARN] EURGBP sample failed: Symbol nicht gefunden: EURGBP
[WARN] EURUSD sample failed: Symbol nicht gefunden: EURUSD
[WARN] GBPUSD sample failed: Symbol nicht gefunden: GBPUSD
[WARN] GBPJPY sample failed: Symbol nicht gefunden: GBPJPY
[WARN] NZDUSD sample failed: Symbol nicht gefunden: NZDUSD
[WARN] US500.cash sample failed: Symbol nicht gefunden: US500.cash
[WARN] USDCAD sample failed: Symbol nicht gefunden: USDCAD
[WARN] USDCHF sample failed: Symbol nicht gefunden: USDCHF
[WARN] USDJPY sample failed: Symbol nicht gefunden: USDJPY
[WARN] USOIL.cash sample failed: Symbol nicht gefunden: USOIL.cash
[WARN] XAUUSD sample failed: Symbol nicht gefunden: XAUUSD
[WARN] AUDJPY sample failed: Symbol nicht gefunden: AUDJPY
[WARN] AUDUSD sample failed: Symbol nicht gefunden: AUDUSD
[WARN] EURGBP sample failed: Symbol nicht gefunden: EURGBP
[WARN] EURUSD sample failed: Symbol nicht gefunden: EURUSD
[WARN] GBPUSD sample failed: Symbol nicht gefunden: GBPUSD
[WARN] GBPJPY sample failed: Symbol nicht gefunden: GBPJPY
[WARN] NZDUSD sample failed: Symbol nicht gefunden: NZDUSD
[WARN] US500.cash sample failed: Symbol nicht gefunden: US500.cash
[WARN] USDCAD sample failed: Symbol nicht gefunden: USDCAD
[WARN] USDCHF sample failed: Symbol nicht gefunden: USDCHF
[WARN] USDJPY sample failed: Symbol nicht gefunden: USDJPY
[WARN] USOIL.cash sample failed: Symbol nicht gefunden: USOIL.cash
[WARN] XAUUSD sample failed: Symbol nicht gefunden: XAUUSD
[WARN] AUDJPY sample failed: Symbol nicht gefunden: AUDJPY
[WARN] AUDUSD sample failed: Symbol nicht gefunden: AUDUSD
[WARN] EURGBP sample failed: Symbol nicht gefunden: EURGBP
[WARN] EURUSD sample failed: Symbol nicht gefunden: EURUSD
[WARN] GBPUSD sample failed: Symbol nicht gefunden: GBPUSD
[WARN] GBPJPY sample failed: Symbol nicht gefunden: GBPJPY
[WARN] NZDUSD sample failed: Symbol nicht gefunden: NZDUSD
[WARN] US500.cash sample failed: Symbol nicht gefunden: US500.cash
[WARN] USDCAD sample failed: Symbol nicht gefunden: USDCAD
[WARN] USDCHF sample failed: Symbol nicht gefunden: USDCHF
[WARN] USDJPY sample failed: Symbol nicht gefunden: USDJPY
[WARN] USOIL.cash sample failed: Symbol nicht gefunden: USOIL.cash
[WARN] XAUUSD sample failed: Symbol nicht gefunden: XAUUSD
[WARN] AUDJPY sample failed: Symbol nicht gefunden: AUDJPY
[WARN] AUDUSD sample failed: Symbol nicht gefunden: AUDUSD
[WARN] EURGBP sample failed: Symbol nicht gefunden: EURGBP
[WARN] EURUSD sample failed: Symbol nicht gefunden: EURUSD
[WARN] GBPUSD sample failed: Symbol nicht gefunden: GBPUSD
[WARN] GBPJPY sample failed: Symbol nicht gefunden: GBPJPY
[WARN] NZDUSD sample failed: Symbol nicht gefunden: NZDUSD
[WARN] US500.cash sample failed: Symbol nicht gefunden: US500.cash
[WARN] USDCAD sample failed: Symbol nicht gefunden: USDCAD
[WARN] USDCHF sample failed: Symbol nicht gefunden: USDCHF
[WARN] USDJPY sample failed: Symbol nicht gefunden: USDJPY
[WARN] USOIL.cash sample failed: Symbol nicht gefunden: USOIL.cash
[WARN] XAUUSD sample failed: Symbol nicht gefunden: XAUUSD
[WARN] AUDJPY sample failed: Symbol nicht gefunden: AUDJPY
[WARN] AUDUSD sample failed: Symbol nicht gefunden: AUDUSD
[WARN] EURGBP sample failed: Symbol nicht gefunden: EURGBP
[WARN] EURUSD sample failed: Symbol nicht gefunden: EURUSD
[WARN] GBPUSD sample failed: Symbol nicht gefunden: GBPUSD
[WARN] GBPJPY sample failed: Symbol nicht gefunden: GBPJPY
[WARN] NZDUSD sample failed: Symbol nicht gefunden: NZDUSD
[WARN] US500.cash sample failed: Symbol nicht gefunden: US500.cash
[WARN] USDCAD sample failed: Symbol nicht gefunden: USDCAD
[WARN] USDCHF sample failed: Symbol nicht gefunden: USDCHF
[WARN] USDJPY sample failed: Symbol nicht gefunden: USDJPY
[WARN] USOIL.cash sample failed: Symbol nicht gefunden: USOIL.cash
[WARN] XAUUSD sample failed: Symbol nicht gefunden: XAUUSD
[WARN] AUDJPY sample failed: Symbol nicht gefunden: AUDJPY
[WARN] AUDUSD sample failed: Symbol nicht gefunden: AUDUSD
[WARN] EURGBP sample failed: Symbol nicht gefunden: EURGBP
[WARN] EURUSD sample failed: Symbol nicht gefunden: EURUSD
[WARN] GBPUSD sample failed: Symbol nicht gefunden: GBPUSD
[WARN] GBPJPY sample failed: Symbol nicht gefunden: GBPJPY
[WARN] NZDUSD sample failed: Symbol nicht gefunden: NZDUSD
[WARN] US500.cash sample failed: Symbol nicht gefunden: US500.cash
[WARN] USDCAD sample failed: Symbol nicht gefunden: USDCAD
[WARN] USDCHF sample failed: Symbol nicht gefunden: USDCHF
[WARN] USDJPY sample failed: Symbol nicht gefunden: USDJPY
[WARN] USOIL.cash sample failed: Symbol nicht gefunden: USOIL.cash
[WARN] XAUUSD sample failed: Symbol nicht gefunden: XAUUSD
[WARN] AUDJPY sample failed: Symbol nicht gefunden: AUDJPY
[WARN] AUDUSD sample failed: Symbol nicht gefunden: AUDUSD
[WARN] EURGBP sample failed: Symbol nicht gefunden: EURGBP
[WARN] EURUSD sample failed: Symbol nicht gefunden: EURUSD
[WARN] GBPUSD sample failed: Symbol nicht gefunden: GBPUSD
[WARN] GBPJPY sample failed: Symbol nicht gefunden: GBPJPY
[WARN] NZDUSD sample failed: Symbol nicht gefunden: NZDUSD
[WARN] US500.cash sample failed: Symbol nicht gefunden: US500.cash
[WARN] USDCAD sample failed: Symbol nicht gefunden: USDCAD
[WARN] USDCHF sample failed: Symbol nicht gefunden: USDCHF
[WARN] USDJPY sample failed: Symbol nicht gefunden: USDJPY
[WARN] USOIL.cash sample failed: Symbol nicht gefunden: USOIL.cash
[WARN] XAUUSD sample failed: Symbol nicht gefunden: XAUUSD
[WARN] AUDJPY sample failed: Symbol nicht gefunden: AUDJPY
[WARN] AUDUSD sample failed: Symbol nicht gefunden: AUDUSD
[WARN] EURGBP sample failed: Symbol nicht gefunden: EURGBP
[WARN] EURUSD sample failed: Symbol nicht gefunden: EURUSD
[WARN] GBPUSD sample failed: Symbol nicht gefunden: GBPUSD
[WARN] GBPJPY sample failed: Symbol nicht gefunden: GBPJPY
[WARN] NZDUSD sample failed: Symbol nicht gefunden: NZDUSD
[WARN] US500.cash sample failed: Symbol nicht gefunden: US500.cash
[WARN] USDCAD sample failed: Symbol nicht gefunden: USDCAD
[WARN] USDCHF sample failed: Symbol nicht gefunden: USDCHF
[WARN] USDJPY sample failed: Symbol nicht gefunden: USDJPY
[WARN] USOIL.cash sample failed: Symbol nicht gefunden: USOIL.cash
[WARN] XAUUSD sample failed: Symbol nicht gefunden: XAUUSD
[WARN] AUDJPY sample failed: Symbol nicht gefunden: AUDJPY
[WARN] AUDUSD sample failed: Symbol nicht gefunden: AUDUSD
[WARN] EURGBP sample failed: Symbol nicht gefunden: EURGBP
[WARN] EURUSD sample failed: Symbol nicht gefunden: EURUSD
[WARN] GBPUSD sample failed: Symbol nicht gefunden: GBPUSD
[WARN] GBPJPY sample failed: Symbol nicht gefunden: GBPJPY
[WARN] NZDUSD sample failed: Symbol nicht gefunden: NZDUSD
[WARN] US500.cash sample failed: Symbol nicht gefunden: US500.cash
[WARN] USDCAD sample failed: Symbol nicht gefunden: USDCAD
[WARN] USDCHF sample failed: Symbol nicht gefunden: USDCHF
[WARN] USDJPY sample failed: Symbol nicht gefunden: USDJPY
[WARN] USOIL.cash sample failed: Symbol nicht gefunden: USOIL.cash
[WARN] XAUUSD sample failed: Symbol nicht gefunden: XAUUSD
[WARN] AUDJPY sample failed: Symbol nicht gefunden: AUDJPY
[WARN] AUDUSD sample failed: Symbol nicht gefunden: AUDUSD
[WARN] EURGBP sample failed: Symbol nicht gefunden: EURGBP
[WARN] EURUSD sample failed: Symbol nicht gefunden: EURUSD
[WARN] GBPUSD sample failed: Symbol nicht gefunden: GBPUSD
[WARN] GBPJPY sample failed: Symbol nicht gefunden: GBPJPY
[WARN] NZDUSD sample failed: Symbol nicht gefunden: NZDUSD
[WARN] US500.cash sample failed: Symbol nicht gefunden: US500.cash
[WARN] USDCAD sample failed: Symbol nicht gefunden: USDCAD
[WARN] USDCHF sample failed: Symbol nicht gefunden: USDCHF
[WARN] USDJPY sample failed: Symbol nicht gefunden: USDJPY
[WARN] USOIL.cash sample failed: Symbol nicht gefunden: USOIL.cash
[WARN] XAUUSD sample failed: Symbol nicht gefunden: XAUUSD
[WARN] AUDJPY sample failed: Symbol nicht gefunden: AUDJPY
[WARN] AUDUSD sample failed: Symbol nicht gefunden: AUDUSD
[WARN] EURGBP sample failed: Symbol nicht gefunden: EURGBP
[WARN] EURUSD sample failed: Symbol nicht gefunden: EURUSD
[WARN] GBPUSD sample failed: Symbol nicht gefunden: GBPUSD
[WARN] GBPJPY sample failed: Symbol nicht gefunden: GBPJPY
[WARN] NZDUSD sample failed: Symbol nicht gefunden: NZDUSD
[WARN] US500.cash sample failed: Symbol nicht gefunden: US500.cash
[WARN] USDCAD sample failed: Symbol nicht gefunden: USDCAD
[WARN] USDCHF sample failed: Symbol nicht gefunden: USDCHF
[WARN] USDJPY sample failed: Symbol nicht gefunden: USDJPY
[WARN] USOIL.cash sample failed: Symbol nicht gefunden: USOIL.cash
[WARN] XAUUSD sample failed: Symbol nicht gefunden: XAUUSD
[WARN] AUDJPY sample failed: Symbol nicht gefunden: AUDJPY
[WARN] AUDUSD sample failed: Symbol nicht gefunden: AUDUSD
[WARN] EURGBP sample failed: Symbol nicht gefunden: EURGBP
[WARN] EURUSD sample failed: Symbol nicht gefunden: EURUSD
[WARN] GBPUSD sample failed: Symbol nicht gefunden: GBPUSD
[WARN] GBPJPY sample failed: Symbol nicht gefunden: GBPJPY
[WARN] NZDUSD sample failed: Symbol nicht gefunden: NZDUSD
[WARN] US500.cash sample failed: Symbol nicht gefunden: US500.cash
[WARN] USDCAD sample failed: Symbol nicht gefunden: USDCAD
[WARN] USDCHF sample failed: Symbol nicht gefunden: USDCHF
[WARN] USDJPY sample failed: Symbol nicht gefunden: USDJPY
[WARN] USOIL.cash sample failed: Symbol nicht gefunden: USOIL.cash
[WARN] XAUUSD sample failed: Symbol nicht gefunden: XAUUSD
[WARN] AUDJPY sample failed: Symbol nicht gefunden: AUDJPY
[WARN] AUDUSD sample failed: Symbol nicht gefunden: AUDUSD
[WARN] EURGBP sample failed: Symbol nicht gefunden: EURGBP
[WARN] EURUSD sample failed: Symbol nicht gefunden: EURUSD
[WARN] GBPUSD sample failed: Symbol nicht gefunden: GBPUSD
[WARN] GBPJPY sample failed: Symbol nicht gefunden: GBPJPY
[WARN] NZDUSD sample failed: Symbol nicht gefunden: NZDUSD
[WARN] US500.cash sample failed: Symbol nicht gefunden: US500.cash
[WARN] USDCAD sample failed: Symbol nicht gefunden: USDCAD
[WARN] USDCHF sample failed: Symbol nicht gefunden: USDCHF
[WARN] USDJPY sample failed: Symbol nicht gefunden: USDJPY
[WARN] USOIL.cash sample failed: Symbol nicht gefunden: USOIL.cash
[WARN] XAUUSD sample failed: Symbol nicht gefunden: XAUUSD
[WARN] AUDJPY sample failed: Symbol nicht gefunden: AUDJPY
[WARN] AUDUSD sample failed: Symbol nicht gefunden: AUDUSD
[WARN] EURGBP sample failed: Symbol nicht gefunden: EURGBP
[WARN] EURUSD sample failed: Symbol nicht gefunden: EURUSD
[WARN] GBPUSD sample failed: Symbol nicht gefunden: GBPUSD
[WARN] GBPJPY sample failed: Symbol nicht gefunden: GBPJPY
[WARN] NZDUSD sample failed: Symbol nicht gefunden: NZDUSD
[WARN] US500.cash sample failed: Symbol nicht gefunden: US500.cash
[WARN] USDCAD sample failed: Symbol nicht gefunden: USDCAD
[WARN] USDCHF sample failed: Symbol nicht gefunden: USDCHF
[WARN] USDJPY sample failed: Symbol nicht gefunden: USDJPY
[WARN] USOIL.cash sample failed: Symbol nicht gefunden: USOIL.cash
[WARN] XAUUSD sample failed: Symbol nicht gefunden: XAUUSD
[WARN] AUDJPY sample failed: Symbol nicht gefunden: AUDJPY
[WARN] AUDUSD sample failed: Symbol nicht gefunden: AUDUSD
[WARN] EURGBP sample failed: Symbol nicht gefunden: EURGBP
[WARN] EURUSD sample failed: Symbol nicht gefunden: EURUSD
[WARN] GBPUSD sample failed: Symbol nicht gefunden: GBPUSD
[WARN] GBPJPY sample failed: Symbol nicht gefunden: GBPJPY
[WARN] NZDUSD sample failed: Symbol nicht gefunden: NZDUSD
[WARN] US500.cash sample failed: Symbol nicht gefunden: US500.cash
[WARN] USDCAD sample failed: Symbol nicht gefunden: USDCAD
[WARN] USDCHF sample failed: Symbol nicht gefunden: USDCHF
[WARN] USDJPY sample failed: Symbol nicht gefunden: USDJPY
[WARN] USOIL.cash sample failed: Symbol nicht gefunden: USOIL.cash
[WARN] XAUUSD sample failed: Symbol nicht gefunden: XAUUSD
[WARN] AUDJPY sample failed: Symbol nicht gefunden: AUDJPY
[WARN] AUDUSD sample failed: Symbol nicht gefunden: AUDUSD
[WARN] EURGBP sample failed: Symbol nicht gefunden: EURGBP
[WARN] EURUSD sample failed: Symbol nicht gefunden: EURUSD
[WARN] GBPUSD sample failed: Symbol nicht gefunden: GBPUSD
[WARN] GBPJPY sample failed: Symbol nicht gefunden: GBPJPY
[WARN] NZDUSD sample failed: Symbol nicht gefunden: NZDUSD
[WARN] US500.cash sample failed: Symbol nicht gefunden: US500.cash
[WARN] USDCAD sample failed: Symbol nicht gefunden: USDCAD
[WARN] USDCHF sample failed: Symbol nicht gefunden: USDCHF
[WARN] USDJPY sample failed: Symbol nicht gefunden: USDJPY
[WARN] USOIL.cash sample failed: Symbol nicht gefunden: USOIL.cash
[WARN] XAUUSD sample failed: Symbol nicht gefunden: XAUUSD
[WARN] AUDJPY sample failed: Symbol nicht gefunden: AUDJPY
[WARN] AUDUSD sample failed: Symbol nicht gefunden: AUDUSD
[WARN] EURGBP sample failed: Symbol nicht gefunden: EURGBP
[WARN] EURUSD sample failed: Symbol nicht gefunden: EURUSD
[WARN] GBPUSD sample failed: Symbol nicht gefunden: GBPUSD
[WARN] GBPJPY sample failed: Symbol nicht gefunden: GBPJPY
[WARN] NZDUSD sample failed: Symbol nicht gefunden: NZDUSD
[WARN] US500.cash sample failed: Symbol nicht gefunden: US500.cash
[WARN] USDCAD sample failed: Symbol nicht gefunden: USDCAD
[WARN] USDCHF sample failed: Symbol nicht gefunden: USDCHF
[WARN] USDJPY sample failed: Symbol nicht gefunden: USDJPY
[WARN] USOIL.cash sample failed: Symbol nicht gefunden: USOIL.cash
[WARN] XAUUSD sample failed: Symbol nicht gefunden: XAUUSD
[WARN] AUDJPY sample failed: Symbol nicht gefunden: AUDJPY
[WARN] AUDUSD sample failed: Symbol nicht gefunden: AUDUSD
[WARN] EURGBP sample failed: Symbol nicht gefunden: EURGBP
[WARN] EURUSD sample failed: Symbol nicht gefunden: EURUSD
[WARN] GBPUSD sample failed: Symbol nicht gefunden: GBPUSD
[WARN] GBPJPY sample failed: Symbol nicht gefunden: GBPJPY
[WARN] NZDUSD sample failed: Symbol nicht gefunden: NZDUSD
[WARN] US500.cash sample failed: Symbol nicht gefunden: US500.cash
[WARN] USDCAD sample failed: Symbol nicht gefunden: USDCAD
[WARN] USDCHF sample failed: Symbol nicht gefunden: USDCHF
[WARN] USDJPY sample failed: Symbol nicht gefunden: USDJPY
[WARN] USOIL.cash sample failed: Symbol nicht gefunden: USOIL.cash
[WARN] XAUUSD sample failed: Symbol nicht gefunden: XAUUSD
[WARN] AUDJPY sample failed: Symbol nicht gefunden: AUDJPY
[WARN] AUDUSD sample failed: Symbol nicht gefunden: AUDUSD
[WARN] EURGBP sample failed: Symbol nicht gefunden: EURGBP
[WARN] EURUSD sample failed: Symbol nicht gefunden: EURUSD
[WARN] GBPUSD sample failed: Symbol nicht gefunden: GBPUSD
[WARN] GBPJPY sample failed: Symbol nicht gefunden: GBPJPY
[WARN] NZDUSD sample failed: Symbol nicht gefunden: NZDUSD
[WARN] US500.cash sample failed: Symbol nicht gefunden: US500.cash
[WARN] USDCAD sample failed: Symbol nicht gefunden: USDCAD
[WARN] USDCHF sample failed: Symbol nicht gefunden: USDCHF
[WARN] USDJPY sample failed: Symbol nicht gefunden: USDJPY
[WARN] USOIL.cash sample failed: Symbol nicht gefunden: USOIL.cash
[WARN] XAUUSD sample failed: Symbol nicht gefunden: XAUUSD
[WARN] AUDJPY sample failed: Symbol nicht gefunden: AUDJPY
[WARN] AUDUSD sample failed: Symbol nicht gefunden: AUDUSD
[WARN] EURGBP sample failed: Symbol nicht gefunden: EURGBP
[WARN] EURUSD sample failed: Symbol nicht gefunden: EURUSD
[WARN] GBPUSD sample failed: Symbol nicht gefunden: GBPUSD
[WARN] GBPJPY sample failed: Symbol nicht gefunden: GBPJPY
[WARN] NZDUSD sample failed: Symbol nicht gefunden: NZDUSD
[WARN] US500.cash sample failed: Symbol nicht gefunden: US500.cash
[WARN] USDCAD sample failed: Symbol nicht gefunden: USDCAD
[WARN] USDCHF sample failed: Symbol nicht gefunden: USDCHF
[WARN] USDJPY sample failed: Symbol nicht gefunden: USDJPY
[WARN] USOIL.cash sample failed: Symbol nicht gefunden: USOIL.cash
[WARN] XAUUSD sample failed: Symbol nicht gefunden: XAUUSD
[WARN] AUDJPY sample failed: Symbol nicht gefunden: AUDJPY
[WARN] AUDUSD sample failed: Symbol nicht gefunden: AUDUSD
[WARN] EURGBP sample failed: Symbol nicht gefunden: EURGBP
[WARN] EURUSD sample failed: Symbol nicht gefunden: EURUSD
[WARN] GBPUSD sample failed: Symbol nicht gefunden: GBPUSD
[WARN] GBPJPY sample failed: Symbol nicht gefunden: GBPJPY
[WARN] NZDUSD sample failed: Symbol nicht gefunden: NZDUSD
[WARN] US500.cash sample failed: Symbol nicht gefunden: US500.cash
[WARN] USDCAD sample failed: Symbol nicht gefunden: USDCAD
[WARN] USDCHF sample failed: Symbol nicht gefunden: USDCHF
[WARN] USDJPY sample failed: Symbol nicht gefunden: USDJPY
[WARN] USOIL.cash sample failed: Symbol nicht gefunden: USOIL.cash
[WARN] XAUUSD sample failed: Symbol nicht gefunden: XAUUSD
[WARN] AUDJPY sample failed: Symbol nicht gefunden: AUDJPY
[WARN] AUDUSD sample failed: Symbol nicht gefunden: AUDUSD
[WARN] EURGBP sample failed: Symbol nicht gefunden: EURGBP
[WARN] EURUSD sample failed: Symbol nicht gefunden: EURUSD
[WARN] GBPUSD sample failed: Symbol nicht gefunden: GBPUSD
[WARN] GBPJPY sample failed: Symbol nicht gefunden: GBPJPY
[WARN] NZDUSD sample failed: Symbol nicht gefunden: NZDUSD
[WARN] US500.cash sample failed: Symbol nicht gefunden: US500.cash
[WARN] USDCAD sample failed: Symbol nicht gefunden: USDCAD
[WARN] USDCHF sample failed: Symbol nicht gefunden: USDCHF
[WARN] USDJPY sample failed: Symbol nicht gefunden: USDJPY
[WARN] USOIL.cash sample failed: Symbol nicht gefunden: USOIL.cash
[WARN] XAUUSD sample failed: Symbol nicht gefunden: XAUUSD
[WARN] AUDJPY sample failed: Symbol nicht gefunden: AUDJPY
[WARN] AUDUSD sample failed: Symbol nicht gefunden: AUDUSD
[WARN] EURGBP sample failed: Symbol nicht gefunden: EURGBP
[WARN] EURUSD sample failed: Symbol nicht gefunden: EURUSD
[WARN] GBPUSD sample failed: Symbol nicht gefunden: GBPUSD
[WARN] GBPJPY sample failed: Symbol nicht gefunden: GBPJPY
[WARN] NZDUSD sample failed: Symbol nicht gefunden: NZDUSD
[WARN] US500.cash sample failed: Symbol nicht gefunden: US500.cash
[WARN] USDCAD sample failed: Symbol nicht gefunden: USDCAD
[WARN] USDCHF sample failed: Symbol nicht gefunden: USDCHF
[WARN] USDJPY sample failed: Symbol nicht gefunden: USDJPY
[WARN] USOIL.cash sample failed: Symbol nicht gefunden: USOIL.cash
[WARN] XAUUSD sample failed: Symbol nicht gefunden: XAUUSD
[WARN] AUDJPY sample failed: Symbol nicht gefunden: AUDJPY
[WARN] AUDUSD sample failed: Symbol nicht gefunden: AUDUSD
[WARN] EURGBP sample failed: Symbol nicht gefunden: EURGBP
[WARN] EURUSD sample failed: Symbol nicht gefunden: EURUSD
[WARN] GBPUSD sample failed: Symbol nicht gefunden: GBPUSD
[WARN] GBPJPY sample failed: Symbol nicht gefunden: GBPJPY
[WARN] NZDUSD sample failed: Symbol nicht gefunden: NZDUSD
[WARN] US500.cash sample failed: Symbol nicht gefunden: US500.cash
[WARN] USDCAD sample failed: Symbol nicht gefunden: USDCAD
[WARN] USDCHF sample failed: Symbol nicht gefunden: USDCHF
[WARN] USDJPY sample failed: Symbol nicht gefunden: USDJPY
[WARN] USOIL.cash sample failed: Symbol nicht gefunden: USOIL.cash
[WARN] XAUUSD sample failed: Symbol nicht gefunden: XAUUSD
[WARN] AUDJPY sample failed: Symbol nicht gefunden: AUDJPY
[WARN] AUDUSD sample failed: Symbol nicht gefunden: AUDUSD
[WARN] EURGBP sample failed: Symbol nicht gefunden: EURGBP
[WARN] EURUSD sample failed: Symbol nicht gefunden: EURUSD
[WARN] GBPUSD sample failed: Symbol nicht gefunden: GBPUSD
[WARN] GBPJPY sample failed: Symbol nicht gefunden: GBPJPY
[WARN] NZDUSD sample failed: Symbol nicht gefunden: NZDUSD
[WARN] US500.cash sample failed: Symbol nicht gefunden: US500.cash
[WARN] USDCAD sample failed: Symbol nicht gefunden: USDCAD
[WARN] USDCHF sample failed: Symbol nicht gefunden: USDCHF
[WARN] USDJPY sample failed: Symbol nicht gefunden: USDJPY
[WARN] USOIL.cash sample failed: Symbol nicht gefunden: USOIL.cash
[WARN] XAUUSD sample failed: Symbol nicht gefunden: XAUUSD
[WARN] AUDJPY sample failed: Symbol nicht gefunden: AUDJPY
[WARN] AUDUSD sample failed: Symbol nicht gefunden: AUDUSD
[WARN] EURGBP sample failed: Symbol nicht gefunden: EURGBP
[WARN] EURUSD sample failed: Symbol nicht gefunden: EURUSD
[WARN] GBPUSD sample failed: Symbol nicht gefunden: GBPUSD
[WARN] GBPJPY sample failed: Symbol nicht gefunden: GBPJPY
[WARN] NZDUSD sample failed: Symbol nicht gefunden: NZDUSD
[WARN] US500.cash sample failed: Symbol nicht gefunden: US500.cash
[WARN] USDCAD sample failed: Symbol nicht gefunden: USDCAD
[WARN] USDCHF sample failed: Symbol nicht gefunden: USDCHF
[WARN] USDJPY sample failed: Symbol nicht gefunden: USDJPY
[WARN] USOIL.cash sample failed: Symbol nicht gefunden: USOIL.cash
[WARN] XAUUSD sample failed: Symbol nicht gefunden: XAUUSD
[WARN] AUDJPY sample failed: Symbol nicht gefunden: AUDJPY
[WARN] AUDUSD sample failed: Symbol nicht gefunden: AUDUSD
[WARN] EURGBP sample failed: Symbol nicht gefunden: EURGBP
[WARN] EURUSD sample failed: Symbol nicht gefunden: EURUSD
[WARN] GBPUSD sample failed: Symbol nicht gefunden: GBPUSD
[WARN] GBPJPY sample failed: Symbol nicht gefunden: GBPJPY
[WARN] NZDUSD sample failed: Symbol nicht gefunden: NZDUSD
[WARN] US500.cash sample failed: Symbol nicht gefunden: US500.cash
[WARN] USDCAD sample failed: Symbol nicht gefunden: USDCAD
[WARN] USDCHF sample failed: Symbol nicht gefunden: USDCHF
[WARN] USDJPY sample failed: Symbol nicht gefunden: USDJPY
[WARN] USOIL.cash sample failed: Symbol nicht gefunden: USOIL.cash
[WARN] XAUUSD sample failed: Symbol nicht gefunden: XAUUSD
[WARN] AUDJPY sample failed: Symbol nicht gefunden: AUDJPY
[WARN] AUDUSD sample failed: Symbol nicht gefunden: AUDUSD
[WARN] EURGBP sample failed: Symbol nicht gefunden: EURGBP
[WARN] EURUSD sample failed: Symbol nicht gefunden: EURUSD
[WARN] GBPUSD sample failed: Symbol nicht gefunden: GBPUSD
[WARN] GBPJPY sample failed: Symbol nicht gefunden: GBPJPY
[WARN] NZDUSD sample failed: Symbol nicht gefunden: NZDUSD
[WARN] US500.cash sample failed: Symbol nicht gefunden: US500.cash
[WARN] USDCAD sample failed: Symbol nicht gefunden: USDCAD
[WARN] USDCHF sample failed: Symbol nicht gefunden: USDCHF
[WARN] USDJPY sample failed: Symbol nicht gefunden: USDJPY
[WARN] USOIL.cash sample failed: Symbol nicht gefunden: USOIL.cash
[WARN] XAUUSD sample failed: Symbol nicht gefunden: XAUUSD
[WARN] AUDJPY sample failed: Symbol nicht gefunden: AUDJPY
[WARN] AUDUSD sample failed: Symbol nicht gefunden: AUDUSD
[WARN] EURGBP sample failed: Symbol nicht gefunden: EURGBP
[WARN] EURUSD sample failed: Symbol nicht gefunden: EURUSD
[WARN] GBPUSD sample failed: Symbol nicht gefunden: GBPUSD
[WARN] GBPJPY sample failed: Symbol nicht gefunden: GBPJPY
[WARN] NZDUSD sample failed: Symbol nicht gefunden: NZDUSD
[WARN] US500.cash sample failed: Symbol nicht gefunden: US500.cash
[WARN] USDCAD sample failed: Symbol nicht gefunden: USDCAD
[WARN] USDCHF sample failed: Symbol nicht gefunden: USDCHF
[WARN] USDJPY sample failed: Symbol nicht gefunden: USDJPY
[WARN] USOIL.cash sample failed: Symbol nicht gefunden: USOIL.cash
[WARN] XAUUSD sample failed: Symbol nicht gefunden: XAUUSD
[WARN] AUDJPY sample failed: Symbol nicht gefunden: AUDJPY
[WARN] AUDUSD sample failed: Symbol nicht gefunden: AUDUSD
[WARN] EURGBP sample failed: Symbol nicht gefunden: EURGBP
[WARN] EURUSD sample failed: Symbol nicht gefunden: EURUSD
[WARN] GBPUSD sample failed: Symbol nicht gefunden: GBPUSD
[WARN] GBPJPY sample failed: Symbol nicht gefunden: GBPJPY
[WARN] NZDUSD sample failed: Symbol nicht gefunden: NZDUSD
[WARN] US500.cash sample failed: Symbol nicht gefunden: US500.cash
[WARN] USDCAD sample failed: Symbol nicht gefunden: USDCAD
[WARN] USDCHF sample failed: Symbol nicht gefunden: USDCHF
[WARN] USDJPY sample failed: Symbol nicht gefunden: USDJPY
[WARN] USOIL.cash sample failed: Symbol nicht gefunden: USOIL.cash
[WARN] XAUUSD sample failed: Symbol nicht gefunden: XAUUSD
[WARN] AUDJPY sample failed: Symbol nicht gefunden: AUDJPY
[WARN] AUDUSD sample failed: Symbol nicht gefunden: AUDUSD
[WARN] EURGBP sample failed: Symbol nicht gefunden: EURGBP
[WARN] EURUSD sample failed: Symbol nicht gefunden: EURUSD
[WARN] GBPUSD sample failed: Symbol nicht gefunden: GBPUSD
[WARN] GBPJPY sample failed: Symbol nicht gefunden: GBPJPY
[WARN] NZDUSD sample failed: Symbol nicht gefunden: NZDUSD
[WARN] US500.cash sample failed: Symbol nicht gefunden: US500.cash
[WARN] USDCAD sample failed: Symbol nicht gefunden: USDCAD
[WARN] USDCHF sample failed: Symbol nicht gefunden: USDCHF
[WARN] USDJPY sample failed: Symbol nicht gefunden: USDJPY
[WARN] USOIL.cash sample failed: Symbol nicht gefunden: USOIL.cash
[WARN] XAUUSD sample failed: Symbol nicht gefunden: XAUUSD
[WARN] AUDJPY sample failed: Symbol nicht gefunden: AUDJPY
