[INFO] terminal64.exe = C:\Users\Leon\Desktop\MetaTrader 5 - Kopie - Kopie - Kopie (17) - Kopie - Kopie - Kopie - Kopie\terminal64.exe
[INFO] ROOT = C:\Users\Leon\Desktop\Business_Code\Quant_Structure\FTMO
[INFO] OUTPUT_DIR = C:\Users\Leon\Desktop\Business_Code\Quant_Structure\FTMO\1.Data_Center\Data\Strategy_Data\Live_Trades_Data\Strategy_Live_Performance\account_1512715324
[OK] Connected: 1512715324 | $200k FTMO Free Trial 2-Step | FTMO-Demo
[CLOSED] +25 -> C:\Users\Leon\Desktop\Business_Code\Quant_Structure\FTMO\1.Data_Center\Data\Strategy_Data\Live_Trades_Data\Strategy_Live_Performance\account_1512715324\closed_trades.csv
[OK] Backfill done. Folder: C:\Users\Leon\Desktop\Business_Code\Quant_Structure\FTMO\1.Data_Center\Data\Strategy_Data\Live_Trades_Data\Strategy_Live_Performance\account_1512715324
[INFO] Polling every 60s. Stop with CTRL+C.
[LOOP] 2026-03-12T08:19:26+00:00 | no new closed trades
[LOOP] 2026-03-12T08:20:26+00:00 | no new closed trades
[LOOP] 2026-03-12T08:21:26+00:00 | no new closed trades
[LOOP] 2026-03-12T08:22:26+00:00 | no new closed trades
[LOOP] 2026-03-12T08:23:26+00:00 | no new closed trades
[LOOP] 2026-03-12T08:24:26+00:00 | no new closed trades
[LOOP] 2026-03-12T08:25:26+00:00 | no new closed trades
[LOOP] 2026-03-12T08:26:26+00:00 | no new closed trades
[LOOP] 2026-03-12T08:27:26+00:00 | no new closed trades
[LOOP] 2026-03-12T08:28:26+00:00 | no new closed trades
[LOOP] 2026-03-12T08:29:26+00:00 | no new closed trades
[LOOP] 2026-03-12T08:30:26+00:00 | no new closed trades
[LOOP] 2026-03-12T08:31:26+00:00 | no new closed trades
[LOOP] 2026-03-12T08:32:26+00:00 | no new closed trades
[LOOP] 2026-03-12T08:33:26+00:00 | no new closed trades
[LOOP] 2026-03-12T08:34:26+00:00 | no new closed trades
[LOOP] 2026-03-12T08:35:26+00:00 | no new closed trades
[LOOP] 2026-03-12T08:36:26+00:00 | no new closed trades
[LOOP] 2026-03-12T08:37:26+00:00 | no new closed trades
[LOOP] 2026-03-12T08:38:26+00:00 | no new closed trades
[LOOP] 2026-03-12T08:39:26+00:00 | no new closed trades
[LOOP] 2026-03-12T08:40:26+00:00 | no new closed trades
[LOOP] 2026-03-12T08:41:26+00:00 | no new closed trades
[LOOP] 2026-03-12T08:42:26+00:00 | no new closed trades
[LOOP] 2026-03-12T08:43:26+00:00 | no new closed trades
[LOOP] 2026-03-12T08:44:26+00:00 | no new closed trades
[LOOP] 2026-03-12T08:45:26+00:00 | no new closed trades
[LOOP] 2026-03-12T08:46:26+00:00 | no new closed trades
[LOOP] 2026-03-12T08:47:26+00:00 | no new closed trades
[LOOP] 2026-03-12T08:48:26+00:00 | no new closed trades
[LOOP] 2026-03-12T08:49:26+00:00 | no new closed trades
[LOOP] 2026-03-12T08:50:26+00:00 | no new closed trades
[LOOP] 2026-03-12T08:51:26+00:00 | no new closed trades
[LOOP] 2026-03-12T08:52:26+00:00 | no new closed trades
[LOOP] 2026-03-12T08:53:26+00:00 | no new closed trades
[LOOP] 2026-03-12T08:54:26+00:00 | no new closed trades
[LOOP] 2026-03-12T08:55:26+00:00 | no new closed trades
[LOOP] 2026-03-12T08:56:26+00:00 | no new closed trades
[LOOP] 2026-03-12T08:57:26+00:00 | no new closed trades
[LOOP] 2026-03-12T08:58:26+00:00 | no new closed trades
[LOOP] 2026-03-12T08:59:26+00:00 | no new closed trades
[LOOP] 2026-03-12T09:00:26+00:00 | no new closed trades
[LOOP] 2026-03-12T09:01:26+00:00 | no new closed trades
[LOOP] 2026-03-12T09:02:26+00:00 | no new closed trades
[LOOP] 2026-03-12T09:03:26+00:00 | no new closed trades
[LOOP] 2026-03-12T09:04:26+00:00 | no new closed trades
[LOOP] 2026-03-12T09:05:26+00:00 | no new closed trades
[LOOP] 2026-03-12T09:06:26+00:00 | no new closed trades
[LOOP] 2026-03-12T09:07:26+00:00 | no new closed trades
[LOOP] 2026-03-12T09:08:26+00:00 | no new closed trades
[LOOP] 2026-03-12T09:09:26+00:00 | no new closed trades
[LOOP] 2026-03-12T09:10:26+00:00 | no new closed trades
[LOOP] 2026-03-12T09:11:26+00:00 | no new closed trades
[LOOP] 2026-03-12T09:12:26+00:00 | no new closed trades
[LOOP] 2026-03-12T09:13:26+00:00 | no new closed trades
[LOOP] 2026-03-12T09:14:26+00:00 | no new closed trades
[LOOP] 2026-03-12T09:15:26+00:00 | no new closed trades
[LOOP] 2026-03-12T09:16:26+00:00 | no new closed trades
[LOOP] 2026-03-12T09:17:26+00:00 | no new closed trades
[LOOP] 2026-03-12T09:18:26+00:00 | no new closed trades
[LOOP] 2026-03-12T09:19:26+00:00 | no new closed trades
[LOOP] 2026-03-12T09:20:26+00:00 | no new closed trades
[LOOP] 2026-03-12T09:21:26+00:00 | no new closed trades
[LOOP] 2026-03-12T09:22:26+00:00 | no new closed trades
[LOOP] 2026-03-12T09:23:26+00:00 | no new closed trades
[LOOP] 2026-03-12T09:24:26+00:00 | no new closed trades
[LOOP] 2026-03-12T09:25:26+00:00 | no new closed trades
[LOOP] 2026-03-12T09:26:26+00:00 | no new closed trades
[LOOP] 2026-03-12T09:27:26+00:00 | no new closed trades
[LOOP] 2026-03-12T09:28:26+00:00 | no new closed trades
[LOOP] 2026-03-12T09:29:26+00:00 | no new closed trades
[LOOP] 2026-03-12T09:30:26+00:00 | no new closed trades
[LOOP] 2026-03-12T09:31:26+00:00 | no new closed trades
[LOOP] 2026-03-12T09:32:26+00:00 | no new closed trades
[LOOP] 2026-03-12T09:33:26+00:00 | no new closed trades
[LOOP] 2026-03-12T09:34:26+00:00 | no new closed trades
[LOOP] 2026-03-12T09:35:26+00:00 | no new closed trades
[LOOP] 2026-03-12T09:36:26+00:00 | no new closed trades
[LOOP] 2026-03-12T09:37:26+00:00 | no new closed trades
[LOOP] 2026-03-12T09:38:26+00:00 | no new closed trades
[LOOP] 2026-03-12T09:39:26+00:00 | no new closed trades
[LOOP] 2026-03-12T09:40:26+00:00 | no new closed trades
[LOOP] 2026-03-12T09:41:26+00:00 | no new closed trades
[LOOP] 2026-03-12T09:42:26+00:00 | no new closed trades
[LOOP] 2026-03-12T09:43:26+00:00 | no new closed trades
[LOOP] 2026-03-12T09:44:26+00:00 | no new closed trades
[LOOP] 2026-03-12T09:45:26+00:00 | no new closed trades
[LOOP] 2026-03-12T09:46:26+00:00 | no new closed trades
[LOOP] 2026-03-12T09:47:26+00:00 | no new closed trades
[LOOP] 2026-03-12T09:48:26+00:00 | no new closed trades
[LOOP] 2026-03-12T09:49:26+00:00 | no new closed trades
[LOOP] 2026-03-12T09:50:26+00:00 | no new closed trades
[LOOP] 2026-03-12T09:51:26+00:00 | no new closed trades
[LOOP] 2026-03-12T09:52:26+00:00 | no new closed trades
[LOOP] 2026-03-12T09:53:26+00:00 | no new closed trades
[LOOP] 2026-03-12T09:54:26+00:00 | no new closed trades
[LOOP] 2026-03-12T09:55:26+00:00 | no new closed trades
[LOOP] 2026-03-12T09:56:26+00:00 | no new closed trades
[LOOP] 2026-03-12T09:57:26+00:00 | no new closed trades
[LOOP] 2026-03-12T09:58:26+00:00 | no new closed trades
[LOOP] 2026-03-12T09:59:26+00:00 | no new closed trades
[LOOP] 2026-03-12T10:00:26+00:00 | no new closed trades
[LOOP] 2026-03-12T10:01:26+00:00 | no new closed trades
[LOOP] 2026-03-12T10:02:26+00:00 | no new closed trades
[LOOP] 2026-03-12T10:03:26+00:00 | no new closed trades
[LOOP] 2026-03-12T10:04:26+00:00 | no new closed trades
[LOOP] 2026-03-12T10:05:26+00:00 | no new closed trades
[LOOP] 2026-03-12T10:06:26+00:00 | no new closed trades
[LOOP] 2026-03-12T10:07:26+00:00 | no new closed trades
[LOOP] 2026-03-12T10:08:26+00:00 | no new closed trades
[LOOP] 2026-03-12T10:09:26+00:00 | no new closed trades
[LOOP] 2026-03-12T10:10:26+00:00 | no new closed trades
[LOOP] 2026-03-12T10:11:26+00:00 | no new closed trades
[LOOP] 2026-03-12T10:12:26+00:00 | no new closed trades
[LOOP] 2026-03-12T10:13:26+00:00 | no new closed trades
[LOOP] 2026-03-12T10:14:26+00:00 | no new closed trades
[LOOP] 2026-03-12T10:15:26+00:00 | no new closed trades
[LOOP] 2026-03-12T10:16:26+00:00 | no new closed trades
[LOOP] 2026-03-12T10:17:26+00:00 | no new closed trades
[LOOP] 2026-03-12T10:18:26+00:00 | no new closed trades
[LOOP] 2026-03-12T10:19:26+00:00 | no new closed trades
[LOOP] 2026-03-12T10:20:26+00:00 | no new closed trades
[LOOP] 2026-03-12T10:21:26+00:00 | no new closed trades
[LOOP] 2026-03-12T10:22:26+00:00 | no new closed trades
[LOOP] 2026-03-12T10:23:26+00:00 | no new closed trades
[LOOP] 2026-03-12T10:24:26+00:00 | no new closed trades
[LOOP] 2026-03-12T10:25:26+00:00 | no new closed trades
[LOOP] 2026-03-12T10:26:26+00:00 | no new closed trades
[LOOP] 2026-03-12T10:27:26+00:00 | no new closed trades
[LOOP] 2026-03-12T10:28:26+00:00 | no new closed trades
[LOOP] 2026-03-12T10:29:26+00:00 | no new closed trades
[LOOP] 2026-03-12T10:30:26+00:00 | no new closed trades
[LOOP] 2026-03-12T10:31:26+00:00 | no new closed trades
[LOOP] 2026-03-12T10:32:26+00:00 | no new closed trades
[LOOP] 2026-03-12T10:33:26+00:00 | no new closed trades
[LOOP] 2026-03-12T10:34:26+00:00 | no new closed trades
[LOOP] 2026-03-12T10:35:26+00:00 | no new closed trades
[LOOP] 2026-03-12T10:36:26+00:00 | no new closed trades
[LOOP] 2026-03-12T10:37:26+00:00 | no new closed trades
[LOOP] 2026-03-12T10:38:26+00:00 | no new closed trades
[LOOP] 2026-03-12T10:39:26+00:00 | no new closed trades
[LOOP] 2026-03-12T10:40:26+00:00 | no new closed trades
[LOOP] 2026-03-12T10:41:26+00:00 | no new closed trades
[LOOP] 2026-03-12T10:42:26+00:00 | no new closed trades
[LOOP] 2026-03-12T10:43:26+00:00 | no new closed trades
[LOOP] 2026-03-12T10:44:26+00:00 | no new closed trades
[LOOP] 2026-03-12T10:45:26+00:00 | no new closed trades
[LOOP] 2026-03-12T10:46:26+00:00 | no new closed trades
[LOOP] 2026-03-12T10:47:26+00:00 | no new closed trades
[LOOP] 2026-03-12T10:48:26+00:00 | no new closed trades
[LOOP] 2026-03-12T10:49:26+00:00 | no new closed trades
[LOOP] 2026-03-12T10:50:26+00:00 | no new closed trades
[LOOP] 2026-03-12T10:51:26+00:00 | no new closed trades
[LOOP] 2026-03-12T10:52:26+00:00 | no new closed trades
[LOOP] 2026-03-12T10:53:26+00:00 | no new closed trades
[LOOP] 2026-03-12T10:54:26+00:00 | no new closed trades
[LOOP] 2026-03-12T10:55:26+00:00 | no new closed trades
[LOOP] 2026-03-12T10:56:26+00:00 | no new closed trades
[LOOP] 2026-03-12T10:57:26+00:00 | no new closed trades
[LOOP] 2026-03-12T10:58:26+00:00 | no new closed trades
[LOOP] 2026-03-12T10:59:26+00:00 | no new closed trades
[LOOP] 2026-03-12T11:00:26+00:00 | no new closed trades
[LOOP] 2026-03-12T11:01:26+00:00 | no new closed trades
[LOOP] 2026-03-12T11:02:26+00:00 | no new closed trades
[LOOP] 2026-03-12T11:03:26+00:00 | no new closed trades
[LOOP] 2026-03-12T11:04:26+00:00 | no new closed trades
[LOOP] 2026-03-12T11:05:26+00:00 | no new closed trades
[LOOP] 2026-03-12T11:06:26+00:00 | no new closed trades
[LOOP] 2026-03-12T11:07:26+00:00 | no new closed trades
[LOOP] 2026-03-12T11:08:26+00:00 | no new closed trades
[LOOP] 2026-03-12T11:09:26+00:00 | no new closed trades
[LOOP] 2026-03-12T11:10:26+00:00 | no new closed trades
[LOOP] 2026-03-12T11:11:26+00:00 | no new closed trades
[LOOP] 2026-03-12T11:12:26+00:00 | no new closed trades
[LOOP] 2026-03-12T11:13:26+00:00 | no new closed trades
[LOOP] 2026-03-12T11:14:26+00:00 | no new closed trades
[LOOP] 2026-03-12T11:15:26+00:00 | no new closed trades
[LOOP] 2026-03-12T11:16:26+00:00 | no new closed trades
[LOOP] 2026-03-12T11:17:26+00:00 | no new closed trades
[LOOP] 2026-03-12T11:18:26+00:00 | no new closed trades
[LOOP] 2026-03-12T11:19:26+00:00 | no new closed trades
[LOOP] 2026-03-12T11:20:26+00:00 | no new closed trades
[LOOP] 2026-03-12T11:21:26+00:00 | no new closed trades
[LOOP] 2026-03-12T11:22:26+00:00 | no new closed trades
[LOOP] 2026-03-12T11:23:26+00:00 | no new closed trades
[LOOP] 2026-03-12T11:24:26+00:00 | no new closed trades
[LOOP] 2026-03-12T11:25:26+00:00 | no new closed trades
[LOOP] 2026-03-12T11:26:26+00:00 | no new closed trades
[LOOP] 2026-03-12T11:27:26+00:00 | no new closed trades
[LOOP] 2026-03-12T11:28:26+00:00 | no new closed trades
[LOOP] 2026-03-12T11:29:26+00:00 | no new closed trades
[LOOP] 2026-03-12T11:30:26+00:00 | no new closed trades
[LOOP] 2026-03-12T11:31:26+00:00 | no new closed trades
[LOOP] 2026-03-12T11:32:26+00:00 | no new closed trades
[LOOP] 2026-03-12T11:33:26+00:00 | no new closed trades
[LOOP] 2026-03-12T11:34:26+00:00 | no new closed trades
[LOOP] 2026-03-12T11:35:26+00:00 | no new closed trades
[LOOP] 2026-03-12T11:36:26+00:00 | no new closed trades
[LOOP] 2026-03-12T11:37:26+00:00 | no new closed trades
[LOOP] 2026-03-12T11:38:26+00:00 | no new closed trades
[LOOP] 2026-03-12T11:39:26+00:00 | no new closed trades
[LOOP] 2026-03-12T11:40:26+00:00 | no new closed trades
[LOOP] 2026-03-12T11:41:26+00:00 | no new closed trades
[LOOP] 2026-03-12T11:42:26+00:00 | no new closed trades
[LOOP] 2026-03-12T11:43:26+00:00 | no new closed trades
[LOOP] 2026-03-12T11:44:26+00:00 | no new closed trades
[LOOP] 2026-03-12T11:45:26+00:00 | no new closed trades
[LOOP] 2026-03-12T11:46:26+00:00 | no new closed trades
[LOOP] 2026-03-12T11:47:26+00:00 | no new closed trades
[LOOP] 2026-03-12T11:48:26+00:00 | no new closed trades
[LOOP] 2026-03-12T11:49:26+00:00 | no new closed trades
[LOOP] 2026-03-12T11:50:26+00:00 | no new closed trades
[LOOP] 2026-03-12T11:51:26+00:00 | no new closed trades
[LOOP] 2026-03-12T11:52:26+00:00 | no new closed trades
[LOOP] 2026-03-12T11:53:26+00:00 | no new closed trades
[LOOP] 2026-03-12T11:54:26+00:00 | no new closed trades
[LOOP] 2026-03-12T11:55:26+00:00 | no new closed trades
[LOOP] 2026-03-12T11:56:26+00:00 | no new closed trades
[LOOP] 2026-03-12T11:57:26+00:00 | no new closed trades
[LOOP] 2026-03-12T11:58:26+00:00 | no new closed trades
[LOOP] 2026-03-12T11:59:26+00:00 | no new closed trades
[LOOP] 2026-03-12T12:00:26+00:00 | no new closed trades
[LOOP] 2026-03-12T12:01:26+00:00 | no new closed trades
[LOOP] 2026-03-12T12:02:26+00:00 | no new closed trades
[LOOP] 2026-03-12T12:03:26+00:00 | no new closed trades
[LOOP] 2026-03-12T12:04:26+00:00 | no new closed trades
[LOOP] 2026-03-12T12:05:26+00:00 | no new closed trades
[LOOP] 2026-03-12T12:06:26+00:00 | no new closed trades
[LOOP] 2026-03-12T12:07:26+00:00 | no new closed trades
[LOOP] 2026-03-12T12:08:26+00:00 | no new closed trades
[LOOP] 2026-03-12T12:09:26+00:00 | no new closed trades
[LOOP] 2026-03-12T12:10:26+00:00 | no new closed trades
[LOOP] 2026-03-12T12:11:26+00:00 | no new closed trades
[LOOP] 2026-03-12T12:12:26+00:00 | no new closed trades
[LOOP] 2026-03-12T12:13:26+00:00 | no new closed trades
[LOOP] 2026-03-12T12:14:26+00:00 | no new closed trades
[LOOP] 2026-03-12T12:15:26+00:00 | no new closed trades
[LOOP] 2026-03-12T12:16:26+00:00 | no new closed trades
[LOOP] 2026-03-12T12:17:26+00:00 | no new closed trades
[LOOP] 2026-03-12T12:18:26+00:00 | no new closed trades
[LOOP] 2026-03-12T12:19:26+00:00 | no new closed trades
[LOOP] 2026-03-12T12:20:26+00:00 | no new closed trades
[LOOP] 2026-03-12T12:21:26+00:00 | no new closed trades
[LOOP] 2026-03-12T12:22:26+00:00 | no new closed trades
[LOOP] 2026-03-12T12:23:26+00:00 | no new closed trades
[LOOP] 2026-03-12T12:24:26+00:00 | no new closed trades
[LOOP] 2026-03-12T12:25:26+00:00 | no new closed trades
[LOOP] 2026-03-12T12:26:26+00:00 | no new closed trades
[LOOP] 2026-03-12T12:27:26+00:00 | no new closed trades
[LOOP] 2026-03-12T12:28:26+00:00 | no new closed trades
[LOOP] 2026-03-12T12:29:26+00:00 | no new closed trades
[LOOP] 2026-03-12T12:30:26+00:00 | no new closed trades
[LOOP] 2026-03-12T12:31:26+00:00 | no new closed trades
[LOOP] 2026-03-12T12:32:26+00:00 | no new closed trades
[LOOP] 2026-03-12T12:33:26+00:00 | no new closed trades
[LOOP] 2026-03-12T12:34:26+00:00 | no new closed trades
[LOOP] 2026-03-12T12:35:26+00:00 | no new closed trades
[LOOP] 2026-03-12T12:36:26+00:00 | no new closed trades
[LOOP] 2026-03-12T12:37:26+00:00 | no new closed trades
[LOOP] 2026-03-12T12:38:26+00:00 | no new closed trades
[LOOP] 2026-03-12T12:39:26+00:00 | no new closed trades
[LOOP] 2026-03-12T12:40:26+00:00 | no new closed trades
[LOOP] 2026-03-12T12:41:26+00:00 | no new closed trades
[LOOP] 2026-03-12T12:42:26+00:00 | no new closed trades
[LOOP] 2026-03-12T12:43:26+00:00 | no new closed trades
[LOOP] 2026-03-12T12:44:26+00:00 | no new closed trades
[LOOP] 2026-03-12T12:45:26+00:00 | no new closed trades
[LOOP] 2026-03-12T12:46:26+00:00 | no new closed trades
[LOOP] 2026-03-12T12:47:26+00:00 | no new closed trades
[LOOP] 2026-03-12T12:48:26+00:00 | no new closed trades
[LOOP] 2026-03-12T12:49:26+00:00 | no new closed trades
[LOOP] 2026-03-12T12:50:26+00:00 | no new closed trades
[LOOP] 2026-03-12T12:51:26+00:00 | no new closed trades
[LOOP] 2026-03-12T12:52:26+00:00 | no new closed trades
[LOOP] 2026-03-12T12:53:26+00:00 | no new closed trades
[LOOP] 2026-03-12T12:54:26+00:00 | no new closed trades
[LOOP] 2026-03-12T12:55:26+00:00 | no new closed trades
[LOOP] 2026-03-12T12:56:26+00:00 | no new closed trades
[LOOP] 2026-03-12T12:57:26+00:00 | no new closed trades
[LOOP] 2026-03-12T12:58:26+00:00 | no new closed trades
[LOOP] 2026-03-12T12:59:26+00:00 | no new closed trades
[LOOP] 2026-03-12T13:00:26+00:00 | no new closed trades
[LOOP] 2026-03-12T13:01:26+00:00 | no new closed trades
[LOOP] 2026-03-12T13:02:26+00:00 | no new closed trades
[LOOP] 2026-03-12T13:03:26+00:00 | no new closed trades
[LOOP] 2026-03-12T13:04:26+00:00 | no new closed trades
[LOOP] 2026-03-12T13:05:26+00:00 | no new closed trades
[LOOP] 2026-03-12T13:06:26+00:00 | no new closed trades
[LOOP] 2026-03-12T13:07:26+00:00 | no new closed trades
[LOOP] 2026-03-12T13:08:26+00:00 | no new closed trades
[LOOP] 2026-03-12T13:09:26+00:00 | no new closed trades
[LOOP] 2026-03-12T13:10:26+00:00 | no new closed trades
[LOOP] 2026-03-12T13:11:26+00:00 | no new closed trades
[LOOP] 2026-03-12T13:12:26+00:00 | no new closed trades
[LOOP] 2026-03-12T13:13:26+00:00 | no new closed trades
[LOOP] 2026-03-12T13:14:26+00:00 | no new closed trades
[LOOP] 2026-03-12T13:15:26+00:00 | no new closed trades
[LOOP] 2026-03-12T13:16:26+00:00 | no new closed trades
[LOOP] 2026-03-12T13:17:26+00:00 | no new closed trades
[LOOP] 2026-03-12T13:18:26+00:00 | no new closed trades
[LOOP] 2026-03-12T13:19:26+00:00 | no new closed trades
[LOOP] 2026-03-12T13:20:26+00:00 | no new closed trades
[LOOP] 2026-03-12T13:21:26+00:00 | no new closed trades
[LOOP] 2026-03-12T13:22:26+00:00 | no new closed trades
[LOOP] 2026-03-12T13:23:26+00:00 | no new closed trades
[LOOP] 2026-03-12T13:24:26+00:00 | no new closed trades
[LOOP] 2026-03-12T13:25:26+00:00 | no new closed trades
[LOOP] 2026-03-12T13:26:26+00:00 | no new closed trades
[LOOP] 2026-03-12T13:27:26+00:00 | no new closed trades
[LOOP] 2026-03-12T13:28:26+00:00 | no new closed trades
[LOOP] 2026-03-12T13:29:26+00:00 | no new closed trades
[LOOP] 2026-03-12T13:30:26+00:00 | no new closed trades
[LOOP] 2026-03-12T13:31:26+00:00 | no new closed trades
[LOOP] 2026-03-12T13:32:26+00:00 | no new closed trades
[LOOP] 2026-03-12T13:33:26+00:00 | no new closed trades
[LOOP] 2026-03-12T13:34:26+00:00 | no new closed trades
[LOOP] 2026-03-12T13:35:26+00:00 | no new closed trades
[LOOP] 2026-03-12T13:36:26+00:00 | no new closed trades
[LOOP] 2026-03-12T13:37:26+00:00 | no new closed trades
[LOOP] 2026-03-12T13:38:26+00:00 | no new closed trades
[LOOP] 2026-03-12T13:39:26+00:00 | no new closed trades
[LOOP] 2026-03-12T13:40:26+00:00 | no new closed trades
[LOOP] 2026-03-12T13:41:26+00:00 | no new closed trades
[LOOP] 2026-03-12T13:42:26+00:00 | no new closed trades
[LOOP] 2026-03-12T13:43:26+00:00 | no new closed trades
[LOOP] 2026-03-12T13:44:26+00:00 | no new closed trades
[LOOP] 2026-03-12T13:45:26+00:00 | no new closed trades
[LOOP] 2026-03-12T13:46:26+00:00 | no new closed trades
[LOOP] 2026-03-12T13:47:26+00:00 | no new closed trades
[LOOP] 2026-03-12T13:48:26+00:00 | no new closed trades
[LOOP] 2026-03-12T13:49:26+00:00 | no new closed trades
[LOOP] 2026-03-12T13:50:26+00:00 | no new closed trades
[LOOP] 2026-03-12T13:51:26+00:00 | no new closed trades
[LOOP] 2026-03-12T13:52:26+00:00 | no new closed trades
[LOOP] 2026-03-12T13:53:26+00:00 | no new closed trades
[LOOP] 2026-03-12T13:54:26+00:00 | no new closed trades
[LOOP] 2026-03-12T13:55:26+00:00 | no new closed trades
[LOOP] 2026-03-12T13:56:26+00:00 | no new closed trades
[LOOP] 2026-03-12T13:57:26+00:00 | no new closed trades
[LOOP] 2026-03-12T13:58:26+00:00 | no new closed trades
[LOOP] 2026-03-12T13:59:26+00:00 | no new closed trades
[LOOP] 2026-03-12T14:00:26+00:00 | no new closed trades
[LOOP] 2026-03-12T14:01:26+00:00 | no new closed trades
[LOOP] 2026-03-12T14:02:26+00:00 | no new closed trades
[LOOP] 2026-03-12T14:03:26+00:00 | no new closed trades
[LOOP] 2026-03-12T14:04:26+00:00 | no new closed trades
[LOOP] 2026-03-12T14:05:26+00:00 | no new closed trades
[LOOP] 2026-03-12T14:06:26+00:00 | no new closed trades
[LOOP] 2026-03-12T14:07:26+00:00 | no new closed trades
[LOOP] 2026-03-12T14:08:26+00:00 | no new closed trades
[LOOP] 2026-03-12T14:09:26+00:00 | no new closed trades
[LOOP] 2026-03-12T14:10:26+00:00 | no new closed trades
[LOOP] 2026-03-12T14:11:26+00:00 | no new closed trades
[LOOP] 2026-03-12T14:12:26+00:00 | no new closed trades
[LOOP] 2026-03-12T14:13:26+00:00 | no new closed trades
[LOOP] 2026-03-12T14:14:26+00:00 | no new closed trades
[LOOP] 2026-03-12T14:15:26+00:00 | no new closed trades
[LOOP] 2026-03-12T14:16:26+00:00 | no new closed trades
[LOOP] 2026-03-12T14:17:26+00:00 | no new closed trades
[LOOP] 2026-03-12T14:18:26+00:00 | no new closed trades
[LOOP] 2026-03-12T14:19:26+00:00 | no new closed trades
[LOOP] 2026-03-12T14:20:26+00:00 | no new closed trades
[LOOP] 2026-03-12T14:21:26+00:00 | no new closed trades
[LOOP] 2026-03-12T14:22:26+00:00 | no new closed trades
[LOOP] 2026-03-12T14:23:26+00:00 | no new closed trades
[LOOP] 2026-03-12T14:24:26+00:00 | no new closed trades
[LOOP] 2026-03-12T14:25:26+00:00 | no new closed trades
[LOOP] 2026-03-12T14:26:26+00:00 | no new closed trades
[LOOP] 2026-03-12T14:27:26+00:00 | no new closed trades
[LOOP] 2026-03-12T14:28:26+00:00 | no new closed trades
[LOOP] 2026-03-12T14:29:26+00:00 | no new closed trades
[LOOP] 2026-03-12T14:30:26+00:00 | no new closed trades
[LOOP] 2026-03-12T14:31:26+00:00 | no new closed trades
[LOOP] 2026-03-12T14:32:26+00:00 | no new closed trades
[LOOP] 2026-03-12T14:33:26+00:00 | no new closed trades
[LOOP] 2026-03-12T14:34:26+00:00 | no new closed trades
[LOOP] 2026-03-12T14:35:26+00:00 | no new closed trades
[LOOP] 2026-03-12T14:36:26+00:00 | no new closed trades
[LOOP] 2026-03-12T14:37:26+00:00 | no new closed trades
[LOOP] 2026-03-12T14:38:26+00:00 | no new closed trades
[LOOP] 2026-03-12T14:39:26+00:00 | no new closed trades
[LOOP] 2026-03-12T14:40:26+00:00 | no new closed trades
[LOOP] 2026-03-12T14:41:26+00:00 | no new closed trades
[LOOP] 2026-03-12T14:42:26+00:00 | no new closed trades
[LOOP] 2026-03-12T14:43:26+00:00 | no new closed trades
[LOOP] 2026-03-12T14:44:26+00:00 | no new closed trades
[LOOP] 2026-03-12T14:45:26+00:00 | no new closed trades
[LOOP] 2026-03-12T14:46:26+00:00 | no new closed trades
[LOOP] 2026-03-12T14:47:26+00:00 | no new closed trades
[LOOP] 2026-03-12T14:48:26+00:00 | no new closed trades
[LOOP] 2026-03-12T14:49:26+00:00 | no new closed trades
[LOOP] 2026-03-12T14:50:26+00:00 | no new closed trades
[LOOP] 2026-03-12T14:51:26+00:00 | no new closed trades
[LOOP] 2026-03-12T14:52:26+00:00 | no new closed trades
[LOOP] 2026-03-12T14:53:26+00:00 | no new closed trades
[LOOP] 2026-03-12T14:54:26+00:00 | no new closed trades
[LOOP] 2026-03-12T14:55:26+00:00 | no new closed trades
[LOOP] 2026-03-12T14:56:26+00:00 | no new closed trades
[LOOP] 2026-03-12T14:57:26+00:00 | no new closed trades
[LOOP] 2026-03-12T14:58:26+00:00 | no new closed trades
[LOOP] 2026-03-12T14:59:26+00:00 | no new closed trades
[LOOP] 2026-03-12T15:00:26+00:00 | no new closed trades
[LOOP] 2026-03-12T15:01:26+00:00 | no new closed trades
[LOOP] 2026-03-12T15:02:26+00:00 | no new closed trades
[LOOP] 2026-03-12T15:03:26+00:00 | no new closed trades
[LOOP] 2026-03-12T15:04:26+00:00 | no new closed trades
[LOOP] 2026-03-12T15:05:26+00:00 | no new closed trades
[LOOP] 2026-03-12T15:06:26+00:00 | no new closed trades
[LOOP] 2026-03-12T15:07:26+00:00 | no new closed trades
[LOOP] 2026-03-12T15:08:26+00:00 | no new closed trades
[LOOP] 2026-03-12T15:09:26+00:00 | no new closed trades
[LOOP] 2026-03-12T15:10:26+00:00 | no new closed trades
[LOOP] 2026-03-12T15:11:26+00:00 | no new closed trades
[LOOP] 2026-03-12T15:12:26+00:00 | no new closed trades
[LOOP] 2026-03-12T15:13:26+00:00 | no new closed trades
[LOOP] 2026-03-12T15:14:26+00:00 | no new closed trades
[LOOP] 2026-03-12T15:15:26+00:00 | no new closed trades
[LOOP] 2026-03-12T15:16:26+00:00 | no new closed trades
[LOOP] 2026-03-12T15:17:26+00:00 | no new closed trades
[LOOP] 2026-03-12T15:18:26+00:00 | no new closed trades
[LOOP] 2026-03-12T15:19:26+00:00 | no new closed trades
[LOOP] 2026-03-12T15:20:26+00:00 | no new closed trades
[LOOP] 2026-03-12T15:21:26+00:00 | no new closed trades
[LOOP] 2026-03-12T15:22:26+00:00 | no new closed trades
[LOOP] 2026-03-12T15:23:26+00:00 | no new closed trades
[LOOP] 2026-03-12T15:24:26+00:00 | no new closed trades
[LOOP] 2026-03-12T15:25:26+00:00 | no new closed trades
[LOOP] 2026-03-12T15:26:26+00:00 | no new closed trades
[LOOP] 2026-03-12T15:27:26+00:00 | no new closed trades
[LOOP] 2026-03-12T15:28:26+00:00 | no new closed trades
[LOOP] 2026-03-12T15:29:26+00:00 | no new closed trades
[LOOP] 2026-03-12T15:30:26+00:00 | no new closed trades
[LOOP] 2026-03-12T15:31:26+00:00 | no new closed trades
[LOOP] 2026-03-12T15:32:26+00:00 | no new closed trades
[LOOP] 2026-03-12T15:33:26+00:00 | no new closed trades
[LOOP] 2026-03-12T15:34:26+00:00 | no new closed trades
[LOOP] 2026-03-12T15:35:26+00:00 | no new closed trades
[LOOP] 2026-03-12T15:36:26+00:00 | no new closed trades
[LOOP] 2026-03-12T15:37:26+00:00 | no new closed trades
[LOOP] 2026-03-12T15:38:26+00:00 | no new closed trades
[LOOP] 2026-03-12T15:39:26+00:00 | no new closed trades
[LOOP] 2026-03-12T15:40:26+00:00 | no new closed trades
[LOOP] 2026-03-12T15:41:26+00:00 | no new closed trades
[LOOP] 2026-03-12T15:42:26+00:00 | no new closed trades
[LOOP] 2026-03-12T15:43:26+00:00 | no new closed trades
[LOOP] 2026-03-12T15:44:26+00:00 | no new closed trades
[LOOP] 2026-03-12T15:45:26+00:00 | no new closed trades
[LOOP] 2026-03-12T15:46:26+00:00 | no new closed trades
[LOOP] 2026-03-12T15:47:26+00:00 | no new closed trades
[LOOP] 2026-03-12T15:48:26+00:00 | no new closed trades
[LOOP] 2026-03-12T15:49:26+00:00 | no new closed trades
[LOOP] 2026-03-12T15:50:26+00:00 | no new closed trades
[LOOP] 2026-03-12T15:51:26+00:00 | no new closed trades
[LOOP] 2026-03-12T15:52:26+00:00 | no new closed trades
[LOOP] 2026-03-12T15:53:26+00:00 | no new closed trades
[LOOP] 2026-03-12T15:54:26+00:00 | no new closed trades
[LOOP] 2026-03-12T15:55:26+00:00 | no new closed trades
[LOOP] 2026-03-12T15:56:26+00:00 | no new closed trades
[LOOP] 2026-03-12T15:57:26+00:00 | no new closed trades
[LOOP] 2026-03-12T15:58:26+00:00 | no new closed trades
[LOOP] 2026-03-12T15:59:26+00:00 | no new closed trades
[LOOP] 2026-03-12T16:00:26+00:00 | no new closed trades
[LOOP] 2026-03-12T16:01:26+00:00 | no new closed trades
[LOOP] 2026-03-12T16:02:26+00:00 | no new closed trades
[LOOP] 2026-03-12T16:03:26+00:00 | no new closed trades
[LOOP] 2026-03-12T16:04:26+00:00 | no new closed trades
[LOOP] 2026-03-12T16:05:26+00:00 | no new closed trades
[LOOP] 2026-03-12T16:06:26+00:00 | no new closed trades
[LOOP] 2026-03-12T16:07:26+00:00 | no new closed trades
[LOOP] 2026-03-12T16:08:26+00:00 | no new closed trades
[LOOP] 2026-03-12T16:09:26+00:00 | no new closed trades
[LOOP] 2026-03-12T16:10:26+00:00 | no new closed trades
[LOOP] 2026-03-12T16:11:26+00:00 | no new closed trades
[LOOP] 2026-03-12T16:12:26+00:00 | no new closed trades
[LOOP] 2026-03-12T16:13:26+00:00 | no new closed trades
[LOOP] 2026-03-12T16:14:26+00:00 | no new closed trades
[LOOP] 2026-03-12T16:15:26+00:00 | no new closed trades
[LOOP] 2026-03-12T16:16:26+00:00 | no new closed trades
[LOOP] 2026-03-12T16:17:26+00:00 | no new closed trades
[LOOP] 2026-03-12T16:18:26+00:00 | no new closed trades
[LOOP] 2026-03-12T16:19:26+00:00 | no new closed trades
[LOOP] 2026-03-12T16:20:26+00:00 | no new closed trades
[LOOP] 2026-03-12T16:21:26+00:00 | no new closed trades
[LOOP] 2026-03-12T16:22:26+00:00 | no new closed trades
[LOOP] 2026-03-12T16:23:26+00:00 | no new closed trades
[LOOP] 2026-03-12T16:24:26+00:00 | no new closed trades
[LOOP] 2026-03-12T16:25:26+00:00 | no new closed trades
[LOOP] 2026-03-12T16:26:26+00:00 | no new closed trades
[LOOP] 2026-03-12T16:27:26+00:00 | no new closed trades
[LOOP] 2026-03-12T16:28:26+00:00 | no new closed trades
[LOOP] 2026-03-12T16:29:26+00:00 | no new closed trades
[LOOP] 2026-03-12T16:30:26+00:00 | no new closed trades
[LOOP] 2026-03-12T16:31:26+00:00 | no new closed trades
[LOOP] 2026-03-12T16:32:26+00:00 | no new closed trades
[LOOP] 2026-03-12T16:33:26+00:00 | no new closed trades
[LOOP] 2026-03-12T16:34:26+00:00 | no new closed trades
[LOOP] 2026-03-12T16:35:26+00:00 | no new closed trades
[LOOP] 2026-03-12T16:36:26+00:00 | no new closed trades
[LOOP] 2026-03-12T16:37:26+00:00 | no new closed trades
[LOOP] 2026-03-12T16:38:26+00:00 | no new closed trades
[LOOP] 2026-03-12T16:39:26+00:00 | no new closed trades
[LOOP] 2026-03-12T16:40:26+00:00 | no new closed trades
[LOOP] 2026-03-12T16:41:26+00:00 | no new closed trades
[LOOP] 2026-03-12T16:42:26+00:00 | no new closed trades
[LOOP] 2026-03-12T16:43:26+00:00 | no new closed trades
[LOOP] 2026-03-12T16:44:26+00:00 | no new closed trades
[LOOP] 2026-03-12T16:45:26+00:00 | no new closed trades
[LOOP] 2026-03-12T16:46:26+00:00 | no new closed trades
[LOOP] 2026-03-12T16:47:26+00:00 | no new closed trades
[LOOP] 2026-03-12T16:48:26+00:00 | no new closed trades
[LOOP] 2026-03-12T16:49:26+00:00 | no new closed trades
[LOOP] 2026-03-12T16:50:26+00:00 | no new closed trades
[LOOP] 2026-03-12T16:51:26+00:00 | no new closed trades
[LOOP] 2026-03-12T16:52:26+00:00 | no new closed trades
[LOOP] 2026-03-12T16:53:26+00:00 | no new closed trades
[LOOP] 2026-03-12T16:54:26+00:00 | no new closed trades
[LOOP] 2026-03-12T16:55:26+00:00 | no new closed trades
[LOOP] 2026-03-12T16:56:26+00:00 | no new closed trades
[LOOP] 2026-03-12T16:57:26+00:00 | no new closed trades
[LOOP] 2026-03-12T16:58:26+00:00 | no new closed trades
[LOOP] 2026-03-12T16:59:26+00:00 | no new closed trades
[LOOP] 2026-03-12T17:00:26+00:00 | no new closed trades
[LOOP] 2026-03-12T17:01:26+00:00 | no new closed trades
[LOOP] 2026-03-12T17:02:26+00:00 | no new closed trades
[LOOP] 2026-03-12T17:03:26+00:00 | no new closed trades
[LOOP] 2026-03-12T17:04:26+00:00 | no new closed trades
[LOOP] 2026-03-12T17:05:26+00:00 | no new closed trades
[LOOP] 2026-03-12T17:06:26+00:00 | no new closed trades
[LOOP] 2026-03-12T17:07:26+00:00 | no new closed trades
[LOOP] 2026-03-12T17:08:26+00:00 | no new closed trades
[LOOP] 2026-03-12T17:09:26+00:00 | no new closed trades
[LOOP] 2026-03-12T17:10:26+00:00 | no new closed trades
[LOOP] 2026-03-12T17:11:26+00:00 | no new closed trades
[LOOP] 2026-03-12T17:12:26+00:00 | no new closed trades
[LOOP] 2026-03-12T17:13:26+00:00 | no new closed trades
[LOOP] 2026-03-12T17:14:26+00:00 | no new closed trades
[LOOP] 2026-03-12T17:15:26+00:00 | no new closed trades
[LOOP] 2026-03-12T17:16:26+00:00 | no new closed trades
[LOOP] 2026-03-12T17:17:26+00:00 | no new closed trades
[LOOP] 2026-03-12T17:18:26+00:00 | no new closed trades
[LOOP] 2026-03-12T17:19:26+00:00 | no new closed trades
[LOOP] 2026-03-12T17:20:26+00:00 | no new closed trades
[LOOP] 2026-03-12T17:21:26+00:00 | no new closed trades
[LOOP] 2026-03-12T17:22:26+00:00 | no new closed trades
[LOOP] 2026-03-12T17:23:26+00:00 | no new closed trades
[LOOP] 2026-03-12T17:24:26+00:00 | no new closed trades
[LOOP] 2026-03-12T17:25:26+00:00 | no new closed trades
[LOOP] 2026-03-12T17:26:26+00:00 | no new closed trades
[LOOP] 2026-03-12T17:27:26+00:00 | no new closed trades
[LOOP] 2026-03-12T17:28:26+00:00 | no new closed trades
[LOOP] 2026-03-12T17:29:26+00:00 | no new closed trades
[LOOP] 2026-03-12T17:30:26+00:00 | no new closed trades
[LOOP] 2026-03-12T17:31:26+00:00 | no new closed trades
[LOOP] 2026-03-12T17:32:26+00:00 | no new closed trades
[LOOP] 2026-03-12T17:33:26+00:00 | no new closed trades
[LOOP] 2026-03-12T17:34:26+00:00 | no new closed trades
[LOOP] 2026-03-12T17:35:26+00:00 | no new closed trades
[LOOP] 2026-03-12T17:36:26+00:00 | no new closed trades
[LOOP] 2026-03-12T17:37:26+00:00 | no new closed trades
[LOOP] 2026-03-12T17:38:26+00:00 | no new closed trades
[LOOP] 2026-03-12T17:39:26+00:00 | no new closed trades
[LOOP] 2026-03-12T17:40:26+00:00 | no new closed trades
[LOOP] 2026-03-12T17:41:26+00:00 | no new closed trades
[LOOP] 2026-03-12T17:42:26+00:00 | no new closed trades
[LOOP] 2026-03-12T17:43:26+00:00 | no new closed trades
[LOOP] 2026-03-12T17:44:26+00:00 | no new closed trades
[LOOP] 2026-03-12T17:45:26+00:00 | no new closed trades
[LOOP] 2026-03-12T17:46:26+00:00 | no new closed trades
[LOOP] 2026-03-12T17:47:26+00:00 | no new closed trades
[LOOP] 2026-03-12T17:48:26+00:00 | no new closed trades
[LOOP] 2026-03-12T17:49:26+00:00 | no new closed trades
[LOOP] 2026-03-12T17:50:26+00:00 | no new closed trades
[LOOP] 2026-03-12T17:51:26+00:00 | no new closed trades
[LOOP] 2026-03-12T17:52:26+00:00 | no new closed trades
[LOOP] 2026-03-12T17:53:26+00:00 | no new closed trades
[LOOP] 2026-03-12T17:54:26+00:00 | no new closed trades
[LOOP] 2026-03-12T17:55:26+00:00 | no new closed trades
[LOOP] 2026-03-12T17:56:26+00:00 | no new closed trades
[LOOP] 2026-03-12T17:57:26+00:00 | no new closed trades
[LOOP] 2026-03-12T17:58:26+00:00 | no new closed trades
[LOOP] 2026-03-12T17:59:26+00:00 | no new closed trades
[LOOP] 2026-03-12T18:00:26+00:00 | no new closed trades
[LOOP] 2026-03-12T18:01:26+00:00 | no new closed trades
[LOOP] 2026-03-12T18:02:26+00:00 | no new closed trades
[LOOP] 2026-03-12T18:03:26+00:00 | no new closed trades
[LOOP] 2026-03-12T18:04:26+00:00 | no new closed trades
[LOOP] 2026-03-12T18:05:26+00:00 | no new closed trades
[LOOP] 2026-03-12T18:06:26+00:00 | no new closed trades
[LOOP] 2026-03-12T18:07:26+00:00 | no new closed trades
[LOOP] 2026-03-12T18:08:26+00:00 | no new closed trades
[LOOP] 2026-03-12T18:09:26+00:00 | no new closed trades
[LOOP] 2026-03-12T18:10:26+00:00 | no new closed trades
[LOOP] 2026-03-12T18:11:26+00:00 | no new closed trades
[LOOP] 2026-03-12T18:12:26+00:00 | no new closed trades
[LOOP] 2026-03-12T18:13:26+00:00 | no new closed trades
[LOOP] 2026-03-12T18:14:26+00:00 | no new closed trades
[LOOP] 2026-03-12T18:15:26+00:00 | no new closed trades
[LOOP] 2026-03-12T18:16:26+00:00 | no new closed trades
[LOOP] 2026-03-12T18:17:26+00:00 | no new closed trades
[LOOP] 2026-03-12T18:18:26+00:00 | no new closed trades
[LOOP] 2026-03-12T18:19:26+00:00 | no new closed trades
[LOOP] 2026-03-12T18:20:26+00:00 | no new closed trades
[LOOP] 2026-03-12T18:21:26+00:00 | no new closed trades
[LOOP] 2026-03-12T18:22:26+00:00 | no new closed trades
[LOOP] 2026-03-12T18:23:26+00:00 | no new closed trades
[LOOP] 2026-03-12T18:24:26+00:00 | no new closed trades
[LOOP] 2026-03-12T18:25:26+00:00 | no new closed trades
[LOOP] 2026-03-12T18:26:26+00:00 | no new closed trades
[LOOP] 2026-03-12T18:27:26+00:00 | no new closed trades
[LOOP] 2026-03-12T18:28:26+00:00 | no new closed trades
[LOOP] 2026-03-12T18:29:26+00:00 | no new closed trades
[LOOP] 2026-03-12T18:30:26+00:00 | no new closed trades
[LOOP] 2026-03-12T18:31:26+00:00 | no new closed trades
[LOOP] 2026-03-12T18:32:26+00:00 | no new closed trades
[LOOP] 2026-03-12T18:33:26+00:00 | no new closed trades
[LOOP] 2026-03-12T18:34:26+00:00 | no new closed trades
[LOOP] 2026-03-12T18:35:26+00:00 | no new closed trades
[LOOP] 2026-03-12T18:36:26+00:00 | no new closed trades
[LOOP] 2026-03-12T18:37:26+00:00 | no new closed trades
[LOOP] 2026-03-12T18:38:26+00:00 | no new closed trades
[LOOP] 2026-03-12T18:39:26+00:00 | no new closed trades
[LOOP] 2026-03-12T18:40:26+00:00 | no new closed trades
[LOOP] 2026-03-12T18:41:26+00:00 | no new closed trades
[LOOP] 2026-03-12T18:42:26+00:00 | no new closed trades
[LOOP] 2026-03-12T18:43:26+00:00 | no new closed trades
[LOOP] 2026-03-12T18:44:26+00:00 | no new closed trades
[LOOP] 2026-03-12T18:45:26+00:00 | no new closed trades
[LOOP] 2026-03-12T18:46:26+00:00 | no new closed trades
[LOOP] 2026-03-12T18:47:26+00:00 | no new closed trades
[LOOP] 2026-03-12T18:48:26+00:00 | no new closed trades
[LOOP] 2026-03-12T18:49:26+00:00 | no new closed trades
[LOOP] 2026-03-12T18:50:26+00:00 | no new closed trades
[LOOP] 2026-03-12T18:51:26+00:00 | no new closed trades
[LOOP] 2026-03-12T18:52:26+00:00 | no new closed trades
[LOOP] 2026-03-12T18:53:26+00:00 | no new closed trades
[LOOP] 2026-03-12T18:54:26+00:00 | no new closed trades
[LOOP] 2026-03-12T18:55:26+00:00 | no new closed trades
[LOOP] 2026-03-12T18:56:26+00:00 | no new closed trades
[LOOP] 2026-03-12T18:57:26+00:00 | no new closed trades
[LOOP] 2026-03-12T18:58:26+00:00 | no new closed trades
[LOOP] 2026-03-12T18:59:26+00:00 | no new closed trades
[LOOP] 2026-03-12T19:00:26+00:00 | no new closed trades
[LOOP] 2026-03-12T19:01:26+00:00 | no new closed trades
[LOOP] 2026-03-12T19:02:26+00:00 | no new closed trades
[LOOP] 2026-03-12T19:03:26+00:00 | no new closed trades
[LOOP] 2026-03-12T19:04:26+00:00 | no new closed trades
[LOOP] 2026-03-12T19:05:26+00:00 | no new closed trades
[LOOP] 2026-03-12T19:06:26+00:00 | no new closed trades
[LOOP] 2026-03-12T19:07:26+00:00 | no new closed trades
[LOOP] 2026-03-12T19:08:26+00:00 | no new closed trades
[LOOP] 2026-03-12T19:09:26+00:00 | no new closed trades
[LOOP] 2026-03-12T19:10:26+00:00 | no new closed trades
[LOOP] 2026-03-12T19:11:26+00:00 | no new closed trades
[LOOP] 2026-03-12T19:12:26+00:00 | no new closed trades
[LOOP] 2026-03-12T19:13:26+00:00 | no new closed trades
[LOOP] 2026-03-12T19:14:26+00:00 | no new closed trades
[LOOP] 2026-03-12T19:15:26+00:00 | no new closed trades
[LOOP] 2026-03-12T19:16:26+00:00 | no new closed trades
[LOOP] 2026-03-12T19:17:26+00:00 | no new closed trades
[LOOP] 2026-03-12T19:18:26+00:00 | no new closed trades
[LOOP] 2026-03-12T19:19:26+00:00 | no new closed trades
[LOOP] 2026-03-13T05:27:10+00:00 | no new closed trades
[LOOP] 2026-03-13T05:28:12+00:00 | no new closed trades
[LOOP] 2026-03-13T05:29:12+00:00 | no new closed trades
[LOOP] 2026-03-13T05:30:12+00:00 | no new closed trades
[LOOP] 2026-03-13T05:31:12+00:00 | no new closed trades
[LOOP] 2026-03-13T05:32:12+00:00 | no new closed trades
[LOOP] 2026-03-13T05:33:12+00:00 | no new closed trades
[LOOP] 2026-03-13T05:34:12+00:00 | no new closed trades
[LOOP] 2026-03-13T05:35:12+00:00 | no new closed trades
[LOOP] 2026-03-13T05:36:12+00:00 | no new closed trades
[LOOP] 2026-03-13T05:37:12+00:00 | no new closed trades
[LOOP] 2026-03-13T05:38:12+00:00 | no new closed trades
[LOOP] 2026-03-13T05:39:12+00:00 | no new closed trades
[LOOP] 2026-03-13T05:40:12+00:00 | no new closed trades
[LOOP] 2026-03-13T05:41:12+00:00 | no new closed trades
[LOOP] 2026-03-13T05:42:12+00:00 | no new closed trades
[LOOP] 2026-03-13T05:43:12+00:00 | no new closed trades
[LOOP] 2026-03-13T05:44:12+00:00 | no new closed trades
[LOOP] 2026-03-13T05:45:12+00:00 | no new closed trades
[LOOP] 2026-03-13T05:46:12+00:00 | no new closed trades
[LOOP] 2026-03-13T05:47:12+00:00 | no new closed trades
[LOOP] 2026-03-13T05:48:12+00:00 | no new closed trades
[LOOP] 2026-03-13T05:49:12+00:00 | no new closed trades
[LOOP] 2026-03-13T05:50:12+00:00 | no new closed trades
[LOOP] 2026-03-13T05:51:12+00:00 | no new closed trades
[LOOP] 2026-03-13T05:52:12+00:00 | no new closed trades
[LOOP] 2026-03-13T05:53:12+00:00 | no new closed trades
[LOOP] 2026-03-13T05:54:12+00:00 | no new closed trades
[LOOP] 2026-03-13T05:55:12+00:00 | no new closed trades
[LOOP] 2026-03-13T05:56:12+00:00 | no new closed trades
[LOOP] 2026-03-13T05:57:12+00:00 | no new closed trades
[LOOP] 2026-03-13T05:58:12+00:00 | no new closed trades
[LOOP] 2026-03-13T05:59:12+00:00 | no new closed trades
[LOOP] 2026-03-13T06:00:12+00:00 | no new closed trades
[LOOP] 2026-03-13T06:01:12+00:00 | no new closed trades
[LOOP] 2026-03-13T06:02:12+00:00 | no new closed trades
[LOOP] 2026-03-13T06:03:12+00:00 | no new closed trades
[LOOP] 2026-03-13T06:04:12+00:00 | no new closed trades
[LOOP] 2026-03-13T06:05:12+00:00 | no new closed trades
[LOOP] 2026-03-13T06:06:12+00:00 | no new closed trades
[LOOP] 2026-03-13T06:07:12+00:00 | no new closed trades
[LOOP] 2026-03-13T06:08:12+00:00 | no new closed trades
[LOOP] 2026-03-13T06:09:12+00:00 | no new closed trades
[LOOP] 2026-03-13T06:10:12+00:00 | no new closed trades
[LOOP] 2026-03-13T06:11:12+00:00 | no new closed trades
[LOOP] 2026-03-13T06:12:12+00:00 | no new closed trades
[LOOP] 2026-03-13T06:13:12+00:00 | no new closed trades
[LOOP] 2026-03-13T06:14:12+00:00 | no new closed trades
[LOOP] 2026-03-13T06:15:12+00:00 | no new closed trades
[LOOP] 2026-03-13T06:16:12+00:00 | no new closed trades
[LOOP] 2026-03-13T06:17:12+00:00 | no new closed trades
[LOOP] 2026-03-13T06:18:12+00:00 | no new closed trades
[LOOP] 2026-03-13T06:19:12+00:00 | no new closed trades
[LOOP] 2026-03-13T06:20:12+00:00 | no new closed trades
[LOOP] 2026-03-13T06:21:12+00:00 | no new closed trades
[LOOP] 2026-03-13T06:22:12+00:00 | no new closed trades
[LOOP] 2026-03-13T06:23:12+00:00 | no new closed trades
[LOOP] 2026-03-13T06:24:12+00:00 | no new closed trades
[LOOP] 2026-03-13T06:25:12+00:00 | no new closed trades
[LOOP] 2026-03-13T06:26:12+00:00 | no new closed trades
[LOOP] 2026-03-13T06:27:12+00:00 | no new closed trades
[LOOP] 2026-03-13T06:28:12+00:00 | no new closed trades
[LOOP] 2026-03-13T06:29:12+00:00 | no new closed trades
[LOOP] 2026-03-13T06:30:12+00:00 | no new closed trades
[LOOP] 2026-03-13T06:31:12+00:00 | no new closed trades
[LOOP] 2026-03-13T06:32:12+00:00 | no new closed trades
[LOOP] 2026-03-13T06:33:12+00:00 | no new closed trades
[LOOP] 2026-03-13T06:34:12+00:00 | no new closed trades
[LOOP] 2026-03-13T06:35:12+00:00 | no new closed trades
[LOOP] 2026-03-13T06:36:12+00:00 | no new closed trades
[LOOP] 2026-03-13T06:37:12+00:00 | no new closed trades
[LOOP] 2026-03-13T06:38:12+00:00 | no new closed trades
[LOOP] 2026-03-13T06:39:12+00:00 | no new closed trades
[LOOP] 2026-03-13T06:40:12+00:00 | no new closed trades
[LOOP] 2026-03-13T06:41:12+00:00 | no new closed trades
[LOOP] 2026-03-13T06:42:12+00:00 | no new closed trades
[LOOP] 2026-03-13T06:43:12+00:00 | no new closed trades
[LOOP] 2026-03-13T06:44:12+00:00 | no new closed trades
[LOOP] 2026-03-13T06:45:12+00:00 | no new closed trades
[LOOP] 2026-03-13T06:46:12+00:00 | no new closed trades
[LOOP] 2026-03-13T06:47:12+00:00 | no new closed trades
[LOOP] 2026-03-13T06:48:12+00:00 | no new closed trades
[LOOP] 2026-03-13T06:49:12+00:00 | no new closed trades
[LOOP] 2026-03-13T06:50:12+00:00 | no new closed trades
[LOOP] 2026-03-13T06:51:12+00:00 | no new closed trades
[LOOP] 2026-03-13T06:52:12+00:00 | no new closed trades
[LOOP] 2026-03-13T06:53:12+00:00 | no new closed trades
[LOOP] 2026-03-13T06:54:12+00:00 | no new closed trades
[LOOP] 2026-03-13T06:55:12+00:00 | no new closed trades
[LOOP] 2026-03-13T06:56:12+00:00 | no new closed trades
[LOOP] 2026-03-13T06:57:12+00:00 | no new closed trades
[LOOP] 2026-03-13T06:58:12+00:00 | no new closed trades
[LOOP] 2026-03-13T06:59:12+00:00 | no new closed trades
[LOOP] 2026-03-13T07:00:12+00:00 | no new closed trades
[LOOP] 2026-03-13T07:01:12+00:00 | no new closed trades
[LOOP] 2026-03-13T07:02:12+00:00 | no new closed trades
[LOOP] 2026-03-13T07:03:12+00:00 | no new closed trades
[LOOP] 2026-03-13T07:04:12+00:00 | no new closed trades
[LOOP] 2026-03-13T07:05:12+00:00 | no new closed trades
[LOOP] 2026-03-13T07:06:12+00:00 | no new closed trades
[LOOP] 2026-03-13T07:07:12+00:00 | no new closed trades
[LOOP] 2026-03-13T07:08:12+00:00 | no new closed trades
[LOOP] 2026-03-13T07:09:12+00:00 | no new closed trades
[LOOP] 2026-03-13T07:10:12+00:00 | no new closed trades
[LOOP] 2026-03-13T07:11:12+00:00 | no new closed trades
[LOOP] 2026-03-13T07:12:12+00:00 | no new closed trades
[LOOP] 2026-03-13T07:13:12+00:00 | no new closed trades
[LOOP] 2026-03-13T07:14:12+00:00 | no new closed trades
[LOOP] 2026-03-13T07:15:12+00:00 | no new closed trades
[LOOP] 2026-03-13T07:16:12+00:00 | no new closed trades
[LOOP] 2026-03-13T07:17:12+00:00 | no new closed trades
[LOOP] 2026-03-13T07:18:12+00:00 | no new closed trades
[LOOP] 2026-03-13T07:19:12+00:00 | no new closed trades
[LOOP] 2026-03-13T07:20:12+00:00 | no new closed trades
[LOOP] 2026-03-13T07:21:12+00:00 | no new closed trades
[LOOP] 2026-03-13T07:22:12+00:00 | no new closed trades
[LOOP] 2026-03-13T07:23:12+00:00 | no new closed trades
[LOOP] 2026-03-13T07:24:12+00:00 | no new closed trades
[LOOP] 2026-03-13T07:25:12+00:00 | no new closed trades
[LOOP] 2026-03-13T07:26:12+00:00 | no new closed trades
[LOOP] 2026-03-13T07:27:12+00:00 | no new closed trades
[LOOP] 2026-03-13T07:28:12+00:00 | no new closed trades
[LOOP] 2026-03-13T07:29:12+00:00 | no new closed trades
[LOOP] 2026-03-13T07:30:12+00:00 | no new closed trades
[LOOP] 2026-03-13T07:31:12+00:00 | no new closed trades
[LOOP] 2026-03-13T07:32:12+00:00 | no new closed trades
[LOOP] 2026-03-13T07:33:12+00:00 | no new closed trades
[LOOP] 2026-03-13T07:34:12+00:00 | no new closed trades
[LOOP] 2026-03-13T07:35:12+00:00 | no new closed trades
[LOOP] 2026-03-13T07:36:12+00:00 | no new closed trades
[LOOP] 2026-03-13T07:37:12+00:00 | no new closed trades
[LOOP] 2026-03-13T07:38:12+00:00 | no new closed trades
[LOOP] 2026-03-13T07:39:12+00:00 | no new closed trades
[LOOP] 2026-03-13T07:40:12+00:00 | no new closed trades
[LOOP] 2026-03-13T07:41:12+00:00 | no new closed trades
[LOOP] 2026-03-13T07:42:12+00:00 | no new closed trades
[LOOP] 2026-03-13T07:43:12+00:00 | no new closed trades
[LOOP] 2026-03-13T07:44:12+00:00 | no new closed trades
[LOOP] 2026-03-13T07:45:12+00:00 | no new closed trades
[LOOP] 2026-03-13T07:46:12+00:00 | no new closed trades
[LOOP] 2026-03-13T07:47:12+00:00 | no new closed trades
[LOOP] 2026-03-13T07:48:12+00:00 | no new closed trades
[LOOP] 2026-03-13T07:49:12+00:00 | no new closed trades
[LOOP] 2026-03-13T07:50:12+00:00 | no new closed trades
[LOOP] 2026-03-13T07:51:12+00:00 | no new closed trades
[LOOP] 2026-03-13T07:52:12+00:00 | no new closed trades
[LOOP] 2026-03-13T07:53:12+00:00 | no new closed trades
[LOOP] 2026-03-13T07:54:12+00:00 | no new closed trades
[LOOP] 2026-03-13T07:55:12+00:00 | no new closed trades
[LOOP] 2026-03-13T07:56:12+00:00 | no new closed trades
[LOOP] 2026-03-13T07:57:12+00:00 | no new closed trades
[LOOP] 2026-03-13T07:58:12+00:00 | no new closed trades
[LOOP] 2026-03-13T07:59:12+00:00 | no new closed trades
[LOOP] 2026-03-13T08:00:12+00:00 | no new closed trades
[LOOP] 2026-03-13T08:01:12+00:00 | no new closed trades
[LOOP] 2026-03-13T08:02:12+00:00 | no new closed trades
[LOOP] 2026-03-13T08:03:12+00:00 | no new closed trades
[LOOP] 2026-03-13T08:04:12+00:00 | no new closed trades
[LOOP] 2026-03-13T08:05:12+00:00 | no new closed trades
[LOOP] 2026-03-13T08:06:12+00:00 | no new closed trades
[LOOP] 2026-03-13T08:07:12+00:00 | no new closed trades
[LOOP] 2026-03-13T08:08:12+00:00 | no new closed trades
[LOOP] 2026-03-13T08:09:12+00:00 | no new closed trades
[LOOP] 2026-03-13T08:10:12+00:00 | no new closed trades
[LOOP] 2026-03-13T08:11:12+00:00 | no new closed trades
[LOOP] 2026-03-13T08:12:12+00:00 | no new closed trades
[LOOP] 2026-03-13T08:13:12+00:00 | no new closed trades
[LOOP] 2026-03-13T08:14:12+00:00 | no new closed trades
[LOOP] 2026-03-13T08:15:12+00:00 | no new closed trades
[LOOP] 2026-03-13T08:16:12+00:00 | no new closed trades
[LOOP] 2026-03-13T08:17:12+00:00 | no new closed trades
[LOOP] 2026-03-13T08:18:12+00:00 | no new closed trades
[LOOP] 2026-03-13T08:19:12+00:00 | no new closed trades
[LOOP] 2026-03-13T08:20:12+00:00 | no new closed trades
[LOOP] 2026-03-13T08:21:12+00:00 | no new closed trades
[LOOP] 2026-03-13T08:22:12+00:00 | no new closed trades
[LOOP] 2026-03-13T08:23:12+00:00 | no new closed trades
[LOOP] 2026-03-13T08:24:12+00:00 | no new closed trades
[LOOP] 2026-03-13T08:25:12+00:00 | no new closed trades
[LOOP] 2026-03-13T08:26:12+00:00 | no new closed trades
[LOOP] 2026-03-13T08:27:12+00:00 | no new closed trades
[LOOP] 2026-03-13T08:28:12+00:00 | no new closed trades
[LOOP] 2026-03-13T08:29:12+00:00 | no new closed trades
[LOOP] 2026-03-13T08:30:12+00:00 | no new closed trades
[LOOP] 2026-03-13T08:31:12+00:00 | no new closed trades
[LOOP] 2026-03-13T08:32:12+00:00 | no new closed trades
[LOOP] 2026-03-13T08:33:12+00:00 | no new closed trades
[LOOP] 2026-03-13T08:34:12+00:00 | no new closed trades
[LOOP] 2026-03-13T08:35:12+00:00 | no new closed trades
[LOOP] 2026-03-13T08:36:12+00:00 | no new closed trades
[LOOP] 2026-03-13T08:37:12+00:00 | no new closed trades
[LOOP] 2026-03-13T08:38:12+00:00 | no new closed trades
[LOOP] 2026-03-13T08:39:12+00:00 | no new closed trades
[LOOP] 2026-03-13T08:40:12+00:00 | no new closed trades
[LOOP] 2026-03-13T08:41:12+00:00 | no new closed trades
[LOOP] 2026-03-13T08:42:12+00:00 | no new closed trades
[LOOP] 2026-03-13T08:43:12+00:00 | no new closed trades
[LOOP] 2026-03-13T08:44:12+00:00 | no new closed trades
[LOOP] 2026-03-13T08:45:12+00:00 | no new closed trades
[LOOP] 2026-03-13T08:46:12+00:00 | no new closed trades
[LOOP] 2026-03-13T08:47:12+00:00 | no new closed trades
[LOOP] 2026-03-13T08:48:12+00:00 | no new closed trades
[LOOP] 2026-03-13T08:49:12+00:00 | no new closed trades
[LOOP] 2026-03-13T08:50:12+00:00 | no new closed trades
[LOOP] 2026-03-13T08:51:12+00:00 | no new closed trades
[LOOP] 2026-03-13T08:52:12+00:00 | no new closed trades
[LOOP] 2026-03-13T08:53:12+00:00 | no new closed trades
[LOOP] 2026-03-13T08:54:12+00:00 | no new closed trades
[LOOP] 2026-03-13T08:55:12+00:00 | no new closed trades
[LOOP] 2026-03-13T08:56:12+00:00 | no new closed trades
[LOOP] 2026-03-13T08:57:12+00:00 | no new closed trades
[LOOP] 2026-03-13T08:58:12+00:00 | no new closed trades
[LOOP] 2026-03-13T08:59:12+00:00 | no new closed trades
[LOOP] 2026-03-13T09:00:12+00:00 | no new closed trades
[LOOP] 2026-03-13T09:01:12+00:00 | no new closed trades
[LOOP] 2026-03-13T09:02:12+00:00 | no new closed trades
[LOOP] 2026-03-13T09:03:12+00:00 | no new closed trades
[LOOP] 2026-03-13T09:04:12+00:00 | no new closed trades
[LOOP] 2026-03-13T09:05:12+00:00 | no new closed trades
[LOOP] 2026-03-13T09:06:12+00:00 | no new closed trades
[LOOP] 2026-03-13T09:07:12+00:00 | no new closed trades
[LOOP] 2026-03-13T09:08:12+00:00 | no new closed trades
[LOOP] 2026-03-13T09:09:12+00:00 | no new closed trades
[LOOP] 2026-03-13T09:10:12+00:00 | no new closed trades
[LOOP] 2026-03-13T09:11:12+00:00 | no new closed trades
[LOOP] 2026-03-13T09:12:12+00:00 | no new closed trades
[LOOP] 2026-03-13T09:13:12+00:00 | no new closed trades
[LOOP] 2026-03-13T09:14:12+00:00 | no new closed trades
[LOOP] 2026-03-13T09:15:12+00:00 | no new closed trades
[LOOP] 2026-03-13T09:16:12+00:00 | no new closed trades
[LOOP] 2026-03-13T09:17:12+00:00 | no new closed trades
[LOOP] 2026-03-13T09:18:12+00:00 | no new closed trades
[LOOP] 2026-03-13T09:19:12+00:00 | no new closed trades
[LOOP] 2026-03-13T09:20:12+00:00 | no new closed trades
[LOOP] 2026-03-13T09:21:12+00:00 | no new closed trades
[LOOP] 2026-03-13T09:22:12+00:00 | no new closed trades
[LOOP] 2026-03-13T09:23:12+00:00 | no new closed trades
[LOOP] 2026-03-13T09:24:12+00:00 | no new closed trades
[LOOP] 2026-03-13T09:25:12+00:00 | no new closed trades
[LOOP] 2026-03-13T09:26:12+00:00 | no new closed trades
[LOOP] 2026-03-13T09:27:12+00:00 | no new closed trades
[LOOP] 2026-03-13T09:28:12+00:00 | no new closed trades
[LOOP] 2026-03-13T09:29:12+00:00 | no new closed trades
[LOOP] 2026-03-13T09:30:12+00:00 | no new closed trades
[LOOP] 2026-03-13T09:31:12+00:00 | no new closed trades
[LOOP] 2026-03-13T09:32:12+00:00 | no new closed trades
[LOOP] 2026-03-13T09:33:12+00:00 | no new closed trades
[LOOP] 2026-03-13T09:34:12+00:00 | no new closed trades
[LOOP] 2026-03-13T09:35:12+00:00 | no new closed trades
[LOOP] 2026-03-13T09:36:12+00:00 | no new closed trades
[LOOP] 2026-03-13T09:37:12+00:00 | no new closed trades
[LOOP] 2026-03-13T09:38:12+00:00 | no new closed trades
[LOOP] 2026-03-13T09:39:12+00:00 | no new closed trades
[LOOP] 2026-03-13T09:40:12+00:00 | no new closed trades
[LOOP] 2026-03-13T09:41:12+00:00 | no new closed trades
[LOOP] 2026-03-13T09:42:12+00:00 | no new closed trades
[LOOP] 2026-03-13T09:43:12+00:00 | no new closed trades
[LOOP] 2026-03-13T09:44:12+00:00 | no new closed trades
[LOOP] 2026-03-13T09:45:12+00:00 | no new closed trades
[LOOP] 2026-03-13T09:46:12+00:00 | no new closed trades
[LOOP] 2026-03-13T09:47:12+00:00 | no new closed trades
[LOOP] 2026-03-13T09:48:12+00:00 | no new closed trades
[LOOP] 2026-03-13T09:49:12+00:00 | no new closed trades
[LOOP] 2026-03-13T09:50:12+00:00 | no new closed trades
[LOOP] 2026-03-13T09:51:12+00:00 | no new closed trades
[LOOP] 2026-03-13T09:52:12+00:00 | no new closed trades
[LOOP] 2026-03-13T09:53:12+00:00 | no new closed trades
[LOOP] 2026-03-13T09:54:12+00:00 | no new closed trades
[LOOP] 2026-03-13T09:55:12+00:00 | no new closed trades
[LOOP] 2026-03-13T09:56:12+00:00 | no new closed trades
[LOOP] 2026-03-13T09:57:12+00:00 | no new closed trades
[LOOP] 2026-03-13T09:58:12+00:00 | no new closed trades
[LOOP] 2026-03-13T09:59:12+00:00 | no new closed trades
[LOOP] 2026-03-13T10:00:12+00:00 | no new closed trades
[LOOP] 2026-03-13T10:01:12+00:00 | no new closed trades
[LOOP] 2026-03-13T10:02:12+00:00 | no new closed trades
[LOOP] 2026-03-13T10:03:12+00:00 | no new closed trades
[LOOP] 2026-03-13T10:04:12+00:00 | no new closed trades
[LOOP] 2026-03-13T10:05:12+00:00 | no new closed trades
[LOOP] 2026-03-13T10:06:12+00:00 | no new closed trades
[LOOP] 2026-03-13T10:07:12+00:00 | no new closed trades
[LOOP] 2026-03-13T10:08:12+00:00 | no new closed trades
[LOOP] 2026-03-13T10:09:12+00:00 | no new closed trades
[LOOP] 2026-03-13T10:10:12+00:00 | no new closed trades
[LOOP] 2026-03-13T10:11:12+00:00 | no new closed trades
[LOOP] 2026-03-13T10:12:12+00:00 | no new closed trades
[LOOP] 2026-03-13T10:13:12+00:00 | no new closed trades
[LOOP] 2026-03-13T10:14:12+00:00 | no new closed trades
[LOOP] 2026-03-13T10:15:12+00:00 | no new closed trades
[LOOP] 2026-03-13T10:16:12+00:00 | no new closed trades
[LOOP] 2026-03-13T10:17:12+00:00 | no new closed trades
[LOOP] 2026-03-13T10:18:12+00:00 | no new closed trades
[LOOP] 2026-03-13T10:19:12+00:00 | no new closed trades
[LOOP] 2026-03-13T10:20:12+00:00 | no new closed trades
[LOOP] 2026-03-13T10:21:12+00:00 | no new closed trades
[LOOP] 2026-03-13T10:22:12+00:00 | no new closed trades
[LOOP] 2026-03-13T10:23:12+00:00 | no new closed trades
[LOOP] 2026-03-13T10:24:12+00:00 | no new closed trades
[LOOP] 2026-03-13T10:25:12+00:00 | no new closed trades
[LOOP] 2026-03-13T10:26:12+00:00 | no new closed trades
[LOOP] 2026-03-13T10:27:12+00:00 | no new closed trades
[LOOP] 2026-03-13T10:28:12+00:00 | no new closed trades
[LOOP] 2026-03-13T10:29:12+00:00 | no new closed trades
[LOOP] 2026-03-13T10:30:12+00:00 | no new closed trades
[LOOP] 2026-03-13T10:31:12+00:00 | no new closed trades
[LOOP] 2026-03-13T10:32:12+00:00 | no new closed trades
[LOOP] 2026-03-13T10:33:12+00:00 | no new closed trades
[LOOP] 2026-03-13T10:34:12+00:00 | no new closed trades
[LOOP] 2026-03-13T10:35:12+00:00 | no new closed trades
[LOOP] 2026-03-13T10:36:12+00:00 | no new closed trades
[LOOP] 2026-03-13T10:37:12+00:00 | no new closed trades
[LOOP] 2026-03-13T10:38:12+00:00 | no new closed trades
[LOOP] 2026-03-13T10:39:12+00:00 | no new closed trades
[LOOP] 2026-03-13T10:40:12+00:00 | no new closed trades
[LOOP] 2026-03-13T10:41:12+00:00 | no new closed trades
[LOOP] 2026-03-13T10:42:12+00:00 | no new closed trades
[LOOP] 2026-03-13T10:43:12+00:00 | no new closed trades
[LOOP] 2026-03-13T10:44:12+00:00 | no new closed trades
[LOOP] 2026-03-13T10:45:12+00:00 | no new closed trades
[LOOP] 2026-03-13T10:46:12+00:00 | no new closed trades
[LOOP] 2026-03-13T10:47:12+00:00 | no new closed trades
[LOOP] 2026-03-13T10:48:12+00:00 | no new closed trades
[LOOP] 2026-03-13T10:49:12+00:00 | no new closed trades
[LOOP] 2026-03-13T10:50:12+00:00 | no new closed trades
[LOOP] 2026-03-13T10:51:12+00:00 | no new closed trades
[LOOP] 2026-03-13T10:52:12+00:00 | no new closed trades
[LOOP] 2026-03-13T10:53:12+00:00 | no new closed trades
[LOOP] 2026-03-13T10:54:12+00:00 | no new closed trades
[LOOP] 2026-03-13T10:55:12+00:00 | no new closed trades
[LOOP] 2026-03-13T10:56:12+00:00 | no new closed trades
[LOOP] 2026-03-13T10:57:12+00:00 | no new closed trades
[LOOP] 2026-03-13T10:58:12+00:00 | no new closed trades
[LOOP] 2026-03-13T10:59:12+00:00 | no new closed trades
[LOOP] 2026-03-13T11:00:12+00:00 | no new closed trades
[LOOP] 2026-03-13T11:01:12+00:00 | no new closed trades
[LOOP] 2026-03-13T11:02:12+00:00 | no new closed trades
[LOOP] 2026-03-13T11:03:12+00:00 | no new closed trades
[LOOP] 2026-03-13T11:04:12+00:00 | no new closed trades
[LOOP] 2026-03-13T11:05:12+00:00 | no new closed trades
[LOOP] 2026-03-13T11:06:12+00:00 | no new closed trades
[LOOP] 2026-03-13T11:07:12+00:00 | no new closed trades
[LOOP] 2026-03-13T11:08:12+00:00 | no new closed trades
[LOOP] 2026-03-13T11:09:12+00:00 | no new closed trades
[LOOP] 2026-03-13T11:10:12+00:00 | no new closed trades
[LOOP] 2026-03-13T11:11:12+00:00 | no new closed trades
[LOOP] 2026-03-13T11:12:12+00:00 | no new closed trades
[LOOP] 2026-03-13T11:13:12+00:00 | no new closed trades
[LOOP] 2026-03-13T11:14:12+00:00 | no new closed trades
[LOOP] 2026-03-13T11:15:12+00:00 | no new closed trades
[LOOP] 2026-03-13T11:16:12+00:00 | no new closed trades
[LOOP] 2026-03-13T11:17:12+00:00 | no new closed trades
[LOOP] 2026-03-13T11:18:12+00:00 | no new closed trades
[LOOP] 2026-03-13T11:19:12+00:00 | no new closed trades
[LOOP] 2026-03-13T11:20:12+00:00 | no new closed trades
[LOOP] 2026-03-13T11:21:12+00:00 | no new closed trades
[LOOP] 2026-03-13T11:22:12+00:00 | no new closed trades
[LOOP] 2026-03-13T11:23:12+00:00 | no new closed trades
[LOOP] 2026-03-13T11:24:12+00:00 | no new closed trades
[LOOP] 2026-03-13T11:25:12+00:00 | no new closed trades
[LOOP] 2026-03-13T11:26:12+00:00 | no new closed trades
[LOOP] 2026-03-13T11:27:12+00:00 | no new closed trades
[LOOP] 2026-03-13T11:28:12+00:00 | no new closed trades
[LOOP] 2026-03-13T11:29:12+00:00 | no new closed trades
[LOOP] 2026-03-13T11:30:12+00:00 | no new closed trades
[LOOP] 2026-03-13T11:31:12+00:00 | no new closed trades
[LOOP] 2026-03-13T11:32:12+00:00 | no new closed trades
[LOOP] 2026-03-13T11:33:12+00:00 | no new closed trades
[LOOP] 2026-03-13T11:34:12+00:00 | no new closed trades
[LOOP] 2026-03-13T11:35:12+00:00 | no new closed trades
[LOOP] 2026-03-13T11:36:12+00:00 | no new closed trades
[LOOP] 2026-03-13T11:37:12+00:00 | no new closed trades
[LOOP] 2026-03-13T11:38:12+00:00 | no new closed trades
[LOOP] 2026-03-13T11:39:12+00:00 | no new closed trades
[LOOP] 2026-03-13T11:40:12+00:00 | no new closed trades
[LOOP] 2026-03-13T11:41:12+00:00 | no new closed trades
[LOOP] 2026-03-13T11:42:12+00:00 | no new closed trades
[LOOP] 2026-03-13T11:43:12+00:00 | no new closed trades
[LOOP] 2026-03-13T11:44:12+00:00 | no new closed trades
[LOOP] 2026-03-13T11:45:12+00:00 | no new closed trades
[LOOP] 2026-03-13T11:46:12+00:00 | no new closed trades
[LOOP] 2026-03-13T11:47:12+00:00 | no new closed trades
[LOOP] 2026-03-13T11:48:12+00:00 | no new closed trades
[LOOP] 2026-03-13T11:49:12+00:00 | no new closed trades
[LOOP] 2026-03-13T11:50:12+00:00 | no new closed trades
[LOOP] 2026-03-13T11:51:12+00:00 | no new closed trades
[LOOP] 2026-03-13T11:52:12+00:00 | no new closed trades
[LOOP] 2026-03-13T11:53:12+00:00 | no new closed trades
[LOOP] 2026-03-13T11:54:12+00:00 | no new closed trades
[LOOP] 2026-03-13T11:55:12+00:00 | no new closed trades
[LOOP] 2026-03-13T11:56:12+00:00 | no new closed trades
[LOOP] 2026-03-13T11:57:12+00:00 | no new closed trades
[LOOP] 2026-03-13T11:58:12+00:00 | no new closed trades
[LOOP] 2026-03-13T11:59:12+00:00 | no new closed trades
[LOOP] 2026-03-13T12:00:12+00:00 | no new closed trades
[LOOP] 2026-03-13T12:01:12+00:00 | no new closed trades
[LOOP] 2026-03-13T12:02:12+00:00 | no new closed trades
[LOOP] 2026-03-13T12:03:12+00:00 | no new closed trades
[LOOP] 2026-03-13T12:04:12+00:00 | no new closed trades
[LOOP] 2026-03-13T12:05:12+00:00 | no new closed trades
[LOOP] 2026-03-13T12:06:12+00:00 | no new closed trades
[LOOP] 2026-03-13T12:07:12+00:00 | no new closed trades
[LOOP] 2026-03-13T12:08:12+00:00 | no new closed trades
[LOOP] 2026-03-13T12:09:12+00:00 | no new closed trades
[LOOP] 2026-03-13T12:10:12+00:00 | no new closed trades
[LOOP] 2026-03-13T12:11:12+00:00 | no new closed trades
[LOOP] 2026-03-13T12:12:12+00:00 | no new closed trades
[LOOP] 2026-03-13T12:13:12+00:00 | no new closed trades
[LOOP] 2026-03-13T12:14:12+00:00 | no new closed trades
[LOOP] 2026-03-13T12:15:12+00:00 | no new closed trades
[LOOP] 2026-03-13T12:16:12+00:00 | no new closed trades
[LOOP] 2026-03-13T12:17:12+00:00 | no new closed trades
[LOOP] 2026-03-13T12:18:12+00:00 | no new closed trades
[LOOP] 2026-03-13T12:19:12+00:00 | no new closed trades
[LOOP] 2026-03-13T12:20:12+00:00 | no new closed trades
[LOOP] 2026-03-13T12:21:12+00:00 | no new closed trades
[LOOP] 2026-03-13T12:22:12+00:00 | no new closed trades
[LOOP] 2026-03-13T12:23:12+00:00 | no new closed trades
[LOOP] 2026-03-13T12:24:12+00:00 | no new closed trades
[LOOP] 2026-03-13T12:25:12+00:00 | no new closed trades
[LOOP] 2026-03-13T12:26:12+00:00 | no new closed trades
[LOOP] 2026-03-13T12:27:12+00:00 | no new closed trades
[LOOP] 2026-03-13T12:28:12+00:00 | no new closed trades
[LOOP] 2026-03-13T12:29:12+00:00 | no new closed trades
[LOOP] 2026-03-13T12:30:12+00:00 | no new closed trades
[LOOP] 2026-03-13T12:31:12+00:00 | no new closed trades
[LOOP] 2026-03-13T12:32:12+00:00 | no new closed trades
[LOOP] 2026-03-13T12:33:12+00:00 | no new closed trades
[LOOP] 2026-03-13T12:34:12+00:00 | no new closed trades
[LOOP] 2026-03-13T12:35:12+00:00 | no new closed trades
[LOOP] 2026-03-13T12:36:12+00:00 | no new closed trades
[LOOP] 2026-03-13T12:37:12+00:00 | no new closed trades
[LOOP] 2026-03-13T12:38:12+00:00 | no new closed trades
[LOOP] 2026-03-13T12:39:12+00:00 | no new closed trades
[LOOP] 2026-03-13T12:40:12+00:00 | no new closed trades
[LOOP] 2026-03-13T12:41:12+00:00 | no new closed trades
[LOOP] 2026-03-13T12:42:12+00:00 | no new closed trades
[LOOP] 2026-03-13T12:43:12+00:00 | no new closed trades
[LOOP] 2026-03-13T12:44:12+00:00 | no new closed trades
[LOOP] 2026-03-13T12:45:12+00:00 | no new closed trades
[LOOP] 2026-03-13T12:46:12+00:00 | no new closed trades
[LOOP] 2026-03-13T12:47:12+00:00 | no new closed trades
[LOOP] 2026-03-13T12:48:12+00:00 | no new closed trades
[LOOP] 2026-03-13T12:49:12+00:00 | no new closed trades
[LOOP] 2026-03-13T12:50:12+00:00 | no new closed trades
[LOOP] 2026-03-13T12:51:12+00:00 | no new closed trades
[LOOP] 2026-03-13T12:52:12+00:00 | no new closed trades
[LOOP] 2026-03-13T12:53:12+00:00 | no new closed trades
[LOOP] 2026-03-13T12:54:12+00:00 | no new closed trades
[LOOP] 2026-03-13T12:55:12+00:00 | no new closed trades
[LOOP] 2026-03-13T12:56:12+00:00 | no new closed trades
[LOOP] 2026-03-13T12:57:12+00:00 | no new closed trades
[LOOP] 2026-03-13T12:58:12+00:00 | no new closed trades
[LOOP] 2026-03-13T12:59:12+00:00 | no new closed trades
[LOOP] 2026-03-13T13:00:12+00:00 | no new closed trades
[LOOP] 2026-03-13T13:01:12+00:00 | no new closed trades
[LOOP] 2026-03-13T13:02:12+00:00 | no new closed trades
[LOOP] 2026-03-13T13:03:12+00:00 | no new closed trades
[LOOP] 2026-03-13T13:04:12+00:00 | no new closed trades
[LOOP] 2026-03-13T13:05:12+00:00 | no new closed trades
[LOOP] 2026-03-13T13:06:12+00:00 | no new closed trades
[LOOP] 2026-03-13T13:07:12+00:00 | no new closed trades
[LOOP] 2026-03-13T13:08:12+00:00 | no new closed trades
[LOOP] 2026-03-13T13:09:12+00:00 | no new closed trades
[LOOP] 2026-03-13T13:10:12+00:00 | no new closed trades
[LOOP] 2026-03-13T13:11:12+00:00 | no new closed trades
[LOOP] 2026-03-13T13:12:12+00:00 | no new closed trades
[LOOP] 2026-03-13T13:13:12+00:00 | no new closed trades
[LOOP] 2026-03-13T13:14:12+00:00 | no new closed trades
