[INFO] terminal64.exe = C:\Users\Leon\Desktop\MetaTrader 5 - Kopie - Kopie - Kopie (16) - Kopie - Kopie - Kopie - Kopie\terminal64.exe
[INFO] ROOT = C:\Users\Leon\Desktop\Business_Code\Quant_Structure\FTMO
[INFO] OUTPUT_DIR = C:\Users\Leon\Desktop\Business_Code\Quant_Structure\FTMO\1.Data_Center\Data\Strategy_Data\Live_Trades_Data\Strategy_Live_Performance\account_1512715329
[OK] Connected: 1512715329 | $200k FTMO Free Trial 2-Step | FTMO-Demo
[CLOSED] +1 -> C:\Users\Leon\Desktop\Business_Code\Quant_Structure\FTMO\1.Data_Center\Data\Strategy_Data\Live_Trades_Data\Strategy_Live_Performance\account_1512715329\closed_trades.db
[OK] Backfill done. Folder: C:\Users\Leon\Desktop\Business_Code\Quant_Structure\FTMO\1.Data_Center\Data\Strategy_Data\Live_Trades_Data\Strategy_Live_Performance\account_1512715329
[INFO] Polling every 60s. Stop with CTRL+C.
[LOOP] 2026-03-18T08:50:38+00:00 | no new closed trades
[LOOP] 2026-03-18T08:51:38+00:00 | no new closed trades
[LOOP] 2026-03-18T08:52:38+00:00 | no new closed trades
[LOOP] 2026-03-18T08:53:38+00:00 | no new closed trades
[LOOP] 2026-03-18T08:54:38+00:00 | no new closed trades
[LOOP] 2026-03-18T08:55:38+00:00 | no new closed trades
[LOOP] 2026-03-18T08:56:38+00:00 | no new closed trades
[LOOP] 2026-03-18T08:57:38+00:00 | no new closed trades
[LOOP] 2026-03-18T08:58:38+00:00 | no new closed trades
[LOOP] 2026-03-18T08:59:38+00:00 | no new closed trades
[LOOP] 2026-03-18T09:00:38+00:00 | no new closed trades
[LOOP] 2026-03-18T09:01:38+00:00 | no new closed trades
[LOOP] 2026-03-18T09:02:38+00:00 | no new closed trades
[LOOP] 2026-03-18T09:03:38+00:00 | no new closed trades
[LOOP] 2026-03-18T09:04:38+00:00 | no new closed trades
[LOOP] 2026-03-18T09:05:38+00:00 | no new closed trades
[LOOP] 2026-03-18T09:06:38+00:00 | no new closed trades
[LOOP] 2026-03-18T09:07:38+00:00 | no new closed trades
[LOOP] 2026-03-18T09:08:38+00:00 | no new closed trades
[LOOP] 2026-03-18T09:09:38+00:00 | no new closed trades
[LOOP] 2026-03-18T09:10:38+00:00 | no new closed trades
[LOOP] 2026-03-18T09:11:38+00:00 | no new closed trades
[LOOP] 2026-03-18T09:12:38+00:00 | no new closed trades
[LOOP] 2026-03-18T09:13:38+00:00 | no new closed trades
[LOOP] 2026-03-18T09:14:38+00:00 | no new closed trades
[LOOP] 2026-03-18T09:15:38+00:00 | no new closed trades
[LOOP] 2026-03-18T09:16:38+00:00 | no new closed trades
[LOOP] 2026-03-18T09:17:38+00:00 | no new closed trades
[LOOP] 2026-03-18T09:18:38+00:00 | no new closed trades
[LOOP] 2026-03-18T09:19:38+00:00 | no new closed trades
[LOOP] 2026-03-18T09:20:38+00:00 | no new closed trades
[LOOP] 2026-03-18T09:21:38+00:00 | no new closed trades
[LOOP] 2026-03-18T09:22:38+00:00 | no new closed trades
[LOOP] 2026-03-18T09:23:38+00:00 | no new closed trades
[LOOP] 2026-03-18T09:24:38+00:00 | no new closed trades
[LOOP] 2026-03-18T09:25:38+00:00 | no new closed trades
[LOOP] 2026-03-18T09:26:38+00:00 | no new closed trades
[LOOP] 2026-03-18T09:27:38+00:00 | no new closed trades
[LOOP] 2026-03-18T09:28:38+00:00 | no new closed trades
[LOOP] 2026-03-18T09:29:38+00:00 | no new closed trades
[LOOP] 2026-03-18T09:30:38+00:00 | no new closed trades
[LOOP] 2026-03-18T09:31:38+00:00 | no new closed trades
[LOOP] 2026-03-18T09:32:38+00:00 | no new closed trades
[LOOP] 2026-03-18T09:33:38+00:00 | no new closed trades
[LOOP] 2026-03-18T09:34:38+00:00 | no new closed trades
[LOOP] 2026-03-18T09:35:38+00:00 | no new closed trades
[LOOP] 2026-03-18T09:36:38+00:00 | no new closed trades
[LOOP] 2026-03-18T09:37:38+00:00 | no new closed trades
[LOOP] 2026-03-18T09:38:38+00:00 | no new closed trades
[LOOP] 2026-03-18T09:39:38+00:00 | no new closed trades
[LOOP] 2026-03-18T09:40:38+00:00 | no new closed trades
[LOOP] 2026-03-18T09:41:38+00:00 | no new closed trades
[LOOP] 2026-03-18T09:42:38+00:00 | no new closed trades
[LOOP] 2026-03-18T09:43:38+00:00 | no new closed trades
[LOOP] 2026-03-18T09:44:38+00:00 | no new closed trades
[LOOP] 2026-03-18T09:45:38+00:00 | no new closed trades
[LOOP] 2026-03-18T09:46:38+00:00 | no new closed trades
[LOOP] 2026-03-18T09:47:38+00:00 | no new closed trades
[LOOP] 2026-03-18T09:48:38+00:00 | no new closed trades
[LOOP] 2026-03-18T09:49:38+00:00 | no new closed trades
[LOOP] 2026-03-18T09:50:38+00:00 | no new closed trades
[LOOP] 2026-03-18T09:51:38+00:00 | no new closed trades
[LOOP] 2026-03-18T09:52:38+00:00 | no new closed trades
[LOOP] 2026-03-18T09:53:38+00:00 | no new closed trades
[LOOP] 2026-03-18T09:54:38+00:00 | no new closed trades
[LOOP] 2026-03-18T09:55:38+00:00 | no new closed trades
[LOOP] 2026-03-18T09:56:38+00:00 | no new closed trades
[LOOP] 2026-03-18T09:57:38+00:00 | no new closed trades
[LOOP] 2026-03-18T09:58:38+00:00 | no new closed trades
[LOOP] 2026-03-18T09:59:38+00:00 | no new closed trades
[LOOP] 2026-03-18T10:00:38+00:00 | no new closed trades
[LOOP] 2026-03-18T10:01:38+00:00 | no new closed trades
[LOOP] 2026-03-18T10:02:38+00:00 | no new closed trades
[LOOP] 2026-03-18T10:03:38+00:00 | no new closed trades
[LOOP] 2026-03-18T10:04:38+00:00 | no new closed trades
[LOOP] 2026-03-18T10:05:38+00:00 | no new closed trades
[LOOP] 2026-03-18T10:06:38+00:00 | no new closed trades
[LOOP] 2026-03-18T10:07:38+00:00 | no new closed trades
[LOOP] 2026-03-18T10:08:38+00:00 | no new closed trades
[LOOP] 2026-03-18T10:09:38+00:00 | no new closed trades
[LOOP] 2026-03-18T10:10:38+00:00 | no new closed trades
[LOOP] 2026-03-18T10:11:38+00:00 | no new closed trades
[LOOP] 2026-03-18T10:12:38+00:00 | no new closed trades
[LOOP] 2026-03-18T10:13:38+00:00 | no new closed trades
[LOOP] 2026-03-18T10:14:38+00:00 | no new closed trades
[LOOP] 2026-03-18T10:15:38+00:00 | no new closed trades
[LOOP] 2026-03-18T10:16:38+00:00 | no new closed trades
[LOOP] 2026-03-18T10:17:38+00:00 | no new closed trades
[LOOP] 2026-03-18T10:18:38+00:00 | no new closed trades
[LOOP] 2026-03-18T10:19:38+00:00 | no new closed trades
[LOOP] 2026-03-18T10:20:38+00:00 | no new closed trades
[LOOP] 2026-03-18T10:21:38+00:00 | no new closed trades
[LOOP] 2026-03-18T10:22:38+00:00 | no new closed trades
[LOOP] 2026-03-18T10:23:38+00:00 | no new closed trades
[LOOP] 2026-03-18T10:24:38+00:00 | no new closed trades
[LOOP] 2026-03-18T10:25:38+00:00 | no new closed trades
[LOOP] 2026-03-18T10:26:38+00:00 | no new closed trades
[LOOP] 2026-03-18T10:27:38+00:00 | no new closed trades
[LOOP] 2026-03-18T10:28:38+00:00 | no new closed trades
[LOOP] 2026-03-18T10:29:38+00:00 | no new closed trades
[LOOP] 2026-03-18T10:30:38+00:00 | no new closed trades
[LOOP] 2026-03-18T10:31:38+00:00 | no new closed trades
[LOOP] 2026-03-18T10:32:38+00:00 | no new closed trades
[LOOP] 2026-03-18T10:33:38+00:00 | no new closed trades
[LOOP] 2026-03-18T10:34:38+00:00 | no new closed trades
[LOOP] 2026-03-18T10:35:38+00:00 | no new closed trades
[LOOP] 2026-03-18T10:36:38+00:00 | no new closed trades
[LOOP] 2026-03-18T10:37:38+00:00 | no new closed trades
[LOOP] 2026-03-18T10:38:38+00:00 | no new closed trades
[LOOP] 2026-03-18T10:39:38+00:00 | no new closed trades
[LOOP] 2026-03-18T10:40:38+00:00 | no new closed trades
[LOOP] 2026-03-18T10:41:38+00:00 | no new closed trades
[LOOP] 2026-03-18T10:42:38+00:00 | no new closed trades
[LOOP] 2026-03-18T10:43:38+00:00 | no new closed trades
[LOOP] 2026-03-18T10:44:38+00:00 | no new closed trades
[LOOP] 2026-03-18T10:45:38+00:00 | no new closed trades
[LOOP] 2026-03-18T10:46:38+00:00 | no new closed trades
[LOOP] 2026-03-18T10:47:38+00:00 | no new closed trades
[LOOP] 2026-03-18T10:48:38+00:00 | no new closed trades
[LOOP] 2026-03-18T10:49:38+00:00 | no new closed trades
[LOOP] 2026-03-18T10:50:38+00:00 | no new closed trades
[LOOP] 2026-03-18T10:51:38+00:00 | no new closed trades
[LOOP] 2026-03-18T10:52:38+00:00 | no new closed trades
[LOOP] 2026-03-18T10:53:38+00:00 | no new closed trades
[LOOP] 2026-03-18T10:54:38+00:00 | no new closed trades
[LOOP] 2026-03-18T10:55:38+00:00 | no new closed trades
[LOOP] 2026-03-18T10:56:38+00:00 | no new closed trades
[LOOP] 2026-03-18T10:57:38+00:00 | no new closed trades
[LOOP] 2026-03-18T10:58:38+00:00 | no new closed trades
[LOOP] 2026-03-18T10:59:38+00:00 | no new closed trades
[LOOP] 2026-03-18T11:00:38+00:00 | no new closed trades
[LOOP] 2026-03-18T11:01:38+00:00 | no new closed trades
[LOOP] 2026-03-18T11:02:38+00:00 | no new closed trades
[LOOP] 2026-03-18T11:03:38+00:00 | no new closed trades
[LOOP] 2026-03-18T11:04:38+00:00 | no new closed trades
[LOOP] 2026-03-18T11:05:38+00:00 | no new closed trades
[LOOP] 2026-03-18T11:06:38+00:00 | no new closed trades
[LOOP] 2026-03-18T11:07:38+00:00 | no new closed trades
[LOOP] 2026-03-18T11:08:38+00:00 | no new closed trades
[LOOP] 2026-03-18T11:09:38+00:00 | no new closed trades
[LOOP] 2026-03-18T11:10:38+00:00 | no new closed trades
[LOOP] 2026-03-18T11:11:38+00:00 | no new closed trades
[LOOP] 2026-03-18T11:12:38+00:00 | no new closed trades
[LOOP] 2026-03-18T11:13:38+00:00 | no new closed trades
[LOOP] 2026-03-18T11:14:38+00:00 | no new closed trades
[LOOP] 2026-03-18T11:15:38+00:00 | no new closed trades
[LOOP] 2026-03-18T11:16:38+00:00 | no new closed trades
[LOOP] 2026-03-18T11:17:38+00:00 | no new closed trades
[LOOP] 2026-03-18T11:18:38+00:00 | no new closed trades
[LOOP] 2026-03-18T11:19:38+00:00 | no new closed trades
[LOOP] 2026-03-18T11:20:38+00:00 | no new closed trades
[LOOP] 2026-03-18T11:21:38+00:00 | no new closed trades
[LOOP] 2026-03-18T11:22:38+00:00 | no new closed trades
[LOOP] 2026-03-18T11:23:38+00:00 | no new closed trades
[LOOP] 2026-03-18T11:24:38+00:00 | no new closed trades
[LOOP] 2026-03-18T11:25:38+00:00 | no new closed trades
[LOOP] 2026-03-18T11:26:38+00:00 | no new closed trades
[LOOP] 2026-03-18T11:27:38+00:00 | no new closed trades
[LOOP] 2026-03-18T11:28:38+00:00 | no new closed trades
[LOOP] 2026-03-18T11:29:38+00:00 | no new closed trades
[LOOP] 2026-03-18T11:30:38+00:00 | no new closed trades
[LOOP] 2026-03-18T11:31:38+00:00 | no new closed trades
[LOOP] 2026-03-18T11:32:38+00:00 | no new closed trades
[LOOP] 2026-03-18T11:33:38+00:00 | no new closed trades
[LOOP] 2026-03-18T11:34:38+00:00 | no new closed trades
[LOOP] 2026-03-18T11:35:38+00:00 | no new closed trades
[LOOP] 2026-03-18T11:36:38+00:00 | no new closed trades
[LOOP] 2026-03-18T11:37:38+00:00 | no new closed trades
[LOOP] 2026-03-18T11:38:38+00:00 | no new closed trades
[LOOP] 2026-03-18T11:39:38+00:00 | no new closed trades
[LOOP] 2026-03-18T11:40:38+00:00 | no new closed trades
[LOOP] 2026-03-18T11:41:38+00:00 | no new closed trades
[LOOP] 2026-03-18T11:42:38+00:00 | no new closed trades
[LOOP] 2026-03-18T11:43:38+00:00 | no new closed trades
[LOOP] 2026-03-18T11:44:38+00:00 | no new closed trades
[LOOP] 2026-03-18T11:45:38+00:00 | no new closed trades
[LOOP] 2026-03-18T11:46:38+00:00 | no new closed trades
[LOOP] 2026-03-18T11:47:38+00:00 | no new closed trades
[LOOP] 2026-03-18T11:48:38+00:00 | no new closed trades
[LOOP] 2026-03-18T11:49:38+00:00 | no new closed trades
[LOOP] 2026-03-18T11:50:38+00:00 | no new closed trades
[LOOP] 2026-03-18T11:51:38+00:00 | no new closed trades
[LOOP] 2026-03-18T11:52:38+00:00 | no new closed trades
[LOOP] 2026-03-18T11:53:38+00:00 | no new closed trades
[LOOP] 2026-03-18T11:54:38+00:00 | no new closed trades
[LOOP] 2026-03-18T11:55:38+00:00 | no new closed trades
[LOOP] 2026-03-18T11:56:38+00:00 | no new closed trades
[LOOP] 2026-03-18T11:57:38+00:00 | no new closed trades
[LOOP] 2026-03-18T11:58:38+00:00 | no new closed trades
[LOOP] 2026-03-18T11:59:38+00:00 | no new closed trades
[LOOP] 2026-03-18T12:00:38+00:00 | no new closed trades
[LOOP] 2026-03-18T12:01:38+00:00 | no new closed trades
[LOOP] 2026-03-18T12:02:38+00:00 | no new closed trades
[LOOP] 2026-03-18T12:03:38+00:00 | no new closed trades
[LOOP] 2026-03-18T12:04:38+00:00 | no new closed trades
[LOOP] 2026-03-18T12:05:38+00:00 | no new closed trades
[LOOP] 2026-03-18T12:06:38+00:00 | no new closed trades
[LOOP] 2026-03-18T12:07:38+00:00 | no new closed trades
[LOOP] 2026-03-18T12:08:38+00:00 | no new closed trades
[LOOP] 2026-03-18T12:09:38+00:00 | no new closed trades
[LOOP] 2026-03-18T12:10:38+00:00 | no new closed trades
[LOOP] 2026-03-18T12:11:38+00:00 | no new closed trades
[LOOP] 2026-03-18T12:12:38+00:00 | no new closed trades
[LOOP] 2026-03-18T12:13:38+00:00 | no new closed trades
[LOOP] 2026-03-18T12:14:38+00:00 | no new closed trades
[LOOP] 2026-03-18T12:15:38+00:00 | no new closed trades
[LOOP] 2026-03-18T12:16:38+00:00 | no new closed trades
[LOOP] 2026-03-18T12:17:38+00:00 | no new closed trades
[LOOP] 2026-03-18T12:18:38+00:00 | no new closed trades
[LOOP] 2026-03-18T12:19:38+00:00 | no new closed trades
[LOOP] 2026-03-18T12:20:38+00:00 | no new closed trades
[LOOP] 2026-03-18T12:21:38+00:00 | no new closed trades
[LOOP] 2026-03-18T12:22:38+00:00 | no new closed trades
[LOOP] 2026-03-18T12:23:38+00:00 | no new closed trades
[LOOP] 2026-03-18T12:24:38+00:00 | no new closed trades
[LOOP] 2026-03-18T12:25:38+00:00 | no new closed trades
[LOOP] 2026-03-18T12:26:38+00:00 | no new closed trades
[LOOP] 2026-03-18T12:27:38+00:00 | no new closed trades
[LOOP] 2026-03-18T12:28:38+00:00 | no new closed trades
[LOOP] 2026-03-18T12:29:38+00:00 | no new closed trades
[LOOP] 2026-03-18T12:30:38+00:00 | no new closed trades
[LOOP] 2026-03-18T12:31:38+00:00 | no new closed trades
[LOOP] 2026-03-18T12:32:38+00:00 | no new closed trades
[LOOP] 2026-03-18T12:33:38+00:00 | no new closed trades
[LOOP] 2026-03-18T12:34:38+00:00 | no new closed trades
[LOOP] 2026-03-18T12:35:38+00:00 | no new closed trades
[LOOP] 2026-03-18T12:36:38+00:00 | no new closed trades
[LOOP] 2026-03-18T12:37:38+00:00 | no new closed trades
[LOOP] 2026-03-18T12:38:38+00:00 | no new closed trades
[LOOP] 2026-03-18T12:39:38+00:00 | no new closed trades
[LOOP] 2026-03-18T12:40:38+00:00 | no new closed trades
[LOOP] 2026-03-18T12:41:38+00:00 | no new closed trades
[LOOP] 2026-03-18T12:42:38+00:00 | no new closed trades
[LOOP] 2026-03-18T12:43:38+00:00 | no new closed trades
[LOOP] 2026-03-18T12:44:38+00:00 | no new closed trades
[LOOP] 2026-03-18T12:45:38+00:00 | no new closed trades
[LOOP] 2026-03-18T12:46:38+00:00 | no new closed trades
[LOOP] 2026-03-18T12:47:38+00:00 | no new closed trades
[LOOP] 2026-03-18T12:48:38+00:00 | no new closed trades
[LOOP] 2026-03-18T12:49:38+00:00 | no new closed trades
[LOOP] 2026-03-18T12:50:38+00:00 | no new closed trades
[LOOP] 2026-03-18T12:51:38+00:00 | no new closed trades
[LOOP] 2026-03-18T12:52:38+00:00 | no new closed trades
[LOOP] 2026-03-18T12:53:38+00:00 | no new closed trades
[LOOP] 2026-03-18T12:54:38+00:00 | no new closed trades
[LOOP] 2026-03-18T12:55:38+00:00 | no new closed trades
[LOOP] 2026-03-18T12:56:38+00:00 | no new closed trades
[LOOP] 2026-03-18T12:57:38+00:00 | no new closed trades
[LOOP] 2026-03-18T12:58:38+00:00 | no new closed trades
[LOOP] 2026-03-18T12:59:38+00:00 | no new closed trades
[LOOP] 2026-03-18T13:00:38+00:00 | no new closed trades
[LOOP] 2026-03-18T13:01:38+00:00 | no new closed trades
[LOOP] 2026-03-18T13:02:38+00:00 | no new closed trades
[LOOP] 2026-03-18T13:03:38+00:00 | no new closed trades
[LOOP] 2026-03-18T13:04:38+00:00 | no new closed trades
[LOOP] 2026-03-18T13:05:38+00:00 | no new closed trades
[LOOP] 2026-03-18T13:06:38+00:00 | no new closed trades
[LOOP] 2026-03-18T13:07:38+00:00 | no new closed trades
[LOOP] 2026-03-18T13:08:38+00:00 | no new closed trades
[LOOP] 2026-03-18T13:09:38+00:00 | no new closed trades
[LOOP] 2026-03-18T13:10:38+00:00 | no new closed trades
[LOOP] 2026-03-18T13:11:38+00:00 | no new closed trades
[LOOP] 2026-03-18T13:12:38+00:00 | no new closed trades
[LOOP] 2026-03-18T13:13:38+00:00 | no new closed trades
[LOOP] 2026-03-18T13:14:38+00:00 | no new closed trades
[LOOP] 2026-03-18T13:15:38+00:00 | no new closed trades
[LOOP] 2026-03-18T13:16:38+00:00 | no new closed trades
[LOOP] 2026-03-18T13:17:38+00:00 | no new closed trades
[LOOP] 2026-03-18T13:18:38+00:00 | no new closed trades
[LOOP] 2026-03-18T13:19:38+00:00 | no new closed trades
[LOOP] 2026-03-18T13:20:38+00:00 | no new closed trades
[LOOP] 2026-03-18T13:21:38+00:00 | no new closed trades
[LOOP] 2026-03-18T13:22:38+00:00 | no new closed trades
[LOOP] 2026-03-18T13:23:38+00:00 | no new closed trades
[LOOP] 2026-03-18T13:24:39+00:00 | no new closed trades
[LOOP] 2026-03-18T13:25:39+00:00 | no new closed trades
[LOOP] 2026-03-18T13:26:39+00:00 | no new closed trades
[LOOP] 2026-03-18T13:27:39+00:00 | no new closed trades
[LOOP] 2026-03-18T13:28:39+00:00 | no new closed trades
[LOOP] 2026-03-18T13:29:39+00:00 | no new closed trades
[LOOP] 2026-03-18T13:30:39+00:00 | no new closed trades
[LOOP] 2026-03-18T13:31:39+00:00 | no new closed trades
[LOOP] 2026-03-18T13:32:39+00:00 | no new closed trades
[LOOP] 2026-03-18T13:33:39+00:00 | no new closed trades
[LOOP] 2026-03-18T13:34:39+00:00 | no new closed trades
[LOOP] 2026-03-18T13:35:39+00:00 | no new closed trades
[LOOP] 2026-03-18T13:36:39+00:00 | no new closed trades
[LOOP] 2026-03-18T13:37:39+00:00 | no new closed trades
[LOOP] 2026-03-18T13:38:39+00:00 | no new closed trades
[LOOP] 2026-03-18T13:39:39+00:00 | no new closed trades
[LOOP] 2026-03-18T13:40:39+00:00 | no new closed trades
[LOOP] 2026-03-18T13:41:39+00:00 | no new closed trades
[LOOP] 2026-03-18T13:42:39+00:00 | no new closed trades
[LOOP] 2026-03-18T13:43:39+00:00 | no new closed trades
[LOOP] 2026-03-18T13:44:39+00:00 | no new closed trades
[LOOP] 2026-03-18T13:45:39+00:00 | no new closed trades
[LOOP] 2026-03-18T13:46:39+00:00 | no new closed trades
[LOOP] 2026-03-18T13:47:39+00:00 | no new closed trades
[LOOP] 2026-03-18T13:48:39+00:00 | no new closed trades
[LOOP] 2026-03-18T13:49:39+00:00 | no new closed trades
[LOOP] 2026-03-18T13:50:39+00:00 | no new closed trades
[LOOP] 2026-03-18T13:51:39+00:00 | no new closed trades
[LOOP] 2026-03-18T13:52:39+00:00 | no new closed trades
[LOOP] 2026-03-18T13:53:39+00:00 | no new closed trades
[LOOP] 2026-03-18T13:54:39+00:00 | no new closed trades
[LOOP] 2026-03-18T13:55:39+00:00 | no new closed trades
[LOOP] 2026-03-18T13:56:39+00:00 | no new closed trades
[LOOP] 2026-03-18T13:57:39+00:00 | no new closed trades
[LOOP] 2026-03-18T13:58:39+00:00 | no new closed trades
[LOOP] 2026-03-18T13:59:39+00:00 | no new closed trades
[LOOP] 2026-03-18T14:00:39+00:00 | no new closed trades
[LOOP] 2026-03-18T14:01:39+00:00 | no new closed trades
[LOOP] 2026-03-18T14:02:39+00:00 | no new closed trades
[LOOP] 2026-03-18T14:03:39+00:00 | no new closed trades
[LOOP] 2026-03-18T14:04:39+00:00 | no new closed trades
[LOOP] 2026-03-18T14:05:39+00:00 | no new closed trades
[LOOP] 2026-03-18T14:06:39+00:00 | no new closed trades
[LOOP] 2026-03-18T14:07:39+00:00 | no new closed trades
[LOOP] 2026-03-18T14:08:39+00:00 | no new closed trades
[LOOP] 2026-03-18T14:09:39+00:00 | no new closed trades
[LOOP] 2026-03-18T14:10:39+00:00 | no new closed trades
[LOOP] 2026-03-18T14:11:39+00:00 | no new closed trades
[LOOP] 2026-03-18T14:12:39+00:00 | no new closed trades
[LOOP] 2026-03-18T14:13:39+00:00 | no new closed trades
[LOOP] 2026-03-18T14:14:39+00:00 | no new closed trades
[LOOP] 2026-03-18T14:15:39+00:00 | no new closed trades
[LOOP] 2026-03-18T14:16:39+00:00 | no new closed trades
[LOOP] 2026-03-18T14:17:39+00:00 | no new closed trades
[LOOP] 2026-03-18T14:18:39+00:00 | no new closed trades
[LOOP] 2026-03-18T14:19:39+00:00 | no new closed trades
[LOOP] 2026-03-18T14:20:39+00:00 | no new closed trades
[LOOP] 2026-03-18T14:21:39+00:00 | no new closed trades
[LOOP] 2026-03-18T14:22:39+00:00 | no new closed trades
[LOOP] 2026-03-18T14:23:39+00:00 | no new closed trades
[LOOP] 2026-03-18T14:24:39+00:00 | no new closed trades
[LOOP] 2026-03-18T14:25:39+00:00 | no new closed trades
[LOOP] 2026-03-18T14:26:39+00:00 | no new closed trades
[LOOP] 2026-03-18T14:27:39+00:00 | no new closed trades
[LOOP] 2026-03-18T14:28:39+00:00 | no new closed trades
[LOOP] 2026-03-18T14:29:39+00:00 | no new closed trades
[LOOP] 2026-03-18T14:30:39+00:00 | no new closed trades
[LOOP] 2026-03-18T14:31:39+00:00 | no new closed trades
[LOOP] 2026-03-18T14:32:39+00:00 | no new closed trades
[LOOP] 2026-03-18T14:33:39+00:00 | no new closed trades
[LOOP] 2026-03-18T14:34:39+00:00 | no new closed trades
[LOOP] 2026-03-18T14:35:39+00:00 | no new closed trades
[LOOP] 2026-03-18T14:36:39+00:00 | no new closed trades
[LOOP] 2026-03-18T14:37:39+00:00 | no new closed trades
[LOOP] 2026-03-18T14:38:39+00:00 | no new closed trades
[LOOP] 2026-03-18T14:39:39+00:00 | no new closed trades
[LOOP] 2026-03-18T14:40:39+00:00 | no new closed trades
[LOOP] 2026-03-18T14:41:39+00:00 | no new closed trades
[LOOP] 2026-03-18T14:42:39+00:00 | no new closed trades
[LOOP] 2026-03-18T14:43:39+00:00 | no new closed trades
[LOOP] 2026-03-18T14:44:39+00:00 | no new closed trades
[LOOP] 2026-03-18T14:45:39+00:00 | no new closed trades
[LOOP] 2026-03-18T14:46:39+00:00 | no new closed trades
[LOOP] 2026-03-18T14:47:39+00:00 | no new closed trades
[LOOP] 2026-03-18T14:48:39+00:00 | no new closed trades
[LOOP] 2026-03-18T14:49:39+00:00 | no new closed trades
[LOOP] 2026-03-18T14:50:39+00:00 | no new closed trades
[LOOP] 2026-03-18T14:51:39+00:00 | no new closed trades
[LOOP] 2026-03-18T14:52:39+00:00 | no new closed trades
[LOOP] 2026-03-18T14:53:39+00:00 | no new closed trades
[LOOP] 2026-03-18T14:54:39+00:00 | no new closed trades
[LOOP] 2026-03-18T14:55:39+00:00 | no new closed trades
[LOOP] 2026-03-18T14:56:39+00:00 | no new closed trades
[LOOP] 2026-03-18T14:57:39+00:00 | no new closed trades
[LOOP] 2026-03-18T14:58:39+00:00 | no new closed trades
[LOOP] 2026-03-18T14:59:39+00:00 | no new closed trades
[LOOP] 2026-03-18T15:00:39+00:00 | no new closed trades
[LOOP] 2026-03-18T15:01:39+00:00 | no new closed trades
[LOOP] 2026-03-18T15:02:39+00:00 | no new closed trades
[LOOP] 2026-03-18T15:03:39+00:00 | no new closed trades
[LOOP] 2026-03-18T15:04:39+00:00 | no new closed trades
[LOOP] 2026-03-18T15:05:39+00:00 | no new closed trades
[LOOP] 2026-03-18T15:06:39+00:00 | no new closed trades
[LOOP] 2026-03-18T15:07:39+00:00 | no new closed trades
[LOOP] 2026-03-18T15:08:39+00:00 | no new closed trades
[LOOP] 2026-03-18T15:09:39+00:00 | no new closed trades
[LOOP] 2026-03-18T15:10:39+00:00 | no new closed trades
[LOOP] 2026-03-18T15:11:39+00:00 | no new closed trades
[LOOP] 2026-03-18T15:12:39+00:00 | no new closed trades
[LOOP] 2026-03-18T15:13:39+00:00 | no new closed trades
[LOOP] 2026-03-18T15:14:39+00:00 | no new closed trades
[LOOP] 2026-03-18T15:15:39+00:00 | no new closed trades
[LOOP] 2026-03-18T15:16:39+00:00 | no new closed trades
[LOOP] 2026-03-18T15:17:39+00:00 | no new closed trades
[LOOP] 2026-03-18T15:18:39+00:00 | no new closed trades
[LOOP] 2026-03-18T15:19:39+00:00 | no new closed trades
[LOOP] 2026-03-18T15:20:39+00:00 | no new closed trades
[LOOP] 2026-03-18T15:21:39+00:00 | no new closed trades
[LOOP] 2026-03-18T15:22:39+00:00 | no new closed trades
[LOOP] 2026-03-18T15:23:39+00:00 | no new closed trades
[LOOP] 2026-03-18T15:24:39+00:00 | no new closed trades
[LOOP] 2026-03-18T15:25:39+00:00 | no new closed trades
[LOOP] 2026-03-18T15:26:39+00:00 | no new closed trades
[LOOP] 2026-03-18T15:27:39+00:00 | no new closed trades
[LOOP] 2026-03-18T15:28:39+00:00 | no new closed trades
[LOOP] 2026-03-18T15:29:39+00:00 | no new closed trades
[LOOP] 2026-03-18T15:30:39+00:00 | no new closed trades
[LOOP] 2026-03-18T15:31:39+00:00 | no new closed trades
[LOOP] 2026-03-18T15:32:39+00:00 | no new closed trades
[LOOP] 2026-03-18T15:33:39+00:00 | no new closed trades
[LOOP] 2026-03-18T15:34:39+00:00 | no new closed trades
[LOOP] 2026-03-18T15:35:39+00:00 | no new closed trades
[LOOP] 2026-03-18T15:36:39+00:00 | no new closed trades
[LOOP] 2026-03-18T15:37:39+00:00 | no new closed trades
[LOOP] 2026-03-18T15:38:39+00:00 | no new closed trades
[LOOP] 2026-03-18T15:39:39+00:00 | no new closed trades
[LOOP] 2026-03-18T15:40:39+00:00 | no new closed trades
[LOOP] 2026-03-18T15:41:39+00:00 | no new closed trades
[LOOP] 2026-03-18T15:42:39+00:00 | no new closed trades
[LOOP] 2026-03-18T15:43:39+00:00 | no new closed trades
[LOOP] 2026-03-18T15:44:39+00:00 | no new closed trades
[LOOP] 2026-03-18T15:45:39+00:00 | no new closed trades
[LOOP] 2026-03-18T15:46:39+00:00 | no new closed trades
[LOOP] 2026-03-18T15:47:39+00:00 | no new closed trades
[LOOP] 2026-03-18T15:48:39+00:00 | no new closed trades
[LOOP] 2026-03-18T15:49:39+00:00 | no new closed trades
[LOOP] 2026-03-18T15:50:39+00:00 | no new closed trades
[LOOP] 2026-03-18T15:51:39+00:00 | no new closed trades
[LOOP] 2026-03-18T15:52:39+00:00 | no new closed trades
[LOOP] 2026-03-18T15:53:39+00:00 | no new closed trades
[LOOP] 2026-03-18T15:54:39+00:00 | no new closed trades
[LOOP] 2026-03-18T15:55:39+00:00 | no new closed trades
[LOOP] 2026-03-18T15:56:39+00:00 | no new closed trades
[LOOP] 2026-03-18T15:57:39+00:00 | no new closed trades
[LOOP] 2026-03-18T15:58:39+00:00 | no new closed trades
[LOOP] 2026-03-18T15:59:39+00:00 | no new closed trades
[LOOP] 2026-03-18T16:00:39+00:00 | no new closed trades
[LOOP] 2026-03-18T16:01:39+00:00 | no new closed trades
[LOOP] 2026-03-18T16:02:39+00:00 | no new closed trades
[LOOP] 2026-03-18T16:03:39+00:00 | no new closed trades
[LOOP] 2026-03-18T16:04:39+00:00 | no new closed trades
[LOOP] 2026-03-18T16:05:39+00:00 | no new closed trades
[LOOP] 2026-03-18T16:06:39+00:00 | no new closed trades
[LOOP] 2026-03-18T16:07:39+00:00 | no new closed trades
[LOOP] 2026-03-18T16:08:39+00:00 | no new closed trades
[LOOP] 2026-03-18T16:09:39+00:00 | no new closed trades
[LOOP] 2026-03-18T16:10:39+00:00 | no new closed trades
[LOOP] 2026-03-18T16:11:39+00:00 | no new closed trades
[LOOP] 2026-03-18T16:12:39+00:00 | no new closed trades
[LOOP] 2026-03-18T16:13:39+00:00 | no new closed trades
[LOOP] 2026-03-18T16:14:39+00:00 | no new closed trades
[LOOP] 2026-03-18T16:15:39+00:00 | no new closed trades
[LOOP] 2026-03-18T16:16:39+00:00 | no new closed trades
[LOOP] 2026-03-18T16:17:39+00:00 | no new closed trades
[LOOP] 2026-03-18T16:18:39+00:00 | no new closed trades
[LOOP] 2026-03-18T16:19:39+00:00 | no new closed trades
[LOOP] 2026-03-18T16:20:39+00:00 | no new closed trades
[LOOP] 2026-03-18T16:21:39+00:00 | no new closed trades
[LOOP] 2026-03-18T16:22:39+00:00 | no new closed trades
[LOOP] 2026-03-18T16:23:39+00:00 | no new closed trades
[LOOP] 2026-03-18T16:24:39+00:00 | no new closed trades
[LOOP] 2026-03-18T16:25:39+00:00 | no new closed trades
[LOOP] 2026-03-18T16:26:39+00:00 | no new closed trades
[LOOP] 2026-03-18T16:27:39+00:00 | no new closed trades
[LOOP] 2026-03-18T16:28:39+00:00 | no new closed trades
[LOOP] 2026-03-18T16:29:39+00:00 | no new closed trades
[LOOP] 2026-03-18T16:30:39+00:00 | no new closed trades
[LOOP] 2026-03-18T16:31:39+00:00 | no new closed trades
[LOOP] 2026-03-18T16:32:39+00:00 | no new closed trades
[LOOP] 2026-03-18T16:33:39+00:00 | no new closed trades
[LOOP] 2026-03-18T16:34:39+00:00 | no new closed trades
[LOOP] 2026-03-18T16:35:39+00:00 | no new closed trades
[LOOP] 2026-03-18T16:36:39+00:00 | no new closed trades
[LOOP] 2026-03-18T16:37:39+00:00 | no new closed trades
[LOOP] 2026-03-18T16:38:39+00:00 | no new closed trades
[LOOP] 2026-03-18T16:39:39+00:00 | no new closed trades
[LOOP] 2026-03-18T16:40:39+00:00 | no new closed trades
[LOOP] 2026-03-18T16:41:39+00:00 | no new closed trades
[LOOP] 2026-03-18T16:42:39+00:00 | no new closed trades
[LOOP] 2026-03-18T16:43:39+00:00 | no new closed trades
[LOOP] 2026-03-18T16:44:39+00:00 | no new closed trades
[LOOP] 2026-03-18T16:45:39+00:00 | no new closed trades
[LOOP] 2026-03-18T16:46:39+00:00 | no new closed trades
[LOOP] 2026-03-18T16:47:39+00:00 | no new closed trades
[LOOP] 2026-03-18T16:48:39+00:00 | no new closed trades
[LOOP] 2026-03-18T16:49:39+00:00 | no new closed trades
[LOOP] 2026-03-18T16:50:39+00:00 | no new closed trades
[LOOP] 2026-03-18T16:51:39+00:00 | no new closed trades
[LOOP] 2026-03-18T16:52:39+00:00 | no new closed trades
[LOOP] 2026-03-18T16:53:39+00:00 | no new closed trades
[LOOP] 2026-03-18T16:54:39+00:00 | no new closed trades
[LOOP] 2026-03-18T16:55:39+00:00 | no new closed trades
[LOOP] 2026-03-18T16:56:39+00:00 | no new closed trades
[LOOP] 2026-03-18T16:57:39+00:00 | no new closed trades
[LOOP] 2026-03-18T16:58:39+00:00 | no new closed trades
[LOOP] 2026-03-18T16:59:39+00:00 | no new closed trades
[LOOP] 2026-03-18T17:00:39+00:00 | no new closed trades
[LOOP] 2026-03-18T17:01:39+00:00 | no new closed trades
[LOOP] 2026-03-18T17:02:39+00:00 | no new closed trades
[LOOP] 2026-03-18T17:03:39+00:00 | no new closed trades
[LOOP] 2026-03-18T17:04:39+00:00 | no new closed trades
[LOOP] 2026-03-18T17:05:39+00:00 | no new closed trades
[LOOP] 2026-03-18T17:06:39+00:00 | no new closed trades
[LOOP] 2026-03-18T17:07:39+00:00 | no new closed trades
[LOOP] 2026-03-18T17:08:39+00:00 | no new closed trades
[LOOP] 2026-03-18T17:09:39+00:00 | no new closed trades
[LOOP] 2026-03-18T17:10:39+00:00 | no new closed trades
[LOOP] 2026-03-18T17:11:39+00:00 | no new closed trades
[LOOP] 2026-03-18T17:12:39+00:00 | no new closed trades
[LOOP] 2026-03-18T17:13:39+00:00 | no new closed trades
[LOOP] 2026-03-18T17:14:39+00:00 | no new closed trades
[LOOP] 2026-03-18T17:15:39+00:00 | no new closed trades
[LOOP] 2026-03-18T17:16:39+00:00 | no new closed trades
[LOOP] 2026-03-18T17:17:39+00:00 | no new closed trades
[LOOP] 2026-03-18T17:18:39+00:00 | no new closed trades
[LOOP] 2026-03-18T17:19:39+00:00 | no new closed trades
[LOOP] 2026-03-18T17:20:39+00:00 | no new closed trades
[LOOP] 2026-03-18T17:21:39+00:00 | no new closed trades
[LOOP] 2026-03-18T17:22:39+00:00 | no new closed trades
[LOOP] 2026-03-18T17:23:39+00:00 | no new closed trades
[LOOP] 2026-03-18T17:24:39+00:00 | no new closed trades
[LOOP] 2026-03-18T17:25:37+00:00 | no new closed trades
[LOOP] 2026-03-18T17:26:37+00:00 | no new closed trades
[LOOP] 2026-03-18T17:27:37+00:00 | no new closed trades
[LOOP] 2026-03-18T17:28:37+00:00 | no new closed trades
[LOOP] 2026-03-18T17:29:37+00:00 | no new closed trades
[LOOP] 2026-03-18T17:30:37+00:00 | no new closed trades
[LOOP] 2026-03-18T17:31:37+00:00 | no new closed trades
[LOOP] 2026-03-18T17:32:37+00:00 | no new closed trades
[LOOP] 2026-03-18T17:33:37+00:00 | no new closed trades
[LOOP] 2026-03-18T17:34:37+00:00 | no new closed trades
[LOOP] 2026-03-18T17:35:37+00:00 | no new closed trades
[LOOP] 2026-03-18T17:36:37+00:00 | no new closed trades
[LOOP] 2026-03-18T17:37:37+00:00 | no new closed trades
[LOOP] 2026-03-18T17:38:37+00:00 | no new closed trades
[LOOP] 2026-03-18T17:39:37+00:00 | no new closed trades
[LOOP] 2026-03-18T17:40:37+00:00 | no new closed trades
[LOOP] 2026-03-18T17:41:37+00:00 | no new closed trades
[LOOP] 2026-03-18T17:42:37+00:00 | no new closed trades
[LOOP] 2026-03-18T17:43:37+00:00 | no new closed trades
[LOOP] 2026-03-18T17:44:37+00:00 | no new closed trades
[LOOP] 2026-03-18T17:45:37+00:00 | no new closed trades
[LOOP] 2026-03-18T17:46:37+00:00 | no new closed trades
[LOOP] 2026-03-18T17:47:37+00:00 | no new closed trades
[LOOP] 2026-03-18T17:48:37+00:00 | no new closed trades
[LOOP] 2026-03-18T17:49:37+00:00 | no new closed trades
[LOOP] 2026-03-18T17:50:37+00:00 | no new closed trades
[LOOP] 2026-03-18T17:51:37+00:00 | no new closed trades
[LOOP] 2026-03-18T17:52:37+00:00 | no new closed trades
[LOOP] 2026-03-18T17:53:37+00:00 | no new closed trades
[LOOP] 2026-03-18T17:54:37+00:00 | no new closed trades
[LOOP] 2026-03-18T17:55:37+00:00 | no new closed trades
[LOOP] 2026-03-18T17:56:37+00:00 | no new closed trades
[LOOP] 2026-03-18T17:57:37+00:00 | no new closed trades
[LOOP] 2026-03-18T17:58:37+00:00 | no new closed trades
[LOOP] 2026-03-18T17:59:37+00:00 | no new closed trades
[LOOP] 2026-03-18T18:00:37+00:00 | no new closed trades
[LOOP] 2026-03-18T18:01:37+00:00 | no new closed trades
[LOOP] 2026-03-18T18:02:37+00:00 | no new closed trades
[LOOP] 2026-03-18T18:03:37+00:00 | no new closed trades
[LOOP] 2026-03-18T18:04:37+00:00 | no new closed trades
[LOOP] 2026-03-18T18:05:37+00:00 | no new closed trades
[LOOP] 2026-03-18T18:06:37+00:00 | no new closed trades
