[INFO] running combiner loop every 60s
================================================================================
[INFO] Trades Combiner started at 2026-03-22T12:03:12+00:00
[INFO] BACKTEST_ROOT = C:\Users\Leon\Desktop\Business_Code\Quant_Structure\FTMO\1.Data_Center\Data\Strategy_Data\IS_OOS_Backtest_Trades_Data
[INFO] LIVE_ROOT     = C:\Users\Leon\Desktop\Business_Code\Quant_Structure\FTMO\1.Data_Center\Data\Strategy_Data\Live_Trades_Data\Strategy_Live_Performance
[INFO] OUTPUT_ROOT   = C:\Users\Leon\Desktop\Business_Code\Quant_Structure\FTMO\1.Data_Center\Data\Strategy_Data\Combined_Trades_Data\by_account
--------------------------------------------------------------------------------
BACKTEST TOTAL : 31039
  BACKTEST_IS  : 19775
  BACKTEST_OOS : 11264
LIVE TOTAL     : 1362
ACCOUNTS       : 6
OUTPUT ROOT    : C:\Users\Leon\Desktop\Business_Code\Quant_Structure\FTMO\1.Data_Center\Data\Strategy_Data\Combined_Trades_Data\by_account
--------------------------------------------------------------------------------
================================================================================
[INFO] Trades Combiner started at 2026-03-22T12:04:21+00:00
[INFO] BACKTEST_ROOT = C:\Users\Leon\Desktop\Business_Code\Quant_Structure\FTMO\1.Data_Center\Data\Strategy_Data\IS_OOS_Backtest_Trades_Data
[INFO] LIVE_ROOT     = C:\Users\Leon\Desktop\Business_Code\Quant_Structure\FTMO\1.Data_Center\Data\Strategy_Data\Live_Trades_Data\Strategy_Live_Performance
[INFO] OUTPUT_ROOT   = C:\Users\Leon\Desktop\Business_Code\Quant_Structure\FTMO\1.Data_Center\Data\Strategy_Data\Combined_Trades_Data\by_account
--------------------------------------------------------------------------------
BACKTEST TOTAL : 31039
  BACKTEST_IS  : 19775
  BACKTEST_OOS : 11264
LIVE TOTAL     : 1378
ACCOUNTS       : 6
OUTPUT ROOT    : C:\Users\Leon\Desktop\Business_Code\Quant_Structure\FTMO\1.Data_Center\Data\Strategy_Data\Combined_Trades_Data\by_account
--------------------------------------------------------------------------------
================================================================================
[INFO] Trades Combiner started at 2026-03-22T12:05:28+00:00
[INFO] BACKTEST_ROOT = C:\Users\Leon\Desktop\Business_Code\Quant_Structure\FTMO\1.Data_Center\Data\Strategy_Data\IS_OOS_Backtest_Trades_Data
[INFO] LIVE_ROOT     = C:\Users\Leon\Desktop\Business_Code\Quant_Structure\FTMO\1.Data_Center\Data\Strategy_Data\Live_Trades_Data\Strategy_Live_Performance
[INFO] OUTPUT_ROOT   = C:\Users\Leon\Desktop\Business_Code\Quant_Structure\FTMO\1.Data_Center\Data\Strategy_Data\Combined_Trades_Data\by_account
--------------------------------------------------------------------------------
BACKTEST TOTAL : 31039
  BACKTEST_IS  : 19775
  BACKTEST_OOS : 11264
LIVE TOTAL     : 1378
ACCOUNTS       : 6
OUTPUT ROOT    : C:\Users\Leon\Desktop\Business_Code\Quant_Structure\FTMO\1.Data_Center\Data\Strategy_Data\Combined_Trades_Data\by_account
--------------------------------------------------------------------------------
================================================================================
[INFO] Trades Combiner started at 2026-03-22T12:06:35+00:00
[INFO] BACKTEST_ROOT = C:\Users\Leon\Desktop\Business_Code\Quant_Structure\FTMO\1.Data_Center\Data\Strategy_Data\IS_OOS_Backtest_Trades_Data
[INFO] LIVE_ROOT     = C:\Users\Leon\Desktop\Business_Code\Quant_Structure\FTMO\1.Data_Center\Data\Strategy_Data\Live_Trades_Data\Strategy_Live_Performance
[INFO] OUTPUT_ROOT   = C:\Users\Leon\Desktop\Business_Code\Quant_Structure\FTMO\1.Data_Center\Data\Strategy_Data\Combined_Trades_Data\by_account
--------------------------------------------------------------------------------
BACKTEST TOTAL : 31039
  BACKTEST_IS  : 19775
  BACKTEST_OOS : 11264
LIVE TOTAL     : 1378
ACCOUNTS       : 6
OUTPUT ROOT    : C:\Users\Leon\Desktop\Business_Code\Quant_Structure\FTMO\1.Data_Center\Data\Strategy_Data\Combined_Trades_Data\by_account
--------------------------------------------------------------------------------
================================================================================
[INFO] Trades Combiner started at 2026-03-22T12:07:42+00:00
[INFO] BACKTEST_ROOT = C:\Users\Leon\Desktop\Business_Code\Quant_Structure\FTMO\1.Data_Center\Data\Strategy_Data\IS_OOS_Backtest_Trades_Data
[INFO] LIVE_ROOT     = C:\Users\Leon\Desktop\Business_Code\Quant_Structure\FTMO\1.Data_Center\Data\Strategy_Data\Live_Trades_Data\Strategy_Live_Performance
[INFO] OUTPUT_ROOT   = C:\Users\Leon\Desktop\Business_Code\Quant_Structure\FTMO\1.Data_Center\Data\Strategy_Data\Combined_Trades_Data\by_account
--------------------------------------------------------------------------------
BACKTEST TOTAL : 31039
  BACKTEST_IS  : 19775
  BACKTEST_OOS : 11264
LIVE TOTAL     : 1378
ACCOUNTS       : 6
OUTPUT ROOT    : C:\Users\Leon\Desktop\Business_Code\Quant_Structure\FTMO\1.Data_Center\Data\Strategy_Data\Combined_Trades_Data\by_account
--------------------------------------------------------------------------------
================================================================================
[INFO] Trades Combiner started at 2026-03-22T12:08:48+00:00
[INFO] BACKTEST_ROOT = C:\Users\Leon\Desktop\Business_Code\Quant_Structure\FTMO\1.Data_Center\Data\Strategy_Data\IS_OOS_Backtest_Trades_Data
[INFO] LIVE_ROOT     = C:\Users\Leon\Desktop\Business_Code\Quant_Structure\FTMO\1.Data_Center\Data\Strategy_Data\Live_Trades_Data\Strategy_Live_Performance
[INFO] OUTPUT_ROOT   = C:\Users\Leon\Desktop\Business_Code\Quant_Structure\FTMO\1.Data_Center\Data\Strategy_Data\Combined_Trades_Data\by_account
--------------------------------------------------------------------------------
BACKTEST TOTAL : 31039
  BACKTEST_IS  : 19775
  BACKTEST_OOS : 11264
LIVE TOTAL     : 1378
ACCOUNTS       : 6
OUTPUT ROOT    : C:\Users\Leon\Desktop\Business_Code\Quant_Structure\FTMO\1.Data_Center\Data\Strategy_Data\Combined_Trades_Data\by_account
--------------------------------------------------------------------------------
================================================================================
[INFO] Trades Combiner started at 2026-03-22T12:09:54+00:00
[INFO] BACKTEST_ROOT = C:\Users\Leon\Desktop\Business_Code\Quant_Structure\FTMO\1.Data_Center\Data\Strategy_Data\IS_OOS_Backtest_Trades_Data
[INFO] LIVE_ROOT     = C:\Users\Leon\Desktop\Business_Code\Quant_Structure\FTMO\1.Data_Center\Data\Strategy_Data\Live_Trades_Data\Strategy_Live_Performance
[INFO] OUTPUT_ROOT   = C:\Users\Leon\Desktop\Business_Code\Quant_Structure\FTMO\1.Data_Center\Data\Strategy_Data\Combined_Trades_Data\by_account
--------------------------------------------------------------------------------
BACKTEST TOTAL : 31039
  BACKTEST_IS  : 19775
  BACKTEST_OOS : 11264
LIVE TOTAL     : 1378
ACCOUNTS       : 6
OUTPUT ROOT    : C:\Users\Leon\Desktop\Business_Code\Quant_Structure\FTMO\1.Data_Center\Data\Strategy_Data\Combined_Trades_Data\by_account
--------------------------------------------------------------------------------
================================================================================
[INFO] Trades Combiner started at 2026-03-22T12:11:00+00:00
[INFO] BACKTEST_ROOT = C:\Users\Leon\Desktop\Business_Code\Quant_Structure\FTMO\1.Data_Center\Data\Strategy_Data\IS_OOS_Backtest_Trades_Data
[INFO] LIVE_ROOT     = C:\Users\Leon\Desktop\Business_Code\Quant_Structure\FTMO\1.Data_Center\Data\Strategy_Data\Live_Trades_Data\Strategy_Live_Performance
[INFO] OUTPUT_ROOT   = C:\Users\Leon\Desktop\Business_Code\Quant_Structure\FTMO\1.Data_Center\Data\Strategy_Data\Combined_Trades_Data\by_account
--------------------------------------------------------------------------------
BACKTEST TOTAL : 31039
  BACKTEST_IS  : 19775
  BACKTEST_OOS : 11264
LIVE TOTAL     : 1378
ACCOUNTS       : 6
OUTPUT ROOT    : C:\Users\Leon\Desktop\Business_Code\Quant_Structure\FTMO\1.Data_Center\Data\Strategy_Data\Combined_Trades_Data\by_account
--------------------------------------------------------------------------------
================================================================================
[INFO] Trades Combiner started at 2026-03-22T12:12:08+00:00
[INFO] BACKTEST_ROOT = C:\Users\Leon\Desktop\Business_Code\Quant_Structure\FTMO\1.Data_Center\Data\Strategy_Data\IS_OOS_Backtest_Trades_Data
[INFO] LIVE_ROOT     = C:\Users\Leon\Desktop\Business_Code\Quant_Structure\FTMO\1.Data_Center\Data\Strategy_Data\Live_Trades_Data\Strategy_Live_Performance
[INFO] OUTPUT_ROOT   = C:\Users\Leon\Desktop\Business_Code\Quant_Structure\FTMO\1.Data_Center\Data\Strategy_Data\Combined_Trades_Data\by_account
--------------------------------------------------------------------------------
BACKTEST TOTAL : 31039
  BACKTEST_IS  : 19775
  BACKTEST_OOS : 11264
LIVE TOTAL     : 1378
ACCOUNTS       : 6
OUTPUT ROOT    : C:\Users\Leon\Desktop\Business_Code\Quant_Structure\FTMO\1.Data_Center\Data\Strategy_Data\Combined_Trades_Data\by_account
--------------------------------------------------------------------------------
================================================================================
[INFO] Trades Combiner started at 2026-03-22T12:13:15+00:00
[INFO] BACKTEST_ROOT = C:\Users\Leon\Desktop\Business_Code\Quant_Structure\FTMO\1.Data_Center\Data\Strategy_Data\IS_OOS_Backtest_Trades_Data
[INFO] LIVE_ROOT     = C:\Users\Leon\Desktop\Business_Code\Quant_Structure\FTMO\1.Data_Center\Data\Strategy_Data\Live_Trades_Data\Strategy_Live_Performance
[INFO] OUTPUT_ROOT   = C:\Users\Leon\Desktop\Business_Code\Quant_Structure\FTMO\1.Data_Center\Data\Strategy_Data\Combined_Trades_Data\by_account
--------------------------------------------------------------------------------
BACKTEST TOTAL : 31039
  BACKTEST_IS  : 19775
  BACKTEST_OOS : 11264
LIVE TOTAL     : 1378
ACCOUNTS       : 6
OUTPUT ROOT    : C:\Users\Leon\Desktop\Business_Code\Quant_Structure\FTMO\1.Data_Center\Data\Strategy_Data\Combined_Trades_Data\by_account
--------------------------------------------------------------------------------
================================================================================
[INFO] Trades Combiner started at 2026-03-22T12:14:21+00:00
[INFO] BACKTEST_ROOT = C:\Users\Leon\Desktop\Business_Code\Quant_Structure\FTMO\1.Data_Center\Data\Strategy_Data\IS_OOS_Backtest_Trades_Data
[INFO] LIVE_ROOT     = C:\Users\Leon\Desktop\Business_Code\Quant_Structure\FTMO\1.Data_Center\Data\Strategy_Data\Live_Trades_Data\Strategy_Live_Performance
[INFO] OUTPUT_ROOT   = C:\Users\Leon\Desktop\Business_Code\Quant_Structure\FTMO\1.Data_Center\Data\Strategy_Data\Combined_Trades_Data\by_account
--------------------------------------------------------------------------------
BACKTEST TOTAL : 31039
  BACKTEST_IS  : 19775
  BACKTEST_OOS : 11264
LIVE TOTAL     : 1378
ACCOUNTS       : 6
OUTPUT ROOT    : C:\Users\Leon\Desktop\Business_Code\Quant_Structure\FTMO\1.Data_Center\Data\Strategy_Data\Combined_Trades_Data\by_account
--------------------------------------------------------------------------------
================================================================================
[INFO] Trades Combiner started at 2026-03-22T12:15:27+00:00
[INFO] BACKTEST_ROOT = C:\Users\Leon\Desktop\Business_Code\Quant_Structure\FTMO\1.Data_Center\Data\Strategy_Data\IS_OOS_Backtest_Trades_Data
[INFO] LIVE_ROOT     = C:\Users\Leon\Desktop\Business_Code\Quant_Structure\FTMO\1.Data_Center\Data\Strategy_Data\Live_Trades_Data\Strategy_Live_Performance
[INFO] OUTPUT_ROOT   = C:\Users\Leon\Desktop\Business_Code\Quant_Structure\FTMO\1.Data_Center\Data\Strategy_Data\Combined_Trades_Data\by_account
--------------------------------------------------------------------------------
BACKTEST TOTAL : 31039
  BACKTEST_IS  : 19775
  BACKTEST_OOS : 11264
LIVE TOTAL     : 1378
ACCOUNTS       : 6
OUTPUT ROOT    : C:\Users\Leon\Desktop\Business_Code\Quant_Structure\FTMO\1.Data_Center\Data\Strategy_Data\Combined_Trades_Data\by_account
--------------------------------------------------------------------------------
================================================================================
[INFO] Trades Combiner started at 2026-03-22T12:16:34+00:00
[INFO] BACKTEST_ROOT = C:\Users\Leon\Desktop\Business_Code\Quant_Structure\FTMO\1.Data_Center\Data\Strategy_Data\IS_OOS_Backtest_Trades_Data
[INFO] LIVE_ROOT     = C:\Users\Leon\Desktop\Business_Code\Quant_Structure\FTMO\1.Data_Center\Data\Strategy_Data\Live_Trades_Data\Strategy_Live_Performance
[INFO] OUTPUT_ROOT   = C:\Users\Leon\Desktop\Business_Code\Quant_Structure\FTMO\1.Data_Center\Data\Strategy_Data\Combined_Trades_Data\by_account
--------------------------------------------------------------------------------
BACKTEST TOTAL : 31039
  BACKTEST_IS  : 19775
  BACKTEST_OOS : 11264
LIVE TOTAL     : 1378
ACCOUNTS       : 6
OUTPUT ROOT    : C:\Users\Leon\Desktop\Business_Code\Quant_Structure\FTMO\1.Data_Center\Data\Strategy_Data\Combined_Trades_Data\by_account
--------------------------------------------------------------------------------
================================================================================
[INFO] Trades Combiner started at 2026-03-22T12:17:39+00:00
[INFO] BACKTEST_ROOT = C:\Users\Leon\Desktop\Business_Code\Quant_Structure\FTMO\1.Data_Center\Data\Strategy_Data\IS_OOS_Backtest_Trades_Data
[INFO] LIVE_ROOT     = C:\Users\Leon\Desktop\Business_Code\Quant_Structure\FTMO\1.Data_Center\Data\Strategy_Data\Live_Trades_Data\Strategy_Live_Performance
[INFO] OUTPUT_ROOT   = C:\Users\Leon\Desktop\Business_Code\Quant_Structure\FTMO\1.Data_Center\Data\Strategy_Data\Combined_Trades_Data\by_account
--------------------------------------------------------------------------------
BACKTEST TOTAL : 31039
  BACKTEST_IS  : 19775
  BACKTEST_OOS : 11264
LIVE TOTAL     : 1378
ACCOUNTS       : 6
OUTPUT ROOT    : C:\Users\Leon\Desktop\Business_Code\Quant_Structure\FTMO\1.Data_Center\Data\Strategy_Data\Combined_Trades_Data\by_account
--------------------------------------------------------------------------------
================================================================================
[INFO] Trades Combiner started at 2026-03-22T12:18:45+00:00
[INFO] BACKTEST_ROOT = C:\Users\Leon\Desktop\Business_Code\Quant_Structure\FTMO\1.Data_Center\Data\Strategy_Data\IS_OOS_Backtest_Trades_Data
[INFO] LIVE_ROOT     = C:\Users\Leon\Desktop\Business_Code\Quant_Structure\FTMO\1.Data_Center\Data\Strategy_Data\Live_Trades_Data\Strategy_Live_Performance
[INFO] OUTPUT_ROOT   = C:\Users\Leon\Desktop\Business_Code\Quant_Structure\FTMO\1.Data_Center\Data\Strategy_Data\Combined_Trades_Data\by_account
--------------------------------------------------------------------------------
BACKTEST TOTAL : 31039
  BACKTEST_IS  : 19775
  BACKTEST_OOS : 11264
LIVE TOTAL     : 1378
ACCOUNTS       : 6
OUTPUT ROOT    : C:\Users\Leon\Desktop\Business_Code\Quant_Structure\FTMO\1.Data_Center\Data\Strategy_Data\Combined_Trades_Data\by_account
--------------------------------------------------------------------------------
================================================================================
[INFO] Trades Combiner started at 2026-03-22T12:19:51+00:00
[INFO] BACKTEST_ROOT = C:\Users\Leon\Desktop\Business_Code\Quant_Structure\FTMO\1.Data_Center\Data\Strategy_Data\IS_OOS_Backtest_Trades_Data
[INFO] LIVE_ROOT     = C:\Users\Leon\Desktop\Business_Code\Quant_Structure\FTMO\1.Data_Center\Data\Strategy_Data\Live_Trades_Data\Strategy_Live_Performance
[INFO] OUTPUT_ROOT   = C:\Users\Leon\Desktop\Business_Code\Quant_Structure\FTMO\1.Data_Center\Data\Strategy_Data\Combined_Trades_Data\by_account
--------------------------------------------------------------------------------
BACKTEST TOTAL : 31039
  BACKTEST_IS  : 19775
  BACKTEST_OOS : 11264
LIVE TOTAL     : 1378
ACCOUNTS       : 6
OUTPUT ROOT    : C:\Users\Leon\Desktop\Business_Code\Quant_Structure\FTMO\1.Data_Center\Data\Strategy_Data\Combined_Trades_Data\by_account
--------------------------------------------------------------------------------
================================================================================
[INFO] Trades Combiner started at 2026-03-22T12:20:56+00:00
[INFO] BACKTEST_ROOT = C:\Users\Leon\Desktop\Business_Code\Quant_Structure\FTMO\1.Data_Center\Data\Strategy_Data\IS_OOS_Backtest_Trades_Data
[INFO] LIVE_ROOT     = C:\Users\Leon\Desktop\Business_Code\Quant_Structure\FTMO\1.Data_Center\Data\Strategy_Data\Live_Trades_Data\Strategy_Live_Performance
[INFO] OUTPUT_ROOT   = C:\Users\Leon\Desktop\Business_Code\Quant_Structure\FTMO\1.Data_Center\Data\Strategy_Data\Combined_Trades_Data\by_account
--------------------------------------------------------------------------------
BACKTEST TOTAL : 31039
  BACKTEST_IS  : 19775
  BACKTEST_OOS : 11264
LIVE TOTAL     : 1378
ACCOUNTS       : 6
OUTPUT ROOT    : C:\Users\Leon\Desktop\Business_Code\Quant_Structure\FTMO\1.Data_Center\Data\Strategy_Data\Combined_Trades_Data\by_account
--------------------------------------------------------------------------------
================================================================================
[INFO] Trades Combiner started at 2026-03-22T12:22:02+00:00
[INFO] BACKTEST_ROOT = C:\Users\Leon\Desktop\Business_Code\Quant_Structure\FTMO\1.Data_Center\Data\Strategy_Data\IS_OOS_Backtest_Trades_Data
[INFO] LIVE_ROOT     = C:\Users\Leon\Desktop\Business_Code\Quant_Structure\FTMO\1.Data_Center\Data\Strategy_Data\Live_Trades_Data\Strategy_Live_Performance
[INFO] OUTPUT_ROOT   = C:\Users\Leon\Desktop\Business_Code\Quant_Structure\FTMO\1.Data_Center\Data\Strategy_Data\Combined_Trades_Data\by_account
--------------------------------------------------------------------------------
BACKTEST TOTAL : 31039
  BACKTEST_IS  : 19775
  BACKTEST_OOS : 11264
LIVE TOTAL     : 1378
ACCOUNTS       : 6
OUTPUT ROOT    : C:\Users\Leon\Desktop\Business_Code\Quant_Structure\FTMO\1.Data_Center\Data\Strategy_Data\Combined_Trades_Data\by_account
--------------------------------------------------------------------------------
================================================================================
[INFO] Trades Combiner started at 2026-03-22T12:23:10+00:00
[INFO] BACKTEST_ROOT = C:\Users\Leon\Desktop\Business_Code\Quant_Structure\FTMO\1.Data_Center\Data\Strategy_Data\IS_OOS_Backtest_Trades_Data
[INFO] LIVE_ROOT     = C:\Users\Leon\Desktop\Business_Code\Quant_Structure\FTMO\1.Data_Center\Data\Strategy_Data\Live_Trades_Data\Strategy_Live_Performance
[INFO] OUTPUT_ROOT   = C:\Users\Leon\Desktop\Business_Code\Quant_Structure\FTMO\1.Data_Center\Data\Strategy_Data\Combined_Trades_Data\by_account
--------------------------------------------------------------------------------
BACKTEST TOTAL : 31039
  BACKTEST_IS  : 19775
  BACKTEST_OOS : 11264
LIVE TOTAL     : 1378
ACCOUNTS       : 6
OUTPUT ROOT    : C:\Users\Leon\Desktop\Business_Code\Quant_Structure\FTMO\1.Data_Center\Data\Strategy_Data\Combined_Trades_Data\by_account
--------------------------------------------------------------------------------
================================================================================
[INFO] Trades Combiner started at 2026-03-22T12:24:16+00:00
[INFO] BACKTEST_ROOT = C:\Users\Leon\Desktop\Business_Code\Quant_Structure\FTMO\1.Data_Center\Data\Strategy_Data\IS_OOS_Backtest_Trades_Data
[INFO] LIVE_ROOT     = C:\Users\Leon\Desktop\Business_Code\Quant_Structure\FTMO\1.Data_Center\Data\Strategy_Data\Live_Trades_Data\Strategy_Live_Performance
[INFO] OUTPUT_ROOT   = C:\Users\Leon\Desktop\Business_Code\Quant_Structure\FTMO\1.Data_Center\Data\Strategy_Data\Combined_Trades_Data\by_account
--------------------------------------------------------------------------------
BACKTEST TOTAL : 31039
  BACKTEST_IS  : 19775
  BACKTEST_OOS : 11264
LIVE TOTAL     : 1378
ACCOUNTS       : 6
OUTPUT ROOT    : C:\Users\Leon\Desktop\Business_Code\Quant_Structure\FTMO\1.Data_Center\Data\Strategy_Data\Combined_Trades_Data\by_account
--------------------------------------------------------------------------------
================================================================================
[INFO] Trades Combiner started at 2026-03-22T12:25:22+00:00
[INFO] BACKTEST_ROOT = C:\Users\Leon\Desktop\Business_Code\Quant_Structure\FTMO\1.Data_Center\Data\Strategy_Data\IS_OOS_Backtest_Trades_Data
[INFO] LIVE_ROOT     = C:\Users\Leon\Desktop\Business_Code\Quant_Structure\FTMO\1.Data_Center\Data\Strategy_Data\Live_Trades_Data\Strategy_Live_Performance
[INFO] OUTPUT_ROOT   = C:\Users\Leon\Desktop\Business_Code\Quant_Structure\FTMO\1.Data_Center\Data\Strategy_Data\Combined_Trades_Data\by_account
--------------------------------------------------------------------------------
BACKTEST TOTAL : 31039
  BACKTEST_IS  : 19775
  BACKTEST_OOS : 11264
LIVE TOTAL     : 1378
ACCOUNTS       : 6
OUTPUT ROOT    : C:\Users\Leon\Desktop\Business_Code\Quant_Structure\FTMO\1.Data_Center\Data\Strategy_Data\Combined_Trades_Data\by_account
--------------------------------------------------------------------------------
================================================================================
[INFO] Trades Combiner started at 2026-03-22T12:26:27+00:00
[INFO] BACKTEST_ROOT = C:\Users\Leon\Desktop\Business_Code\Quant_Structure\FTMO\1.Data_Center\Data\Strategy_Data\IS_OOS_Backtest_Trades_Data
[INFO] LIVE_ROOT     = C:\Users\Leon\Desktop\Business_Code\Quant_Structure\FTMO\1.Data_Center\Data\Strategy_Data\Live_Trades_Data\Strategy_Live_Performance
[INFO] OUTPUT_ROOT   = C:\Users\Leon\Desktop\Business_Code\Quant_Structure\FTMO\1.Data_Center\Data\Strategy_Data\Combined_Trades_Data\by_account
--------------------------------------------------------------------------------
BACKTEST TOTAL : 31039
  BACKTEST_IS  : 19775
  BACKTEST_OOS : 11264
LIVE TOTAL     : 1378
ACCOUNTS       : 6
OUTPUT ROOT    : C:\Users\Leon\Desktop\Business_Code\Quant_Structure\FTMO\1.Data_Center\Data\Strategy_Data\Combined_Trades_Data\by_account
--------------------------------------------------------------------------------
================================================================================
[INFO] Trades Combiner started at 2026-03-22T12:27:33+00:00
[INFO] BACKTEST_ROOT = C:\Users\Leon\Desktop\Business_Code\Quant_Structure\FTMO\1.Data_Center\Data\Strategy_Data\IS_OOS_Backtest_Trades_Data
[INFO] LIVE_ROOT     = C:\Users\Leon\Desktop\Business_Code\Quant_Structure\FTMO\1.Data_Center\Data\Strategy_Data\Live_Trades_Data\Strategy_Live_Performance
[INFO] OUTPUT_ROOT   = C:\Users\Leon\Desktop\Business_Code\Quant_Structure\FTMO\1.Data_Center\Data\Strategy_Data\Combined_Trades_Data\by_account
--------------------------------------------------------------------------------
BACKTEST TOTAL : 31039
  BACKTEST_IS  : 19775
  BACKTEST_OOS : 11264
LIVE TOTAL     : 1378
ACCOUNTS       : 6
OUTPUT ROOT    : C:\Users\Leon\Desktop\Business_Code\Quant_Structure\FTMO\1.Data_Center\Data\Strategy_Data\Combined_Trades_Data\by_account
--------------------------------------------------------------------------------
================================================================================
[INFO] Trades Combiner started at 2026-03-22T12:28:39+00:00
[INFO] BACKTEST_ROOT = C:\Users\Leon\Desktop\Business_Code\Quant_Structure\FTMO\1.Data_Center\Data\Strategy_Data\IS_OOS_Backtest_Trades_Data
[INFO] LIVE_ROOT     = C:\Users\Leon\Desktop\Business_Code\Quant_Structure\FTMO\1.Data_Center\Data\Strategy_Data\Live_Trades_Data\Strategy_Live_Performance
[INFO] OUTPUT_ROOT   = C:\Users\Leon\Desktop\Business_Code\Quant_Structure\FTMO\1.Data_Center\Data\Strategy_Data\Combined_Trades_Data\by_account
--------------------------------------------------------------------------------
BACKTEST TOTAL : 31039
  BACKTEST_IS  : 19775
  BACKTEST_OOS : 11264
LIVE TOTAL     : 1378
ACCOUNTS       : 6
OUTPUT ROOT    : C:\Users\Leon\Desktop\Business_Code\Quant_Structure\FTMO\1.Data_Center\Data\Strategy_Data\Combined_Trades_Data\by_account
--------------------------------------------------------------------------------
================================================================================
[INFO] Trades Combiner started at 2026-03-22T12:29:45+00:00
[INFO] BACKTEST_ROOT = C:\Users\Leon\Desktop\Business_Code\Quant_Structure\FTMO\1.Data_Center\Data\Strategy_Data\IS_OOS_Backtest_Trades_Data
[INFO] LIVE_ROOT     = C:\Users\Leon\Desktop\Business_Code\Quant_Structure\FTMO\1.Data_Center\Data\Strategy_Data\Live_Trades_Data\Strategy_Live_Performance
[INFO] OUTPUT_ROOT   = C:\Users\Leon\Desktop\Business_Code\Quant_Structure\FTMO\1.Data_Center\Data\Strategy_Data\Combined_Trades_Data\by_account
--------------------------------------------------------------------------------
BACKTEST TOTAL : 31039
  BACKTEST_IS  : 19775
  BACKTEST_OOS : 11264
LIVE TOTAL     : 1378
ACCOUNTS       : 6
OUTPUT ROOT    : C:\Users\Leon\Desktop\Business_Code\Quant_Structure\FTMO\1.Data_Center\Data\Strategy_Data\Combined_Trades_Data\by_account
--------------------------------------------------------------------------------
================================================================================
[INFO] Trades Combiner started at 2026-03-22T12:30:50+00:00
[INFO] BACKTEST_ROOT = C:\Users\Leon\Desktop\Business_Code\Quant_Structure\FTMO\1.Data_Center\Data\Strategy_Data\IS_OOS_Backtest_Trades_Data
[INFO] LIVE_ROOT     = C:\Users\Leon\Desktop\Business_Code\Quant_Structure\FTMO\1.Data_Center\Data\Strategy_Data\Live_Trades_Data\Strategy_Live_Performance
[INFO] OUTPUT_ROOT   = C:\Users\Leon\Desktop\Business_Code\Quant_Structure\FTMO\1.Data_Center\Data\Strategy_Data\Combined_Trades_Data\by_account
--------------------------------------------------------------------------------
BACKTEST TOTAL : 31039
  BACKTEST_IS  : 19775
  BACKTEST_OOS : 11264
LIVE TOTAL     : 1378
ACCOUNTS       : 6
OUTPUT ROOT    : C:\Users\Leon\Desktop\Business_Code\Quant_Structure\FTMO\1.Data_Center\Data\Strategy_Data\Combined_Trades_Data\by_account
--------------------------------------------------------------------------------
================================================================================
[INFO] Trades Combiner started at 2026-03-22T12:31:57+00:00
[INFO] BACKTEST_ROOT = C:\Users\Leon\Desktop\Business_Code\Quant_Structure\FTMO\1.Data_Center\Data\Strategy_Data\IS_OOS_Backtest_Trades_Data
[INFO] LIVE_ROOT     = C:\Users\Leon\Desktop\Business_Code\Quant_Structure\FTMO\1.Data_Center\Data\Strategy_Data\Live_Trades_Data\Strategy_Live_Performance
[INFO] OUTPUT_ROOT   = C:\Users\Leon\Desktop\Business_Code\Quant_Structure\FTMO\1.Data_Center\Data\Strategy_Data\Combined_Trades_Data\by_account
--------------------------------------------------------------------------------
BACKTEST TOTAL : 31039
  BACKTEST_IS  : 19775
  BACKTEST_OOS : 11264
LIVE TOTAL     : 1378
ACCOUNTS       : 6
OUTPUT ROOT    : C:\Users\Leon\Desktop\Business_Code\Quant_Structure\FTMO\1.Data_Center\Data\Strategy_Data\Combined_Trades_Data\by_account
--------------------------------------------------------------------------------
================================================================================
[INFO] Trades Combiner started at 2026-03-22T12:33:03+00:00
[INFO] BACKTEST_ROOT = C:\Users\Leon\Desktop\Business_Code\Quant_Structure\FTMO\1.Data_Center\Data\Strategy_Data\IS_OOS_Backtest_Trades_Data
[INFO] LIVE_ROOT     = C:\Users\Leon\Desktop\Business_Code\Quant_Structure\FTMO\1.Data_Center\Data\Strategy_Data\Live_Trades_Data\Strategy_Live_Performance
[INFO] OUTPUT_ROOT   = C:\Users\Leon\Desktop\Business_Code\Quant_Structure\FTMO\1.Data_Center\Data\Strategy_Data\Combined_Trades_Data\by_account
--------------------------------------------------------------------------------
BACKTEST TOTAL : 31039
  BACKTEST_IS  : 19775
  BACKTEST_OOS : 11264
LIVE TOTAL     : 1378
ACCOUNTS       : 6
OUTPUT ROOT    : C:\Users\Leon\Desktop\Business_Code\Quant_Structure\FTMO\1.Data_Center\Data\Strategy_Data\Combined_Trades_Data\by_account
--------------------------------------------------------------------------------
================================================================================
[INFO] Trades Combiner started at 2026-03-22T12:34:11+00:00
[INFO] BACKTEST_ROOT = C:\Users\Leon\Desktop\Business_Code\Quant_Structure\FTMO\1.Data_Center\Data\Strategy_Data\IS_OOS_Backtest_Trades_Data
[INFO] LIVE_ROOT     = C:\Users\Leon\Desktop\Business_Code\Quant_Structure\FTMO\1.Data_Center\Data\Strategy_Data\Live_Trades_Data\Strategy_Live_Performance
[INFO] OUTPUT_ROOT   = C:\Users\Leon\Desktop\Business_Code\Quant_Structure\FTMO\1.Data_Center\Data\Strategy_Data\Combined_Trades_Data\by_account
--------------------------------------------------------------------------------
BACKTEST TOTAL : 31039
  BACKTEST_IS  : 19775
  BACKTEST_OOS : 11264
LIVE TOTAL     : 1378
ACCOUNTS       : 6
OUTPUT ROOT    : C:\Users\Leon\Desktop\Business_Code\Quant_Structure\FTMO\1.Data_Center\Data\Strategy_Data\Combined_Trades_Data\by_account
--------------------------------------------------------------------------------
================================================================================
[INFO] Trades Combiner started at 2026-03-22T12:35:17+00:00
[INFO] BACKTEST_ROOT = C:\Users\Leon\Desktop\Business_Code\Quant_Structure\FTMO\1.Data_Center\Data\Strategy_Data\IS_OOS_Backtest_Trades_Data
[INFO] LIVE_ROOT     = C:\Users\Leon\Desktop\Business_Code\Quant_Structure\FTMO\1.Data_Center\Data\Strategy_Data\Live_Trades_Data\Strategy_Live_Performance
[INFO] OUTPUT_ROOT   = C:\Users\Leon\Desktop\Business_Code\Quant_Structure\FTMO\1.Data_Center\Data\Strategy_Data\Combined_Trades_Data\by_account
--------------------------------------------------------------------------------
BACKTEST TOTAL : 31039
  BACKTEST_IS  : 19775
  BACKTEST_OOS : 11264
LIVE TOTAL     : 1378
ACCOUNTS       : 6
OUTPUT ROOT    : C:\Users\Leon\Desktop\Business_Code\Quant_Structure\FTMO\1.Data_Center\Data\Strategy_Data\Combined_Trades_Data\by_account
--------------------------------------------------------------------------------
================================================================================
[INFO] Trades Combiner started at 2026-03-22T12:36:23+00:00
[INFO] BACKTEST_ROOT = C:\Users\Leon\Desktop\Business_Code\Quant_Structure\FTMO\1.Data_Center\Data\Strategy_Data\IS_OOS_Backtest_Trades_Data
[INFO] LIVE_ROOT     = C:\Users\Leon\Desktop\Business_Code\Quant_Structure\FTMO\1.Data_Center\Data\Strategy_Data\Live_Trades_Data\Strategy_Live_Performance
[INFO] OUTPUT_ROOT   = C:\Users\Leon\Desktop\Business_Code\Quant_Structure\FTMO\1.Data_Center\Data\Strategy_Data\Combined_Trades_Data\by_account
--------------------------------------------------------------------------------
BACKTEST TOTAL : 31039
  BACKTEST_IS  : 19775
  BACKTEST_OOS : 11264
LIVE TOTAL     : 1378
ACCOUNTS       : 6
OUTPUT ROOT    : C:\Users\Leon\Desktop\Business_Code\Quant_Structure\FTMO\1.Data_Center\Data\Strategy_Data\Combined_Trades_Data\by_account
--------------------------------------------------------------------------------
================================================================================
[INFO] Trades Combiner started at 2026-03-22T12:37:28+00:00
[INFO] BACKTEST_ROOT = C:\Users\Leon\Desktop\Business_Code\Quant_Structure\FTMO\1.Data_Center\Data\Strategy_Data\IS_OOS_Backtest_Trades_Data
[INFO] LIVE_ROOT     = C:\Users\Leon\Desktop\Business_Code\Quant_Structure\FTMO\1.Data_Center\Data\Strategy_Data\Live_Trades_Data\Strategy_Live_Performance
[INFO] OUTPUT_ROOT   = C:\Users\Leon\Desktop\Business_Code\Quant_Structure\FTMO\1.Data_Center\Data\Strategy_Data\Combined_Trades_Data\by_account
--------------------------------------------------------------------------------
BACKTEST TOTAL : 31039
  BACKTEST_IS  : 19775
  BACKTEST_OOS : 11264
LIVE TOTAL     : 1378
ACCOUNTS       : 6
OUTPUT ROOT    : C:\Users\Leon\Desktop\Business_Code\Quant_Structure\FTMO\1.Data_Center\Data\Strategy_Data\Combined_Trades_Data\by_account
--------------------------------------------------------------------------------
================================================================================
[INFO] Trades Combiner started at 2026-03-22T12:38:34+00:00
[INFO] BACKTEST_ROOT = C:\Users\Leon\Desktop\Business_Code\Quant_Structure\FTMO\1.Data_Center\Data\Strategy_Data\IS_OOS_Backtest_Trades_Data
[INFO] LIVE_ROOT     = C:\Users\Leon\Desktop\Business_Code\Quant_Structure\FTMO\1.Data_Center\Data\Strategy_Data\Live_Trades_Data\Strategy_Live_Performance
[INFO] OUTPUT_ROOT   = C:\Users\Leon\Desktop\Business_Code\Quant_Structure\FTMO\1.Data_Center\Data\Strategy_Data\Combined_Trades_Data\by_account
--------------------------------------------------------------------------------
BACKTEST TOTAL : 31039
  BACKTEST_IS  : 19775
  BACKTEST_OOS : 11264
LIVE TOTAL     : 1378
ACCOUNTS       : 6
OUTPUT ROOT    : C:\Users\Leon\Desktop\Business_Code\Quant_Structure\FTMO\1.Data_Center\Data\Strategy_Data\Combined_Trades_Data\by_account
--------------------------------------------------------------------------------
================================================================================
[INFO] Trades Combiner started at 2026-03-22T12:39:40+00:00
[INFO] BACKTEST_ROOT = C:\Users\Leon\Desktop\Business_Code\Quant_Structure\FTMO\1.Data_Center\Data\Strategy_Data\IS_OOS_Backtest_Trades_Data
[INFO] LIVE_ROOT     = C:\Users\Leon\Desktop\Business_Code\Quant_Structure\FTMO\1.Data_Center\Data\Strategy_Data\Live_Trades_Data\Strategy_Live_Performance
[INFO] OUTPUT_ROOT   = C:\Users\Leon\Desktop\Business_Code\Quant_Structure\FTMO\1.Data_Center\Data\Strategy_Data\Combined_Trades_Data\by_account
--------------------------------------------------------------------------------
BACKTEST TOTAL : 31039
  BACKTEST_IS  : 19775
  BACKTEST_OOS : 11264
LIVE TOTAL     : 1378
ACCOUNTS       : 6
OUTPUT ROOT    : C:\Users\Leon\Desktop\Business_Code\Quant_Structure\FTMO\1.Data_Center\Data\Strategy_Data\Combined_Trades_Data\by_account
--------------------------------------------------------------------------------
================================================================================
[INFO] Trades Combiner started at 2026-03-22T12:40:45+00:00
[INFO] BACKTEST_ROOT = C:\Users\Leon\Desktop\Business_Code\Quant_Structure\FTMO\1.Data_Center\Data\Strategy_Data\IS_OOS_Backtest_Trades_Data
[INFO] LIVE_ROOT     = C:\Users\Leon\Desktop\Business_Code\Quant_Structure\FTMO\1.Data_Center\Data\Strategy_Data\Live_Trades_Data\Strategy_Live_Performance
[INFO] OUTPUT_ROOT   = C:\Users\Leon\Desktop\Business_Code\Quant_Structure\FTMO\1.Data_Center\Data\Strategy_Data\Combined_Trades_Data\by_account
--------------------------------------------------------------------------------
BACKTEST TOTAL : 31039
  BACKTEST_IS  : 19775
  BACKTEST_OOS : 11264
LIVE TOTAL     : 1378
ACCOUNTS       : 6
OUTPUT ROOT    : C:\Users\Leon\Desktop\Business_Code\Quant_Structure\FTMO\1.Data_Center\Data\Strategy_Data\Combined_Trades_Data\by_account
--------------------------------------------------------------------------------
================================================================================
[INFO] Trades Combiner started at 2026-03-22T12:41:51+00:00
[INFO] BACKTEST_ROOT = C:\Users\Leon\Desktop\Business_Code\Quant_Structure\FTMO\1.Data_Center\Data\Strategy_Data\IS_OOS_Backtest_Trades_Data
[INFO] LIVE_ROOT     = C:\Users\Leon\Desktop\Business_Code\Quant_Structure\FTMO\1.Data_Center\Data\Strategy_Data\Live_Trades_Data\Strategy_Live_Performance
[INFO] OUTPUT_ROOT   = C:\Users\Leon\Desktop\Business_Code\Quant_Structure\FTMO\1.Data_Center\Data\Strategy_Data\Combined_Trades_Data\by_account
--------------------------------------------------------------------------------
BACKTEST TOTAL : 31039
  BACKTEST_IS  : 19775
  BACKTEST_OOS : 11264
LIVE TOTAL     : 1378
ACCOUNTS       : 6
OUTPUT ROOT    : C:\Users\Leon\Desktop\Business_Code\Quant_Structure\FTMO\1.Data_Center\Data\Strategy_Data\Combined_Trades_Data\by_account
--------------------------------------------------------------------------------
================================================================================
[INFO] Trades Combiner started at 2026-03-22T12:42:58+00:00
[INFO] BACKTEST_ROOT = C:\Users\Leon\Desktop\Business_Code\Quant_Structure\FTMO\1.Data_Center\Data\Strategy_Data\IS_OOS_Backtest_Trades_Data
[INFO] LIVE_ROOT     = C:\Users\Leon\Desktop\Business_Code\Quant_Structure\FTMO\1.Data_Center\Data\Strategy_Data\Live_Trades_Data\Strategy_Live_Performance
[INFO] OUTPUT_ROOT   = C:\Users\Leon\Desktop\Business_Code\Quant_Structure\FTMO\1.Data_Center\Data\Strategy_Data\Combined_Trades_Data\by_account
--------------------------------------------------------------------------------
BACKTEST TOTAL : 31039
  BACKTEST_IS  : 19775
  BACKTEST_OOS : 11264
LIVE TOTAL     : 1378
ACCOUNTS       : 6
OUTPUT ROOT    : C:\Users\Leon\Desktop\Business_Code\Quant_Structure\FTMO\1.Data_Center\Data\Strategy_Data\Combined_Trades_Data\by_account
--------------------------------------------------------------------------------
================================================================================
[INFO] Trades Combiner started at 2026-03-22T12:44:05+00:00
[INFO] BACKTEST_ROOT = C:\Users\Leon\Desktop\Business_Code\Quant_Structure\FTMO\1.Data_Center\Data\Strategy_Data\IS_OOS_Backtest_Trades_Data
[INFO] LIVE_ROOT     = C:\Users\Leon\Desktop\Business_Code\Quant_Structure\FTMO\1.Data_Center\Data\Strategy_Data\Live_Trades_Data\Strategy_Live_Performance
[INFO] OUTPUT_ROOT   = C:\Users\Leon\Desktop\Business_Code\Quant_Structure\FTMO\1.Data_Center\Data\Strategy_Data\Combined_Trades_Data\by_account
--------------------------------------------------------------------------------
BACKTEST TOTAL : 31039
  BACKTEST_IS  : 19775
  BACKTEST_OOS : 11264
LIVE TOTAL     : 1378
ACCOUNTS       : 6
OUTPUT ROOT    : C:\Users\Leon\Desktop\Business_Code\Quant_Structure\FTMO\1.Data_Center\Data\Strategy_Data\Combined_Trades_Data\by_account
--------------------------------------------------------------------------------
================================================================================
[INFO] Trades Combiner started at 2026-03-22T12:45:12+00:00
[INFO] BACKTEST_ROOT = C:\Users\Leon\Desktop\Business_Code\Quant_Structure\FTMO\1.Data_Center\Data\Strategy_Data\IS_OOS_Backtest_Trades_Data
[INFO] LIVE_ROOT     = C:\Users\Leon\Desktop\Business_Code\Quant_Structure\FTMO\1.Data_Center\Data\Strategy_Data\Live_Trades_Data\Strategy_Live_Performance
[INFO] OUTPUT_ROOT   = C:\Users\Leon\Desktop\Business_Code\Quant_Structure\FTMO\1.Data_Center\Data\Strategy_Data\Combined_Trades_Data\by_account
--------------------------------------------------------------------------------
BACKTEST TOTAL : 31039
  BACKTEST_IS  : 19775
  BACKTEST_OOS : 11264
LIVE TOTAL     : 1378
ACCOUNTS       : 6
OUTPUT ROOT    : C:\Users\Leon\Desktop\Business_Code\Quant_Structure\FTMO\1.Data_Center\Data\Strategy_Data\Combined_Trades_Data\by_account
--------------------------------------------------------------------------------
================================================================================
[INFO] Trades Combiner started at 2026-03-22T12:46:19+00:00
[INFO] BACKTEST_ROOT = C:\Users\Leon\Desktop\Business_Code\Quant_Structure\FTMO\1.Data_Center\Data\Strategy_Data\IS_OOS_Backtest_Trades_Data
[INFO] LIVE_ROOT     = C:\Users\Leon\Desktop\Business_Code\Quant_Structure\FTMO\1.Data_Center\Data\Strategy_Data\Live_Trades_Data\Strategy_Live_Performance
[INFO] OUTPUT_ROOT   = C:\Users\Leon\Desktop\Business_Code\Quant_Structure\FTMO\1.Data_Center\Data\Strategy_Data\Combined_Trades_Data\by_account
--------------------------------------------------------------------------------
BACKTEST TOTAL : 31039
  BACKTEST_IS  : 19775
  BACKTEST_OOS : 11264
LIVE TOTAL     : 1378
ACCOUNTS       : 6
OUTPUT ROOT    : C:\Users\Leon\Desktop\Business_Code\Quant_Structure\FTMO\1.Data_Center\Data\Strategy_Data\Combined_Trades_Data\by_account
--------------------------------------------------------------------------------
================================================================================
[INFO] Trades Combiner started at 2026-03-22T12:47:25+00:00
[INFO] BACKTEST_ROOT = C:\Users\Leon\Desktop\Business_Code\Quant_Structure\FTMO\1.Data_Center\Data\Strategy_Data\IS_OOS_Backtest_Trades_Data
[INFO] LIVE_ROOT     = C:\Users\Leon\Desktop\Business_Code\Quant_Structure\FTMO\1.Data_Center\Data\Strategy_Data\Live_Trades_Data\Strategy_Live_Performance
[INFO] OUTPUT_ROOT   = C:\Users\Leon\Desktop\Business_Code\Quant_Structure\FTMO\1.Data_Center\Data\Strategy_Data\Combined_Trades_Data\by_account
--------------------------------------------------------------------------------
BACKTEST TOTAL : 31039
  BACKTEST_IS  : 19775
  BACKTEST_OOS : 11264
LIVE TOTAL     : 1378
ACCOUNTS       : 6
OUTPUT ROOT    : C:\Users\Leon\Desktop\Business_Code\Quant_Structure\FTMO\1.Data_Center\Data\Strategy_Data\Combined_Trades_Data\by_account
--------------------------------------------------------------------------------
================================================================================
[INFO] Trades Combiner started at 2026-03-22T12:48:30+00:00
[INFO] BACKTEST_ROOT = C:\Users\Leon\Desktop\Business_Code\Quant_Structure\FTMO\1.Data_Center\Data\Strategy_Data\IS_OOS_Backtest_Trades_Data
[INFO] LIVE_ROOT     = C:\Users\Leon\Desktop\Business_Code\Quant_Structure\FTMO\1.Data_Center\Data\Strategy_Data\Live_Trades_Data\Strategy_Live_Performance
[INFO] OUTPUT_ROOT   = C:\Users\Leon\Desktop\Business_Code\Quant_Structure\FTMO\1.Data_Center\Data\Strategy_Data\Combined_Trades_Data\by_account
--------------------------------------------------------------------------------
BACKTEST TOTAL : 31039
  BACKTEST_IS  : 19775
  BACKTEST_OOS : 11264
LIVE TOTAL     : 1378
ACCOUNTS       : 6
OUTPUT ROOT    : C:\Users\Leon\Desktop\Business_Code\Quant_Structure\FTMO\1.Data_Center\Data\Strategy_Data\Combined_Trades_Data\by_account
--------------------------------------------------------------------------------
================================================================================
[INFO] Trades Combiner started at 2026-03-22T12:49:36+00:00
[INFO] BACKTEST_ROOT = C:\Users\Leon\Desktop\Business_Code\Quant_Structure\FTMO\1.Data_Center\Data\Strategy_Data\IS_OOS_Backtest_Trades_Data
[INFO] LIVE_ROOT     = C:\Users\Leon\Desktop\Business_Code\Quant_Structure\FTMO\1.Data_Center\Data\Strategy_Data\Live_Trades_Data\Strategy_Live_Performance
[INFO] OUTPUT_ROOT   = C:\Users\Leon\Desktop\Business_Code\Quant_Structure\FTMO\1.Data_Center\Data\Strategy_Data\Combined_Trades_Data\by_account
--------------------------------------------------------------------------------
BACKTEST TOTAL : 31039
  BACKTEST_IS  : 19775
  BACKTEST_OOS : 11264
LIVE TOTAL     : 1378
ACCOUNTS       : 6
OUTPUT ROOT    : C:\Users\Leon\Desktop\Business_Code\Quant_Structure\FTMO\1.Data_Center\Data\Strategy_Data\Combined_Trades_Data\by_account
--------------------------------------------------------------------------------
================================================================================
[INFO] Trades Combiner started at 2026-03-22T12:50:42+00:00
[INFO] BACKTEST_ROOT = C:\Users\Leon\Desktop\Business_Code\Quant_Structure\FTMO\1.Data_Center\Data\Strategy_Data\IS_OOS_Backtest_Trades_Data
[INFO] LIVE_ROOT     = C:\Users\Leon\Desktop\Business_Code\Quant_Structure\FTMO\1.Data_Center\Data\Strategy_Data\Live_Trades_Data\Strategy_Live_Performance
[INFO] OUTPUT_ROOT   = C:\Users\Leon\Desktop\Business_Code\Quant_Structure\FTMO\1.Data_Center\Data\Strategy_Data\Combined_Trades_Data\by_account
--------------------------------------------------------------------------------
BACKTEST TOTAL : 31039
  BACKTEST_IS  : 19775
  BACKTEST_OOS : 11264
LIVE TOTAL     : 1378
ACCOUNTS       : 6
OUTPUT ROOT    : C:\Users\Leon\Desktop\Business_Code\Quant_Structure\FTMO\1.Data_Center\Data\Strategy_Data\Combined_Trades_Data\by_account
--------------------------------------------------------------------------------
================================================================================
[INFO] Trades Combiner started at 2026-03-22T12:51:47+00:00
[INFO] BACKTEST_ROOT = C:\Users\Leon\Desktop\Business_Code\Quant_Structure\FTMO\1.Data_Center\Data\Strategy_Data\IS_OOS_Backtest_Trades_Data
[INFO] LIVE_ROOT     = C:\Users\Leon\Desktop\Business_Code\Quant_Structure\FTMO\1.Data_Center\Data\Strategy_Data\Live_Trades_Data\Strategy_Live_Performance
[INFO] OUTPUT_ROOT   = C:\Users\Leon\Desktop\Business_Code\Quant_Structure\FTMO\1.Data_Center\Data\Strategy_Data\Combined_Trades_Data\by_account
--------------------------------------------------------------------------------
BACKTEST TOTAL : 31039
  BACKTEST_IS  : 19775
  BACKTEST_OOS : 11264
LIVE TOTAL     : 1378
ACCOUNTS       : 6
OUTPUT ROOT    : C:\Users\Leon\Desktop\Business_Code\Quant_Structure\FTMO\1.Data_Center\Data\Strategy_Data\Combined_Trades_Data\by_account
--------------------------------------------------------------------------------
================================================================================
[INFO] Trades Combiner started at 2026-03-22T12:52:53+00:00
[INFO] BACKTEST_ROOT = C:\Users\Leon\Desktop\Business_Code\Quant_Structure\FTMO\1.Data_Center\Data\Strategy_Data\IS_OOS_Backtest_Trades_Data
[INFO] LIVE_ROOT     = C:\Users\Leon\Desktop\Business_Code\Quant_Structure\FTMO\1.Data_Center\Data\Strategy_Data\Live_Trades_Data\Strategy_Live_Performance
[INFO] OUTPUT_ROOT   = C:\Users\Leon\Desktop\Business_Code\Quant_Structure\FTMO\1.Data_Center\Data\Strategy_Data\Combined_Trades_Data\by_account
--------------------------------------------------------------------------------
BACKTEST TOTAL : 31039
  BACKTEST_IS  : 19775
  BACKTEST_OOS : 11264
LIVE TOTAL     : 1378
ACCOUNTS       : 6
OUTPUT ROOT    : C:\Users\Leon\Desktop\Business_Code\Quant_Structure\FTMO\1.Data_Center\Data\Strategy_Data\Combined_Trades_Data\by_account
--------------------------------------------------------------------------------
================================================================================
[INFO] Trades Combiner started at 2026-03-22T12:53:59+00:00
[INFO] BACKTEST_ROOT = C:\Users\Leon\Desktop\Business_Code\Quant_Structure\FTMO\1.Data_Center\Data\Strategy_Data\IS_OOS_Backtest_Trades_Data
[INFO] LIVE_ROOT     = C:\Users\Leon\Desktop\Business_Code\Quant_Structure\FTMO\1.Data_Center\Data\Strategy_Data\Live_Trades_Data\Strategy_Live_Performance
[INFO] OUTPUT_ROOT   = C:\Users\Leon\Desktop\Business_Code\Quant_Structure\FTMO\1.Data_Center\Data\Strategy_Data\Combined_Trades_Data\by_account
--------------------------------------------------------------------------------
BACKTEST TOTAL : 31039
  BACKTEST_IS  : 19775
  BACKTEST_OOS : 11264
LIVE TOTAL     : 1378
ACCOUNTS       : 6
OUTPUT ROOT    : C:\Users\Leon\Desktop\Business_Code\Quant_Structure\FTMO\1.Data_Center\Data\Strategy_Data\Combined_Trades_Data\by_account
--------------------------------------------------------------------------------
================================================================================
[INFO] Trades Combiner started at 2026-03-22T12:55:06+00:00
[INFO] BACKTEST_ROOT = C:\Users\Leon\Desktop\Business_Code\Quant_Structure\FTMO\1.Data_Center\Data\Strategy_Data\IS_OOS_Backtest_Trades_Data
[INFO] LIVE_ROOT     = C:\Users\Leon\Desktop\Business_Code\Quant_Structure\FTMO\1.Data_Center\Data\Strategy_Data\Live_Trades_Data\Strategy_Live_Performance
[INFO] OUTPUT_ROOT   = C:\Users\Leon\Desktop\Business_Code\Quant_Structure\FTMO\1.Data_Center\Data\Strategy_Data\Combined_Trades_Data\by_account
--------------------------------------------------------------------------------
BACKTEST TOTAL : 31039
  BACKTEST_IS  : 19775
  BACKTEST_OOS : 11264
LIVE TOTAL     : 1378
ACCOUNTS       : 6
OUTPUT ROOT    : C:\Users\Leon\Desktop\Business_Code\Quant_Structure\FTMO\1.Data_Center\Data\Strategy_Data\Combined_Trades_Data\by_account
--------------------------------------------------------------------------------
================================================================================
[INFO] Trades Combiner started at 2026-03-22T12:56:13+00:00
[INFO] BACKTEST_ROOT = C:\Users\Leon\Desktop\Business_Code\Quant_Structure\FTMO\1.Data_Center\Data\Strategy_Data\IS_OOS_Backtest_Trades_Data
[INFO] LIVE_ROOT     = C:\Users\Leon\Desktop\Business_Code\Quant_Structure\FTMO\1.Data_Center\Data\Strategy_Data\Live_Trades_Data\Strategy_Live_Performance
[INFO] OUTPUT_ROOT   = C:\Users\Leon\Desktop\Business_Code\Quant_Structure\FTMO\1.Data_Center\Data\Strategy_Data\Combined_Trades_Data\by_account
--------------------------------------------------------------------------------
BACKTEST TOTAL : 31039
  BACKTEST_IS  : 19775
  BACKTEST_OOS : 11264
LIVE TOTAL     : 1378
ACCOUNTS       : 6
OUTPUT ROOT    : C:\Users\Leon\Desktop\Business_Code\Quant_Structure\FTMO\1.Data_Center\Data\Strategy_Data\Combined_Trades_Data\by_account
--------------------------------------------------------------------------------
================================================================================
[INFO] Trades Combiner started at 2026-03-22T12:57:18+00:00
[INFO] BACKTEST_ROOT = C:\Users\Leon\Desktop\Business_Code\Quant_Structure\FTMO\1.Data_Center\Data\Strategy_Data\IS_OOS_Backtest_Trades_Data
[INFO] LIVE_ROOT     = C:\Users\Leon\Desktop\Business_Code\Quant_Structure\FTMO\1.Data_Center\Data\Strategy_Data\Live_Trades_Data\Strategy_Live_Performance
[INFO] OUTPUT_ROOT   = C:\Users\Leon\Desktop\Business_Code\Quant_Structure\FTMO\1.Data_Center\Data\Strategy_Data\Combined_Trades_Data\by_account
--------------------------------------------------------------------------------
BACKTEST TOTAL : 31039
  BACKTEST_IS  : 19775
  BACKTEST_OOS : 11264
LIVE TOTAL     : 1378
ACCOUNTS       : 6
OUTPUT ROOT    : C:\Users\Leon\Desktop\Business_Code\Quant_Structure\FTMO\1.Data_Center\Data\Strategy_Data\Combined_Trades_Data\by_account
--------------------------------------------------------------------------------
================================================================================
[INFO] Trades Combiner started at 2026-03-22T12:58:24+00:00
[INFO] BACKTEST_ROOT = C:\Users\Leon\Desktop\Business_Code\Quant_Structure\FTMO\1.Data_Center\Data\Strategy_Data\IS_OOS_Backtest_Trades_Data
[INFO] LIVE_ROOT     = C:\Users\Leon\Desktop\Business_Code\Quant_Structure\FTMO\1.Data_Center\Data\Strategy_Data\Live_Trades_Data\Strategy_Live_Performance
[INFO] OUTPUT_ROOT   = C:\Users\Leon\Desktop\Business_Code\Quant_Structure\FTMO\1.Data_Center\Data\Strategy_Data\Combined_Trades_Data\by_account
--------------------------------------------------------------------------------
BACKTEST TOTAL : 31039
  BACKTEST_IS  : 19775
  BACKTEST_OOS : 11264
LIVE TOTAL     : 1378
ACCOUNTS       : 6
OUTPUT ROOT    : C:\Users\Leon\Desktop\Business_Code\Quant_Structure\FTMO\1.Data_Center\Data\Strategy_Data\Combined_Trades_Data\by_account
--------------------------------------------------------------------------------
================================================================================
[INFO] Trades Combiner started at 2026-03-22T12:59:30+00:00
[INFO] BACKTEST_ROOT = C:\Users\Leon\Desktop\Business_Code\Quant_Structure\FTMO\1.Data_Center\Data\Strategy_Data\IS_OOS_Backtest_Trades_Data
[INFO] LIVE_ROOT     = C:\Users\Leon\Desktop\Business_Code\Quant_Structure\FTMO\1.Data_Center\Data\Strategy_Data\Live_Trades_Data\Strategy_Live_Performance
[INFO] OUTPUT_ROOT   = C:\Users\Leon\Desktop\Business_Code\Quant_Structure\FTMO\1.Data_Center\Data\Strategy_Data\Combined_Trades_Data\by_account
--------------------------------------------------------------------------------
BACKTEST TOTAL : 31039
  BACKTEST_IS  : 19775
  BACKTEST_OOS : 11264
LIVE TOTAL     : 1378
ACCOUNTS       : 6
OUTPUT ROOT    : C:\Users\Leon\Desktop\Business_Code\Quant_Structure\FTMO\1.Data_Center\Data\Strategy_Data\Combined_Trades_Data\by_account
--------------------------------------------------------------------------------
================================================================================
[INFO] Trades Combiner started at 2026-03-22T13:00:36+00:00
[INFO] BACKTEST_ROOT = C:\Users\Leon\Desktop\Business_Code\Quant_Structure\FTMO\1.Data_Center\Data\Strategy_Data\IS_OOS_Backtest_Trades_Data
[INFO] LIVE_ROOT     = C:\Users\Leon\Desktop\Business_Code\Quant_Structure\FTMO\1.Data_Center\Data\Strategy_Data\Live_Trades_Data\Strategy_Live_Performance
[INFO] OUTPUT_ROOT   = C:\Users\Leon\Desktop\Business_Code\Quant_Structure\FTMO\1.Data_Center\Data\Strategy_Data\Combined_Trades_Data\by_account
--------------------------------------------------------------------------------
BACKTEST TOTAL : 31039
  BACKTEST_IS  : 19775
  BACKTEST_OOS : 11264
LIVE TOTAL     : 1378
ACCOUNTS       : 6
OUTPUT ROOT    : C:\Users\Leon\Desktop\Business_Code\Quant_Structure\FTMO\1.Data_Center\Data\Strategy_Data\Combined_Trades_Data\by_account
--------------------------------------------------------------------------------
================================================================================
[INFO] Trades Combiner started at 2026-03-22T13:01:42+00:00
[INFO] BACKTEST_ROOT = C:\Users\Leon\Desktop\Business_Code\Quant_Structure\FTMO\1.Data_Center\Data\Strategy_Data\IS_OOS_Backtest_Trades_Data
[INFO] LIVE_ROOT     = C:\Users\Leon\Desktop\Business_Code\Quant_Structure\FTMO\1.Data_Center\Data\Strategy_Data\Live_Trades_Data\Strategy_Live_Performance
[INFO] OUTPUT_ROOT   = C:\Users\Leon\Desktop\Business_Code\Quant_Structure\FTMO\1.Data_Center\Data\Strategy_Data\Combined_Trades_Data\by_account
--------------------------------------------------------------------------------
BACKTEST TOTAL : 31039
  BACKTEST_IS  : 19775
  BACKTEST_OOS : 11264
LIVE TOTAL     : 1378
ACCOUNTS       : 6
OUTPUT ROOT    : C:\Users\Leon\Desktop\Business_Code\Quant_Structure\FTMO\1.Data_Center\Data\Strategy_Data\Combined_Trades_Data\by_account
--------------------------------------------------------------------------------
================================================================================
[INFO] Trades Combiner started at 2026-03-22T13:02:48+00:00
[INFO] BACKTEST_ROOT = C:\Users\Leon\Desktop\Business_Code\Quant_Structure\FTMO\1.Data_Center\Data\Strategy_Data\IS_OOS_Backtest_Trades_Data
[INFO] LIVE_ROOT     = C:\Users\Leon\Desktop\Business_Code\Quant_Structure\FTMO\1.Data_Center\Data\Strategy_Data\Live_Trades_Data\Strategy_Live_Performance
[INFO] OUTPUT_ROOT   = C:\Users\Leon\Desktop\Business_Code\Quant_Structure\FTMO\1.Data_Center\Data\Strategy_Data\Combined_Trades_Data\by_account
--------------------------------------------------------------------------------
BACKTEST TOTAL : 31039
  BACKTEST_IS  : 19775
  BACKTEST_OOS : 11264
LIVE TOTAL     : 1378
ACCOUNTS       : 6
OUTPUT ROOT    : C:\Users\Leon\Desktop\Business_Code\Quant_Structure\FTMO\1.Data_Center\Data\Strategy_Data\Combined_Trades_Data\by_account
--------------------------------------------------------------------------------
================================================================================
[INFO] Trades Combiner started at 2026-03-22T13:03:54+00:00
[INFO] BACKTEST_ROOT = C:\Users\Leon\Desktop\Business_Code\Quant_Structure\FTMO\1.Data_Center\Data\Strategy_Data\IS_OOS_Backtest_Trades_Data
[INFO] LIVE_ROOT     = C:\Users\Leon\Desktop\Business_Code\Quant_Structure\FTMO\1.Data_Center\Data\Strategy_Data\Live_Trades_Data\Strategy_Live_Performance
[INFO] OUTPUT_ROOT   = C:\Users\Leon\Desktop\Business_Code\Quant_Structure\FTMO\1.Data_Center\Data\Strategy_Data\Combined_Trades_Data\by_account
--------------------------------------------------------------------------------
BACKTEST TOTAL : 31039
  BACKTEST_IS  : 19775
  BACKTEST_OOS : 11264
LIVE TOTAL     : 1378
ACCOUNTS       : 6
OUTPUT ROOT    : C:\Users\Leon\Desktop\Business_Code\Quant_Structure\FTMO\1.Data_Center\Data\Strategy_Data\Combined_Trades_Data\by_account
--------------------------------------------------------------------------------
================================================================================
[INFO] Trades Combiner started at 2026-03-22T13:05:00+00:00
[INFO] BACKTEST_ROOT = C:\Users\Leon\Desktop\Business_Code\Quant_Structure\FTMO\1.Data_Center\Data\Strategy_Data\IS_OOS_Backtest_Trades_Data
[INFO] LIVE_ROOT     = C:\Users\Leon\Desktop\Business_Code\Quant_Structure\FTMO\1.Data_Center\Data\Strategy_Data\Live_Trades_Data\Strategy_Live_Performance
[INFO] OUTPUT_ROOT   = C:\Users\Leon\Desktop\Business_Code\Quant_Structure\FTMO\1.Data_Center\Data\Strategy_Data\Combined_Trades_Data\by_account
--------------------------------------------------------------------------------
BACKTEST TOTAL : 31039
  BACKTEST_IS  : 19775
  BACKTEST_OOS : 11264
LIVE TOTAL     : 1378
ACCOUNTS       : 6
OUTPUT ROOT    : C:\Users\Leon\Desktop\Business_Code\Quant_Structure\FTMO\1.Data_Center\Data\Strategy_Data\Combined_Trades_Data\by_account
--------------------------------------------------------------------------------
================================================================================
[INFO] Trades Combiner started at 2026-03-22T13:06:07+00:00
[INFO] BACKTEST_ROOT = C:\Users\Leon\Desktop\Business_Code\Quant_Structure\FTMO\1.Data_Center\Data\Strategy_Data\IS_OOS_Backtest_Trades_Data
[INFO] LIVE_ROOT     = C:\Users\Leon\Desktop\Business_Code\Quant_Structure\FTMO\1.Data_Center\Data\Strategy_Data\Live_Trades_Data\Strategy_Live_Performance
[INFO] OUTPUT_ROOT   = C:\Users\Leon\Desktop\Business_Code\Quant_Structure\FTMO\1.Data_Center\Data\Strategy_Data\Combined_Trades_Data\by_account
--------------------------------------------------------------------------------
BACKTEST TOTAL : 31039
  BACKTEST_IS  : 19775
  BACKTEST_OOS : 11264
LIVE TOTAL     : 1378
ACCOUNTS       : 6
OUTPUT ROOT    : C:\Users\Leon\Desktop\Business_Code\Quant_Structure\FTMO\1.Data_Center\Data\Strategy_Data\Combined_Trades_Data\by_account
--------------------------------------------------------------------------------
================================================================================
[INFO] Trades Combiner started at 2026-03-22T13:07:13+00:00
[INFO] BACKTEST_ROOT = C:\Users\Leon\Desktop\Business_Code\Quant_Structure\FTMO\1.Data_Center\Data\Strategy_Data\IS_OOS_Backtest_Trades_Data
[INFO] LIVE_ROOT     = C:\Users\Leon\Desktop\Business_Code\Quant_Structure\FTMO\1.Data_Center\Data\Strategy_Data\Live_Trades_Data\Strategy_Live_Performance
[INFO] OUTPUT_ROOT   = C:\Users\Leon\Desktop\Business_Code\Quant_Structure\FTMO\1.Data_Center\Data\Strategy_Data\Combined_Trades_Data\by_account
--------------------------------------------------------------------------------
BACKTEST TOTAL : 31039
  BACKTEST_IS  : 19775
  BACKTEST_OOS : 11264
LIVE TOTAL     : 1378
ACCOUNTS       : 6
OUTPUT ROOT    : C:\Users\Leon\Desktop\Business_Code\Quant_Structure\FTMO\1.Data_Center\Data\Strategy_Data\Combined_Trades_Data\by_account
--------------------------------------------------------------------------------
================================================================================
[INFO] Trades Combiner started at 2026-03-22T13:08:19+00:00
[INFO] BACKTEST_ROOT = C:\Users\Leon\Desktop\Business_Code\Quant_Structure\FTMO\1.Data_Center\Data\Strategy_Data\IS_OOS_Backtest_Trades_Data
[INFO] LIVE_ROOT     = C:\Users\Leon\Desktop\Business_Code\Quant_Structure\FTMO\1.Data_Center\Data\Strategy_Data\Live_Trades_Data\Strategy_Live_Performance
[INFO] OUTPUT_ROOT   = C:\Users\Leon\Desktop\Business_Code\Quant_Structure\FTMO\1.Data_Center\Data\Strategy_Data\Combined_Trades_Data\by_account
--------------------------------------------------------------------------------
BACKTEST TOTAL : 31039
  BACKTEST_IS  : 19775
  BACKTEST_OOS : 11264
LIVE TOTAL     : 1378
ACCOUNTS       : 6
OUTPUT ROOT    : C:\Users\Leon\Desktop\Business_Code\Quant_Structure\FTMO\1.Data_Center\Data\Strategy_Data\Combined_Trades_Data\by_account
--------------------------------------------------------------------------------
================================================================================
[INFO] Trades Combiner started at 2026-03-22T13:09:25+00:00
[INFO] BACKTEST_ROOT = C:\Users\Leon\Desktop\Business_Code\Quant_Structure\FTMO\1.Data_Center\Data\Strategy_Data\IS_OOS_Backtest_Trades_Data
[INFO] LIVE_ROOT     = C:\Users\Leon\Desktop\Business_Code\Quant_Structure\FTMO\1.Data_Center\Data\Strategy_Data\Live_Trades_Data\Strategy_Live_Performance
[INFO] OUTPUT_ROOT   = C:\Users\Leon\Desktop\Business_Code\Quant_Structure\FTMO\1.Data_Center\Data\Strategy_Data\Combined_Trades_Data\by_account
--------------------------------------------------------------------------------
BACKTEST TOTAL : 31039
  BACKTEST_IS  : 19775
  BACKTEST_OOS : 11264
LIVE TOTAL     : 1378
ACCOUNTS       : 6
OUTPUT ROOT    : C:\Users\Leon\Desktop\Business_Code\Quant_Structure\FTMO\1.Data_Center\Data\Strategy_Data\Combined_Trades_Data\by_account
--------------------------------------------------------------------------------
================================================================================
[INFO] Trades Combiner started at 2026-03-22T13:10:30+00:00
[INFO] BACKTEST_ROOT = C:\Users\Leon\Desktop\Business_Code\Quant_Structure\FTMO\1.Data_Center\Data\Strategy_Data\IS_OOS_Backtest_Trades_Data
[INFO] LIVE_ROOT     = C:\Users\Leon\Desktop\Business_Code\Quant_Structure\FTMO\1.Data_Center\Data\Strategy_Data\Live_Trades_Data\Strategy_Live_Performance
[INFO] OUTPUT_ROOT   = C:\Users\Leon\Desktop\Business_Code\Quant_Structure\FTMO\1.Data_Center\Data\Strategy_Data\Combined_Trades_Data\by_account
--------------------------------------------------------------------------------
BACKTEST TOTAL : 31039
  BACKTEST_IS  : 19775
  BACKTEST_OOS : 11264
LIVE TOTAL     : 1378
ACCOUNTS       : 6
OUTPUT ROOT    : C:\Users\Leon\Desktop\Business_Code\Quant_Structure\FTMO\1.Data_Center\Data\Strategy_Data\Combined_Trades_Data\by_account
--------------------------------------------------------------------------------
================================================================================
[INFO] Trades Combiner started at 2026-03-22T13:11:36+00:00
[INFO] BACKTEST_ROOT = C:\Users\Leon\Desktop\Business_Code\Quant_Structure\FTMO\1.Data_Center\Data\Strategy_Data\IS_OOS_Backtest_Trades_Data
[INFO] LIVE_ROOT     = C:\Users\Leon\Desktop\Business_Code\Quant_Structure\FTMO\1.Data_Center\Data\Strategy_Data\Live_Trades_Data\Strategy_Live_Performance
[INFO] OUTPUT_ROOT   = C:\Users\Leon\Desktop\Business_Code\Quant_Structure\FTMO\1.Data_Center\Data\Strategy_Data\Combined_Trades_Data\by_account
--------------------------------------------------------------------------------
BACKTEST TOTAL : 31039
  BACKTEST_IS  : 19775
  BACKTEST_OOS : 11264
LIVE TOTAL     : 1378
ACCOUNTS       : 6
OUTPUT ROOT    : C:\Users\Leon\Desktop\Business_Code\Quant_Structure\FTMO\1.Data_Center\Data\Strategy_Data\Combined_Trades_Data\by_account
--------------------------------------------------------------------------------
================================================================================
[INFO] Trades Combiner started at 2026-03-22T13:12:41+00:00
[INFO] BACKTEST_ROOT = C:\Users\Leon\Desktop\Business_Code\Quant_Structure\FTMO\1.Data_Center\Data\Strategy_Data\IS_OOS_Backtest_Trades_Data
[INFO] LIVE_ROOT     = C:\Users\Leon\Desktop\Business_Code\Quant_Structure\FTMO\1.Data_Center\Data\Strategy_Data\Live_Trades_Data\Strategy_Live_Performance
[INFO] OUTPUT_ROOT   = C:\Users\Leon\Desktop\Business_Code\Quant_Structure\FTMO\1.Data_Center\Data\Strategy_Data\Combined_Trades_Data\by_account
--------------------------------------------------------------------------------
BACKTEST TOTAL : 31039
  BACKTEST_IS  : 19775
  BACKTEST_OOS : 11264
LIVE TOTAL     : 1378
ACCOUNTS       : 6
OUTPUT ROOT    : C:\Users\Leon\Desktop\Business_Code\Quant_Structure\FTMO\1.Data_Center\Data\Strategy_Data\Combined_Trades_Data\by_account
--------------------------------------------------------------------------------
================================================================================
[INFO] Trades Combiner started at 2026-03-22T13:13:47+00:00
[INFO] BACKTEST_ROOT = C:\Users\Leon\Desktop\Business_Code\Quant_Structure\FTMO\1.Data_Center\Data\Strategy_Data\IS_OOS_Backtest_Trades_Data
[INFO] LIVE_ROOT     = C:\Users\Leon\Desktop\Business_Code\Quant_Structure\FTMO\1.Data_Center\Data\Strategy_Data\Live_Trades_Data\Strategy_Live_Performance
[INFO] OUTPUT_ROOT   = C:\Users\Leon\Desktop\Business_Code\Quant_Structure\FTMO\1.Data_Center\Data\Strategy_Data\Combined_Trades_Data\by_account
--------------------------------------------------------------------------------
BACKTEST TOTAL : 31039
  BACKTEST_IS  : 19775
  BACKTEST_OOS : 11264
LIVE TOTAL     : 1378
ACCOUNTS       : 6
OUTPUT ROOT    : C:\Users\Leon\Desktop\Business_Code\Quant_Structure\FTMO\1.Data_Center\Data\Strategy_Data\Combined_Trades_Data\by_account
--------------------------------------------------------------------------------
================================================================================
[INFO] Trades Combiner started at 2026-03-22T13:14:53+00:00
[INFO] BACKTEST_ROOT = C:\Users\Leon\Desktop\Business_Code\Quant_Structure\FTMO\1.Data_Center\Data\Strategy_Data\IS_OOS_Backtest_Trades_Data
[INFO] LIVE_ROOT     = C:\Users\Leon\Desktop\Business_Code\Quant_Structure\FTMO\1.Data_Center\Data\Strategy_Data\Live_Trades_Data\Strategy_Live_Performance
[INFO] OUTPUT_ROOT   = C:\Users\Leon\Desktop\Business_Code\Quant_Structure\FTMO\1.Data_Center\Data\Strategy_Data\Combined_Trades_Data\by_account
--------------------------------------------------------------------------------
BACKTEST TOTAL : 31039
  BACKTEST_IS  : 19775
  BACKTEST_OOS : 11264
LIVE TOTAL     : 1378
ACCOUNTS       : 6
OUTPUT ROOT    : C:\Users\Leon\Desktop\Business_Code\Quant_Structure\FTMO\1.Data_Center\Data\Strategy_Data\Combined_Trades_Data\by_account
--------------------------------------------------------------------------------
================================================================================
[INFO] Trades Combiner started at 2026-03-22T13:16:00+00:00
[INFO] BACKTEST_ROOT = C:\Users\Leon\Desktop\Business_Code\Quant_Structure\FTMO\1.Data_Center\Data\Strategy_Data\IS_OOS_Backtest_Trades_Data
[INFO] LIVE_ROOT     = C:\Users\Leon\Desktop\Business_Code\Quant_Structure\FTMO\1.Data_Center\Data\Strategy_Data\Live_Trades_Data\Strategy_Live_Performance
[INFO] OUTPUT_ROOT   = C:\Users\Leon\Desktop\Business_Code\Quant_Structure\FTMO\1.Data_Center\Data\Strategy_Data\Combined_Trades_Data\by_account
--------------------------------------------------------------------------------
BACKTEST TOTAL : 31039
  BACKTEST_IS  : 19775
  BACKTEST_OOS : 11264
LIVE TOTAL     : 1378
ACCOUNTS       : 6
OUTPUT ROOT    : C:\Users\Leon\Desktop\Business_Code\Quant_Structure\FTMO\1.Data_Center\Data\Strategy_Data\Combined_Trades_Data\by_account
--------------------------------------------------------------------------------
================================================================================
[INFO] Trades Combiner started at 2026-03-22T13:17:08+00:00
[INFO] BACKTEST_ROOT = C:\Users\Leon\Desktop\Business_Code\Quant_Structure\FTMO\1.Data_Center\Data\Strategy_Data\IS_OOS_Backtest_Trades_Data
[INFO] LIVE_ROOT     = C:\Users\Leon\Desktop\Business_Code\Quant_Structure\FTMO\1.Data_Center\Data\Strategy_Data\Live_Trades_Data\Strategy_Live_Performance
[INFO] OUTPUT_ROOT   = C:\Users\Leon\Desktop\Business_Code\Quant_Structure\FTMO\1.Data_Center\Data\Strategy_Data\Combined_Trades_Data\by_account
--------------------------------------------------------------------------------
BACKTEST TOTAL : 31039
  BACKTEST_IS  : 19775
  BACKTEST_OOS : 11264
LIVE TOTAL     : 1378
ACCOUNTS       : 6
OUTPUT ROOT    : C:\Users\Leon\Desktop\Business_Code\Quant_Structure\FTMO\1.Data_Center\Data\Strategy_Data\Combined_Trades_Data\by_account
--------------------------------------------------------------------------------
================================================================================
[INFO] Trades Combiner started at 2026-03-22T13:18:14+00:00
[INFO] BACKTEST_ROOT = C:\Users\Leon\Desktop\Business_Code\Quant_Structure\FTMO\1.Data_Center\Data\Strategy_Data\IS_OOS_Backtest_Trades_Data
[INFO] LIVE_ROOT     = C:\Users\Leon\Desktop\Business_Code\Quant_Structure\FTMO\1.Data_Center\Data\Strategy_Data\Live_Trades_Data\Strategy_Live_Performance
[INFO] OUTPUT_ROOT   = C:\Users\Leon\Desktop\Business_Code\Quant_Structure\FTMO\1.Data_Center\Data\Strategy_Data\Combined_Trades_Data\by_account
--------------------------------------------------------------------------------
BACKTEST TOTAL : 31039
  BACKTEST_IS  : 19775
  BACKTEST_OOS : 11264
LIVE TOTAL     : 1378
ACCOUNTS       : 6
OUTPUT ROOT    : C:\Users\Leon\Desktop\Business_Code\Quant_Structure\FTMO\1.Data_Center\Data\Strategy_Data\Combined_Trades_Data\by_account
--------------------------------------------------------------------------------
================================================================================
[INFO] Trades Combiner started at 2026-03-22T13:19:19+00:00
[INFO] BACKTEST_ROOT = C:\Users\Leon\Desktop\Business_Code\Quant_Structure\FTMO\1.Data_Center\Data\Strategy_Data\IS_OOS_Backtest_Trades_Data
[INFO] LIVE_ROOT     = C:\Users\Leon\Desktop\Business_Code\Quant_Structure\FTMO\1.Data_Center\Data\Strategy_Data\Live_Trades_Data\Strategy_Live_Performance
[INFO] OUTPUT_ROOT   = C:\Users\Leon\Desktop\Business_Code\Quant_Structure\FTMO\1.Data_Center\Data\Strategy_Data\Combined_Trades_Data\by_account
--------------------------------------------------------------------------------
BACKTEST TOTAL : 31039
  BACKTEST_IS  : 19775
  BACKTEST_OOS : 11264
LIVE TOTAL     : 1378
ACCOUNTS       : 6
OUTPUT ROOT    : C:\Users\Leon\Desktop\Business_Code\Quant_Structure\FTMO\1.Data_Center\Data\Strategy_Data\Combined_Trades_Data\by_account
--------------------------------------------------------------------------------
================================================================================
[INFO] Trades Combiner started at 2026-03-22T13:20:25+00:00
[INFO] BACKTEST_ROOT = C:\Users\Leon\Desktop\Business_Code\Quant_Structure\FTMO\1.Data_Center\Data\Strategy_Data\IS_OOS_Backtest_Trades_Data
[INFO] LIVE_ROOT     = C:\Users\Leon\Desktop\Business_Code\Quant_Structure\FTMO\1.Data_Center\Data\Strategy_Data\Live_Trades_Data\Strategy_Live_Performance
[INFO] OUTPUT_ROOT   = C:\Users\Leon\Desktop\Business_Code\Quant_Structure\FTMO\1.Data_Center\Data\Strategy_Data\Combined_Trades_Data\by_account
--------------------------------------------------------------------------------
BACKTEST TOTAL : 31039
  BACKTEST_IS  : 19775
  BACKTEST_OOS : 11264
LIVE TOTAL     : 1378
ACCOUNTS       : 6
OUTPUT ROOT    : C:\Users\Leon\Desktop\Business_Code\Quant_Structure\FTMO\1.Data_Center\Data\Strategy_Data\Combined_Trades_Data\by_account
--------------------------------------------------------------------------------
================================================================================
[INFO] Trades Combiner started at 2026-03-22T13:21:31+00:00
[INFO] BACKTEST_ROOT = C:\Users\Leon\Desktop\Business_Code\Quant_Structure\FTMO\1.Data_Center\Data\Strategy_Data\IS_OOS_Backtest_Trades_Data
[INFO] LIVE_ROOT     = C:\Users\Leon\Desktop\Business_Code\Quant_Structure\FTMO\1.Data_Center\Data\Strategy_Data\Live_Trades_Data\Strategy_Live_Performance
[INFO] OUTPUT_ROOT   = C:\Users\Leon\Desktop\Business_Code\Quant_Structure\FTMO\1.Data_Center\Data\Strategy_Data\Combined_Trades_Data\by_account
--------------------------------------------------------------------------------
BACKTEST TOTAL : 31039
  BACKTEST_IS  : 19775
  BACKTEST_OOS : 11264
LIVE TOTAL     : 1378
ACCOUNTS       : 6
OUTPUT ROOT    : C:\Users\Leon\Desktop\Business_Code\Quant_Structure\FTMO\1.Data_Center\Data\Strategy_Data\Combined_Trades_Data\by_account
--------------------------------------------------------------------------------
================================================================================
[INFO] Trades Combiner started at 2026-03-22T13:22:36+00:00
[INFO] BACKTEST_ROOT = C:\Users\Leon\Desktop\Business_Code\Quant_Structure\FTMO\1.Data_Center\Data\Strategy_Data\IS_OOS_Backtest_Trades_Data
[INFO] LIVE_ROOT     = C:\Users\Leon\Desktop\Business_Code\Quant_Structure\FTMO\1.Data_Center\Data\Strategy_Data\Live_Trades_Data\Strategy_Live_Performance
[INFO] OUTPUT_ROOT   = C:\Users\Leon\Desktop\Business_Code\Quant_Structure\FTMO\1.Data_Center\Data\Strategy_Data\Combined_Trades_Data\by_account
--------------------------------------------------------------------------------
BACKTEST TOTAL : 31039
  BACKTEST_IS  : 19775
  BACKTEST_OOS : 11264
LIVE TOTAL     : 1378
ACCOUNTS       : 6
OUTPUT ROOT    : C:\Users\Leon\Desktop\Business_Code\Quant_Structure\FTMO\1.Data_Center\Data\Strategy_Data\Combined_Trades_Data\by_account
--------------------------------------------------------------------------------
================================================================================
[INFO] Trades Combiner started at 2026-03-22T13:23:43+00:00
[INFO] BACKTEST_ROOT = C:\Users\Leon\Desktop\Business_Code\Quant_Structure\FTMO\1.Data_Center\Data\Strategy_Data\IS_OOS_Backtest_Trades_Data
[INFO] LIVE_ROOT     = C:\Users\Leon\Desktop\Business_Code\Quant_Structure\FTMO\1.Data_Center\Data\Strategy_Data\Live_Trades_Data\Strategy_Live_Performance
[INFO] OUTPUT_ROOT   = C:\Users\Leon\Desktop\Business_Code\Quant_Structure\FTMO\1.Data_Center\Data\Strategy_Data\Combined_Trades_Data\by_account
--------------------------------------------------------------------------------
BACKTEST TOTAL : 31039
  BACKTEST_IS  : 19775
  BACKTEST_OOS : 11264
LIVE TOTAL     : 1378
ACCOUNTS       : 6
OUTPUT ROOT    : C:\Users\Leon\Desktop\Business_Code\Quant_Structure\FTMO\1.Data_Center\Data\Strategy_Data\Combined_Trades_Data\by_account
--------------------------------------------------------------------------------
================================================================================
[INFO] Trades Combiner started at 2026-03-22T13:24:50+00:00
[INFO] BACKTEST_ROOT = C:\Users\Leon\Desktop\Business_Code\Quant_Structure\FTMO\1.Data_Center\Data\Strategy_Data\IS_OOS_Backtest_Trades_Data
[INFO] LIVE_ROOT     = C:\Users\Leon\Desktop\Business_Code\Quant_Structure\FTMO\1.Data_Center\Data\Strategy_Data\Live_Trades_Data\Strategy_Live_Performance
[INFO] OUTPUT_ROOT   = C:\Users\Leon\Desktop\Business_Code\Quant_Structure\FTMO\1.Data_Center\Data\Strategy_Data\Combined_Trades_Data\by_account
--------------------------------------------------------------------------------
BACKTEST TOTAL : 31039
  BACKTEST_IS  : 19775
  BACKTEST_OOS : 11264
LIVE TOTAL     : 1378
ACCOUNTS       : 6
OUTPUT ROOT    : C:\Users\Leon\Desktop\Business_Code\Quant_Structure\FTMO\1.Data_Center\Data\Strategy_Data\Combined_Trades_Data\by_account
--------------------------------------------------------------------------------
================================================================================
[INFO] Trades Combiner started at 2026-03-22T13:25:56+00:00
[INFO] BACKTEST_ROOT = C:\Users\Leon\Desktop\Business_Code\Quant_Structure\FTMO\1.Data_Center\Data\Strategy_Data\IS_OOS_Backtest_Trades_Data
[INFO] LIVE_ROOT     = C:\Users\Leon\Desktop\Business_Code\Quant_Structure\FTMO\1.Data_Center\Data\Strategy_Data\Live_Trades_Data\Strategy_Live_Performance
[INFO] OUTPUT_ROOT   = C:\Users\Leon\Desktop\Business_Code\Quant_Structure\FTMO\1.Data_Center\Data\Strategy_Data\Combined_Trades_Data\by_account
--------------------------------------------------------------------------------
BACKTEST TOTAL : 31039
  BACKTEST_IS  : 19775
  BACKTEST_OOS : 11264
LIVE TOTAL     : 1378
ACCOUNTS       : 6
OUTPUT ROOT    : C:\Users\Leon\Desktop\Business_Code\Quant_Structure\FTMO\1.Data_Center\Data\Strategy_Data\Combined_Trades_Data\by_account
--------------------------------------------------------------------------------
================================================================================
[INFO] Trades Combiner started at 2026-03-22T13:27:02+00:00
[INFO] BACKTEST_ROOT = C:\Users\Leon\Desktop\Business_Code\Quant_Structure\FTMO\1.Data_Center\Data\Strategy_Data\IS_OOS_Backtest_Trades_Data
[INFO] LIVE_ROOT     = C:\Users\Leon\Desktop\Business_Code\Quant_Structure\FTMO\1.Data_Center\Data\Strategy_Data\Live_Trades_Data\Strategy_Live_Performance
[INFO] OUTPUT_ROOT   = C:\Users\Leon\Desktop\Business_Code\Quant_Structure\FTMO\1.Data_Center\Data\Strategy_Data\Combined_Trades_Data\by_account
--------------------------------------------------------------------------------
BACKTEST TOTAL : 31039
  BACKTEST_IS  : 19775
  BACKTEST_OOS : 11264
LIVE TOTAL     : 1378
ACCOUNTS       : 6
OUTPUT ROOT    : C:\Users\Leon\Desktop\Business_Code\Quant_Structure\FTMO\1.Data_Center\Data\Strategy_Data\Combined_Trades_Data\by_account
--------------------------------------------------------------------------------
================================================================================
[INFO] Trades Combiner started at 2026-03-22T13:28:08+00:00
[INFO] BACKTEST_ROOT = C:\Users\Leon\Desktop\Business_Code\Quant_Structure\FTMO\1.Data_Center\Data\Strategy_Data\IS_OOS_Backtest_Trades_Data
[INFO] LIVE_ROOT     = C:\Users\Leon\Desktop\Business_Code\Quant_Structure\FTMO\1.Data_Center\Data\Strategy_Data\Live_Trades_Data\Strategy_Live_Performance
[INFO] OUTPUT_ROOT   = C:\Users\Leon\Desktop\Business_Code\Quant_Structure\FTMO\1.Data_Center\Data\Strategy_Data\Combined_Trades_Data\by_account
--------------------------------------------------------------------------------
BACKTEST TOTAL : 31039
  BACKTEST_IS  : 19775
  BACKTEST_OOS : 11264
LIVE TOTAL     : 1378
ACCOUNTS       : 6
OUTPUT ROOT    : C:\Users\Leon\Desktop\Business_Code\Quant_Structure\FTMO\1.Data_Center\Data\Strategy_Data\Combined_Trades_Data\by_account
--------------------------------------------------------------------------------
================================================================================
[INFO] Trades Combiner started at 2026-03-22T13:29:13+00:00
[INFO] BACKTEST_ROOT = C:\Users\Leon\Desktop\Business_Code\Quant_Structure\FTMO\1.Data_Center\Data\Strategy_Data\IS_OOS_Backtest_Trades_Data
[INFO] LIVE_ROOT     = C:\Users\Leon\Desktop\Business_Code\Quant_Structure\FTMO\1.Data_Center\Data\Strategy_Data\Live_Trades_Data\Strategy_Live_Performance
[INFO] OUTPUT_ROOT   = C:\Users\Leon\Desktop\Business_Code\Quant_Structure\FTMO\1.Data_Center\Data\Strategy_Data\Combined_Trades_Data\by_account
--------------------------------------------------------------------------------
BACKTEST TOTAL : 31039
  BACKTEST_IS  : 19775
  BACKTEST_OOS : 11264
LIVE TOTAL     : 1378
ACCOUNTS       : 6
OUTPUT ROOT    : C:\Users\Leon\Desktop\Business_Code\Quant_Structure\FTMO\1.Data_Center\Data\Strategy_Data\Combined_Trades_Data\by_account
--------------------------------------------------------------------------------
================================================================================
[INFO] Trades Combiner started at 2026-03-22T13:30:20+00:00
[INFO] BACKTEST_ROOT = C:\Users\Leon\Desktop\Business_Code\Quant_Structure\FTMO\1.Data_Center\Data\Strategy_Data\IS_OOS_Backtest_Trades_Data
[INFO] LIVE_ROOT     = C:\Users\Leon\Desktop\Business_Code\Quant_Structure\FTMO\1.Data_Center\Data\Strategy_Data\Live_Trades_Data\Strategy_Live_Performance
[INFO] OUTPUT_ROOT   = C:\Users\Leon\Desktop\Business_Code\Quant_Structure\FTMO\1.Data_Center\Data\Strategy_Data\Combined_Trades_Data\by_account
--------------------------------------------------------------------------------
BACKTEST TOTAL : 31039
  BACKTEST_IS  : 19775
  BACKTEST_OOS : 11264
LIVE TOTAL     : 1378
ACCOUNTS       : 6
OUTPUT ROOT    : C:\Users\Leon\Desktop\Business_Code\Quant_Structure\FTMO\1.Data_Center\Data\Strategy_Data\Combined_Trades_Data\by_account
--------------------------------------------------------------------------------
================================================================================
[INFO] Trades Combiner started at 2026-03-22T13:31:26+00:00
