[INFO] terminal64.exe = C:\Users\Leon\Desktop\MetaTrader 5 - Kopie - Kopie - Kopie (17) - Kopie - Kopie - Kopie - Kopie\terminal64.exe
[INFO] ROOT = C:\Users\Leon\Desktop\Business_Code\Quant_Structure\FTMO
[INFO] OUTPUT_DIR = C:\Users\Leon\Desktop\Business_Code\Quant_Structure\FTMO\1.Data_Center\Data\Strategy_Data\Live_Trades_Data\Strategy_Live_Performance\account_1512715324
[OK] Connected: 1512715324 | $200k FTMO Free Trial 2-Step | FTMO-Demo
[OK] Backfill done. Folder: C:\Users\Leon\Desktop\Business_Code\Quant_Structure\FTMO\1.Data_Center\Data\Strategy_Data\Live_Trades_Data\Strategy_Live_Performance\account_1512715324
[INFO] Polling every 60s. Stop with CTRL+C.
[LOOP] 2026-03-18T08:50:40+00:00 | no new closed trades
[LOOP] 2026-03-18T08:51:40+00:00 | no new closed trades
[LOOP] 2026-03-18T08:52:40+00:00 | no new closed trades
[LOOP] 2026-03-18T08:53:40+00:00 | no new closed trades
[LOOP] 2026-03-18T08:54:40+00:00 | no new closed trades
[LOOP] 2026-03-18T08:55:40+00:00 | no new closed trades
[LOOP] 2026-03-18T08:56:40+00:00 | no new closed trades
[LOOP] 2026-03-18T08:57:40+00:00 | no new closed trades
[LOOP] 2026-03-18T08:58:40+00:00 | no new closed trades
[LOOP] 2026-03-18T08:59:40+00:00 | no new closed trades
[LOOP] 2026-03-18T09:00:40+00:00 | no new closed trades
[LOOP] 2026-03-18T09:01:40+00:00 | no new closed trades
[LOOP] 2026-03-18T09:02:40+00:00 | no new closed trades
[LOOP] 2026-03-18T09:03:40+00:00 | no new closed trades
[LOOP] 2026-03-18T09:04:40+00:00 | no new closed trades
[LOOP] 2026-03-18T09:05:40+00:00 | no new closed trades
[LOOP] 2026-03-18T09:06:40+00:00 | no new closed trades
[LOOP] 2026-03-18T09:07:40+00:00 | no new closed trades
[LOOP] 2026-03-18T09:08:40+00:00 | no new closed trades
[LOOP] 2026-03-18T09:09:40+00:00 | no new closed trades
[LOOP] 2026-03-18T09:10:40+00:00 | no new closed trades
[LOOP] 2026-03-18T09:11:40+00:00 | no new closed trades
[LOOP] 2026-03-18T09:12:40+00:00 | no new closed trades
[LOOP] 2026-03-18T09:13:40+00:00 | no new closed trades
[LOOP] 2026-03-18T09:14:40+00:00 | no new closed trades
[LOOP] 2026-03-18T09:15:40+00:00 | no new closed trades
[LOOP] 2026-03-18T09:16:40+00:00 | no new closed trades
[LOOP] 2026-03-18T09:17:40+00:00 | no new closed trades
[LOOP] 2026-03-18T09:18:40+00:00 | no new closed trades
[LOOP] 2026-03-18T09:19:40+00:00 | no new closed trades
[LOOP] 2026-03-18T09:20:40+00:00 | no new closed trades
[LOOP] 2026-03-18T09:21:40+00:00 | no new closed trades
[LOOP] 2026-03-18T09:22:40+00:00 | no new closed trades
[LOOP] 2026-03-18T09:23:40+00:00 | no new closed trades
[LOOP] 2026-03-18T09:24:40+00:00 | no new closed trades
[LOOP] 2026-03-18T09:25:40+00:00 | no new closed trades
[LOOP] 2026-03-18T09:26:40+00:00 | no new closed trades
[LOOP] 2026-03-18T09:27:40+00:00 | no new closed trades
[LOOP] 2026-03-18T09:28:40+00:00 | no new closed trades
[LOOP] 2026-03-18T09:29:40+00:00 | no new closed trades
[LOOP] 2026-03-18T09:30:40+00:00 | no new closed trades
[LOOP] 2026-03-18T09:31:40+00:00 | no new closed trades
[LOOP] 2026-03-18T09:32:40+00:00 | no new closed trades
[LOOP] 2026-03-18T09:33:40+00:00 | no new closed trades
[LOOP] 2026-03-18T09:34:40+00:00 | no new closed trades
[LOOP] 2026-03-18T09:35:40+00:00 | no new closed trades
[LOOP] 2026-03-18T09:36:40+00:00 | no new closed trades
[LOOP] 2026-03-18T09:37:40+00:00 | no new closed trades
[LOOP] 2026-03-18T09:38:40+00:00 | no new closed trades
[LOOP] 2026-03-18T09:39:40+00:00 | no new closed trades
[LOOP] 2026-03-18T09:40:40+00:00 | no new closed trades
[LOOP] 2026-03-18T09:41:40+00:00 | no new closed trades
[LOOP] 2026-03-18T09:42:40+00:00 | no new closed trades
[LOOP] 2026-03-18T09:43:40+00:00 | no new closed trades
[LOOP] 2026-03-18T09:44:40+00:00 | no new closed trades
[LOOP] 2026-03-18T09:45:40+00:00 | no new closed trades
[LOOP] 2026-03-18T09:46:40+00:00 | no new closed trades
[LOOP] 2026-03-18T09:47:40+00:00 | no new closed trades
[LOOP] 2026-03-18T09:48:40+00:00 | no new closed trades
[LOOP] 2026-03-18T09:49:40+00:00 | no new closed trades
[LOOP] 2026-03-18T09:50:40+00:00 | no new closed trades
[LOOP] 2026-03-18T09:51:40+00:00 | no new closed trades
[LOOP] 2026-03-18T09:52:40+00:00 | no new closed trades
[LOOP] 2026-03-18T09:53:40+00:00 | no new closed trades
[LOOP] 2026-03-18T09:54:40+00:00 | no new closed trades
[LOOP] 2026-03-18T09:55:40+00:00 | no new closed trades
[LOOP] 2026-03-18T09:56:40+00:00 | no new closed trades
[LOOP] 2026-03-18T09:57:40+00:00 | no new closed trades
[LOOP] 2026-03-18T09:58:40+00:00 | no new closed trades
[LOOP] 2026-03-18T09:59:40+00:00 | no new closed trades
[LOOP] 2026-03-18T10:00:40+00:00 | no new closed trades
[LOOP] 2026-03-18T10:01:40+00:00 | no new closed trades
[LOOP] 2026-03-18T10:02:40+00:00 | no new closed trades
[LOOP] 2026-03-18T10:03:40+00:00 | no new closed trades
[LOOP] 2026-03-18T10:04:40+00:00 | no new closed trades
[LOOP] 2026-03-18T10:05:40+00:00 | no new closed trades
[LOOP] 2026-03-18T10:06:40+00:00 | no new closed trades
[LOOP] 2026-03-18T10:07:40+00:00 | no new closed trades
[LOOP] 2026-03-18T10:08:40+00:00 | no new closed trades
[LOOP] 2026-03-18T10:09:40+00:00 | no new closed trades
[LOOP] 2026-03-18T10:10:40+00:00 | no new closed trades
[LOOP] 2026-03-18T10:11:40+00:00 | no new closed trades
[LOOP] 2026-03-18T10:12:40+00:00 | no new closed trades
[LOOP] 2026-03-18T10:13:40+00:00 | no new closed trades
[LOOP] 2026-03-18T10:14:40+00:00 | no new closed trades
[LOOP] 2026-03-18T10:15:40+00:00 | no new closed trades
[LOOP] 2026-03-18T10:16:40+00:00 | no new closed trades
[LOOP] 2026-03-18T10:17:40+00:00 | no new closed trades
[LOOP] 2026-03-18T10:18:40+00:00 | no new closed trades
[LOOP] 2026-03-18T10:19:40+00:00 | no new closed trades
[LOOP] 2026-03-18T10:20:40+00:00 | no new closed trades
[LOOP] 2026-03-18T10:21:40+00:00 | no new closed trades
[LOOP] 2026-03-18T10:22:40+00:00 | no new closed trades
[LOOP] 2026-03-18T10:23:40+00:00 | no new closed trades
[LOOP] 2026-03-18T10:24:40+00:00 | no new closed trades
[LOOP] 2026-03-18T10:25:40+00:00 | no new closed trades
[LOOP] 2026-03-18T10:26:40+00:00 | no new closed trades
[LOOP] 2026-03-18T10:27:40+00:00 | no new closed trades
[LOOP] 2026-03-18T10:28:40+00:00 | no new closed trades
[LOOP] 2026-03-18T10:29:40+00:00 | no new closed trades
[LOOP] 2026-03-18T10:30:40+00:00 | no new closed trades
[LOOP] 2026-03-18T10:31:40+00:00 | no new closed trades
[LOOP] 2026-03-18T10:32:40+00:00 | no new closed trades
[LOOP] 2026-03-18T10:33:40+00:00 | no new closed trades
[LOOP] 2026-03-18T10:34:40+00:00 | no new closed trades
[LOOP] 2026-03-18T10:35:40+00:00 | no new closed trades
[LOOP] 2026-03-18T10:36:40+00:00 | no new closed trades
[LOOP] 2026-03-18T10:37:40+00:00 | no new closed trades
[LOOP] 2026-03-18T10:38:40+00:00 | no new closed trades
[LOOP] 2026-03-18T10:39:40+00:00 | no new closed trades
[LOOP] 2026-03-18T10:40:40+00:00 | no new closed trades
[LOOP] 2026-03-18T10:41:40+00:00 | no new closed trades
[LOOP] 2026-03-18T10:42:40+00:00 | no new closed trades
[LOOP] 2026-03-18T10:43:40+00:00 | no new closed trades
[LOOP] 2026-03-18T10:44:40+00:00 | no new closed trades
[LOOP] 2026-03-18T10:45:40+00:00 | no new closed trades
[LOOP] 2026-03-18T10:46:40+00:00 | no new closed trades
[LOOP] 2026-03-18T10:47:40+00:00 | no new closed trades
[LOOP] 2026-03-18T10:48:40+00:00 | no new closed trades
[LOOP] 2026-03-18T10:49:40+00:00 | no new closed trades
[LOOP] 2026-03-18T10:50:40+00:00 | no new closed trades
[LOOP] 2026-03-18T10:51:40+00:00 | no new closed trades
[LOOP] 2026-03-18T10:52:40+00:00 | no new closed trades
[LOOP] 2026-03-18T10:53:40+00:00 | no new closed trades
[LOOP] 2026-03-18T10:54:40+00:00 | no new closed trades
[LOOP] 2026-03-18T10:55:40+00:00 | no new closed trades
[LOOP] 2026-03-18T10:56:40+00:00 | no new closed trades
[LOOP] 2026-03-18T10:57:40+00:00 | no new closed trades
[LOOP] 2026-03-18T10:58:40+00:00 | no new closed trades
[LOOP] 2026-03-18T10:59:40+00:00 | no new closed trades
[LOOP] 2026-03-18T11:00:40+00:00 | no new closed trades
[LOOP] 2026-03-18T11:01:40+00:00 | no new closed trades
[LOOP] 2026-03-18T11:02:40+00:00 | no new closed trades
[LOOP] 2026-03-18T11:03:40+00:00 | no new closed trades
[LOOP] 2026-03-18T11:04:40+00:00 | no new closed trades
[LOOP] 2026-03-18T11:05:40+00:00 | no new closed trades
[LOOP] 2026-03-18T11:06:40+00:00 | no new closed trades
[LOOP] 2026-03-18T11:07:40+00:00 | no new closed trades
[LOOP] 2026-03-18T11:08:40+00:00 | no new closed trades
[LOOP] 2026-03-18T11:09:40+00:00 | no new closed trades
[LOOP] 2026-03-18T11:10:40+00:00 | no new closed trades
[LOOP] 2026-03-18T11:11:40+00:00 | no new closed trades
[LOOP] 2026-03-18T11:12:40+00:00 | no new closed trades
[LOOP] 2026-03-18T11:13:40+00:00 | no new closed trades
[LOOP] 2026-03-18T11:14:40+00:00 | no new closed trades
[LOOP] 2026-03-18T11:15:40+00:00 | no new closed trades
[LOOP] 2026-03-18T11:16:40+00:00 | no new closed trades
[LOOP] 2026-03-18T11:17:40+00:00 | no new closed trades
[LOOP] 2026-03-18T11:18:40+00:00 | no new closed trades
[LOOP] 2026-03-18T11:19:40+00:00 | no new closed trades
[LOOP] 2026-03-18T11:20:40+00:00 | no new closed trades
[LOOP] 2026-03-18T11:21:40+00:00 | no new closed trades
[LOOP] 2026-03-18T11:22:40+00:00 | no new closed trades
[LOOP] 2026-03-18T11:23:40+00:00 | no new closed trades
[LOOP] 2026-03-18T11:24:40+00:00 | no new closed trades
[LOOP] 2026-03-18T11:25:40+00:00 | no new closed trades
[LOOP] 2026-03-18T11:26:40+00:00 | no new closed trades
[LOOP] 2026-03-18T11:27:40+00:00 | no new closed trades
[LOOP] 2026-03-18T11:28:40+00:00 | no new closed trades
[LOOP] 2026-03-18T11:29:40+00:00 | no new closed trades
[LOOP] 2026-03-18T11:30:40+00:00 | no new closed trades
[LOOP] 2026-03-18T11:31:40+00:00 | no new closed trades
[LOOP] 2026-03-18T11:32:40+00:00 | no new closed trades
[LOOP] 2026-03-18T11:33:40+00:00 | no new closed trades
[LOOP] 2026-03-18T11:34:40+00:00 | no new closed trades
[LOOP] 2026-03-18T11:35:40+00:00 | no new closed trades
[LOOP] 2026-03-18T11:36:40+00:00 | no new closed trades
[LOOP] 2026-03-18T11:37:40+00:00 | no new closed trades
[LOOP] 2026-03-18T11:38:40+00:00 | no new closed trades
[LOOP] 2026-03-18T11:39:40+00:00 | no new closed trades
[LOOP] 2026-03-18T11:40:40+00:00 | no new closed trades
[LOOP] 2026-03-18T11:41:40+00:00 | no new closed trades
[LOOP] 2026-03-18T11:42:40+00:00 | no new closed trades
[LOOP] 2026-03-18T11:43:40+00:00 | no new closed trades
[LOOP] 2026-03-18T11:44:40+00:00 | no new closed trades
[LOOP] 2026-03-18T11:45:40+00:00 | no new closed trades
[LOOP] 2026-03-18T11:46:40+00:00 | no new closed trades
[LOOP] 2026-03-18T11:47:40+00:00 | no new closed trades
[LOOP] 2026-03-18T11:48:40+00:00 | no new closed trades
[LOOP] 2026-03-18T11:49:40+00:00 | no new closed trades
[LOOP] 2026-03-18T11:50:40+00:00 | no new closed trades
[LOOP] 2026-03-18T11:51:40+00:00 | no new closed trades
[LOOP] 2026-03-18T11:52:40+00:00 | no new closed trades
[LOOP] 2026-03-18T11:53:40+00:00 | no new closed trades
[LOOP] 2026-03-18T11:54:40+00:00 | no new closed trades
[LOOP] 2026-03-18T11:55:40+00:00 | no new closed trades
[LOOP] 2026-03-18T11:56:40+00:00 | no new closed trades
[LOOP] 2026-03-18T11:57:40+00:00 | no new closed trades
[LOOP] 2026-03-18T11:58:40+00:00 | no new closed trades
[LOOP] 2026-03-18T11:59:40+00:00 | no new closed trades
[LOOP] 2026-03-18T12:00:40+00:00 | no new closed trades
[LOOP] 2026-03-18T12:01:40+00:00 | no new closed trades
[LOOP] 2026-03-18T12:02:40+00:00 | no new closed trades
[LOOP] 2026-03-18T12:03:40+00:00 | no new closed trades
[LOOP] 2026-03-18T12:04:40+00:00 | no new closed trades
[LOOP] 2026-03-18T12:05:40+00:00 | no new closed trades
[LOOP] 2026-03-18T12:06:40+00:00 | no new closed trades
[LOOP] 2026-03-18T12:07:40+00:00 | no new closed trades
[LOOP] 2026-03-18T12:08:40+00:00 | no new closed trades
[LOOP] 2026-03-18T12:09:40+00:00 | no new closed trades
[LOOP] 2026-03-18T12:10:40+00:00 | no new closed trades
[LOOP] 2026-03-18T12:11:40+00:00 | no new closed trades
[LOOP] 2026-03-18T12:12:40+00:00 | no new closed trades
[LOOP] 2026-03-18T12:13:40+00:00 | no new closed trades
[LOOP] 2026-03-18T12:14:40+00:00 | no new closed trades
[LOOP] 2026-03-18T12:15:40+00:00 | no new closed trades
[LOOP] 2026-03-18T12:16:40+00:00 | no new closed trades
[LOOP] 2026-03-18T12:17:40+00:00 | no new closed trades
[LOOP] 2026-03-18T12:18:40+00:00 | no new closed trades
[LOOP] 2026-03-18T12:19:40+00:00 | no new closed trades
[LOOP] 2026-03-18T12:20:40+00:00 | no new closed trades
[LOOP] 2026-03-18T12:21:40+00:00 | no new closed trades
[LOOP] 2026-03-18T12:22:40+00:00 | no new closed trades
[LOOP] 2026-03-18T12:23:40+00:00 | no new closed trades
[LOOP] 2026-03-18T12:24:40+00:00 | no new closed trades
[LOOP] 2026-03-18T12:25:40+00:00 | no new closed trades
[LOOP] 2026-03-18T12:26:40+00:00 | no new closed trades
[LOOP] 2026-03-18T12:27:40+00:00 | no new closed trades
[LOOP] 2026-03-18T12:28:40+00:00 | no new closed trades
[LOOP] 2026-03-18T12:29:40+00:00 | no new closed trades
[LOOP] 2026-03-18T12:30:40+00:00 | no new closed trades
[LOOP] 2026-03-18T12:31:40+00:00 | no new closed trades
[LOOP] 2026-03-18T12:32:40+00:00 | no new closed trades
[LOOP] 2026-03-18T12:33:40+00:00 | no new closed trades
[LOOP] 2026-03-18T12:34:40+00:00 | no new closed trades
[LOOP] 2026-03-18T12:35:40+00:00 | no new closed trades
[LOOP] 2026-03-18T12:36:40+00:00 | no new closed trades
[LOOP] 2026-03-18T12:37:40+00:00 | no new closed trades
[LOOP] 2026-03-18T12:38:40+00:00 | no new closed trades
[LOOP] 2026-03-18T12:39:40+00:00 | no new closed trades
[LOOP] 2026-03-18T12:40:40+00:00 | no new closed trades
[LOOP] 2026-03-18T12:41:40+00:00 | no new closed trades
[LOOP] 2026-03-18T12:42:40+00:00 | no new closed trades
[LOOP] 2026-03-18T12:43:40+00:00 | no new closed trades
[LOOP] 2026-03-18T12:44:40+00:00 | no new closed trades
[LOOP] 2026-03-18T12:45:40+00:00 | no new closed trades
[LOOP] 2026-03-18T12:46:40+00:00 | no new closed trades
[LOOP] 2026-03-18T12:47:40+00:00 | no new closed trades
[LOOP] 2026-03-18T12:48:40+00:00 | no new closed trades
[LOOP] 2026-03-18T12:49:40+00:00 | no new closed trades
[LOOP] 2026-03-18T12:50:40+00:00 | no new closed trades
[LOOP] 2026-03-18T12:51:40+00:00 | no new closed trades
[LOOP] 2026-03-18T12:52:40+00:00 | no new closed trades
[LOOP] 2026-03-18T12:53:40+00:00 | no new closed trades
[LOOP] 2026-03-18T12:54:40+00:00 | no new closed trades
[LOOP] 2026-03-18T12:55:40+00:00 | no new closed trades
[LOOP] 2026-03-18T12:56:40+00:00 | no new closed trades
[LOOP] 2026-03-18T12:57:40+00:00 | no new closed trades
[LOOP] 2026-03-18T12:58:40+00:00 | no new closed trades
[LOOP] 2026-03-18T12:59:40+00:00 | no new closed trades
[LOOP] 2026-03-18T13:00:40+00:00 | no new closed trades
[LOOP] 2026-03-18T13:01:40+00:00 | no new closed trades
[LOOP] 2026-03-18T13:02:40+00:00 | no new closed trades
[LOOP] 2026-03-18T13:03:40+00:00 | no new closed trades
[LOOP] 2026-03-18T13:04:40+00:00 | no new closed trades
[LOOP] 2026-03-18T13:05:40+00:00 | no new closed trades
[LOOP] 2026-03-18T13:06:40+00:00 | no new closed trades
[LOOP] 2026-03-18T13:07:40+00:00 | no new closed trades
[LOOP] 2026-03-18T13:08:40+00:00 | no new closed trades
[LOOP] 2026-03-18T13:09:40+00:00 | no new closed trades
[LOOP] 2026-03-18T13:10:40+00:00 | no new closed trades
[LOOP] 2026-03-18T13:11:40+00:00 | no new closed trades
[LOOP] 2026-03-18T13:12:40+00:00 | no new closed trades
[LOOP] 2026-03-18T13:13:40+00:00 | no new closed trades
[LOOP] 2026-03-18T13:14:40+00:00 | no new closed trades
[LOOP] 2026-03-18T13:15:40+00:00 | no new closed trades
[LOOP] 2026-03-18T13:16:40+00:00 | no new closed trades
[LOOP] 2026-03-18T13:17:40+00:00 | no new closed trades
[LOOP] 2026-03-18T13:18:40+00:00 | no new closed trades
[LOOP] 2026-03-18T13:19:40+00:00 | no new closed trades
[LOOP] 2026-03-18T13:20:40+00:00 | no new closed trades
[LOOP] 2026-03-18T13:21:40+00:00 | no new closed trades
[LOOP] 2026-03-18T13:22:40+00:00 | no new closed trades
[LOOP] 2026-03-18T13:23:40+00:00 | no new closed trades
[LOOP] 2026-03-18T13:24:40+00:00 | no new closed trades
[LOOP] 2026-03-18T13:25:40+00:00 | no new closed trades
[LOOP] 2026-03-18T13:26:40+00:00 | no new closed trades
[LOOP] 2026-03-18T13:27:40+00:00 | no new closed trades
[LOOP] 2026-03-18T13:28:40+00:00 | no new closed trades
[LOOP] 2026-03-18T13:29:40+00:00 | no new closed trades
[LOOP] 2026-03-18T13:30:40+00:00 | no new closed trades
[LOOP] 2026-03-18T13:31:40+00:00 | no new closed trades
[LOOP] 2026-03-18T13:32:40+00:00 | no new closed trades
[LOOP] 2026-03-18T13:33:40+00:00 | no new closed trades
[LOOP] 2026-03-18T13:34:40+00:00 | no new closed trades
[LOOP] 2026-03-18T13:35:40+00:00 | no new closed trades
[LOOP] 2026-03-18T13:36:40+00:00 | no new closed trades
[LOOP] 2026-03-18T13:37:40+00:00 | no new closed trades
[LOOP] 2026-03-18T13:38:40+00:00 | no new closed trades
[LOOP] 2026-03-18T13:39:40+00:00 | no new closed trades
[LOOP] 2026-03-18T13:40:40+00:00 | no new closed trades
[LOOP] 2026-03-18T13:41:40+00:00 | no new closed trades
[LOOP] 2026-03-18T13:42:40+00:00 | no new closed trades
[LOOP] 2026-03-18T13:43:40+00:00 | no new closed trades
[LOOP] 2026-03-18T13:44:40+00:00 | no new closed trades
[LOOP] 2026-03-18T13:45:40+00:00 | no new closed trades
[LOOP] 2026-03-18T13:46:40+00:00 | no new closed trades
[LOOP] 2026-03-18T13:47:40+00:00 | no new closed trades
[LOOP] 2026-03-18T13:48:40+00:00 | no new closed trades
[LOOP] 2026-03-18T13:49:40+00:00 | no new closed trades
[LOOP] 2026-03-18T13:50:40+00:00 | no new closed trades
[LOOP] 2026-03-18T13:51:40+00:00 | no new closed trades
[LOOP] 2026-03-18T13:52:40+00:00 | no new closed trades
[LOOP] 2026-03-18T13:53:40+00:00 | no new closed trades
[LOOP] 2026-03-18T13:54:40+00:00 | no new closed trades
[LOOP] 2026-03-18T13:55:40+00:00 | no new closed trades
[LOOP] 2026-03-18T13:56:40+00:00 | no new closed trades
[LOOP] 2026-03-18T13:57:40+00:00 | no new closed trades
[LOOP] 2026-03-18T13:58:40+00:00 | no new closed trades
[LOOP] 2026-03-18T13:59:40+00:00 | no new closed trades
[LOOP] 2026-03-18T14:00:40+00:00 | no new closed trades
[LOOP] 2026-03-18T14:01:40+00:00 | no new closed trades
[LOOP] 2026-03-18T14:02:40+00:00 | no new closed trades
[LOOP] 2026-03-18T14:03:40+00:00 | no new closed trades
[LOOP] 2026-03-18T14:04:40+00:00 | no new closed trades
[LOOP] 2026-03-18T14:05:40+00:00 | no new closed trades
[LOOP] 2026-03-18T14:06:40+00:00 | no new closed trades
[LOOP] 2026-03-18T14:07:40+00:00 | no new closed trades
[LOOP] 2026-03-18T14:08:40+00:00 | no new closed trades
[LOOP] 2026-03-18T14:09:40+00:00 | no new closed trades
[LOOP] 2026-03-18T14:10:40+00:00 | no new closed trades
[LOOP] 2026-03-18T14:11:40+00:00 | no new closed trades
[LOOP] 2026-03-18T14:12:40+00:00 | no new closed trades
[LOOP] 2026-03-18T14:13:40+00:00 | no new closed trades
[LOOP] 2026-03-18T14:14:40+00:00 | no new closed trades
[LOOP] 2026-03-18T14:15:40+00:00 | no new closed trades
[LOOP] 2026-03-18T14:16:40+00:00 | no new closed trades
[LOOP] 2026-03-18T14:17:40+00:00 | no new closed trades
[LOOP] 2026-03-18T14:18:40+00:00 | no new closed trades
[LOOP] 2026-03-18T14:19:40+00:00 | no new closed trades
[LOOP] 2026-03-18T14:20:40+00:00 | no new closed trades
[LOOP] 2026-03-18T14:21:40+00:00 | no new closed trades
[LOOP] 2026-03-18T14:22:40+00:00 | no new closed trades
[LOOP] 2026-03-18T14:23:40+00:00 | no new closed trades
[LOOP] 2026-03-18T14:24:40+00:00 | no new closed trades
[LOOP] 2026-03-18T14:25:40+00:00 | no new closed trades
[LOOP] 2026-03-18T14:26:40+00:00 | no new closed trades
[LOOP] 2026-03-18T14:27:40+00:00 | no new closed trades
[LOOP] 2026-03-18T14:28:40+00:00 | no new closed trades
[LOOP] 2026-03-18T14:29:40+00:00 | no new closed trades
[LOOP] 2026-03-18T14:30:40+00:00 | no new closed trades
[LOOP] 2026-03-18T14:31:40+00:00 | no new closed trades
[LOOP] 2026-03-18T14:32:40+00:00 | no new closed trades
[LOOP] 2026-03-18T14:33:40+00:00 | no new closed trades
[LOOP] 2026-03-18T14:34:40+00:00 | no new closed trades
[LOOP] 2026-03-18T14:35:40+00:00 | no new closed trades
[LOOP] 2026-03-18T14:36:40+00:00 | no new closed trades
[LOOP] 2026-03-18T14:37:40+00:00 | no new closed trades
[LOOP] 2026-03-18T14:38:40+00:00 | no new closed trades
[LOOP] 2026-03-18T14:39:40+00:00 | no new closed trades
[LOOP] 2026-03-18T14:40:40+00:00 | no new closed trades
[LOOP] 2026-03-18T14:41:40+00:00 | no new closed trades
[LOOP] 2026-03-18T14:42:40+00:00 | no new closed trades
[LOOP] 2026-03-18T14:43:40+00:00 | no new closed trades
[LOOP] 2026-03-18T14:44:40+00:00 | no new closed trades
[LOOP] 2026-03-18T14:45:40+00:00 | no new closed trades
[LOOP] 2026-03-18T14:46:40+00:00 | no new closed trades
[LOOP] 2026-03-18T14:47:40+00:00 | no new closed trades
[LOOP] 2026-03-18T14:48:40+00:00 | no new closed trades
[LOOP] 2026-03-18T14:49:40+00:00 | no new closed trades
[LOOP] 2026-03-18T14:50:40+00:00 | no new closed trades
[LOOP] 2026-03-18T14:51:40+00:00 | no new closed trades
[LOOP] 2026-03-18T14:52:40+00:00 | no new closed trades
[LOOP] 2026-03-18T14:53:40+00:00 | no new closed trades
[LOOP] 2026-03-18T14:54:40+00:00 | no new closed trades
[LOOP] 2026-03-18T14:55:40+00:00 | no new closed trades
[LOOP] 2026-03-18T14:56:40+00:00 | no new closed trades
[LOOP] 2026-03-18T14:57:40+00:00 | no new closed trades
[LOOP] 2026-03-18T14:58:40+00:00 | no new closed trades
[LOOP] 2026-03-18T14:59:40+00:00 | no new closed trades
[LOOP] 2026-03-18T15:00:40+00:00 | no new closed trades
[LOOP] 2026-03-18T15:01:40+00:00 | no new closed trades
[LOOP] 2026-03-18T15:02:40+00:00 | no new closed trades
[LOOP] 2026-03-18T15:03:40+00:00 | no new closed trades
[LOOP] 2026-03-18T15:04:40+00:00 | no new closed trades
[LOOP] 2026-03-18T15:05:40+00:00 | no new closed trades
[LOOP] 2026-03-18T15:06:40+00:00 | no new closed trades
[LOOP] 2026-03-18T15:07:40+00:00 | no new closed trades
[LOOP] 2026-03-18T15:08:40+00:00 | no new closed trades
[LOOP] 2026-03-18T15:09:40+00:00 | no new closed trades
[LOOP] 2026-03-18T15:10:40+00:00 | no new closed trades
[LOOP] 2026-03-18T15:11:40+00:00 | no new closed trades
[LOOP] 2026-03-18T15:12:40+00:00 | no new closed trades
[LOOP] 2026-03-18T15:13:40+00:00 | no new closed trades
[LOOP] 2026-03-18T15:14:40+00:00 | no new closed trades
[LOOP] 2026-03-18T15:15:40+00:00 | no new closed trades
[LOOP] 2026-03-18T15:16:40+00:00 | no new closed trades
[LOOP] 2026-03-18T15:17:40+00:00 | no new closed trades
[LOOP] 2026-03-18T15:18:40+00:00 | no new closed trades
[LOOP] 2026-03-18T15:19:40+00:00 | no new closed trades
[LOOP] 2026-03-18T15:20:40+00:00 | no new closed trades
[LOOP] 2026-03-18T15:21:40+00:00 | no new closed trades
[LOOP] 2026-03-18T15:22:40+00:00 | no new closed trades
[LOOP] 2026-03-18T15:23:40+00:00 | no new closed trades
[LOOP] 2026-03-18T15:24:40+00:00 | no new closed trades
[LOOP] 2026-03-18T15:25:40+00:00 | no new closed trades
[LOOP] 2026-03-18T15:26:40+00:00 | no new closed trades
[LOOP] 2026-03-18T15:27:40+00:00 | no new closed trades
[LOOP] 2026-03-18T15:28:40+00:00 | no new closed trades
[LOOP] 2026-03-18T15:29:40+00:00 | no new closed trades
[LOOP] 2026-03-18T15:30:40+00:00 | no new closed trades
[LOOP] 2026-03-18T15:31:40+00:00 | no new closed trades
[LOOP] 2026-03-18T15:32:40+00:00 | no new closed trades
[LOOP] 2026-03-18T15:33:40+00:00 | no new closed trades
[LOOP] 2026-03-18T15:34:40+00:00 | no new closed trades
[LOOP] 2026-03-18T15:35:40+00:00 | no new closed trades
[LOOP] 2026-03-18T15:36:40+00:00 | no new closed trades
[LOOP] 2026-03-18T15:37:40+00:00 | no new closed trades
[LOOP] 2026-03-18T15:38:40+00:00 | no new closed trades
[LOOP] 2026-03-18T15:39:40+00:00 | no new closed trades
[LOOP] 2026-03-18T15:40:40+00:00 | no new closed trades
[LOOP] 2026-03-18T15:41:40+00:00 | no new closed trades
[LOOP] 2026-03-18T15:42:40+00:00 | no new closed trades
[LOOP] 2026-03-18T15:43:40+00:00 | no new closed trades
[LOOP] 2026-03-18T15:44:40+00:00 | no new closed trades
[LOOP] 2026-03-18T15:45:40+00:00 | no new closed trades
[LOOP] 2026-03-18T15:46:40+00:00 | no new closed trades
[LOOP] 2026-03-18T15:47:40+00:00 | no new closed trades
[LOOP] 2026-03-18T15:48:40+00:00 | no new closed trades
[LOOP] 2026-03-18T15:49:40+00:00 | no new closed trades
[LOOP] 2026-03-18T15:50:40+00:00 | no new closed trades
[LOOP] 2026-03-18T15:51:40+00:00 | no new closed trades
[LOOP] 2026-03-18T15:52:40+00:00 | no new closed trades
[LOOP] 2026-03-18T15:53:40+00:00 | no new closed trades
[LOOP] 2026-03-18T15:54:40+00:00 | no new closed trades
[LOOP] 2026-03-18T15:55:40+00:00 | no new closed trades
[LOOP] 2026-03-18T15:56:40+00:00 | no new closed trades
[LOOP] 2026-03-18T15:57:40+00:00 | no new closed trades
[LOOP] 2026-03-18T15:58:40+00:00 | no new closed trades
[LOOP] 2026-03-18T15:59:40+00:00 | no new closed trades
[LOOP] 2026-03-18T16:00:40+00:00 | no new closed trades
[LOOP] 2026-03-18T16:01:40+00:00 | no new closed trades
[LOOP] 2026-03-18T16:02:40+00:00 | no new closed trades
[LOOP] 2026-03-18T16:03:40+00:00 | no new closed trades
[LOOP] 2026-03-18T16:04:40+00:00 | no new closed trades
[LOOP] 2026-03-18T16:05:40+00:00 | no new closed trades
[LOOP] 2026-03-18T16:06:40+00:00 | no new closed trades
[LOOP] 2026-03-18T16:07:40+00:00 | no new closed trades
[LOOP] 2026-03-18T16:08:40+00:00 | no new closed trades
[LOOP] 2026-03-18T16:09:40+00:00 | no new closed trades
[LOOP] 2026-03-18T16:10:40+00:00 | no new closed trades
[LOOP] 2026-03-18T16:11:40+00:00 | no new closed trades
[LOOP] 2026-03-18T16:12:40+00:00 | no new closed trades
[LOOP] 2026-03-18T16:13:40+00:00 | no new closed trades
[LOOP] 2026-03-18T16:14:40+00:00 | no new closed trades
[LOOP] 2026-03-18T16:15:40+00:00 | no new closed trades
[LOOP] 2026-03-18T16:16:40+00:00 | no new closed trades
[LOOP] 2026-03-18T16:17:40+00:00 | no new closed trades
[LOOP] 2026-03-18T16:18:40+00:00 | no new closed trades
[LOOP] 2026-03-18T16:19:40+00:00 | no new closed trades
[LOOP] 2026-03-18T16:20:40+00:00 | no new closed trades
[LOOP] 2026-03-18T16:21:40+00:00 | no new closed trades
[LOOP] 2026-03-18T16:22:40+00:00 | no new closed trades
[LOOP] 2026-03-18T16:23:41+00:00 | no new closed trades
[LOOP] 2026-03-18T16:24:41+00:00 | no new closed trades
[LOOP] 2026-03-18T16:25:41+00:00 | no new closed trades
[LOOP] 2026-03-18T16:26:41+00:00 | no new closed trades
[LOOP] 2026-03-18T16:27:41+00:00 | no new closed trades
[LOOP] 2026-03-18T16:28:41+00:00 | no new closed trades
[LOOP] 2026-03-18T16:29:41+00:00 | no new closed trades
[LOOP] 2026-03-18T16:30:41+00:00 | no new closed trades
[LOOP] 2026-03-18T16:31:41+00:00 | no new closed trades
[LOOP] 2026-03-18T16:32:41+00:00 | no new closed trades
[LOOP] 2026-03-18T16:33:41+00:00 | no new closed trades
[LOOP] 2026-03-18T16:34:41+00:00 | no new closed trades
[LOOP] 2026-03-18T16:35:41+00:00 | no new closed trades
[LOOP] 2026-03-18T16:36:41+00:00 | no new closed trades
[LOOP] 2026-03-18T16:37:41+00:00 | no new closed trades
[LOOP] 2026-03-18T16:38:41+00:00 | no new closed trades
[LOOP] 2026-03-18T16:39:41+00:00 | no new closed trades
[LOOP] 2026-03-18T16:40:41+00:00 | no new closed trades
[LOOP] 2026-03-18T16:41:41+00:00 | no new closed trades
[LOOP] 2026-03-18T16:42:41+00:00 | no new closed trades
[LOOP] 2026-03-18T16:43:41+00:00 | no new closed trades
[LOOP] 2026-03-18T16:44:41+00:00 | no new closed trades
[LOOP] 2026-03-18T16:45:41+00:00 | no new closed trades
[LOOP] 2026-03-18T16:46:41+00:00 | no new closed trades
[LOOP] 2026-03-18T16:47:41+00:00 | no new closed trades
[LOOP] 2026-03-18T16:48:41+00:00 | no new closed trades
[LOOP] 2026-03-18T16:49:41+00:00 | no new closed trades
[LOOP] 2026-03-18T16:50:41+00:00 | no new closed trades
[LOOP] 2026-03-18T16:51:41+00:00 | no new closed trades
[LOOP] 2026-03-18T16:52:41+00:00 | no new closed trades
[LOOP] 2026-03-18T16:53:41+00:00 | no new closed trades
[LOOP] 2026-03-18T16:54:41+00:00 | no new closed trades
[LOOP] 2026-03-18T16:55:41+00:00 | no new closed trades
[LOOP] 2026-03-18T16:56:41+00:00 | no new closed trades
[LOOP] 2026-03-18T16:57:41+00:00 | no new closed trades
[LOOP] 2026-03-18T16:58:41+00:00 | no new closed trades
[LOOP] 2026-03-18T16:59:41+00:00 | no new closed trades
[LOOP] 2026-03-18T17:00:41+00:00 | no new closed trades
[LOOP] 2026-03-18T17:01:41+00:00 | no new closed trades
[LOOP] 2026-03-18T17:02:41+00:00 | no new closed trades
[LOOP] 2026-03-18T17:03:41+00:00 | no new closed trades
[LOOP] 2026-03-18T17:04:41+00:00 | no new closed trades
[LOOP] 2026-03-18T17:05:41+00:00 | no new closed trades
[LOOP] 2026-03-18T17:06:41+00:00 | no new closed trades
[LOOP] 2026-03-18T17:07:41+00:00 | no new closed trades
[LOOP] 2026-03-18T17:08:41+00:00 | no new closed trades
[LOOP] 2026-03-18T17:09:41+00:00 | no new closed trades
[LOOP] 2026-03-18T17:10:41+00:00 | no new closed trades
[LOOP] 2026-03-18T17:11:41+00:00 | no new closed trades
[LOOP] 2026-03-18T17:12:41+00:00 | no new closed trades
[LOOP] 2026-03-18T17:13:41+00:00 | no new closed trades
[LOOP] 2026-03-18T17:14:41+00:00 | no new closed trades
[LOOP] 2026-03-18T17:15:41+00:00 | no new closed trades
[LOOP] 2026-03-18T17:16:41+00:00 | no new closed trades
[LOOP] 2026-03-18T17:17:41+00:00 | no new closed trades
[LOOP] 2026-03-18T17:18:41+00:00 | no new closed trades
[LOOP] 2026-03-18T17:19:41+00:00 | no new closed trades
[LOOP] 2026-03-18T17:20:41+00:00 | no new closed trades
[LOOP] 2026-03-18T17:21:41+00:00 | no new closed trades
[LOOP] 2026-03-18T17:22:41+00:00 | no new closed trades
[LOOP] 2026-03-18T17:23:41+00:00 | no new closed trades
[LOOP] 2026-03-18T17:24:41+00:00 | no new closed trades
[LOOP] 2026-03-18T17:25:39+00:00 | no new closed trades
[LOOP] 2026-03-18T17:26:39+00:00 | no new closed trades
[LOOP] 2026-03-18T17:27:39+00:00 | no new closed trades
[LOOP] 2026-03-18T17:28:39+00:00 | no new closed trades
[LOOP] 2026-03-18T17:29:39+00:00 | no new closed trades
[LOOP] 2026-03-18T17:30:39+00:00 | no new closed trades
[LOOP] 2026-03-18T17:31:39+00:00 | no new closed trades
[LOOP] 2026-03-18T17:32:39+00:00 | no new closed trades
[LOOP] 2026-03-18T17:33:39+00:00 | no new closed trades
[LOOP] 2026-03-18T17:34:39+00:00 | no new closed trades
[LOOP] 2026-03-18T17:35:39+00:00 | no new closed trades
[LOOP] 2026-03-18T17:36:39+00:00 | no new closed trades
[LOOP] 2026-03-18T17:37:39+00:00 | no new closed trades
[LOOP] 2026-03-18T17:38:39+00:00 | no new closed trades
[LOOP] 2026-03-18T17:39:39+00:00 | no new closed trades
[LOOP] 2026-03-18T17:40:39+00:00 | no new closed trades
[LOOP] 2026-03-18T17:41:39+00:00 | no new closed trades
[LOOP] 2026-03-18T17:42:39+00:00 | no new closed trades
[LOOP] 2026-03-18T17:43:39+00:00 | no new closed trades
[LOOP] 2026-03-18T17:44:39+00:00 | no new closed trades
[LOOP] 2026-03-18T17:45:39+00:00 | no new closed trades
[LOOP] 2026-03-18T17:46:39+00:00 | no new closed trades
[LOOP] 2026-03-18T17:47:39+00:00 | no new closed trades
[LOOP] 2026-03-18T17:48:39+00:00 | no new closed trades
[LOOP] 2026-03-18T17:49:39+00:00 | no new closed trades
[LOOP] 2026-03-18T17:50:39+00:00 | no new closed trades
[LOOP] 2026-03-18T17:51:39+00:00 | no new closed trades
[LOOP] 2026-03-18T17:52:39+00:00 | no new closed trades
[LOOP] 2026-03-18T17:53:39+00:00 | no new closed trades
[LOOP] 2026-03-18T17:54:39+00:00 | no new closed trades
[LOOP] 2026-03-18T17:55:39+00:00 | no new closed trades
[LOOP] 2026-03-18T17:56:39+00:00 | no new closed trades
[LOOP] 2026-03-18T17:57:39+00:00 | no new closed trades
[LOOP] 2026-03-18T17:58:39+00:00 | no new closed trades
[LOOP] 2026-03-18T17:59:39+00:00 | no new closed trades
[LOOP] 2026-03-18T18:00:39+00:00 | no new closed trades
[LOOP] 2026-03-18T18:01:39+00:00 | no new closed trades
[LOOP] 2026-03-18T18:02:39+00:00 | no new closed trades
[LOOP] 2026-03-18T18:03:39+00:00 | no new closed trades
[LOOP] 2026-03-18T18:04:39+00:00 | no new closed trades
[LOOP] 2026-03-18T18:05:39+00:00 | no new closed trades
[LOOP] 2026-03-18T18:06:39+00:00 | no new closed trades
[LOOP] 2026-03-18T18:07:39+00:00 | no new closed trades
[LOOP] 2026-03-18T18:08:39+00:00 | no new closed trades
[LOOP] 2026-03-18T18:09:39+00:00 | no new closed trades
