[INFO] terminal64.exe = C:\Users\Leon\Desktop\Terminals\MetaTrader 5 - Kopie - Kopie - Kopie (16) - Kopie - Kopie - Kopie - Kopie\terminal64.exe
[INFO] ROOT = C:\Users\Leon\Desktop\Business_Code\Quant_Structure\FTMO
[INFO] OUTPUT_DIR = C:\Users\Leon\Desktop\Business_Code\Quant_Structure\FTMO\1.Data_Center\Data\Strategy_Data\Live_Trades_Data\Strategy_Live_Performance\account_1512715329_DEMO
[OK] Connected: 1512715329 | $200k FTMO Free Trial 2-Step | FTMO-Demo | DEMO
[OK] Backfill done. Folder: C:\Users\Leon\Desktop\Business_Code\Quant_Structure\FTMO\1.Data_Center\Data\Strategy_Data\Live_Trades_Data\Strategy_Live_Performance\account_1512715329_DEMO | account_type=DEMO | server=FTMO-Demo
[INFO] Polling every 60s. Account=1512715329 | Type=DEMO | Server=FTMO-Demo. Stop with CTRL+C.
[LOOP] 2026-03-22T21:35:44+00:00 | no new closed trades | account_type=DEMO | server=FTMO-Demo
[LOOP] 2026-03-23T16:40:35+00:00 | no new closed trades | account_type=DEMO | server=FTMO-Demo
[LOOP] 2026-03-23T16:41:35+00:00 | no new closed trades | account_type=DEMO | server=FTMO-Demo
[LOOP] 2026-03-23T16:42:35+00:00 | no new closed trades | account_type=DEMO | server=FTMO-Demo
[LOOP] 2026-03-23T16:43:35+00:00 | no new closed trades | account_type=DEMO | server=FTMO-Demo
[LOOP] 2026-03-23T16:44:35+00:00 | no new closed trades | account_type=DEMO | server=FTMO-Demo
[LOOP] 2026-03-23T16:45:35+00:00 | no new closed trades | account_type=DEMO | server=FTMO-Demo
[LOOP] 2026-03-23T16:46:35+00:00 | no new closed trades | account_type=DEMO | server=FTMO-Demo
[LOOP] 2026-03-23T16:47:35+00:00 | no new closed trades | account_type=DEMO | server=FTMO-Demo
[LOOP] 2026-03-23T16:48:35+00:00 | no new closed trades | account_type=DEMO | server=FTMO-Demo
[LOOP] 2026-03-23T16:49:35+00:00 | no new closed trades | account_type=DEMO | server=FTMO-Demo
[LOOP] 2026-03-23T16:50:35+00:00 | no new closed trades | account_type=DEMO | server=FTMO-Demo
[LOOP] 2026-03-23T16:51:35+00:00 | no new closed trades | account_type=DEMO | server=FTMO-Demo
[LOOP] 2026-03-23T16:52:35+00:00 | no new closed trades | account_type=DEMO | server=FTMO-Demo
[LOOP] 2026-03-23T16:53:35+00:00 | no new closed trades | account_type=DEMO | server=FTMO-Demo
[LOOP] 2026-03-23T16:54:35+00:00 | no new closed trades | account_type=DEMO | server=FTMO-Demo
[LOOP] 2026-03-23T16:55:35+00:00 | no new closed trades | account_type=DEMO | server=FTMO-Demo
[LOOP] 2026-03-23T16:56:35+00:00 | no new closed trades | account_type=DEMO | server=FTMO-Demo
[LOOP] 2026-03-23T16:57:35+00:00 | no new closed trades | account_type=DEMO | server=FTMO-Demo
[LOOP] 2026-03-23T16:58:35+00:00 | no new closed trades | account_type=DEMO | server=FTMO-Demo
[LOOP] 2026-03-23T16:59:35+00:00 | no new closed trades | account_type=DEMO | server=FTMO-Demo
[LOOP] 2026-03-23T17:00:35+00:00 | no new closed trades | account_type=DEMO | server=FTMO-Demo
[LOOP] 2026-03-23T17:01:35+00:00 | no new closed trades | account_type=DEMO | server=FTMO-Demo
[LOOP] 2026-03-23T17:02:35+00:00 | no new closed trades | account_type=DEMO | server=FTMO-Demo
[LOOP] 2026-03-23T17:03:35+00:00 | no new closed trades | account_type=DEMO | server=FTMO-Demo
[LOOP] 2026-03-23T17:04:35+00:00 | no new closed trades | account_type=DEMO | server=FTMO-Demo
[LOOP] 2026-03-23T17:05:35+00:00 | no new closed trades | account_type=DEMO | server=FTMO-Demo
[LOOP] 2026-03-23T17:06:35+00:00 | no new closed trades | account_type=DEMO | server=FTMO-Demo
[LOOP] 2026-03-23T17:07:35+00:00 | no new closed trades | account_type=DEMO | server=FTMO-Demo
[LOOP] 2026-03-23T17:08:35+00:00 | no new closed trades | account_type=DEMO | server=FTMO-Demo
[LOOP] 2026-03-23T17:09:35+00:00 | no new closed trades | account_type=DEMO | server=FTMO-Demo
[LOOP] 2026-03-23T17:10:35+00:00 | no new closed trades | account_type=DEMO | server=FTMO-Demo
[LOOP] 2026-03-23T17:11:35+00:00 | no new closed trades | account_type=DEMO | server=FTMO-Demo
[LOOP] 2026-03-23T17:12:35+00:00 | no new closed trades | account_type=DEMO | server=FTMO-Demo
[LOOP] 2026-03-23T17:13:35+00:00 | no new closed trades | account_type=DEMO | server=FTMO-Demo
[LOOP] 2026-03-23T17:14:35+00:00 | no new closed trades | account_type=DEMO | server=FTMO-Demo
[LOOP] 2026-03-23T17:15:35+00:00 | no new closed trades | account_type=DEMO | server=FTMO-Demo
[LOOP] 2026-03-23T17:16:35+00:00 | no new closed trades | account_type=DEMO | server=FTMO-Demo
[LOOP] 2026-03-23T17:17:35+00:00 | no new closed trades | account_type=DEMO | server=FTMO-Demo
[LOOP] 2026-03-23T17:18:35+00:00 | no new closed trades | account_type=DEMO | server=FTMO-Demo
[LOOP] 2026-03-23T17:19:35+00:00 | no new closed trades | account_type=DEMO | server=FTMO-Demo
[LOOP] 2026-03-23T17:20:35+00:00 | no new closed trades | account_type=DEMO | server=FTMO-Demo
[LOOP] 2026-03-23T17:21:35+00:00 | no new closed trades | account_type=DEMO | server=FTMO-Demo
[LOOP] 2026-03-23T17:22:35+00:00 | no new closed trades | account_type=DEMO | server=FTMO-Demo
[LOOP] 2026-03-23T17:23:35+00:00 | no new closed trades | account_type=DEMO | server=FTMO-Demo
[LOOP] 2026-03-23T17:24:35+00:00 | no new closed trades | account_type=DEMO | server=FTMO-Demo
[LOOP] 2026-03-23T17:25:35+00:00 | no new closed trades | account_type=DEMO | server=FTMO-Demo
[LOOP] 2026-03-23T17:26:35+00:00 | no new closed trades | account_type=DEMO | server=FTMO-Demo
[LOOP] 2026-03-23T17:27:35+00:00 | no new closed trades | account_type=DEMO | server=FTMO-Demo
[LOOP] 2026-03-23T17:28:35+00:00 | no new closed trades | account_type=DEMO | server=FTMO-Demo
[LOOP] 2026-03-23T17:29:35+00:00 | no new closed trades | account_type=DEMO | server=FTMO-Demo
[LOOP] 2026-03-23T17:30:35+00:00 | no new closed trades | account_type=DEMO | server=FTMO-Demo
[LOOP] 2026-03-23T17:31:35+00:00 | no new closed trades | account_type=DEMO | server=FTMO-Demo
[LOOP] 2026-03-23T17:32:35+00:00 | no new closed trades | account_type=DEMO | server=FTMO-Demo
[LOOP] 2026-03-23T17:33:35+00:00 | no new closed trades | account_type=DEMO | server=FTMO-Demo
[LOOP] 2026-03-23T17:34:35+00:00 | no new closed trades | account_type=DEMO | server=FTMO-Demo
[LOOP] 2026-03-23T17:35:35+00:00 | no new closed trades | account_type=DEMO | server=FTMO-Demo
[LOOP] 2026-03-23T17:36:35+00:00 | no new closed trades | account_type=DEMO | server=FTMO-Demo
[LOOP] 2026-03-23T17:37:35+00:00 | no new closed trades | account_type=DEMO | server=FTMO-Demo
[LOOP] 2026-03-23T17:38:35+00:00 | no new closed trades | account_type=DEMO | server=FTMO-Demo
[LOOP] 2026-03-23T17:39:35+00:00 | no new closed trades | account_type=DEMO | server=FTMO-Demo
[LOOP] 2026-03-23T17:40:35+00:00 | no new closed trades | account_type=DEMO | server=FTMO-Demo
[LOOP] 2026-03-23T17:41:35+00:00 | no new closed trades | account_type=DEMO | server=FTMO-Demo
[LOOP] 2026-03-23T17:42:35+00:00 | no new closed trades | account_type=DEMO | server=FTMO-Demo
[LOOP] 2026-03-23T17:43:35+00:00 | no new closed trades | account_type=DEMO | server=FTMO-Demo
[LOOP] 2026-03-23T17:44:35+00:00 | no new closed trades | account_type=DEMO | server=FTMO-Demo
[LOOP] 2026-03-23T17:45:35+00:00 | no new closed trades | account_type=DEMO | server=FTMO-Demo
[LOOP] 2026-03-23T17:46:35+00:00 | no new closed trades | account_type=DEMO | server=FTMO-Demo
[LOOP] 2026-03-23T17:47:35+00:00 | no new closed trades | account_type=DEMO | server=FTMO-Demo
[LOOP] 2026-03-23T17:48:35+00:00 | no new closed trades | account_type=DEMO | server=FTMO-Demo
[LOOP] 2026-03-23T17:49:35+00:00 | no new closed trades | account_type=DEMO | server=FTMO-Demo
[LOOP] 2026-03-23T17:50:35+00:00 | no new closed trades | account_type=DEMO | server=FTMO-Demo
[LOOP] 2026-03-23T17:51:35+00:00 | no new closed trades | account_type=DEMO | server=FTMO-Demo
[LOOP] 2026-03-23T17:52:35+00:00 | no new closed trades | account_type=DEMO | server=FTMO-Demo
[LOOP] 2026-03-23T17:53:35+00:00 | no new closed trades | account_type=DEMO | server=FTMO-Demo
[LOOP] 2026-03-23T17:54:35+00:00 | no new closed trades | account_type=DEMO | server=FTMO-Demo
[LOOP] 2026-03-23T17:55:35+00:00 | no new closed trades | account_type=DEMO | server=FTMO-Demo
[LOOP] 2026-03-23T17:56:35+00:00 | no new closed trades | account_type=DEMO | server=FTMO-Demo
[LOOP] 2026-03-23T17:57:35+00:00 | no new closed trades | account_type=DEMO | server=FTMO-Demo
[LOOP] 2026-03-23T17:58:35+00:00 | no new closed trades | account_type=DEMO | server=FTMO-Demo
[LOOP] 2026-03-23T17:59:35+00:00 | no new closed trades | account_type=DEMO | server=FTMO-Demo
[LOOP] 2026-03-23T18:00:35+00:00 | no new closed trades | account_type=DEMO | server=FTMO-Demo
[LOOP] 2026-03-23T18:01:35+00:00 | no new closed trades | account_type=DEMO | server=FTMO-Demo
[LOOP] 2026-03-23T18:02:35+00:00 | no new closed trades | account_type=DEMO | server=FTMO-Demo
[LOOP] 2026-03-23T18:03:35+00:00 | no new closed trades | account_type=DEMO | server=FTMO-Demo
[LOOP] 2026-03-23T18:04:35+00:00 | no new closed trades | account_type=DEMO | server=FTMO-Demo
[LOOP] 2026-03-23T18:05:35+00:00 | no new closed trades | account_type=DEMO | server=FTMO-Demo
[LOOP] 2026-03-23T18:06:35+00:00 | no new closed trades | account_type=DEMO | server=FTMO-Demo
[LOOP] 2026-03-23T18:07:35+00:00 | no new closed trades | account_type=DEMO | server=FTMO-Demo
[LOOP] 2026-03-23T18:08:35+00:00 | no new closed trades | account_type=DEMO | server=FTMO-Demo
[LOOP] 2026-03-23T18:09:35+00:00 | no new closed trades | account_type=DEMO | server=FTMO-Demo
[LOOP] 2026-03-23T18:10:35+00:00 | no new closed trades | account_type=DEMO | server=FTMO-Demo
[LOOP] 2026-03-23T18:11:35+00:00 | no new closed trades | account_type=DEMO | server=FTMO-Demo
[LOOP] 2026-03-23T18:12:35+00:00 | no new closed trades | account_type=DEMO | server=FTMO-Demo
[LOOP] 2026-03-23T18:13:35+00:00 | no new closed trades | account_type=DEMO | server=FTMO-Demo
[LOOP] 2026-03-23T18:14:35+00:00 | no new closed trades | account_type=DEMO | server=FTMO-Demo
[LOOP] 2026-03-23T18:15:35+00:00 | no new closed trades | account_type=DEMO | server=FTMO-Demo
[LOOP] 2026-03-23T18:16:35+00:00 | no new closed trades | account_type=DEMO | server=FTMO-Demo
[LOOP] 2026-03-23T18:17:35+00:00 | no new closed trades | account_type=DEMO | server=FTMO-Demo
[LOOP] 2026-03-23T18:18:35+00:00 | no new closed trades | account_type=DEMO | server=FTMO-Demo
[LOOP] 2026-03-23T18:19:35+00:00 | no new closed trades | account_type=DEMO | server=FTMO-Demo
[LOOP] 2026-03-23T18:20:35+00:00 | no new closed trades | account_type=DEMO | server=FTMO-Demo
[LOOP] 2026-03-23T18:21:35+00:00 | no new closed trades | account_type=DEMO | server=FTMO-Demo
[LOOP] 2026-03-23T18:22:35+00:00 | no new closed trades | account_type=DEMO | server=FTMO-Demo
[LOOP] 2026-03-23T18:23:35+00:00 | no new closed trades | account_type=DEMO | server=FTMO-Demo
[LOOP] 2026-03-23T18:24:35+00:00 | no new closed trades | account_type=DEMO | server=FTMO-Demo
[LOOP] 2026-03-23T18:25:35+00:00 | no new closed trades | account_type=DEMO | server=FTMO-Demo
[LOOP] 2026-03-23T18:26:35+00:00 | no new closed trades | account_type=DEMO | server=FTMO-Demo
[LOOP] 2026-03-23T18:27:35+00:00 | no new closed trades | account_type=DEMO | server=FTMO-Demo
[LOOP] 2026-03-23T18:28:35+00:00 | no new closed trades | account_type=DEMO | server=FTMO-Demo
[LOOP] 2026-03-23T18:29:35+00:00 | no new closed trades | account_type=DEMO | server=FTMO-Demo
[LOOP] 2026-03-23T18:30:35+00:00 | no new closed trades | account_type=DEMO | server=FTMO-Demo
[LOOP] 2026-03-23T18:31:35+00:00 | no new closed trades | account_type=DEMO | server=FTMO-Demo
[LOOP] 2026-03-23T18:32:35+00:00 | no new closed trades | account_type=DEMO | server=FTMO-Demo
[LOOP] 2026-03-23T18:33:35+00:00 | no new closed trades | account_type=DEMO | server=FTMO-Demo
[LOOP] 2026-03-23T18:34:35+00:00 | no new closed trades | account_type=DEMO | server=FTMO-Demo
[LOOP] 2026-03-23T18:35:35+00:00 | no new closed trades | account_type=DEMO | server=FTMO-Demo
[LOOP] 2026-03-23T18:36:35+00:00 | no new closed trades | account_type=DEMO | server=FTMO-Demo
[LOOP] 2026-03-23T18:37:35+00:00 | no new closed trades | account_type=DEMO | server=FTMO-Demo
[LOOP] 2026-03-23T18:38:35+00:00 | no new closed trades | account_type=DEMO | server=FTMO-Demo
[LOOP] 2026-03-23T18:39:35+00:00 | no new closed trades | account_type=DEMO | server=FTMO-Demo
[LOOP] 2026-03-23T18:40:35+00:00 | no new closed trades | account_type=DEMO | server=FTMO-Demo
[LOOP] 2026-03-23T18:41:35+00:00 | no new closed trades | account_type=DEMO | server=FTMO-Demo
[LOOP] 2026-03-23T18:42:35+00:00 | no new closed trades | account_type=DEMO | server=FTMO-Demo
[LOOP] 2026-03-23T18:43:35+00:00 | no new closed trades | account_type=DEMO | server=FTMO-Demo
[LOOP] 2026-03-23T18:44:35+00:00 | no new closed trades | account_type=DEMO | server=FTMO-Demo
[LOOP] 2026-03-23T18:45:35+00:00 | no new closed trades | account_type=DEMO | server=FTMO-Demo
[LOOP] 2026-03-23T18:46:35+00:00 | no new closed trades | account_type=DEMO | server=FTMO-Demo
[LOOP] 2026-03-23T18:47:35+00:00 | no new closed trades | account_type=DEMO | server=FTMO-Demo
[LOOP] 2026-03-23T18:48:35+00:00 | no new closed trades | account_type=DEMO | server=FTMO-Demo
[LOOP] 2026-03-23T18:49:35+00:00 | no new closed trades | account_type=DEMO | server=FTMO-Demo
[LOOP] 2026-03-23T18:50:35+00:00 | no new closed trades | account_type=DEMO | server=FTMO-Demo
[LOOP] 2026-03-23T18:51:35+00:00 | no new closed trades | account_type=DEMO | server=FTMO-Demo
[LOOP] 2026-03-23T18:52:35+00:00 | no new closed trades | account_type=DEMO | server=FTMO-Demo
[LOOP] 2026-03-23T18:53:35+00:00 | no new closed trades | account_type=DEMO | server=FTMO-Demo
[LOOP] 2026-03-23T18:54:35+00:00 | no new closed trades | account_type=DEMO | server=FTMO-Demo
[LOOP] 2026-03-23T18:55:35+00:00 | no new closed trades | account_type=DEMO | server=FTMO-Demo
[LOOP] 2026-03-23T18:56:35+00:00 | no new closed trades | account_type=DEMO | server=FTMO-Demo
[LOOP] 2026-03-23T18:57:35+00:00 | no new closed trades | account_type=DEMO | server=FTMO-Demo
[LOOP] 2026-03-23T18:58:35+00:00 | no new closed trades | account_type=DEMO | server=FTMO-Demo
[LOOP] 2026-03-23T18:59:35+00:00 | no new closed trades | account_type=DEMO | server=FTMO-Demo
[LOOP] 2026-03-23T19:00:35+00:00 | no new closed trades | account_type=DEMO | server=FTMO-Demo
[LOOP] 2026-03-23T19:01:35+00:00 | no new closed trades | account_type=DEMO | server=FTMO-Demo
[LOOP] 2026-03-23T19:02:35+00:00 | no new closed trades | account_type=DEMO | server=FTMO-Demo
[LOOP] 2026-03-23T19:03:35+00:00 | no new closed trades | account_type=DEMO | server=FTMO-Demo
[LOOP] 2026-03-23T19:04:35+00:00 | no new closed trades | account_type=DEMO | server=FTMO-Demo
[LOOP] 2026-03-23T19:05:35+00:00 | no new closed trades | account_type=DEMO | server=FTMO-Demo
[LOOP] 2026-03-23T19:06:35+00:00 | no new closed trades | account_type=DEMO | server=FTMO-Demo
[LOOP] 2026-03-23T19:07:35+00:00 | no new closed trades | account_type=DEMO | server=FTMO-Demo
[LOOP] 2026-03-23T19:08:35+00:00 | no new closed trades | account_type=DEMO | server=FTMO-Demo
[LOOP] 2026-03-23T19:09:35+00:00 | no new closed trades | account_type=DEMO | server=FTMO-Demo
[LOOP] 2026-03-23T19:10:35+00:00 | no new closed trades | account_type=DEMO | server=FTMO-Demo
[LOOP] 2026-03-23T19:11:35+00:00 | no new closed trades | account_type=DEMO | server=FTMO-Demo
[LOOP] 2026-03-23T19:12:35+00:00 | no new closed trades | account_type=DEMO | server=FTMO-Demo
[LOOP] 2026-03-23T19:13:35+00:00 | no new closed trades | account_type=DEMO | server=FTMO-Demo
[LOOP] 2026-03-23T19:14:35+00:00 | no new closed trades | account_type=DEMO | server=FTMO-Demo
[LOOP] 2026-03-23T19:15:35+00:00 | no new closed trades | account_type=DEMO | server=FTMO-Demo
[LOOP] 2026-03-23T19:16:35+00:00 | no new closed trades | account_type=DEMO | server=FTMO-Demo
[LOOP] 2026-03-23T19:17:35+00:00 | no new closed trades | account_type=DEMO | server=FTMO-Demo
[LOOP] 2026-03-23T19:18:35+00:00 | no new closed trades | account_type=DEMO | server=FTMO-Demo
[LOOP] 2026-03-23T19:19:35+00:00 | no new closed trades | account_type=DEMO | server=FTMO-Demo
[LOOP] 2026-03-23T19:20:35+00:00 | no new closed trades | account_type=DEMO | server=FTMO-Demo
