[INFO] terminal64.exe = C:\Users\Leon\Desktop\MetaTrader 5 - Kopie - Kopie - Kopie (16) - Kopie - Kopie - Kopie - Kopie\terminal64.exe
[INFO] ROOT = C:\Users\Leon\Desktop\Business_Code\Quant_Structure\FTMO
[INFO] OUTPUT_DIR = C:\Users\Leon\Desktop\Business_Code\Quant_Structure\FTMO\1.Data_Center\Data\Strategy_Data\Live_Trades_Data\Strategy_Live_Performance\account_1512715329
[OK] Connected: 1512715329 | $200k FTMO Free Trial 2-Step | FTMO-Demo
[OK] Backfill done. Folder: C:\Users\Leon\Desktop\Business_Code\Quant_Structure\FTMO\1.Data_Center\Data\Strategy_Data\Live_Trades_Data\Strategy_Live_Performance\account_1512715329
[INFO] Polling every 60s. Stop with CTRL+C.
[LOOP] 2026-03-10T14:57:10+00:00 | no new closed trades
[LOOP] 2026-03-10T14:58:10+00:00 | no new closed trades
[LOOP] 2026-03-10T14:59:10+00:00 | no new closed trades
[LOOP] 2026-03-10T15:00:10+00:00 | no new closed trades
[LOOP] 2026-03-10T15:01:10+00:00 | no new closed trades
[LOOP] 2026-03-10T15:02:10+00:00 | no new closed trades
[LOOP] 2026-03-10T15:03:10+00:00 | no new closed trades
[LOOP] 2026-03-10T15:04:10+00:00 | no new closed trades
[LOOP] 2026-03-10T15:05:10+00:00 | no new closed trades
[LOOP] 2026-03-10T15:06:10+00:00 | no new closed trades
[LOOP] 2026-03-10T15:07:10+00:00 | no new closed trades
[LOOP] 2026-03-10T15:08:10+00:00 | no new closed trades
[LOOP] 2026-03-10T15:09:10+00:00 | no new closed trades
[LOOP] 2026-03-10T15:10:10+00:00 | no new closed trades
[LOOP] 2026-03-10T15:11:10+00:00 | no new closed trades
[LOOP] 2026-03-10T15:12:10+00:00 | no new closed trades
[LOOP] 2026-03-10T15:13:10+00:00 | no new closed trades
[LOOP] 2026-03-10T15:14:10+00:00 | no new closed trades
[LOOP] 2026-03-10T15:15:10+00:00 | no new closed trades
[LOOP] 2026-03-10T15:16:10+00:00 | no new closed trades
[LOOP] 2026-03-10T15:17:10+00:00 | no new closed trades
[LOOP] 2026-03-10T15:18:10+00:00 | no new closed trades
[LOOP] 2026-03-10T15:19:10+00:00 | no new closed trades
[LOOP] 2026-03-10T15:20:10+00:00 | no new closed trades
[LOOP] 2026-03-10T15:21:10+00:00 | no new closed trades
[LOOP] 2026-03-10T15:22:10+00:00 | no new closed trades
[LOOP] 2026-03-10T15:23:10+00:00 | no new closed trades
[LOOP] 2026-03-10T15:24:10+00:00 | no new closed trades
[LOOP] 2026-03-10T15:25:10+00:00 | no new closed trades
[LOOP] 2026-03-10T15:26:10+00:00 | no new closed trades
[LOOP] 2026-03-10T15:27:10+00:00 | no new closed trades
[LOOP] 2026-03-10T15:28:10+00:00 | no new closed trades
[LOOP] 2026-03-10T15:29:10+00:00 | no new closed trades
[LOOP] 2026-03-10T15:30:10+00:00 | no new closed trades
[LOOP] 2026-03-10T15:31:10+00:00 | no new closed trades
[LOOP] 2026-03-10T15:32:10+00:00 | no new closed trades
[LOOP] 2026-03-10T15:33:10+00:00 | no new closed trades
[LOOP] 2026-03-10T15:34:10+00:00 | no new closed trades
[LOOP] 2026-03-10T15:35:10+00:00 | no new closed trades
[LOOP] 2026-03-10T15:36:10+00:00 | no new closed trades
[LOOP] 2026-03-10T15:37:10+00:00 | no new closed trades
[LOOP] 2026-03-10T15:38:10+00:00 | no new closed trades
[LOOP] 2026-03-10T15:39:10+00:00 | no new closed trades
[LOOP] 2026-03-10T15:40:10+00:00 | no new closed trades
[LOOP] 2026-03-10T15:41:10+00:00 | no new closed trades
[LOOP] 2026-03-10T15:42:10+00:00 | no new closed trades
[LOOP] 2026-03-10T15:43:10+00:00 | no new closed trades
[LOOP] 2026-03-10T15:44:10+00:00 | no new closed trades
[LOOP] 2026-03-10T15:45:10+00:00 | no new closed trades
[LOOP] 2026-03-10T15:46:10+00:00 | no new closed trades
[LOOP] 2026-03-10T15:47:10+00:00 | no new closed trades
[LOOP] 2026-03-10T15:48:10+00:00 | no new closed trades
[LOOP] 2026-03-10T15:49:10+00:00 | no new closed trades
[LOOP] 2026-03-10T15:50:10+00:00 | no new closed trades
[LOOP] 2026-03-10T15:51:10+00:00 | no new closed trades
[LOOP] 2026-03-10T15:52:10+00:00 | no new closed trades
[LOOP] 2026-03-10T15:53:10+00:00 | no new closed trades
[LOOP] 2026-03-10T15:54:10+00:00 | no new closed trades
[LOOP] 2026-03-10T15:55:10+00:00 | no new closed trades
[LOOP] 2026-03-10T15:56:10+00:00 | no new closed trades
[LOOP] 2026-03-10T15:57:10+00:00 | no new closed trades
[LOOP] 2026-03-10T15:58:10+00:00 | no new closed trades
[LOOP] 2026-03-10T15:59:10+00:00 | no new closed trades
[LOOP] 2026-03-10T16:00:10+00:00 | no new closed trades
[LOOP] 2026-03-10T16:01:10+00:00 | no new closed trades
[LOOP] 2026-03-10T16:02:10+00:00 | no new closed trades
[LOOP] 2026-03-10T16:03:10+00:00 | no new closed trades
[LOOP] 2026-03-10T16:04:10+00:00 | no new closed trades
[LOOP] 2026-03-10T16:05:10+00:00 | no new closed trades
[LOOP] 2026-03-10T16:06:10+00:00 | no new closed trades
[LOOP] 2026-03-10T16:07:10+00:00 | no new closed trades
[LOOP] 2026-03-10T16:08:10+00:00 | no new closed trades
[LOOP] 2026-03-10T16:09:10+00:00 | no new closed trades
[LOOP] 2026-03-10T16:10:10+00:00 | no new closed trades
[LOOP] 2026-03-10T16:11:10+00:00 | no new closed trades
[LOOP] 2026-03-10T16:12:10+00:00 | no new closed trades
[LOOP] 2026-03-10T16:13:10+00:00 | no new closed trades
[LOOP] 2026-03-10T16:14:10+00:00 | no new closed trades
[LOOP] 2026-03-10T16:15:10+00:00 | no new closed trades
[LOOP] 2026-03-10T16:16:10+00:00 | no new closed trades
[LOOP] 2026-03-10T16:17:10+00:00 | no new closed trades
[LOOP] 2026-03-10T16:18:10+00:00 | no new closed trades
[LOOP] 2026-03-10T16:19:10+00:00 | no new closed trades
[LOOP] 2026-03-10T16:20:10+00:00 | no new closed trades
[LOOP] 2026-03-10T16:21:10+00:00 | no new closed trades
[LOOP] 2026-03-10T16:22:10+00:00 | no new closed trades
[LOOP] 2026-03-10T16:23:10+00:00 | no new closed trades
[LOOP] 2026-03-10T16:24:10+00:00 | no new closed trades
[LOOP] 2026-03-10T16:25:10+00:00 | no new closed trades
[LOOP] 2026-03-10T16:26:10+00:00 | no new closed trades
[LOOP] 2026-03-10T16:27:10+00:00 | no new closed trades
[LOOP] 2026-03-10T16:28:10+00:00 | no new closed trades
[LOOP] 2026-03-10T16:29:10+00:00 | no new closed trades
[LOOP] 2026-03-10T16:30:10+00:00 | no new closed trades
[LOOP] 2026-03-10T16:31:10+00:00 | no new closed trades
[LOOP] 2026-03-10T16:32:10+00:00 | no new closed trades
[LOOP] 2026-03-10T16:33:10+00:00 | no new closed trades
[LOOP] 2026-03-10T16:34:10+00:00 | no new closed trades
[LOOP] 2026-03-10T16:35:10+00:00 | no new closed trades
[LOOP] 2026-03-10T16:36:10+00:00 | no new closed trades
[LOOP] 2026-03-10T16:37:10+00:00 | no new closed trades
[LOOP] 2026-03-10T16:38:10+00:00 | no new closed trades
[LOOP] 2026-03-10T16:39:10+00:00 | no new closed trades
[LOOP] 2026-03-10T16:40:10+00:00 | no new closed trades
[LOOP] 2026-03-10T16:41:10+00:00 | no new closed trades
[LOOP] 2026-03-10T16:42:10+00:00 | no new closed trades
[LOOP] 2026-03-10T16:43:10+00:00 | no new closed trades
[LOOP] 2026-03-10T16:44:10+00:00 | no new closed trades
[LOOP] 2026-03-10T16:45:10+00:00 | no new closed trades
[LOOP] 2026-03-10T16:46:10+00:00 | no new closed trades
[LOOP] 2026-03-10T16:47:10+00:00 | no new closed trades
[LOOP] 2026-03-10T16:48:10+00:00 | no new closed trades
[LOOP] 2026-03-10T16:49:10+00:00 | no new closed trades
[LOOP] 2026-03-10T16:50:10+00:00 | no new closed trades
[LOOP] 2026-03-10T16:51:10+00:00 | no new closed trades
[LOOP] 2026-03-10T16:52:10+00:00 | no new closed trades
[LOOP] 2026-03-10T16:53:10+00:00 | no new closed trades
[LOOP] 2026-03-10T16:54:10+00:00 | no new closed trades
[LOOP] 2026-03-10T16:55:10+00:00 | no new closed trades
[LOOP] 2026-03-10T16:56:10+00:00 | no new closed trades
[LOOP] 2026-03-10T16:57:10+00:00 | no new closed trades
[LOOP] 2026-03-10T16:58:10+00:00 | no new closed trades
[LOOP] 2026-03-10T16:59:10+00:00 | no new closed trades
[LOOP] 2026-03-10T17:00:10+00:00 | no new closed trades
[LOOP] 2026-03-10T17:01:10+00:00 | no new closed trades
[LOOP] 2026-03-10T17:02:10+00:00 | no new closed trades
[LOOP] 2026-03-10T17:03:10+00:00 | no new closed trades
[LOOP] 2026-03-10T17:04:10+00:00 | no new closed trades
[LOOP] 2026-03-10T17:05:10+00:00 | no new closed trades
[LOOP] 2026-03-10T17:06:10+00:00 | no new closed trades
[LOOP] 2026-03-10T17:07:10+00:00 | no new closed trades
[LOOP] 2026-03-10T17:08:10+00:00 | no new closed trades
[LOOP] 2026-03-10T17:09:10+00:00 | no new closed trades
[LOOP] 2026-03-10T17:10:10+00:00 | no new closed trades
[LOOP] 2026-03-10T17:11:10+00:00 | no new closed trades
[LOOP] 2026-03-10T17:12:10+00:00 | no new closed trades
[LOOP] 2026-03-10T17:13:10+00:00 | no new closed trades
[LOOP] 2026-03-10T17:14:10+00:00 | no new closed trades
[LOOP] 2026-03-10T17:15:10+00:00 | no new closed trades
[LOOP] 2026-03-10T17:16:10+00:00 | no new closed trades
[LOOP] 2026-03-10T17:17:10+00:00 | no new closed trades
[LOOP] 2026-03-10T17:18:10+00:00 | no new closed trades
[LOOP] 2026-03-10T17:19:10+00:00 | no new closed trades
[LOOP] 2026-03-10T17:20:10+00:00 | no new closed trades
[LOOP] 2026-03-10T17:21:10+00:00 | no new closed trades
[LOOP] 2026-03-10T17:22:10+00:00 | no new closed trades
[LOOP] 2026-03-10T17:23:10+00:00 | no new closed trades
[LOOP] 2026-03-10T17:24:10+00:00 | no new closed trades
[LOOP] 2026-03-10T17:25:10+00:00 | no new closed trades
[LOOP] 2026-03-10T17:26:10+00:00 | no new closed trades
[LOOP] 2026-03-10T17:27:10+00:00 | no new closed trades
[LOOP] 2026-03-10T17:28:10+00:00 | no new closed trades
[LOOP] 2026-03-10T17:29:10+00:00 | no new closed trades
[LOOP] 2026-03-10T17:30:10+00:00 | no new closed trades
[LOOP] 2026-03-10T17:31:10+00:00 | no new closed trades
[LOOP] 2026-03-10T17:32:10+00:00 | no new closed trades
[LOOP] 2026-03-10T17:33:10+00:00 | no new closed trades
[LOOP] 2026-03-10T17:34:10+00:00 | no new closed trades
[LOOP] 2026-03-10T17:35:10+00:00 | no new closed trades
[LOOP] 2026-03-10T17:36:10+00:00 | no new closed trades
[LOOP] 2026-03-10T17:37:10+00:00 | no new closed trades
[LOOP] 2026-03-10T17:38:10+00:00 | no new closed trades
[LOOP] 2026-03-10T17:39:10+00:00 | no new closed trades
[LOOP] 2026-03-10T17:40:10+00:00 | no new closed trades
[LOOP] 2026-03-10T17:41:10+00:00 | no new closed trades
[LOOP] 2026-03-10T17:42:10+00:00 | no new closed trades
[LOOP] 2026-03-10T17:43:10+00:00 | no new closed trades
[LOOP] 2026-03-10T17:44:10+00:00 | no new closed trades
[LOOP] 2026-03-10T17:45:10+00:00 | no new closed trades
[LOOP] 2026-03-10T17:46:10+00:00 | no new closed trades
[LOOP] 2026-03-10T17:47:10+00:00 | no new closed trades
[LOOP] 2026-03-10T17:48:10+00:00 | no new closed trades
[LOOP] 2026-03-10T17:49:10+00:00 | no new closed trades
[LOOP] 2026-03-10T17:50:10+00:00 | no new closed trades
[LOOP] 2026-03-10T17:51:10+00:00 | no new closed trades
[LOOP] 2026-03-10T17:52:10+00:00 | no new closed trades
[LOOP] 2026-03-10T17:53:10+00:00 | no new closed trades
[LOOP] 2026-03-10T17:54:10+00:00 | no new closed trades
[LOOP] 2026-03-10T17:55:10+00:00 | no new closed trades
[LOOP] 2026-03-10T17:56:10+00:00 | no new closed trades
[LOOP] 2026-03-10T17:57:10+00:00 | no new closed trades
[LOOP] 2026-03-10T17:58:10+00:00 | no new closed trades
[LOOP] 2026-03-10T17:59:10+00:00 | no new closed trades
[LOOP] 2026-03-10T18:00:10+00:00 | no new closed trades
[LOOP] 2026-03-10T18:01:10+00:00 | no new closed trades
[LOOP] 2026-03-10T18:02:10+00:00 | no new closed trades
[LOOP] 2026-03-10T18:03:10+00:00 | no new closed trades
[LOOP] 2026-03-10T18:04:10+00:00 | no new closed trades
[LOOP] 2026-03-10T18:05:10+00:00 | no new closed trades
[LOOP] 2026-03-10T18:06:10+00:00 | no new closed trades
[LOOP] 2026-03-10T18:07:10+00:00 | no new closed trades
[LOOP] 2026-03-10T18:08:10+00:00 | no new closed trades
[LOOP] 2026-03-10T18:09:10+00:00 | no new closed trades
[LOOP] 2026-03-10T18:10:10+00:00 | no new closed trades
[LOOP] 2026-03-10T18:11:10+00:00 | no new closed trades
[LOOP] 2026-03-10T18:12:10+00:00 | no new closed trades
[LOOP] 2026-03-10T18:13:10+00:00 | no new closed trades
[LOOP] 2026-03-10T18:14:10+00:00 | no new closed trades
[LOOP] 2026-03-10T18:15:10+00:00 | no new closed trades
[LOOP] 2026-03-10T18:16:10+00:00 | no new closed trades
[LOOP] 2026-03-10T18:17:10+00:00 | no new closed trades
[LOOP] 2026-03-10T18:18:10+00:00 | no new closed trades
[LOOP] 2026-03-10T18:19:10+00:00 | no new closed trades
[LOOP] 2026-03-10T18:20:10+00:00 | no new closed trades
[LOOP] 2026-03-10T18:21:10+00:00 | no new closed trades
[LOOP] 2026-03-10T18:22:10+00:00 | no new closed trades
[LOOP] 2026-03-10T18:23:10+00:00 | no new closed trades
[LOOP] 2026-03-10T18:24:10+00:00 | no new closed trades
[LOOP] 2026-03-10T18:25:10+00:00 | no new closed trades
[LOOP] 2026-03-10T18:26:10+00:00 | no new closed trades
[LOOP] 2026-03-10T18:27:10+00:00 | no new closed trades
[LOOP] 2026-03-10T18:28:10+00:00 | no new closed trades
[LOOP] 2026-03-10T18:29:10+00:00 | no new closed trades
[LOOP] 2026-03-10T18:30:10+00:00 | no new closed trades
[LOOP] 2026-03-10T18:31:10+00:00 | no new closed trades
[LOOP] 2026-03-10T18:32:10+00:00 | no new closed trades
[LOOP] 2026-03-10T18:33:10+00:00 | no new closed trades
[LOOP] 2026-03-10T18:34:10+00:00 | no new closed trades
[LOOP] 2026-03-10T18:35:10+00:00 | no new closed trades
[LOOP] 2026-03-10T18:36:10+00:00 | no new closed trades
[LOOP] 2026-03-10T18:37:10+00:00 | no new closed trades
[LOOP] 2026-03-10T18:38:10+00:00 | no new closed trades
[LOOP] 2026-03-10T18:39:10+00:00 | no new closed trades
[LOOP] 2026-03-10T18:40:10+00:00 | no new closed trades
[LOOP] 2026-03-10T18:41:10+00:00 | no new closed trades
[LOOP] 2026-03-10T18:42:10+00:00 | no new closed trades
[LOOP] 2026-03-10T18:43:10+00:00 | no new closed trades
[LOOP] 2026-03-10T18:44:10+00:00 | no new closed trades
[LOOP] 2026-03-10T18:45:10+00:00 | no new closed trades
[LOOP] 2026-03-10T18:46:10+00:00 | no new closed trades
[LOOP] 2026-03-10T18:47:10+00:00 | no new closed trades
[LOOP] 2026-03-10T18:48:10+00:00 | no new closed trades
[LOOP] 2026-03-10T18:49:10+00:00 | no new closed trades
[LOOP] 2026-03-10T18:50:10+00:00 | no new closed trades
[LOOP] 2026-03-10T18:51:10+00:00 | no new closed trades
[LOOP] 2026-03-10T18:52:10+00:00 | no new closed trades
[LOOP] 2026-03-10T18:53:10+00:00 | no new closed trades
[LOOP] 2026-03-10T18:54:10+00:00 | no new closed trades
[LOOP] 2026-03-10T18:55:10+00:00 | no new closed trades
[LOOP] 2026-03-10T18:56:10+00:00 | no new closed trades
[LOOP] 2026-03-10T18:57:10+00:00 | no new closed trades
[LOOP] 2026-03-10T18:58:10+00:00 | no new closed trades
[LOOP] 2026-03-10T18:59:10+00:00 | no new closed trades
[LOOP] 2026-03-10T19:00:10+00:00 | no new closed trades
[LOOP] 2026-03-10T19:01:10+00:00 | no new closed trades
[LOOP] 2026-03-10T19:02:10+00:00 | no new closed trades
[LOOP] 2026-03-10T19:03:10+00:00 | no new closed trades
[LOOP] 2026-03-10T19:04:10+00:00 | no new closed trades
[LOOP] 2026-03-10T19:05:10+00:00 | no new closed trades
[LOOP] 2026-03-10T19:06:10+00:00 | no new closed trades
[LOOP] 2026-03-10T19:07:10+00:00 | no new closed trades
[LOOP] 2026-03-10T19:08:10+00:00 | no new closed trades
[LOOP] 2026-03-10T19:09:10+00:00 | no new closed trades
[LOOP] 2026-03-10T19:10:10+00:00 | no new closed trades
[LOOP] 2026-03-10T19:11:10+00:00 | no new closed trades
[LOOP] 2026-03-10T19:12:10+00:00 | no new closed trades
[LOOP] 2026-03-10T19:13:10+00:00 | no new closed trades
[LOOP] 2026-03-10T19:14:10+00:00 | no new closed trades
[LOOP] 2026-03-10T19:15:10+00:00 | no new closed trades
[LOOP] 2026-03-10T19:16:10+00:00 | no new closed trades
[LOOP] 2026-03-10T19:17:10+00:00 | no new closed trades
[LOOP] 2026-03-10T19:18:10+00:00 | no new closed trades
[LOOP] 2026-03-10T19:19:10+00:00 | no new closed trades
[LOOP] 2026-03-10T19:20:10+00:00 | no new closed trades
[LOOP] 2026-03-10T19:21:10+00:00 | no new closed trades
[LOOP] 2026-03-10T19:22:10+00:00 | no new closed trades
[LOOP] 2026-03-10T19:23:10+00:00 | no new closed trades
[LOOP] 2026-03-10T19:24:10+00:00 | no new closed trades
[LOOP] 2026-03-10T19:25:10+00:00 | no new closed trades
[LOOP] 2026-03-10T19:26:10+00:00 | no new closed trades
[LOOP] 2026-03-10T19:27:10+00:00 | no new closed trades
[LOOP] 2026-03-10T19:28:10+00:00 | no new closed trades
[LOOP] 2026-03-10T19:29:10+00:00 | no new closed trades
[LOOP] 2026-03-10T19:30:10+00:00 | no new closed trades
[LOOP] 2026-03-10T19:31:10+00:00 | no new closed trades
[LOOP] 2026-03-10T19:32:10+00:00 | no new closed trades
[LOOP] 2026-03-10T19:33:10+00:00 | no new closed trades
[LOOP] 2026-03-10T19:34:10+00:00 | no new closed trades
[LOOP] 2026-03-10T19:35:10+00:00 | no new closed trades
[LOOP] 2026-03-10T19:36:10+00:00 | no new closed trades
[LOOP] 2026-03-10T19:37:10+00:00 | no new closed trades
[LOOP] 2026-03-10T19:38:10+00:00 | no new closed trades
[LOOP] 2026-03-10T19:39:10+00:00 | no new closed trades
[LOOP] 2026-03-10T19:40:10+00:00 | no new closed trades
[LOOP] 2026-03-10T19:41:10+00:00 | no new closed trades
[LOOP] 2026-03-10T19:42:10+00:00 | no new closed trades
[LOOP] 2026-03-10T19:43:10+00:00 | no new closed trades
[LOOP] 2026-03-10T19:44:10+00:00 | no new closed trades
[LOOP] 2026-03-10T19:45:10+00:00 | no new closed trades
[LOOP] 2026-03-10T19:46:10+00:00 | no new closed trades
[LOOP] 2026-03-10T19:47:10+00:00 | no new closed trades
[LOOP] 2026-03-10T19:48:10+00:00 | no new closed trades
[LOOP] 2026-03-10T19:49:10+00:00 | no new closed trades
[LOOP] 2026-03-10T19:50:10+00:00 | no new closed trades
[LOOP] 2026-03-10T19:51:10+00:00 | no new closed trades
[LOOP] 2026-03-10T19:52:10+00:00 | no new closed trades
[LOOP] 2026-03-10T19:53:10+00:00 | no new closed trades
[LOOP] 2026-03-10T19:54:10+00:00 | no new closed trades
[LOOP] 2026-03-10T19:55:10+00:00 | no new closed trades
[LOOP] 2026-03-10T19:56:10+00:00 | no new closed trades
[LOOP] 2026-03-10T19:57:10+00:00 | no new closed trades
[LOOP] 2026-03-10T19:58:10+00:00 | no new closed trades
[LOOP] 2026-03-10T19:59:10+00:00 | no new closed trades
[LOOP] 2026-03-10T20:00:10+00:00 | no new closed trades
[LOOP] 2026-03-10T20:01:10+00:00 | no new closed trades
[LOOP] 2026-03-10T20:02:10+00:00 | no new closed trades
[LOOP] 2026-03-10T20:03:10+00:00 | no new closed trades
[LOOP] 2026-03-10T20:04:10+00:00 | no new closed trades
[LOOP] 2026-03-10T20:05:10+00:00 | no new closed trades
[LOOP] 2026-03-10T20:06:10+00:00 | no new closed trades
[LOOP] 2026-03-10T20:07:10+00:00 | no new closed trades
[LOOP] 2026-03-10T20:08:10+00:00 | no new closed trades
[LOOP] 2026-03-10T20:09:10+00:00 | no new closed trades
[LOOP] 2026-03-10T20:10:10+00:00 | no new closed trades
[LOOP] 2026-03-10T20:11:10+00:00 | no new closed trades
[LOOP] 2026-03-10T20:12:10+00:00 | no new closed trades
[LOOP] 2026-03-10T20:13:10+00:00 | no new closed trades
[LOOP] 2026-03-10T20:14:10+00:00 | no new closed trades
[LOOP] 2026-03-10T20:15:10+00:00 | no new closed trades
[LOOP] 2026-03-10T20:16:10+00:00 | no new closed trades
[LOOP] 2026-03-10T20:17:10+00:00 | no new closed trades
[LOOP] 2026-03-10T20:18:10+00:00 | no new closed trades
[LOOP] 2026-03-10T20:19:10+00:00 | no new closed trades
[LOOP] 2026-03-10T20:20:10+00:00 | no new closed trades
[LOOP] 2026-03-10T20:21:10+00:00 | no new closed trades
[LOOP] 2026-03-10T20:22:10+00:00 | no new closed trades
[LOOP] 2026-03-10T20:23:10+00:00 | no new closed trades
[LOOP] 2026-03-10T20:24:10+00:00 | no new closed trades
[LOOP] 2026-03-10T20:25:10+00:00 | no new closed trades
[LOOP] 2026-03-10T20:26:10+00:00 | no new closed trades
[LOOP] 2026-03-10T20:27:10+00:00 | no new closed trades
[LOOP] 2026-03-10T20:28:10+00:00 | no new closed trades
[LOOP] 2026-03-10T20:29:10+00:00 | no new closed trades
[LOOP] 2026-03-10T20:30:10+00:00 | no new closed trades
[LOOP] 2026-03-10T20:31:10+00:00 | no new closed trades
[LOOP] 2026-03-10T20:32:10+00:00 | no new closed trades
[LOOP] 2026-03-10T20:33:10+00:00 | no new closed trades
[LOOP] 2026-03-10T20:34:10+00:00 | no new closed trades
[LOOP] 2026-03-10T20:35:10+00:00 | no new closed trades
[LOOP] 2026-03-10T20:36:10+00:00 | no new closed trades
[LOOP] 2026-03-10T20:37:10+00:00 | no new closed trades
[LOOP] 2026-03-10T20:38:10+00:00 | no new closed trades
[LOOP] 2026-03-10T20:39:10+00:00 | no new closed trades
[LOOP] 2026-03-10T20:40:10+00:00 | no new closed trades
[LOOP] 2026-03-10T20:41:10+00:00 | no new closed trades
[LOOP] 2026-03-10T20:42:10+00:00 | no new closed trades
[LOOP] 2026-03-10T20:43:10+00:00 | no new closed trades
[LOOP] 2026-03-10T20:44:10+00:00 | no new closed trades
[LOOP] 2026-03-10T20:45:10+00:00 | no new closed trades
[LOOP] 2026-03-10T20:46:10+00:00 | no new closed trades
[LOOP] 2026-03-10T20:47:10+00:00 | no new closed trades
[LOOP] 2026-03-10T20:48:10+00:00 | no new closed trades
[LOOP] 2026-03-10T20:49:10+00:00 | no new closed trades
[LOOP] 2026-03-10T20:50:10+00:00 | no new closed trades
[LOOP] 2026-03-10T20:51:10+00:00 | no new closed trades
[LOOP] 2026-03-10T20:52:10+00:00 | no new closed trades
[LOOP] 2026-03-10T20:53:10+00:00 | no new closed trades
[LOOP] 2026-03-10T20:54:10+00:00 | no new closed trades
[LOOP] 2026-03-10T20:55:10+00:00 | no new closed trades
[LOOP] 2026-03-10T20:56:10+00:00 | no new closed trades
[LOOP] 2026-03-10T20:57:10+00:00 | no new closed trades
[LOOP] 2026-03-10T20:58:10+00:00 | no new closed trades
[LOOP] 2026-03-10T20:59:10+00:00 | no new closed trades
[LOOP] 2026-03-10T21:00:10+00:00 | no new closed trades
[LOOP] 2026-03-10T21:01:10+00:00 | no new closed trades
[LOOP] 2026-03-10T21:02:10+00:00 | no new closed trades
[LOOP] 2026-03-10T21:03:10+00:00 | no new closed trades
[LOOP] 2026-03-10T21:04:10+00:00 | no new closed trades
[LOOP] 2026-03-10T21:05:10+00:00 | no new closed trades
[LOOP] 2026-03-10T21:06:10+00:00 | no new closed trades
[LOOP] 2026-03-10T21:07:10+00:00 | no new closed trades
[LOOP] 2026-03-10T21:08:10+00:00 | no new closed trades
[CLOSED] +1 -> C:\Users\Leon\Desktop\Business_Code\Quant_Structure\FTMO\1.Data_Center\Data\Strategy_Data\Live_Trades_Data\Strategy_Live_Performance\account_1512715329\closed_trades.csv
[LOOP] 2026-03-11T06:12:21+00:00 | no new closed trades
[LOOP] 2026-03-11T06:13:21+00:00 | no new closed trades
[LOOP] 2026-03-11T06:14:21+00:00 | no new closed trades
[LOOP] 2026-03-11T06:15:21+00:00 | no new closed trades
[LOOP] 2026-03-11T06:16:21+00:00 | no new closed trades
[LOOP] 2026-03-11T06:17:21+00:00 | no new closed trades
[LOOP] 2026-03-11T06:18:21+00:00 | no new closed trades
[LOOP] 2026-03-11T06:19:21+00:00 | no new closed trades
[LOOP] 2026-03-11T06:20:21+00:00 | no new closed trades
[LOOP] 2026-03-11T06:21:21+00:00 | no new closed trades
[LOOP] 2026-03-11T06:22:21+00:00 | no new closed trades
[LOOP] 2026-03-11T06:23:21+00:00 | no new closed trades
[LOOP] 2026-03-11T06:24:21+00:00 | no new closed trades
[LOOP] 2026-03-11T06:25:21+00:00 | no new closed trades
[LOOP] 2026-03-11T06:26:21+00:00 | no new closed trades
[LOOP] 2026-03-11T06:27:21+00:00 | no new closed trades
[LOOP] 2026-03-11T06:28:21+00:00 | no new closed trades
[LOOP] 2026-03-11T06:29:21+00:00 | no new closed trades
[LOOP] 2026-03-11T06:30:21+00:00 | no new closed trades
[LOOP] 2026-03-11T06:31:21+00:00 | no new closed trades
[LOOP] 2026-03-11T06:32:21+00:00 | no new closed trades
[LOOP] 2026-03-11T06:33:21+00:00 | no new closed trades
[LOOP] 2026-03-11T06:34:21+00:00 | no new closed trades
[LOOP] 2026-03-11T06:35:21+00:00 | no new closed trades
[LOOP] 2026-03-11T06:36:21+00:00 | no new closed trades
[LOOP] 2026-03-11T06:37:21+00:00 | no new closed trades
[LOOP] 2026-03-11T06:38:21+00:00 | no new closed trades
[LOOP] 2026-03-11T06:39:21+00:00 | no new closed trades
[LOOP] 2026-03-11T06:40:21+00:00 | no new closed trades
[LOOP] 2026-03-11T06:41:21+00:00 | no new closed trades
[LOOP] 2026-03-11T06:42:21+00:00 | no new closed trades
[LOOP] 2026-03-11T06:43:21+00:00 | no new closed trades
[LOOP] 2026-03-11T06:44:21+00:00 | no new closed trades
[LOOP] 2026-03-11T06:45:21+00:00 | no new closed trades
[LOOP] 2026-03-11T06:46:21+00:00 | no new closed trades
[LOOP] 2026-03-11T06:47:21+00:00 | no new closed trades
[LOOP] 2026-03-11T06:48:21+00:00 | no new closed trades
[LOOP] 2026-03-11T06:49:21+00:00 | no new closed trades
[LOOP] 2026-03-11T06:50:21+00:00 | no new closed trades
[LOOP] 2026-03-11T06:51:21+00:00 | no new closed trades
[LOOP] 2026-03-11T06:52:21+00:00 | no new closed trades
[LOOP] 2026-03-11T06:53:21+00:00 | no new closed trades
[LOOP] 2026-03-11T06:54:21+00:00 | no new closed trades
[LOOP] 2026-03-11T06:55:21+00:00 | no new closed trades
[LOOP] 2026-03-11T06:56:21+00:00 | no new closed trades
[LOOP] 2026-03-11T06:57:21+00:00 | no new closed trades
[LOOP] 2026-03-11T06:58:21+00:00 | no new closed trades
[LOOP] 2026-03-11T06:59:21+00:00 | no new closed trades
[LOOP] 2026-03-11T07:00:21+00:00 | no new closed trades
[LOOP] 2026-03-11T07:01:21+00:00 | no new closed trades
[LOOP] 2026-03-11T07:02:21+00:00 | no new closed trades
[LOOP] 2026-03-11T07:03:21+00:00 | no new closed trades
[LOOP] 2026-03-11T07:04:21+00:00 | no new closed trades
[LOOP] 2026-03-11T07:05:21+00:00 | no new closed trades
[LOOP] 2026-03-11T07:06:21+00:00 | no new closed trades
[LOOP] 2026-03-11T07:07:21+00:00 | no new closed trades
[LOOP] 2026-03-11T07:08:21+00:00 | no new closed trades
[LOOP] 2026-03-11T07:09:21+00:00 | no new closed trades
[LOOP] 2026-03-11T07:10:21+00:00 | no new closed trades
[LOOP] 2026-03-11T07:11:21+00:00 | no new closed trades
[LOOP] 2026-03-11T07:12:21+00:00 | no new closed trades
[LOOP] 2026-03-11T07:13:21+00:00 | no new closed trades
[LOOP] 2026-03-11T07:14:21+00:00 | no new closed trades
[LOOP] 2026-03-11T07:15:21+00:00 | no new closed trades
[LOOP] 2026-03-11T07:16:21+00:00 | no new closed trades
[LOOP] 2026-03-11T07:17:21+00:00 | no new closed trades
[LOOP] 2026-03-11T07:18:21+00:00 | no new closed trades
[LOOP] 2026-03-11T07:19:21+00:00 | no new closed trades
[LOOP] 2026-03-11T07:20:21+00:00 | no new closed trades
[LOOP] 2026-03-11T07:21:21+00:00 | no new closed trades
[LOOP] 2026-03-11T07:22:21+00:00 | no new closed trades
[LOOP] 2026-03-11T07:23:21+00:00 | no new closed trades
[LOOP] 2026-03-11T07:24:22+00:00 | no new closed trades
[LOOP] 2026-03-11T07:25:22+00:00 | no new closed trades
[LOOP] 2026-03-11T07:26:22+00:00 | no new closed trades
[LOOP] 2026-03-11T07:27:22+00:00 | no new closed trades
[LOOP] 2026-03-11T07:28:22+00:00 | no new closed trades
[LOOP] 2026-03-11T07:29:22+00:00 | no new closed trades
[LOOP] 2026-03-11T07:30:22+00:00 | no new closed trades
[LOOP] 2026-03-11T07:31:22+00:00 | no new closed trades
[LOOP] 2026-03-11T07:32:22+00:00 | no new closed trades
[LOOP] 2026-03-11T07:33:22+00:00 | no new closed trades
[LOOP] 2026-03-11T07:34:22+00:00 | no new closed trades
[LOOP] 2026-03-11T07:35:22+00:00 | no new closed trades
[LOOP] 2026-03-11T07:36:22+00:00 | no new closed trades
[LOOP] 2026-03-11T07:37:22+00:00 | no new closed trades
[LOOP] 2026-03-11T07:38:22+00:00 | no new closed trades
[LOOP] 2026-03-11T07:39:22+00:00 | no new closed trades
[LOOP] 2026-03-11T07:40:22+00:00 | no new closed trades
[LOOP] 2026-03-11T07:41:22+00:00 | no new closed trades
[LOOP] 2026-03-11T07:42:22+00:00 | no new closed trades
[LOOP] 2026-03-11T07:43:22+00:00 | no new closed trades
[LOOP] 2026-03-11T07:44:22+00:00 | no new closed trades
[LOOP] 2026-03-11T07:45:22+00:00 | no new closed trades
[LOOP] 2026-03-11T07:46:22+00:00 | no new closed trades
[LOOP] 2026-03-11T07:47:22+00:00 | no new closed trades
[LOOP] 2026-03-11T07:48:22+00:00 | no new closed trades
[LOOP] 2026-03-11T07:49:22+00:00 | no new closed trades
[LOOP] 2026-03-11T07:50:22+00:00 | no new closed trades
[LOOP] 2026-03-11T07:51:22+00:00 | no new closed trades
[LOOP] 2026-03-11T07:52:22+00:00 | no new closed trades
[LOOP] 2026-03-11T07:53:22+00:00 | no new closed trades
[LOOP] 2026-03-11T07:54:22+00:00 | no new closed trades
[LOOP] 2026-03-11T07:55:22+00:00 | no new closed trades
[LOOP] 2026-03-11T07:56:22+00:00 | no new closed trades
[LOOP] 2026-03-11T07:57:22+00:00 | no new closed trades
[LOOP] 2026-03-11T07:58:22+00:00 | no new closed trades
[LOOP] 2026-03-11T07:59:22+00:00 | no new closed trades
[LOOP] 2026-03-11T08:00:22+00:00 | no new closed trades
[LOOP] 2026-03-11T08:01:22+00:00 | no new closed trades
[LOOP] 2026-03-11T08:02:22+00:00 | no new closed trades
[LOOP] 2026-03-11T08:03:22+00:00 | no new closed trades
[LOOP] 2026-03-11T08:04:22+00:00 | no new closed trades
[LOOP] 2026-03-11T08:05:22+00:00 | no new closed trades
[LOOP] 2026-03-11T08:06:22+00:00 | no new closed trades
[LOOP] 2026-03-11T08:07:22+00:00 | no new closed trades
[LOOP] 2026-03-11T08:08:22+00:00 | no new closed trades
[LOOP] 2026-03-11T08:09:22+00:00 | no new closed trades
[LOOP] 2026-03-11T08:10:22+00:00 | no new closed trades
[LOOP] 2026-03-11T08:11:22+00:00 | no new closed trades
[LOOP] 2026-03-11T08:12:22+00:00 | no new closed trades
[LOOP] 2026-03-11T08:13:22+00:00 | no new closed trades
[LOOP] 2026-03-11T08:14:22+00:00 | no new closed trades
[LOOP] 2026-03-11T08:15:22+00:00 | no new closed trades
[LOOP] 2026-03-11T08:16:22+00:00 | no new closed trades
[LOOP] 2026-03-11T08:17:22+00:00 | no new closed trades
[LOOP] 2026-03-11T08:18:22+00:00 | no new closed trades
[LOOP] 2026-03-11T08:19:22+00:00 | no new closed trades
[LOOP] 2026-03-11T08:20:22+00:00 | no new closed trades
[LOOP] 2026-03-11T08:21:22+00:00 | no new closed trades
[LOOP] 2026-03-11T08:22:22+00:00 | no new closed trades
[LOOP] 2026-03-11T08:23:22+00:00 | no new closed trades
[LOOP] 2026-03-11T08:24:22+00:00 | no new closed trades
[LOOP] 2026-03-11T08:25:22+00:00 | no new closed trades
[LOOP] 2026-03-11T08:26:22+00:00 | no new closed trades
[LOOP] 2026-03-11T08:27:22+00:00 | no new closed trades
[LOOP] 2026-03-11T08:28:22+00:00 | no new closed trades
[LOOP] 2026-03-11T08:29:22+00:00 | no new closed trades
[LOOP] 2026-03-11T08:30:22+00:00 | no new closed trades
[LOOP] 2026-03-11T08:31:22+00:00 | no new closed trades
[LOOP] 2026-03-11T08:32:22+00:00 | no new closed trades
[LOOP] 2026-03-11T08:33:22+00:00 | no new closed trades
[LOOP] 2026-03-11T08:34:22+00:00 | no new closed trades
[LOOP] 2026-03-11T08:35:22+00:00 | no new closed trades
[LOOP] 2026-03-11T08:36:22+00:00 | no new closed trades
[LOOP] 2026-03-11T08:37:22+00:00 | no new closed trades
[LOOP] 2026-03-11T08:38:22+00:00 | no new closed trades
[LOOP] 2026-03-11T08:39:22+00:00 | no new closed trades
[LOOP] 2026-03-11T08:40:22+00:00 | no new closed trades
[LOOP] 2026-03-11T08:41:22+00:00 | no new closed trades
[LOOP] 2026-03-11T08:42:22+00:00 | no new closed trades
[LOOP] 2026-03-11T08:43:22+00:00 | no new closed trades
[LOOP] 2026-03-11T08:44:22+00:00 | no new closed trades
[LOOP] 2026-03-11T08:45:22+00:00 | no new closed trades
[LOOP] 2026-03-11T08:46:22+00:00 | no new closed trades
[LOOP] 2026-03-11T08:47:22+00:00 | no new closed trades
[LOOP] 2026-03-11T08:48:22+00:00 | no new closed trades
[LOOP] 2026-03-11T08:49:22+00:00 | no new closed trades
[LOOP] 2026-03-11T08:50:22+00:00 | no new closed trades
[LOOP] 2026-03-11T08:51:22+00:00 | no new closed trades
[LOOP] 2026-03-11T08:52:22+00:00 | no new closed trades
[LOOP] 2026-03-11T08:53:22+00:00 | no new closed trades
[LOOP] 2026-03-11T08:54:22+00:00 | no new closed trades
[LOOP] 2026-03-11T08:55:22+00:00 | no new closed trades
[LOOP] 2026-03-11T08:56:22+00:00 | no new closed trades
[LOOP] 2026-03-11T08:57:22+00:00 | no new closed trades
[LOOP] 2026-03-11T08:58:22+00:00 | no new closed trades
[LOOP] 2026-03-11T08:59:22+00:00 | no new closed trades
[LOOP] 2026-03-11T09:00:22+00:00 | no new closed trades
[LOOP] 2026-03-11T09:01:22+00:00 | no new closed trades
[LOOP] 2026-03-11T09:02:22+00:00 | no new closed trades
[LOOP] 2026-03-11T09:03:22+00:00 | no new closed trades
[LOOP] 2026-03-11T09:04:22+00:00 | no new closed trades
[LOOP] 2026-03-11T09:05:22+00:00 | no new closed trades
[LOOP] 2026-03-11T09:06:22+00:00 | no new closed trades
[LOOP] 2026-03-11T09:07:22+00:00 | no new closed trades
[LOOP] 2026-03-11T09:08:22+00:00 | no new closed trades
[LOOP] 2026-03-11T09:09:22+00:00 | no new closed trades
[LOOP] 2026-03-11T09:10:22+00:00 | no new closed trades
[LOOP] 2026-03-11T09:11:22+00:00 | no new closed trades
[LOOP] 2026-03-11T09:12:22+00:00 | no new closed trades
[LOOP] 2026-03-11T09:13:22+00:00 | no new closed trades
[LOOP] 2026-03-11T09:14:22+00:00 | no new closed trades
[LOOP] 2026-03-11T09:15:22+00:00 | no new closed trades
[LOOP] 2026-03-11T09:16:22+00:00 | no new closed trades
[LOOP] 2026-03-11T09:17:22+00:00 | no new closed trades
[LOOP] 2026-03-11T09:18:22+00:00 | no new closed trades
[LOOP] 2026-03-11T09:19:22+00:00 | no new closed trades
[LOOP] 2026-03-11T09:20:22+00:00 | no new closed trades
[LOOP] 2026-03-11T09:21:22+00:00 | no new closed trades
[LOOP] 2026-03-11T09:22:22+00:00 | no new closed trades
[LOOP] 2026-03-11T09:23:22+00:00 | no new closed trades
[LOOP] 2026-03-11T09:24:22+00:00 | no new closed trades
[LOOP] 2026-03-11T09:25:22+00:00 | no new closed trades
[LOOP] 2026-03-11T09:26:22+00:00 | no new closed trades
[LOOP] 2026-03-11T09:27:22+00:00 | no new closed trades
[LOOP] 2026-03-11T09:28:22+00:00 | no new closed trades
[LOOP] 2026-03-11T09:29:22+00:00 | no new closed trades
[LOOP] 2026-03-11T09:30:22+00:00 | no new closed trades
[LOOP] 2026-03-11T09:31:22+00:00 | no new closed trades
[LOOP] 2026-03-11T09:32:22+00:00 | no new closed trades
[LOOP] 2026-03-11T09:33:22+00:00 | no new closed trades
[LOOP] 2026-03-11T09:34:22+00:00 | no new closed trades
[LOOP] 2026-03-11T09:35:22+00:00 | no new closed trades
[LOOP] 2026-03-11T09:36:22+00:00 | no new closed trades
[LOOP] 2026-03-11T09:37:22+00:00 | no new closed trades
[LOOP] 2026-03-11T09:38:22+00:00 | no new closed trades
[LOOP] 2026-03-11T09:39:22+00:00 | no new closed trades
[LOOP] 2026-03-11T09:40:22+00:00 | no new closed trades
[LOOP] 2026-03-11T09:41:22+00:00 | no new closed trades
[LOOP] 2026-03-11T09:42:22+00:00 | no new closed trades
[LOOP] 2026-03-11T09:43:22+00:00 | no new closed trades
[LOOP] 2026-03-11T09:44:22+00:00 | no new closed trades
[LOOP] 2026-03-11T09:45:22+00:00 | no new closed trades
[LOOP] 2026-03-11T09:46:22+00:00 | no new closed trades
[LOOP] 2026-03-11T09:47:22+00:00 | no new closed trades
[LOOP] 2026-03-11T09:48:22+00:00 | no new closed trades
[LOOP] 2026-03-11T09:49:22+00:00 | no new closed trades
[LOOP] 2026-03-11T09:50:22+00:00 | no new closed trades
[LOOP] 2026-03-11T09:51:22+00:00 | no new closed trades
[LOOP] 2026-03-11T09:52:22+00:00 | no new closed trades
[LOOP] 2026-03-11T09:53:22+00:00 | no new closed trades
[LOOP] 2026-03-11T09:54:22+00:00 | no new closed trades
[LOOP] 2026-03-11T09:55:22+00:00 | no new closed trades
[LOOP] 2026-03-11T09:56:22+00:00 | no new closed trades
[LOOP] 2026-03-11T09:57:22+00:00 | no new closed trades
[LOOP] 2026-03-11T09:58:22+00:00 | no new closed trades
[LOOP] 2026-03-11T09:59:22+00:00 | no new closed trades
[LOOP] 2026-03-11T10:00:22+00:00 | no new closed trades
[LOOP] 2026-03-11T10:01:22+00:00 | no new closed trades
[LOOP] 2026-03-11T10:02:22+00:00 | no new closed trades
[LOOP] 2026-03-11T10:03:22+00:00 | no new closed trades
[LOOP] 2026-03-11T10:04:22+00:00 | no new closed trades
[LOOP] 2026-03-11T10:05:22+00:00 | no new closed trades
[LOOP] 2026-03-11T10:06:22+00:00 | no new closed trades
[LOOP] 2026-03-11T10:07:22+00:00 | no new closed trades
[LOOP] 2026-03-11T10:08:22+00:00 | no new closed trades
[LOOP] 2026-03-11T10:09:22+00:00 | no new closed trades
[LOOP] 2026-03-11T10:10:22+00:00 | no new closed trades
[LOOP] 2026-03-11T10:11:22+00:00 | no new closed trades
[LOOP] 2026-03-11T10:12:22+00:00 | no new closed trades
[LOOP] 2026-03-11T10:13:22+00:00 | no new closed trades
[LOOP] 2026-03-11T10:14:22+00:00 | no new closed trades
[LOOP] 2026-03-11T10:15:22+00:00 | no new closed trades
[LOOP] 2026-03-11T10:16:22+00:00 | no new closed trades
[LOOP] 2026-03-11T10:17:22+00:00 | no new closed trades
[LOOP] 2026-03-11T10:18:22+00:00 | no new closed trades
[LOOP] 2026-03-11T10:19:22+00:00 | no new closed trades
[LOOP] 2026-03-11T10:20:22+00:00 | no new closed trades
[LOOP] 2026-03-11T10:21:22+00:00 | no new closed trades
[LOOP] 2026-03-11T10:22:22+00:00 | no new closed trades
[LOOP] 2026-03-11T10:23:22+00:00 | no new closed trades
[LOOP] 2026-03-11T10:24:22+00:00 | no new closed trades
[LOOP] 2026-03-11T10:25:22+00:00 | no new closed trades
[LOOP] 2026-03-11T10:26:22+00:00 | no new closed trades
[LOOP] 2026-03-11T10:27:22+00:00 | no new closed trades
[LOOP] 2026-03-11T10:28:22+00:00 | no new closed trades
[LOOP] 2026-03-11T10:29:22+00:00 | no new closed trades
[LOOP] 2026-03-11T10:30:22+00:00 | no new closed trades
[LOOP] 2026-03-11T10:31:22+00:00 | no new closed trades
[LOOP] 2026-03-11T10:32:22+00:00 | no new closed trades
[LOOP] 2026-03-11T10:33:22+00:00 | no new closed trades
[LOOP] 2026-03-11T10:34:22+00:00 | no new closed trades
[LOOP] 2026-03-11T10:35:22+00:00 | no new closed trades
[LOOP] 2026-03-11T10:36:22+00:00 | no new closed trades
[LOOP] 2026-03-11T10:37:22+00:00 | no new closed trades
[LOOP] 2026-03-11T10:38:22+00:00 | no new closed trades
[LOOP] 2026-03-11T10:39:22+00:00 | no new closed trades
[LOOP] 2026-03-11T10:40:22+00:00 | no new closed trades
[LOOP] 2026-03-11T10:41:22+00:00 | no new closed trades
[LOOP] 2026-03-11T10:42:22+00:00 | no new closed trades
[LOOP] 2026-03-11T10:43:22+00:00 | no new closed trades
[LOOP] 2026-03-11T10:44:22+00:00 | no new closed trades
[LOOP] 2026-03-11T10:45:22+00:00 | no new closed trades
[LOOP] 2026-03-11T10:46:22+00:00 | no new closed trades
[LOOP] 2026-03-11T10:47:22+00:00 | no new closed trades
[LOOP] 2026-03-11T10:48:22+00:00 | no new closed trades
[LOOP] 2026-03-11T10:49:22+00:00 | no new closed trades
[LOOP] 2026-03-11T10:50:22+00:00 | no new closed trades
[LOOP] 2026-03-11T10:51:22+00:00 | no new closed trades
[LOOP] 2026-03-11T10:52:22+00:00 | no new closed trades
[LOOP] 2026-03-11T10:53:22+00:00 | no new closed trades
[LOOP] 2026-03-11T10:54:22+00:00 | no new closed trades
[LOOP] 2026-03-11T10:55:22+00:00 | no new closed trades
[LOOP] 2026-03-11T10:56:22+00:00 | no new closed trades
[LOOP] 2026-03-11T10:57:22+00:00 | no new closed trades
[LOOP] 2026-03-11T10:58:22+00:00 | no new closed trades
[LOOP] 2026-03-11T10:59:22+00:00 | no new closed trades
[LOOP] 2026-03-11T11:00:22+00:00 | no new closed trades
[LOOP] 2026-03-11T11:01:22+00:00 | no new closed trades
[LOOP] 2026-03-11T11:02:22+00:00 | no new closed trades
[LOOP] 2026-03-11T11:03:22+00:00 | no new closed trades
[LOOP] 2026-03-11T11:04:22+00:00 | no new closed trades
[LOOP] 2026-03-11T11:05:22+00:00 | no new closed trades
[LOOP] 2026-03-11T11:06:22+00:00 | no new closed trades
[LOOP] 2026-03-11T11:07:22+00:00 | no new closed trades
[LOOP] 2026-03-11T11:08:22+00:00 | no new closed trades
[LOOP] 2026-03-11T11:09:22+00:00 | no new closed trades
[LOOP] 2026-03-11T11:10:22+00:00 | no new closed trades
[LOOP] 2026-03-11T11:11:22+00:00 | no new closed trades
[LOOP] 2026-03-11T11:12:22+00:00 | no new closed trades
[LOOP] 2026-03-11T11:13:22+00:00 | no new closed trades
[LOOP] 2026-03-11T11:14:22+00:00 | no new closed trades
[LOOP] 2026-03-11T11:15:22+00:00 | no new closed trades
[LOOP] 2026-03-11T11:16:22+00:00 | no new closed trades
[LOOP] 2026-03-11T11:17:22+00:00 | no new closed trades
[LOOP] 2026-03-11T11:18:22+00:00 | no new closed trades
[LOOP] 2026-03-11T11:19:22+00:00 | no new closed trades
[LOOP] 2026-03-11T11:20:22+00:00 | no new closed trades
[LOOP] 2026-03-11T11:21:22+00:00 | no new closed trades
[LOOP] 2026-03-11T11:22:22+00:00 | no new closed trades
[LOOP] 2026-03-11T11:23:22+00:00 | no new closed trades
[LOOP] 2026-03-11T11:24:22+00:00 | no new closed trades
[LOOP] 2026-03-11T11:25:22+00:00 | no new closed trades
[LOOP] 2026-03-11T11:26:22+00:00 | no new closed trades
[LOOP] 2026-03-11T11:27:22+00:00 | no new closed trades
[LOOP] 2026-03-11T11:28:22+00:00 | no new closed trades
[LOOP] 2026-03-11T11:29:22+00:00 | no new closed trades
[LOOP] 2026-03-11T11:30:22+00:00 | no new closed trades
[LOOP] 2026-03-11T11:31:22+00:00 | no new closed trades
[LOOP] 2026-03-11T11:32:22+00:00 | no new closed trades
[LOOP] 2026-03-11T11:33:22+00:00 | no new closed trades
[LOOP] 2026-03-11T11:34:22+00:00 | no new closed trades
[LOOP] 2026-03-11T11:35:22+00:00 | no new closed trades
[LOOP] 2026-03-11T11:36:22+00:00 | no new closed trades
[LOOP] 2026-03-11T11:37:22+00:00 | no new closed trades
[LOOP] 2026-03-11T11:38:22+00:00 | no new closed trades
[LOOP] 2026-03-11T11:39:22+00:00 | no new closed trades
[LOOP] 2026-03-11T11:40:22+00:00 | no new closed trades
[LOOP] 2026-03-11T11:41:22+00:00 | no new closed trades
[LOOP] 2026-03-11T11:42:22+00:00 | no new closed trades
[LOOP] 2026-03-11T11:43:22+00:00 | no new closed trades
[LOOP] 2026-03-11T11:44:22+00:00 | no new closed trades
[LOOP] 2026-03-11T11:45:22+00:00 | no new closed trades
[LOOP] 2026-03-11T11:46:22+00:00 | no new closed trades
[LOOP] 2026-03-11T11:47:22+00:00 | no new closed trades
[LOOP] 2026-03-11T11:48:22+00:00 | no new closed trades
[LOOP] 2026-03-11T11:49:22+00:00 | no new closed trades
[LOOP] 2026-03-11T11:50:22+00:00 | no new closed trades
[LOOP] 2026-03-11T11:51:22+00:00 | no new closed trades
[LOOP] 2026-03-11T11:52:22+00:00 | no new closed trades
[LOOP] 2026-03-11T11:53:22+00:00 | no new closed trades
[LOOP] 2026-03-11T11:54:22+00:00 | no new closed trades
[LOOP] 2026-03-11T11:55:22+00:00 | no new closed trades
[LOOP] 2026-03-11T11:56:22+00:00 | no new closed trades
[LOOP] 2026-03-11T11:57:22+00:00 | no new closed trades
[LOOP] 2026-03-11T11:58:22+00:00 | no new closed trades
[LOOP] 2026-03-11T11:59:22+00:00 | no new closed trades
[LOOP] 2026-03-11T12:00:22+00:00 | no new closed trades
[LOOP] 2026-03-11T12:01:22+00:00 | no new closed trades
[LOOP] 2026-03-11T12:02:22+00:00 | no new closed trades
[LOOP] 2026-03-11T12:03:22+00:00 | no new closed trades
[LOOP] 2026-03-11T12:04:22+00:00 | no new closed trades
[LOOP] 2026-03-11T12:05:22+00:00 | no new closed trades
[LOOP] 2026-03-11T12:06:22+00:00 | no new closed trades
[LOOP] 2026-03-11T12:07:22+00:00 | no new closed trades
[LOOP] 2026-03-11T12:08:22+00:00 | no new closed trades
[LOOP] 2026-03-11T12:09:22+00:00 | no new closed trades
[LOOP] 2026-03-11T12:10:22+00:00 | no new closed trades
[LOOP] 2026-03-11T12:11:22+00:00 | no new closed trades
[LOOP] 2026-03-11T12:12:22+00:00 | no new closed trades
[LOOP] 2026-03-11T12:13:22+00:00 | no new closed trades
[LOOP] 2026-03-11T12:14:22+00:00 | no new closed trades
[LOOP] 2026-03-11T12:15:22+00:00 | no new closed trades
[LOOP] 2026-03-11T12:16:22+00:00 | no new closed trades
[LOOP] 2026-03-11T12:17:22+00:00 | no new closed trades
[LOOP] 2026-03-11T12:18:22+00:00 | no new closed trades
[LOOP] 2026-03-11T12:19:22+00:00 | no new closed trades
[LOOP] 2026-03-11T12:20:22+00:00 | no new closed trades
[LOOP] 2026-03-11T12:21:22+00:00 | no new closed trades
[LOOP] 2026-03-11T12:22:22+00:00 | no new closed trades
[LOOP] 2026-03-11T12:23:22+00:00 | no new closed trades
[LOOP] 2026-03-11T12:24:22+00:00 | no new closed trades
[LOOP] 2026-03-11T12:25:22+00:00 | no new closed trades
[LOOP] 2026-03-11T12:26:22+00:00 | no new closed trades
[LOOP] 2026-03-11T12:27:22+00:00 | no new closed trades
[LOOP] 2026-03-11T12:28:22+00:00 | no new closed trades
[LOOP] 2026-03-11T12:29:22+00:00 | no new closed trades
[LOOP] 2026-03-11T12:30:22+00:00 | no new closed trades
[LOOP] 2026-03-11T12:31:22+00:00 | no new closed trades
[LOOP] 2026-03-11T12:32:22+00:00 | no new closed trades
[LOOP] 2026-03-11T12:33:22+00:00 | no new closed trades
[LOOP] 2026-03-11T12:34:22+00:00 | no new closed trades
[LOOP] 2026-03-11T12:35:22+00:00 | no new closed trades
[LOOP] 2026-03-11T12:36:22+00:00 | no new closed trades
[LOOP] 2026-03-11T12:37:22+00:00 | no new closed trades
[LOOP] 2026-03-11T12:38:22+00:00 | no new closed trades
[LOOP] 2026-03-11T12:39:22+00:00 | no new closed trades
[LOOP] 2026-03-11T12:40:22+00:00 | no new closed trades
[LOOP] 2026-03-11T12:41:22+00:00 | no new closed trades
[LOOP] 2026-03-11T12:42:22+00:00 | no new closed trades
[LOOP] 2026-03-11T12:43:22+00:00 | no new closed trades
[LOOP] 2026-03-11T12:44:22+00:00 | no new closed trades
[LOOP] 2026-03-11T12:45:22+00:00 | no new closed trades
[LOOP] 2026-03-11T12:46:22+00:00 | no new closed trades
[LOOP] 2026-03-11T12:47:22+00:00 | no new closed trades
[LOOP] 2026-03-11T12:48:22+00:00 | no new closed trades
[LOOP] 2026-03-11T12:49:22+00:00 | no new closed trades
[LOOP] 2026-03-11T12:50:22+00:00 | no new closed trades
[LOOP] 2026-03-11T12:51:22+00:00 | no new closed trades
[LOOP] 2026-03-11T12:52:22+00:00 | no new closed trades
[LOOP] 2026-03-11T12:53:22+00:00 | no new closed trades
[LOOP] 2026-03-11T12:54:22+00:00 | no new closed trades
[LOOP] 2026-03-11T12:55:22+00:00 | no new closed trades
[LOOP] 2026-03-11T12:56:22+00:00 | no new closed trades
[LOOP] 2026-03-11T12:57:22+00:00 | no new closed trades
[LOOP] 2026-03-11T12:58:22+00:00 | no new closed trades
[LOOP] 2026-03-11T12:59:22+00:00 | no new closed trades
[LOOP] 2026-03-11T13:00:22+00:00 | no new closed trades
[LOOP] 2026-03-11T13:01:22+00:00 | no new closed trades
[LOOP] 2026-03-11T13:02:22+00:00 | no new closed trades
[LOOP] 2026-03-11T13:03:22+00:00 | no new closed trades
[LOOP] 2026-03-11T13:04:22+00:00 | no new closed trades
[LOOP] 2026-03-11T13:05:22+00:00 | no new closed trades
[LOOP] 2026-03-11T13:06:22+00:00 | no new closed trades
[LOOP] 2026-03-11T13:07:22+00:00 | no new closed trades
[LOOP] 2026-03-11T13:08:22+00:00 | no new closed trades
[LOOP] 2026-03-11T13:09:22+00:00 | no new closed trades
[LOOP] 2026-03-11T13:10:22+00:00 | no new closed trades
[LOOP] 2026-03-11T13:11:22+00:00 | no new closed trades
[LOOP] 2026-03-11T13:12:22+00:00 | no new closed trades
[LOOP] 2026-03-11T13:13:22+00:00 | no new closed trades
[LOOP] 2026-03-11T13:14:22+00:00 | no new closed trades
[LOOP] 2026-03-11T13:15:22+00:00 | no new closed trades
[LOOP] 2026-03-11T13:16:22+00:00 | no new closed trades
[LOOP] 2026-03-11T13:17:22+00:00 | no new closed trades
[LOOP] 2026-03-11T13:18:22+00:00 | no new closed trades
[LOOP] 2026-03-11T13:19:22+00:00 | no new closed trades
[LOOP] 2026-03-11T13:20:22+00:00 | no new closed trades
[LOOP] 2026-03-11T13:21:22+00:00 | no new closed trades
[LOOP] 2026-03-11T13:22:22+00:00 | no new closed trades
[LOOP] 2026-03-11T13:23:22+00:00 | no new closed trades
[LOOP] 2026-03-11T13:24:22+00:00 | no new closed trades
[LOOP] 2026-03-11T13:25:22+00:00 | no new closed trades
[LOOP] 2026-03-11T13:26:22+00:00 | no new closed trades
[LOOP] 2026-03-11T13:27:22+00:00 | no new closed trades
[LOOP] 2026-03-11T13:28:22+00:00 | no new closed trades
[LOOP] 2026-03-11T13:29:22+00:00 | no new closed trades
[LOOP] 2026-03-11T13:30:22+00:00 | no new closed trades
[LOOP] 2026-03-11T13:31:22+00:00 | no new closed trades
[LOOP] 2026-03-11T13:32:22+00:00 | no new closed trades
[LOOP] 2026-03-11T13:33:22+00:00 | no new closed trades
[LOOP] 2026-03-11T13:34:22+00:00 | no new closed trades
[LOOP] 2026-03-11T13:35:22+00:00 | no new closed trades
[LOOP] 2026-03-11T13:36:22+00:00 | no new closed trades
[LOOP] 2026-03-11T13:37:22+00:00 | no new closed trades
[LOOP] 2026-03-11T13:38:22+00:00 | no new closed trades
[LOOP] 2026-03-11T13:39:22+00:00 | no new closed trades
[LOOP] 2026-03-11T13:40:22+00:00 | no new closed trades
[LOOP] 2026-03-11T13:41:22+00:00 | no new closed trades
[LOOP] 2026-03-11T13:42:22+00:00 | no new closed trades
[LOOP] 2026-03-11T13:43:22+00:00 | no new closed trades
[LOOP] 2026-03-11T13:44:22+00:00 | no new closed trades
[LOOP] 2026-03-11T13:45:22+00:00 | no new closed trades
[LOOP] 2026-03-11T13:46:22+00:00 | no new closed trades
[LOOP] 2026-03-11T13:47:22+00:00 | no new closed trades
[LOOP] 2026-03-11T13:48:22+00:00 | no new closed trades
[LOOP] 2026-03-11T13:49:22+00:00 | no new closed trades
[LOOP] 2026-03-11T13:50:22+00:00 | no new closed trades
[LOOP] 2026-03-11T13:51:22+00:00 | no new closed trades
[LOOP] 2026-03-11T13:52:22+00:00 | no new closed trades
[LOOP] 2026-03-11T13:53:22+00:00 | no new closed trades
[LOOP] 2026-03-11T13:54:22+00:00 | no new closed trades
[LOOP] 2026-03-11T13:55:22+00:00 | no new closed trades
[LOOP] 2026-03-11T13:56:22+00:00 | no new closed trades
[LOOP] 2026-03-11T13:57:22+00:00 | no new closed trades
[LOOP] 2026-03-11T13:58:22+00:00 | no new closed trades
[LOOP] 2026-03-11T13:59:22+00:00 | no new closed trades
[LOOP] 2026-03-11T14:00:22+00:00 | no new closed trades
[LOOP] 2026-03-11T14:01:22+00:00 | no new closed trades
[LOOP] 2026-03-11T14:02:22+00:00 | no new closed trades
[LOOP] 2026-03-11T14:03:22+00:00 | no new closed trades
[LOOP] 2026-03-11T14:04:22+00:00 | no new closed trades
[LOOP] 2026-03-11T14:05:22+00:00 | no new closed trades
[LOOP] 2026-03-11T14:06:22+00:00 | no new closed trades
[LOOP] 2026-03-11T14:07:22+00:00 | no new closed trades
[LOOP] 2026-03-11T14:08:22+00:00 | no new closed trades
[LOOP] 2026-03-11T14:09:22+00:00 | no new closed trades
[LOOP] 2026-03-11T14:10:22+00:00 | no new closed trades
[LOOP] 2026-03-11T14:11:22+00:00 | no new closed trades
[LOOP] 2026-03-11T14:12:22+00:00 | no new closed trades
[LOOP] 2026-03-11T14:13:22+00:00 | no new closed trades
[LOOP] 2026-03-11T14:14:22+00:00 | no new closed trades
[LOOP] 2026-03-11T14:15:22+00:00 | no new closed trades
[LOOP] 2026-03-11T14:16:22+00:00 | no new closed trades
[LOOP] 2026-03-11T14:17:22+00:00 | no new closed trades
[LOOP] 2026-03-11T14:18:22+00:00 | no new closed trades
[LOOP] 2026-03-11T14:19:22+00:00 | no new closed trades
[LOOP] 2026-03-11T14:20:22+00:00 | no new closed trades
[LOOP] 2026-03-11T14:21:22+00:00 | no new closed trades
[LOOP] 2026-03-11T14:22:22+00:00 | no new closed trades
[LOOP] 2026-03-11T14:23:22+00:00 | no new closed trades
[LOOP] 2026-03-11T14:24:22+00:00 | no new closed trades
[LOOP] 2026-03-11T14:25:22+00:00 | no new closed trades
[LOOP] 2026-03-11T14:26:22+00:00 | no new closed trades
[LOOP] 2026-03-11T14:27:22+00:00 | no new closed trades
[LOOP] 2026-03-11T14:28:22+00:00 | no new closed trades
[LOOP] 2026-03-11T14:29:22+00:00 | no new closed trades
[LOOP] 2026-03-11T14:30:22+00:00 | no new closed trades
[LOOP] 2026-03-11T14:31:22+00:00 | no new closed trades
[LOOP] 2026-03-11T14:32:22+00:00 | no new closed trades
[LOOP] 2026-03-11T14:33:22+00:00 | no new closed trades
[LOOP] 2026-03-11T14:34:22+00:00 | no new closed trades
[LOOP] 2026-03-11T14:35:22+00:00 | no new closed trades
[LOOP] 2026-03-11T14:36:22+00:00 | no new closed trades
[LOOP] 2026-03-11T14:37:22+00:00 | no new closed trades
[LOOP] 2026-03-11T14:38:22+00:00 | no new closed trades
[LOOP] 2026-03-11T14:39:22+00:00 | no new closed trades
[LOOP] 2026-03-11T14:40:22+00:00 | no new closed trades
[LOOP] 2026-03-11T14:41:22+00:00 | no new closed trades
[LOOP] 2026-03-11T14:42:22+00:00 | no new closed trades
[LOOP] 2026-03-11T14:43:22+00:00 | no new closed trades
[LOOP] 2026-03-11T14:44:22+00:00 | no new closed trades
[LOOP] 2026-03-11T14:45:22+00:00 | no new closed trades
[LOOP] 2026-03-11T14:46:22+00:00 | no new closed trades
[LOOP] 2026-03-11T14:47:22+00:00 | no new closed trades
[LOOP] 2026-03-11T14:48:22+00:00 | no new closed trades
[LOOP] 2026-03-11T14:49:22+00:00 | no new closed trades
[LOOP] 2026-03-11T14:50:22+00:00 | no new closed trades
[LOOP] 2026-03-11T14:51:22+00:00 | no new closed trades
[LOOP] 2026-03-11T14:52:22+00:00 | no new closed trades
[LOOP] 2026-03-11T14:53:22+00:00 | no new closed trades
[LOOP] 2026-03-11T14:54:22+00:00 | no new closed trades
[LOOP] 2026-03-11T14:55:22+00:00 | no new closed trades
[LOOP] 2026-03-11T14:56:22+00:00 | no new closed trades
[LOOP] 2026-03-11T14:57:22+00:00 | no new closed trades
[LOOP] 2026-03-11T14:58:22+00:00 | no new closed trades
[LOOP] 2026-03-11T14:59:22+00:00 | no new closed trades
[LOOP] 2026-03-11T15:00:22+00:00 | no new closed trades
[LOOP] 2026-03-11T15:01:22+00:00 | no new closed trades
[LOOP] 2026-03-11T15:02:22+00:00 | no new closed trades
[LOOP] 2026-03-11T15:03:22+00:00 | no new closed trades
[LOOP] 2026-03-11T15:04:22+00:00 | no new closed trades
[LOOP] 2026-03-11T15:05:22+00:00 | no new closed trades
[LOOP] 2026-03-11T15:06:22+00:00 | no new closed trades
[LOOP] 2026-03-11T15:07:22+00:00 | no new closed trades
[LOOP] 2026-03-11T15:08:22+00:00 | no new closed trades
[LOOP] 2026-03-11T15:09:22+00:00 | no new closed trades
[LOOP] 2026-03-11T15:10:22+00:00 | no new closed trades
[LOOP] 2026-03-11T15:11:22+00:00 | no new closed trades
[LOOP] 2026-03-11T15:12:22+00:00 | no new closed trades
[LOOP] 2026-03-11T15:13:22+00:00 | no new closed trades
[LOOP] 2026-03-11T15:14:22+00:00 | no new closed trades
[LOOP] 2026-03-11T15:15:22+00:00 | no new closed trades
[LOOP] 2026-03-11T15:16:22+00:00 | no new closed trades
[LOOP] 2026-03-11T15:17:22+00:00 | no new closed trades
[LOOP] 2026-03-11T15:18:22+00:00 | no new closed trades
[LOOP] 2026-03-11T15:19:22+00:00 | no new closed trades
[LOOP] 2026-03-11T15:20:22+00:00 | no new closed trades
[LOOP] 2026-03-11T15:21:22+00:00 | no new closed trades
[LOOP] 2026-03-11T15:22:22+00:00 | no new closed trades
[LOOP] 2026-03-11T15:23:22+00:00 | no new closed trades
[LOOP] 2026-03-11T15:24:22+00:00 | no new closed trades
[LOOP] 2026-03-11T15:25:22+00:00 | no new closed trades
[LOOP] 2026-03-11T15:26:22+00:00 | no new closed trades
[LOOP] 2026-03-11T15:27:22+00:00 | no new closed trades
[LOOP] 2026-03-11T15:28:22+00:00 | no new closed trades
[LOOP] 2026-03-11T15:29:22+00:00 | no new closed trades
[LOOP] 2026-03-11T15:30:22+00:00 | no new closed trades
[LOOP] 2026-03-11T15:31:22+00:00 | no new closed trades
[LOOP] 2026-03-11T15:32:22+00:00 | no new closed trades
[LOOP] 2026-03-11T15:33:22+00:00 | no new closed trades
[LOOP] 2026-03-11T15:34:22+00:00 | no new closed trades
[LOOP] 2026-03-11T15:35:22+00:00 | no new closed trades
[LOOP] 2026-03-11T15:36:22+00:00 | no new closed trades
[LOOP] 2026-03-11T15:37:22+00:00 | no new closed trades
[LOOP] 2026-03-11T15:38:22+00:00 | no new closed trades
[LOOP] 2026-03-11T15:39:22+00:00 | no new closed trades
[LOOP] 2026-03-11T15:40:22+00:00 | no new closed trades
[LOOP] 2026-03-11T15:41:22+00:00 | no new closed trades
[LOOP] 2026-03-11T15:42:22+00:00 | no new closed trades
[LOOP] 2026-03-11T15:43:22+00:00 | no new closed trades
[LOOP] 2026-03-11T15:44:22+00:00 | no new closed trades
[LOOP] 2026-03-11T15:45:22+00:00 | no new closed trades
[LOOP] 2026-03-11T15:46:22+00:00 | no new closed trades
[LOOP] 2026-03-11T15:47:22+00:00 | no new closed trades
[LOOP] 2026-03-11T15:48:22+00:00 | no new closed trades
[LOOP] 2026-03-11T15:49:22+00:00 | no new closed trades
[LOOP] 2026-03-11T15:50:22+00:00 | no new closed trades
[LOOP] 2026-03-11T15:51:22+00:00 | no new closed trades
[LOOP] 2026-03-11T15:52:22+00:00 | no new closed trades
[LOOP] 2026-03-11T15:53:22+00:00 | no new closed trades
[LOOP] 2026-03-11T15:54:22+00:00 | no new closed trades
[LOOP] 2026-03-11T15:55:22+00:00 | no new closed trades
[LOOP] 2026-03-11T15:56:22+00:00 | no new closed trades
[LOOP] 2026-03-11T15:57:22+00:00 | no new closed trades
[LOOP] 2026-03-11T15:58:22+00:00 | no new closed trades
[LOOP] 2026-03-11T15:59:22+00:00 | no new closed trades
[LOOP] 2026-03-11T16:00:22+00:00 | no new closed trades
[LOOP] 2026-03-11T16:01:22+00:00 | no new closed trades
[LOOP] 2026-03-11T16:02:22+00:00 | no new closed trades
[LOOP] 2026-03-11T16:03:22+00:00 | no new closed trades
[LOOP] 2026-03-11T16:04:22+00:00 | no new closed trades
[LOOP] 2026-03-11T16:05:22+00:00 | no new closed trades
[LOOP] 2026-03-11T16:06:22+00:00 | no new closed trades
[LOOP] 2026-03-11T16:07:22+00:00 | no new closed trades
[LOOP] 2026-03-11T16:08:22+00:00 | no new closed trades
[LOOP] 2026-03-11T16:09:22+00:00 | no new closed trades
[LOOP] 2026-03-11T16:10:22+00:00 | no new closed trades
[LOOP] 2026-03-11T16:11:22+00:00 | no new closed trades
[LOOP] 2026-03-11T16:12:22+00:00 | no new closed trades
[LOOP] 2026-03-11T16:13:22+00:00 | no new closed trades
[LOOP] 2026-03-11T16:14:22+00:00 | no new closed trades
[LOOP] 2026-03-11T16:15:22+00:00 | no new closed trades
[LOOP] 2026-03-11T16:16:22+00:00 | no new closed trades
[LOOP] 2026-03-11T16:17:22+00:00 | no new closed trades
[LOOP] 2026-03-11T16:18:22+00:00 | no new closed trades
[LOOP] 2026-03-11T16:19:22+00:00 | no new closed trades
[LOOP] 2026-03-11T16:20:22+00:00 | no new closed trades
[LOOP] 2026-03-11T16:21:22+00:00 | no new closed trades
[LOOP] 2026-03-11T16:22:22+00:00 | no new closed trades
[LOOP] 2026-03-11T16:23:22+00:00 | no new closed trades
[LOOP] 2026-03-11T16:24:22+00:00 | no new closed trades
[LOOP] 2026-03-11T16:25:22+00:00 | no new closed trades
