[INFO] terminal64.exe = C:\Users\Leon\Desktop\Terminals\MetaTrader 5 - Kopie - Kopie - Kopie (17) - Kopie - Kopie - Kopie - Kopie\terminal64.exe
[INFO] ROOT = C:\Users\Leon\Desktop\Business_Code\Quant_Structure\FTMO
[INFO] OUTPUT_DIR = C:\Users\Leon\Desktop\Business_Code\Quant_Structure\FTMO\1.Data_Center\Data\Strategy_Data\Live_Trades_Data\Strategy_Live_Performance\account_1512715324_DEMO
[OK] Connected: 1512715324 | $200k FTMO Free Trial 2-Step | FTMO-Demo | DEMO
[OK] Backfill done. Folder: C:\Users\Leon\Desktop\Business_Code\Quant_Structure\FTMO\1.Data_Center\Data\Strategy_Data\Live_Trades_Data\Strategy_Live_Performance\account_1512715324_DEMO | account_type=DEMO | server=FTMO-Demo
[INFO] Polling every 60s. Account=1512715324 | Type=DEMO | Server=FTMO-Demo. Stop with CTRL+C.
[LOOP] 2026-03-22T21:35:44+00:00 | no new closed trades | account_type=DEMO | server=FTMO-Demo
[LOOP] 2026-03-23T16:40:34+00:00 | no new closed trades | account_type=DEMO | server=FTMO-Demo
[LOOP] 2026-03-23T16:41:34+00:00 | no new closed trades | account_type=DEMO | server=FTMO-Demo
[LOOP] 2026-03-23T16:42:34+00:00 | no new closed trades | account_type=DEMO | server=FTMO-Demo
[LOOP] 2026-03-23T16:43:34+00:00 | no new closed trades | account_type=DEMO | server=FTMO-Demo
[LOOP] 2026-03-23T16:44:34+00:00 | no new closed trades | account_type=DEMO | server=FTMO-Demo
[LOOP] 2026-03-23T16:45:34+00:00 | no new closed trades | account_type=DEMO | server=FTMO-Demo
[LOOP] 2026-03-23T16:46:34+00:00 | no new closed trades | account_type=DEMO | server=FTMO-Demo
[LOOP] 2026-03-23T16:47:34+00:00 | no new closed trades | account_type=DEMO | server=FTMO-Demo
[LOOP] 2026-03-23T16:48:34+00:00 | no new closed trades | account_type=DEMO | server=FTMO-Demo
[LOOP] 2026-03-23T16:49:34+00:00 | no new closed trades | account_type=DEMO | server=FTMO-Demo
[LOOP] 2026-03-23T16:50:34+00:00 | no new closed trades | account_type=DEMO | server=FTMO-Demo
[LOOP] 2026-03-23T16:51:34+00:00 | no new closed trades | account_type=DEMO | server=FTMO-Demo
[LOOP] 2026-03-23T16:52:34+00:00 | no new closed trades | account_type=DEMO | server=FTMO-Demo
[LOOP] 2026-03-23T16:53:34+00:00 | no new closed trades | account_type=DEMO | server=FTMO-Demo
[LOOP] 2026-03-23T16:54:34+00:00 | no new closed trades | account_type=DEMO | server=FTMO-Demo
[LOOP] 2026-03-23T16:55:34+00:00 | no new closed trades | account_type=DEMO | server=FTMO-Demo
[LOOP] 2026-03-23T16:56:34+00:00 | no new closed trades | account_type=DEMO | server=FTMO-Demo
[LOOP] 2026-03-23T16:57:34+00:00 | no new closed trades | account_type=DEMO | server=FTMO-Demo
[LOOP] 2026-03-23T16:58:34+00:00 | no new closed trades | account_type=DEMO | server=FTMO-Demo
[LOOP] 2026-03-23T16:59:34+00:00 | no new closed trades | account_type=DEMO | server=FTMO-Demo
[LOOP] 2026-03-23T17:00:34+00:00 | no new closed trades | account_type=DEMO | server=FTMO-Demo
[LOOP] 2026-03-23T17:01:34+00:00 | no new closed trades | account_type=DEMO | server=FTMO-Demo
[LOOP] 2026-03-23T17:02:34+00:00 | no new closed trades | account_type=DEMO | server=FTMO-Demo
[LOOP] 2026-03-23T17:03:34+00:00 | no new closed trades | account_type=DEMO | server=FTMO-Demo
[LOOP] 2026-03-23T17:04:34+00:00 | no new closed trades | account_type=DEMO | server=FTMO-Demo
[LOOP] 2026-03-23T17:05:34+00:00 | no new closed trades | account_type=DEMO | server=FTMO-Demo
[LOOP] 2026-03-23T17:06:34+00:00 | no new closed trades | account_type=DEMO | server=FTMO-Demo
[LOOP] 2026-03-23T17:07:34+00:00 | no new closed trades | account_type=DEMO | server=FTMO-Demo
[LOOP] 2026-03-23T17:08:34+00:00 | no new closed trades | account_type=DEMO | server=FTMO-Demo
[LOOP] 2026-03-23T17:09:34+00:00 | no new closed trades | account_type=DEMO | server=FTMO-Demo
[LOOP] 2026-03-23T17:10:34+00:00 | no new closed trades | account_type=DEMO | server=FTMO-Demo
[LOOP] 2026-03-23T17:11:34+00:00 | no new closed trades | account_type=DEMO | server=FTMO-Demo
[LOOP] 2026-03-23T17:12:34+00:00 | no new closed trades | account_type=DEMO | server=FTMO-Demo
[LOOP] 2026-03-23T17:13:34+00:00 | no new closed trades | account_type=DEMO | server=FTMO-Demo
[LOOP] 2026-03-23T17:14:34+00:00 | no new closed trades | account_type=DEMO | server=FTMO-Demo
[LOOP] 2026-03-23T17:15:34+00:00 | no new closed trades | account_type=DEMO | server=FTMO-Demo
[LOOP] 2026-03-23T17:16:34+00:00 | no new closed trades | account_type=DEMO | server=FTMO-Demo
[LOOP] 2026-03-23T17:17:34+00:00 | no new closed trades | account_type=DEMO | server=FTMO-Demo
[LOOP] 2026-03-23T17:18:34+00:00 | no new closed trades | account_type=DEMO | server=FTMO-Demo
[LOOP] 2026-03-23T17:19:34+00:00 | no new closed trades | account_type=DEMO | server=FTMO-Demo
[LOOP] 2026-03-23T17:20:34+00:00 | no new closed trades | account_type=DEMO | server=FTMO-Demo
[LOOP] 2026-03-23T17:21:34+00:00 | no new closed trades | account_type=DEMO | server=FTMO-Demo
[LOOP] 2026-03-23T17:22:34+00:00 | no new closed trades | account_type=DEMO | server=FTMO-Demo
[LOOP] 2026-03-23T17:23:34+00:00 | no new closed trades | account_type=DEMO | server=FTMO-Demo
[LOOP] 2026-03-23T17:24:34+00:00 | no new closed trades | account_type=DEMO | server=FTMO-Demo
[LOOP] 2026-03-23T17:25:34+00:00 | no new closed trades | account_type=DEMO | server=FTMO-Demo
[LOOP] 2026-03-23T17:26:34+00:00 | no new closed trades | account_type=DEMO | server=FTMO-Demo
[LOOP] 2026-03-23T17:27:34+00:00 | no new closed trades | account_type=DEMO | server=FTMO-Demo
[LOOP] 2026-03-23T17:28:34+00:00 | no new closed trades | account_type=DEMO | server=FTMO-Demo
[LOOP] 2026-03-23T17:29:34+00:00 | no new closed trades | account_type=DEMO | server=FTMO-Demo
[LOOP] 2026-03-23T17:30:34+00:00 | no new closed trades | account_type=DEMO | server=FTMO-Demo
[LOOP] 2026-03-23T17:31:34+00:00 | no new closed trades | account_type=DEMO | server=FTMO-Demo
[LOOP] 2026-03-23T17:32:34+00:00 | no new closed trades | account_type=DEMO | server=FTMO-Demo
[LOOP] 2026-03-23T17:33:34+00:00 | no new closed trades | account_type=DEMO | server=FTMO-Demo
[LOOP] 2026-03-23T17:34:34+00:00 | no new closed trades | account_type=DEMO | server=FTMO-Demo
[LOOP] 2026-03-23T17:35:34+00:00 | no new closed trades | account_type=DEMO | server=FTMO-Demo
[LOOP] 2026-03-23T17:36:34+00:00 | no new closed trades | account_type=DEMO | server=FTMO-Demo
[LOOP] 2026-03-23T17:37:34+00:00 | no new closed trades | account_type=DEMO | server=FTMO-Demo
[LOOP] 2026-03-23T17:38:34+00:00 | no new closed trades | account_type=DEMO | server=FTMO-Demo
[LOOP] 2026-03-23T17:39:34+00:00 | no new closed trades | account_type=DEMO | server=FTMO-Demo
[LOOP] 2026-03-23T17:40:34+00:00 | no new closed trades | account_type=DEMO | server=FTMO-Demo
[LOOP] 2026-03-23T17:41:34+00:00 | no new closed trades | account_type=DEMO | server=FTMO-Demo
[LOOP] 2026-03-23T17:42:34+00:00 | no new closed trades | account_type=DEMO | server=FTMO-Demo
[LOOP] 2026-03-23T17:43:34+00:00 | no new closed trades | account_type=DEMO | server=FTMO-Demo
[LOOP] 2026-03-23T17:44:34+00:00 | no new closed trades | account_type=DEMO | server=FTMO-Demo
[LOOP] 2026-03-23T17:45:34+00:00 | no new closed trades | account_type=DEMO | server=FTMO-Demo
[LOOP] 2026-03-23T17:46:34+00:00 | no new closed trades | account_type=DEMO | server=FTMO-Demo
[LOOP] 2026-03-23T17:47:34+00:00 | no new closed trades | account_type=DEMO | server=FTMO-Demo
[LOOP] 2026-03-23T17:48:34+00:00 | no new closed trades | account_type=DEMO | server=FTMO-Demo
[LOOP] 2026-03-23T17:49:34+00:00 | no new closed trades | account_type=DEMO | server=FTMO-Demo
[LOOP] 2026-03-23T17:50:34+00:00 | no new closed trades | account_type=DEMO | server=FTMO-Demo
[LOOP] 2026-03-23T17:51:34+00:00 | no new closed trades | account_type=DEMO | server=FTMO-Demo
[LOOP] 2026-03-23T17:52:34+00:00 | no new closed trades | account_type=DEMO | server=FTMO-Demo
[LOOP] 2026-03-23T17:53:34+00:00 | no new closed trades | account_type=DEMO | server=FTMO-Demo
[LOOP] 2026-03-23T17:54:34+00:00 | no new closed trades | account_type=DEMO | server=FTMO-Demo
[LOOP] 2026-03-23T17:55:34+00:00 | no new closed trades | account_type=DEMO | server=FTMO-Demo
[LOOP] 2026-03-23T17:56:34+00:00 | no new closed trades | account_type=DEMO | server=FTMO-Demo
[LOOP] 2026-03-23T17:57:34+00:00 | no new closed trades | account_type=DEMO | server=FTMO-Demo
[LOOP] 2026-03-23T17:58:34+00:00 | no new closed trades | account_type=DEMO | server=FTMO-Demo
[LOOP] 2026-03-23T17:59:34+00:00 | no new closed trades | account_type=DEMO | server=FTMO-Demo
[LOOP] 2026-03-23T18:00:34+00:00 | no new closed trades | account_type=DEMO | server=FTMO-Demo
[LOOP] 2026-03-23T18:01:34+00:00 | no new closed trades | account_type=DEMO | server=FTMO-Demo
[LOOP] 2026-03-23T18:02:34+00:00 | no new closed trades | account_type=DEMO | server=FTMO-Demo
[LOOP] 2026-03-23T18:03:34+00:00 | no new closed trades | account_type=DEMO | server=FTMO-Demo
[LOOP] 2026-03-23T18:04:34+00:00 | no new closed trades | account_type=DEMO | server=FTMO-Demo
[LOOP] 2026-03-23T18:05:34+00:00 | no new closed trades | account_type=DEMO | server=FTMO-Demo
[LOOP] 2026-03-23T18:06:34+00:00 | no new closed trades | account_type=DEMO | server=FTMO-Demo
[LOOP] 2026-03-23T18:07:34+00:00 | no new closed trades | account_type=DEMO | server=FTMO-Demo
[LOOP] 2026-03-23T18:08:34+00:00 | no new closed trades | account_type=DEMO | server=FTMO-Demo
[LOOP] 2026-03-23T18:09:34+00:00 | no new closed trades | account_type=DEMO | server=FTMO-Demo
[LOOP] 2026-03-23T18:10:34+00:00 | no new closed trades | account_type=DEMO | server=FTMO-Demo
[LOOP] 2026-03-23T18:11:34+00:00 | no new closed trades | account_type=DEMO | server=FTMO-Demo
[LOOP] 2026-03-23T18:12:34+00:00 | no new closed trades | account_type=DEMO | server=FTMO-Demo
[LOOP] 2026-03-23T18:13:34+00:00 | no new closed trades | account_type=DEMO | server=FTMO-Demo
[LOOP] 2026-03-23T18:14:34+00:00 | no new closed trades | account_type=DEMO | server=FTMO-Demo
[LOOP] 2026-03-23T18:15:34+00:00 | no new closed trades | account_type=DEMO | server=FTMO-Demo
[LOOP] 2026-03-23T18:16:34+00:00 | no new closed trades | account_type=DEMO | server=FTMO-Demo
[LOOP] 2026-03-23T18:17:34+00:00 | no new closed trades | account_type=DEMO | server=FTMO-Demo
[LOOP] 2026-03-23T18:18:34+00:00 | no new closed trades | account_type=DEMO | server=FTMO-Demo
[LOOP] 2026-03-23T18:19:34+00:00 | no new closed trades | account_type=DEMO | server=FTMO-Demo
[LOOP] 2026-03-23T18:20:34+00:00 | no new closed trades | account_type=DEMO | server=FTMO-Demo
[LOOP] 2026-03-23T18:21:34+00:00 | no new closed trades | account_type=DEMO | server=FTMO-Demo
[LOOP] 2026-03-23T18:22:34+00:00 | no new closed trades | account_type=DEMO | server=FTMO-Demo
[LOOP] 2026-03-23T18:23:34+00:00 | no new closed trades | account_type=DEMO | server=FTMO-Demo
[LOOP] 2026-03-23T18:24:34+00:00 | no new closed trades | account_type=DEMO | server=FTMO-Demo
[LOOP] 2026-03-23T18:25:34+00:00 | no new closed trades | account_type=DEMO | server=FTMO-Demo
[LOOP] 2026-03-23T18:26:34+00:00 | no new closed trades | account_type=DEMO | server=FTMO-Demo
[LOOP] 2026-03-23T18:27:34+00:00 | no new closed trades | account_type=DEMO | server=FTMO-Demo
[LOOP] 2026-03-23T18:28:34+00:00 | no new closed trades | account_type=DEMO | server=FTMO-Demo
[LOOP] 2026-03-23T18:29:34+00:00 | no new closed trades | account_type=DEMO | server=FTMO-Demo
[LOOP] 2026-03-23T18:30:34+00:00 | no new closed trades | account_type=DEMO | server=FTMO-Demo
[LOOP] 2026-03-23T18:31:34+00:00 | no new closed trades | account_type=DEMO | server=FTMO-Demo
[LOOP] 2026-03-23T18:32:34+00:00 | no new closed trades | account_type=DEMO | server=FTMO-Demo
[LOOP] 2026-03-23T18:33:34+00:00 | no new closed trades | account_type=DEMO | server=FTMO-Demo
[LOOP] 2026-03-23T18:34:34+00:00 | no new closed trades | account_type=DEMO | server=FTMO-Demo
[LOOP] 2026-03-23T18:35:34+00:00 | no new closed trades | account_type=DEMO | server=FTMO-Demo
[LOOP] 2026-03-23T18:36:34+00:00 | no new closed trades | account_type=DEMO | server=FTMO-Demo
[LOOP] 2026-03-23T18:37:35+00:00 | no new closed trades | account_type=DEMO | server=FTMO-Demo
[LOOP] 2026-03-23T18:38:35+00:00 | no new closed trades | account_type=DEMO | server=FTMO-Demo
[LOOP] 2026-03-23T18:39:35+00:00 | no new closed trades | account_type=DEMO | server=FTMO-Demo
[LOOP] 2026-03-23T18:40:35+00:00 | no new closed trades | account_type=DEMO | server=FTMO-Demo
[LOOP] 2026-03-23T18:41:35+00:00 | no new closed trades | account_type=DEMO | server=FTMO-Demo
[LOOP] 2026-03-23T18:42:35+00:00 | no new closed trades | account_type=DEMO | server=FTMO-Demo
[LOOP] 2026-03-23T18:43:35+00:00 | no new closed trades | account_type=DEMO | server=FTMO-Demo
[LOOP] 2026-03-23T18:44:35+00:00 | no new closed trades | account_type=DEMO | server=FTMO-Demo
[LOOP] 2026-03-23T18:45:35+00:00 | no new closed trades | account_type=DEMO | server=FTMO-Demo
[LOOP] 2026-03-23T18:46:35+00:00 | no new closed trades | account_type=DEMO | server=FTMO-Demo
[LOOP] 2026-03-23T18:47:35+00:00 | no new closed trades | account_type=DEMO | server=FTMO-Demo
[LOOP] 2026-03-23T18:48:35+00:00 | no new closed trades | account_type=DEMO | server=FTMO-Demo
[LOOP] 2026-03-23T18:49:35+00:00 | no new closed trades | account_type=DEMO | server=FTMO-Demo
[LOOP] 2026-03-23T18:50:35+00:00 | no new closed trades | account_type=DEMO | server=FTMO-Demo
[LOOP] 2026-03-23T18:51:35+00:00 | no new closed trades | account_type=DEMO | server=FTMO-Demo
[LOOP] 2026-03-23T18:52:35+00:00 | no new closed trades | account_type=DEMO | server=FTMO-Demo
[LOOP] 2026-03-23T18:53:35+00:00 | no new closed trades | account_type=DEMO | server=FTMO-Demo
[LOOP] 2026-03-23T18:54:35+00:00 | no new closed trades | account_type=DEMO | server=FTMO-Demo
[LOOP] 2026-03-23T18:55:35+00:00 | no new closed trades | account_type=DEMO | server=FTMO-Demo
[LOOP] 2026-03-23T18:56:35+00:00 | no new closed trades | account_type=DEMO | server=FTMO-Demo
[LOOP] 2026-03-23T18:57:35+00:00 | no new closed trades | account_type=DEMO | server=FTMO-Demo
[LOOP] 2026-03-23T18:58:35+00:00 | no new closed trades | account_type=DEMO | server=FTMO-Demo
[LOOP] 2026-03-23T18:59:35+00:00 | no new closed trades | account_type=DEMO | server=FTMO-Demo
[LOOP] 2026-03-23T19:00:35+00:00 | no new closed trades | account_type=DEMO | server=FTMO-Demo
[LOOP] 2026-03-23T19:01:35+00:00 | no new closed trades | account_type=DEMO | server=FTMO-Demo
[LOOP] 2026-03-23T19:02:35+00:00 | no new closed trades | account_type=DEMO | server=FTMO-Demo
[LOOP] 2026-03-23T19:03:35+00:00 | no new closed trades | account_type=DEMO | server=FTMO-Demo
[LOOP] 2026-03-23T19:04:35+00:00 | no new closed trades | account_type=DEMO | server=FTMO-Demo
[LOOP] 2026-03-23T19:05:35+00:00 | no new closed trades | account_type=DEMO | server=FTMO-Demo
[LOOP] 2026-03-23T19:06:35+00:00 | no new closed trades | account_type=DEMO | server=FTMO-Demo
[LOOP] 2026-03-23T19:07:35+00:00 | no new closed trades | account_type=DEMO | server=FTMO-Demo
[LOOP] 2026-03-23T19:08:35+00:00 | no new closed trades | account_type=DEMO | server=FTMO-Demo
[LOOP] 2026-03-23T19:09:35+00:00 | no new closed trades | account_type=DEMO | server=FTMO-Demo
[LOOP] 2026-03-23T19:10:35+00:00 | no new closed trades | account_type=DEMO | server=FTMO-Demo
[LOOP] 2026-03-23T19:11:35+00:00 | no new closed trades | account_type=DEMO | server=FTMO-Demo
[LOOP] 2026-03-23T19:12:35+00:00 | no new closed trades | account_type=DEMO | server=FTMO-Demo
[LOOP] 2026-03-23T19:13:35+00:00 | no new closed trades | account_type=DEMO | server=FTMO-Demo
[LOOP] 2026-03-23T19:14:35+00:00 | no new closed trades | account_type=DEMO | server=FTMO-Demo
[LOOP] 2026-03-23T19:15:35+00:00 | no new closed trades | account_type=DEMO | server=FTMO-Demo
[LOOP] 2026-03-23T19:16:35+00:00 | no new closed trades | account_type=DEMO | server=FTMO-Demo
[LOOP] 2026-03-23T19:17:35+00:00 | no new closed trades | account_type=DEMO | server=FTMO-Demo
[LOOP] 2026-03-23T19:18:35+00:00 | no new closed trades | account_type=DEMO | server=FTMO-Demo
[LOOP] 2026-03-23T19:19:35+00:00 | no new closed trades | account_type=DEMO | server=FTMO-Demo
[LOOP] 2026-03-23T19:20:35+00:00 | no new closed trades | account_type=DEMO | server=FTMO-Demo
