[INFO] terminal64.exe = C:\Users\Leon\Desktop\MetaTrader 5 - Kopie - Kopie - Kopie (17) - Kopie - Kopie - Kopie - Kopie\terminal64.exe
[INFO] ROOT = C:\Users\Leon\Desktop\Business_Code\Quant_Structure\FTMO
[INFO] OUTPUT_DIR = C:\Users\Leon\Desktop\Business_Code\Quant_Structure\FTMO\1.Data_Center\Data\Strategy_Data\Live_Trades_Data\Strategy_Live_Performance\account_1512715324_DEMO
[OK] Connected: 1512715324 | $200k FTMO Free Trial 2-Step | FTMO-Demo | DEMO
[OK] Backfill done. Folder: C:\Users\Leon\Desktop\Business_Code\Quant_Structure\FTMO\1.Data_Center\Data\Strategy_Data\Live_Trades_Data\Strategy_Live_Performance\account_1512715324_DEMO | account_type=DEMO | server=FTMO-Demo
[INFO] Polling every 60s. Account=1512715324 | Type=DEMO | Server=FTMO-Demo. Stop with CTRL+C.
[LOOP] 2026-03-20T20:54:33+00:00 | no new closed trades | account_type=DEMO | server=FTMO-Demo
[LOOP] 2026-03-20T20:55:33+00:00 | no new closed trades | account_type=DEMO | server=FTMO-Demo
[LOOP] 2026-03-20T20:56:33+00:00 | no new closed trades | account_type=DEMO | server=FTMO-Demo
[LOOP] 2026-03-20T20:57:33+00:00 | no new closed trades | account_type=DEMO | server=FTMO-Demo
[LOOP] 2026-03-20T20:58:33+00:00 | no new closed trades | account_type=DEMO | server=FTMO-Demo
[LOOP] 2026-03-20T20:59:33+00:00 | no new closed trades | account_type=DEMO | server=FTMO-Demo
[LOOP] 2026-03-20T21:00:33+00:00 | no new closed trades | account_type=DEMO | server=FTMO-Demo
[LOOP] 2026-03-20T21:01:33+00:00 | no new closed trades | account_type=DEMO | server=FTMO-Demo
[LOOP] 2026-03-20T21:02:33+00:00 | no new closed trades | account_type=DEMO | server=FTMO-Demo
[LOOP] 2026-03-20T21:03:33+00:00 | no new closed trades | account_type=DEMO | server=FTMO-Demo
[LOOP] 2026-03-20T21:04:33+00:00 | no new closed trades | account_type=DEMO | server=FTMO-Demo
[LOOP] 2026-03-20T21:05:33+00:00 | no new closed trades | account_type=DEMO | server=FTMO-Demo
[LOOP] 2026-03-20T21:06:33+00:00 | no new closed trades | account_type=DEMO | server=FTMO-Demo
[LOOP] 2026-03-20T21:07:33+00:00 | no new closed trades | account_type=DEMO | server=FTMO-Demo
[LOOP] 2026-03-20T21:08:33+00:00 | no new closed trades | account_type=DEMO | server=FTMO-Demo
[LOOP] 2026-03-20T21:09:33+00:00 | no new closed trades | account_type=DEMO | server=FTMO-Demo
[LOOP] 2026-03-20T21:10:33+00:00 | no new closed trades | account_type=DEMO | server=FTMO-Demo
[LOOP] 2026-03-20T21:11:33+00:00 | no new closed trades | account_type=DEMO | server=FTMO-Demo
[LOOP] 2026-03-20T21:12:33+00:00 | no new closed trades | account_type=DEMO | server=FTMO-Demo
[LOOP] 2026-03-21T06:55:56+00:00 | no new closed trades | account_type=DEMO | server=FTMO-Demo
[LOOP] 2026-03-21T06:56:56+00:00 | no new closed trades | account_type=DEMO | server=FTMO-Demo
[LOOP] 2026-03-21T06:57:56+00:00 | no new closed trades | account_type=DEMO | server=FTMO-Demo
[LOOP] 2026-03-21T06:58:56+00:00 | no new closed trades | account_type=DEMO | server=FTMO-Demo
[LOOP] 2026-03-21T06:59:56+00:00 | no new closed trades | account_type=DEMO | server=FTMO-Demo
[LOOP] 2026-03-21T07:00:56+00:00 | no new closed trades | account_type=DEMO | server=FTMO-Demo
[LOOP] 2026-03-21T07:01:56+00:00 | no new closed trades | account_type=DEMO | server=FTMO-Demo
[LOOP] 2026-03-21T07:02:56+00:00 | no new closed trades | account_type=DEMO | server=FTMO-Demo
[LOOP] 2026-03-21T07:03:56+00:00 | no new closed trades | account_type=DEMO | server=FTMO-Demo
[LOOP] 2026-03-21T07:04:56+00:00 | no new closed trades | account_type=DEMO | server=FTMO-Demo
[LOOP] 2026-03-21T07:05:56+00:00 | no new closed trades | account_type=DEMO | server=FTMO-Demo
[LOOP] 2026-03-21T07:06:56+00:00 | no new closed trades | account_type=DEMO | server=FTMO-Demo
[LOOP] 2026-03-21T07:07:56+00:00 | no new closed trades | account_type=DEMO | server=FTMO-Demo
[LOOP] 2026-03-21T07:08:56+00:00 | no new closed trades | account_type=DEMO | server=FTMO-Demo
[LOOP] 2026-03-21T07:09:56+00:00 | no new closed trades | account_type=DEMO | server=FTMO-Demo
[LOOP] 2026-03-21T07:10:56+00:00 | no new closed trades | account_type=DEMO | server=FTMO-Demo
[LOOP] 2026-03-21T07:11:56+00:00 | no new closed trades | account_type=DEMO | server=FTMO-Demo
[LOOP] 2026-03-21T07:12:56+00:00 | no new closed trades | account_type=DEMO | server=FTMO-Demo
[LOOP] 2026-03-21T07:13:56+00:00 | no new closed trades | account_type=DEMO | server=FTMO-Demo
[LOOP] 2026-03-21T07:14:56+00:00 | no new closed trades | account_type=DEMO | server=FTMO-Demo
[LOOP] 2026-03-21T07:15:56+00:00 | no new closed trades | account_type=DEMO | server=FTMO-Demo
[LOOP] 2026-03-21T07:16:56+00:00 | no new closed trades | account_type=DEMO | server=FTMO-Demo
[LOOP] 2026-03-21T07:17:56+00:00 | no new closed trades | account_type=DEMO | server=FTMO-Demo
[LOOP] 2026-03-21T07:18:56+00:00 | no new closed trades | account_type=DEMO | server=FTMO-Demo
[LOOP] 2026-03-21T07:19:56+00:00 | no new closed trades | account_type=DEMO | server=FTMO-Demo
[LOOP] 2026-03-21T07:20:56+00:00 | no new closed trades | account_type=DEMO | server=FTMO-Demo
[LOOP] 2026-03-21T07:21:56+00:00 | no new closed trades | account_type=DEMO | server=FTMO-Demo
[LOOP] 2026-03-21T07:22:56+00:00 | no new closed trades | account_type=DEMO | server=FTMO-Demo
[LOOP] 2026-03-21T07:23:56+00:00 | no new closed trades | account_type=DEMO | server=FTMO-Demo
[LOOP] 2026-03-21T07:24:56+00:00 | no new closed trades | account_type=DEMO | server=FTMO-Demo
[LOOP] 2026-03-21T07:25:56+00:00 | no new closed trades | account_type=DEMO | server=FTMO-Demo
[LOOP] 2026-03-21T07:26:56+00:00 | no new closed trades | account_type=DEMO | server=FTMO-Demo
[LOOP] 2026-03-21T07:27:56+00:00 | no new closed trades | account_type=DEMO | server=FTMO-Demo
[LOOP] 2026-03-21T07:28:56+00:00 | no new closed trades | account_type=DEMO | server=FTMO-Demo
[LOOP] 2026-03-21T07:29:56+00:00 | no new closed trades | account_type=DEMO | server=FTMO-Demo
[LOOP] 2026-03-21T07:30:56+00:00 | no new closed trades | account_type=DEMO | server=FTMO-Demo
[LOOP] 2026-03-21T07:31:56+00:00 | no new closed trades | account_type=DEMO | server=FTMO-Demo
[LOOP] 2026-03-21T07:32:56+00:00 | no new closed trades | account_type=DEMO | server=FTMO-Demo
[LOOP] 2026-03-21T07:33:56+00:00 | no new closed trades | account_type=DEMO | server=FTMO-Demo
[LOOP] 2026-03-21T07:34:56+00:00 | no new closed trades | account_type=DEMO | server=FTMO-Demo
[LOOP] 2026-03-21T07:35:56+00:00 | no new closed trades | account_type=DEMO | server=FTMO-Demo
[LOOP] 2026-03-21T07:36:56+00:00 | no new closed trades | account_type=DEMO | server=FTMO-Demo
[LOOP] 2026-03-21T07:37:56+00:00 | no new closed trades | account_type=DEMO | server=FTMO-Demo
[LOOP] 2026-03-21T07:38:56+00:00 | no new closed trades | account_type=DEMO | server=FTMO-Demo
[LOOP] 2026-03-21T07:39:56+00:00 | no new closed trades | account_type=DEMO | server=FTMO-Demo
[LOOP] 2026-03-21T07:40:56+00:00 | no new closed trades | account_type=DEMO | server=FTMO-Demo
[LOOP] 2026-03-21T07:41:56+00:00 | no new closed trades | account_type=DEMO | server=FTMO-Demo
[LOOP] 2026-03-21T07:42:56+00:00 | no new closed trades | account_type=DEMO | server=FTMO-Demo
[LOOP] 2026-03-21T07:43:56+00:00 | no new closed trades | account_type=DEMO | server=FTMO-Demo
[LOOP] 2026-03-21T07:44:56+00:00 | no new closed trades | account_type=DEMO | server=FTMO-Demo
[LOOP] 2026-03-21T07:45:56+00:00 | no new closed trades | account_type=DEMO | server=FTMO-Demo
[LOOP] 2026-03-21T07:46:56+00:00 | no new closed trades | account_type=DEMO | server=FTMO-Demo
[LOOP] 2026-03-21T07:47:56+00:00 | no new closed trades | account_type=DEMO | server=FTMO-Demo
[LOOP] 2026-03-21T07:48:56+00:00 | no new closed trades | account_type=DEMO | server=FTMO-Demo
[LOOP] 2026-03-21T07:49:56+00:00 | no new closed trades | account_type=DEMO | server=FTMO-Demo
[LOOP] 2026-03-21T07:50:56+00:00 | no new closed trades | account_type=DEMO | server=FTMO-Demo
[LOOP] 2026-03-21T07:51:56+00:00 | no new closed trades | account_type=DEMO | server=FTMO-Demo
[LOOP] 2026-03-21T07:52:56+00:00 | no new closed trades | account_type=DEMO | server=FTMO-Demo
[LOOP] 2026-03-21T07:53:56+00:00 | no new closed trades | account_type=DEMO | server=FTMO-Demo
[LOOP] 2026-03-21T07:54:56+00:00 | no new closed trades | account_type=DEMO | server=FTMO-Demo
[LOOP] 2026-03-21T07:55:56+00:00 | no new closed trades | account_type=DEMO | server=FTMO-Demo
[LOOP] 2026-03-21T07:56:56+00:00 | no new closed trades | account_type=DEMO | server=FTMO-Demo
[LOOP] 2026-03-21T07:57:56+00:00 | no new closed trades | account_type=DEMO | server=FTMO-Demo
[LOOP] 2026-03-21T07:58:56+00:00 | no new closed trades | account_type=DEMO | server=FTMO-Demo
[LOOP] 2026-03-21T07:59:56+00:00 | no new closed trades | account_type=DEMO | server=FTMO-Demo
[LOOP] 2026-03-21T08:00:56+00:00 | no new closed trades | account_type=DEMO | server=FTMO-Demo
[LOOP] 2026-03-21T08:01:56+00:00 | no new closed trades | account_type=DEMO | server=FTMO-Demo
[LOOP] 2026-03-21T08:02:56+00:00 | no new closed trades | account_type=DEMO | server=FTMO-Demo
[LOOP] 2026-03-21T08:03:56+00:00 | no new closed trades | account_type=DEMO | server=FTMO-Demo
[LOOP] 2026-03-21T08:04:56+00:00 | no new closed trades | account_type=DEMO | server=FTMO-Demo
[LOOP] 2026-03-21T08:05:56+00:00 | no new closed trades | account_type=DEMO | server=FTMO-Demo
[LOOP] 2026-03-21T08:06:56+00:00 | no new closed trades | account_type=DEMO | server=FTMO-Demo
[LOOP] 2026-03-21T08:07:56+00:00 | no new closed trades | account_type=DEMO | server=FTMO-Demo
[LOOP] 2026-03-21T08:08:56+00:00 | no new closed trades | account_type=DEMO | server=FTMO-Demo
[LOOP] 2026-03-21T08:09:56+00:00 | no new closed trades | account_type=DEMO | server=FTMO-Demo
[LOOP] 2026-03-21T08:10:56+00:00 | no new closed trades | account_type=DEMO | server=FTMO-Demo
[LOOP] 2026-03-21T08:11:56+00:00 | no new closed trades | account_type=DEMO | server=FTMO-Demo
[LOOP] 2026-03-21T08:12:56+00:00 | no new closed trades | account_type=DEMO | server=FTMO-Demo
[LOOP] 2026-03-21T08:13:56+00:00 | no new closed trades | account_type=DEMO | server=FTMO-Demo
[LOOP] 2026-03-21T08:14:56+00:00 | no new closed trades | account_type=DEMO | server=FTMO-Demo
[LOOP] 2026-03-21T08:15:56+00:00 | no new closed trades | account_type=DEMO | server=FTMO-Demo
[LOOP] 2026-03-21T08:16:56+00:00 | no new closed trades | account_type=DEMO | server=FTMO-Demo
[LOOP] 2026-03-21T08:17:56+00:00 | no new closed trades | account_type=DEMO | server=FTMO-Demo
[LOOP] 2026-03-21T08:18:56+00:00 | no new closed trades | account_type=DEMO | server=FTMO-Demo
[LOOP] 2026-03-21T08:19:56+00:00 | no new closed trades | account_type=DEMO | server=FTMO-Demo
[LOOP] 2026-03-21T08:20:56+00:00 | no new closed trades | account_type=DEMO | server=FTMO-Demo
[LOOP] 2026-03-21T08:21:56+00:00 | no new closed trades | account_type=DEMO | server=FTMO-Demo
[LOOP] 2026-03-21T08:22:56+00:00 | no new closed trades | account_type=DEMO | server=FTMO-Demo
[LOOP] 2026-03-21T08:23:56+00:00 | no new closed trades | account_type=DEMO | server=FTMO-Demo
[LOOP] 2026-03-21T08:24:56+00:00 | no new closed trades | account_type=DEMO | server=FTMO-Demo
[LOOP] 2026-03-21T08:25:56+00:00 | no new closed trades | account_type=DEMO | server=FTMO-Demo
[LOOP] 2026-03-21T08:26:56+00:00 | no new closed trades | account_type=DEMO | server=FTMO-Demo
[LOOP] 2026-03-21T08:27:56+00:00 | no new closed trades | account_type=DEMO | server=FTMO-Demo
[LOOP] 2026-03-21T08:28:56+00:00 | no new closed trades | account_type=DEMO | server=FTMO-Demo
[LOOP] 2026-03-21T08:29:56+00:00 | no new closed trades | account_type=DEMO | server=FTMO-Demo
[LOOP] 2026-03-21T08:30:56+00:00 | no new closed trades | account_type=DEMO | server=FTMO-Demo
[LOOP] 2026-03-21T08:31:56+00:00 | no new closed trades | account_type=DEMO | server=FTMO-Demo
[LOOP] 2026-03-21T08:32:56+00:00 | no new closed trades | account_type=DEMO | server=FTMO-Demo
[LOOP] 2026-03-21T08:33:56+00:00 | no new closed trades | account_type=DEMO | server=FTMO-Demo
[LOOP] 2026-03-21T08:34:56+00:00 | no new closed trades | account_type=DEMO | server=FTMO-Demo
[LOOP] 2026-03-21T08:35:56+00:00 | no new closed trades | account_type=DEMO | server=FTMO-Demo
[LOOP] 2026-03-21T08:36:56+00:00 | no new closed trades | account_type=DEMO | server=FTMO-Demo
[LOOP] 2026-03-21T08:37:56+00:00 | no new closed trades | account_type=DEMO | server=FTMO-Demo
[LOOP] 2026-03-21T08:38:56+00:00 | no new closed trades | account_type=DEMO | server=FTMO-Demo
[LOOP] 2026-03-21T08:39:56+00:00 | no new closed trades | account_type=DEMO | server=FTMO-Demo
[LOOP] 2026-03-21T08:40:56+00:00 | no new closed trades | account_type=DEMO | server=FTMO-Demo
[LOOP] 2026-03-21T08:41:56+00:00 | no new closed trades | account_type=DEMO | server=FTMO-Demo
[LOOP] 2026-03-21T08:42:56+00:00 | no new closed trades | account_type=DEMO | server=FTMO-Demo
[LOOP] 2026-03-21T08:43:56+00:00 | no new closed trades | account_type=DEMO | server=FTMO-Demo
[LOOP] 2026-03-21T08:44:56+00:00 | no new closed trades | account_type=DEMO | server=FTMO-Demo
[LOOP] 2026-03-21T08:45:56+00:00 | no new closed trades | account_type=DEMO | server=FTMO-Demo
[LOOP] 2026-03-21T08:46:56+00:00 | no new closed trades | account_type=DEMO | server=FTMO-Demo
[LOOP] 2026-03-21T08:47:56+00:00 | no new closed trades | account_type=DEMO | server=FTMO-Demo
[LOOP] 2026-03-21T08:48:56+00:00 | no new closed trades | account_type=DEMO | server=FTMO-Demo
[LOOP] 2026-03-21T08:49:56+00:00 | no new closed trades | account_type=DEMO | server=FTMO-Demo
[LOOP] 2026-03-21T08:50:56+00:00 | no new closed trades | account_type=DEMO | server=FTMO-Demo
[LOOP] 2026-03-21T08:51:56+00:00 | no new closed trades | account_type=DEMO | server=FTMO-Demo
[LOOP] 2026-03-21T08:52:56+00:00 | no new closed trades | account_type=DEMO | server=FTMO-Demo
[LOOP] 2026-03-21T08:53:56+00:00 | no new closed trades | account_type=DEMO | server=FTMO-Demo
[LOOP] 2026-03-21T08:54:56+00:00 | no new closed trades | account_type=DEMO | server=FTMO-Demo
[LOOP] 2026-03-21T08:55:56+00:00 | no new closed trades | account_type=DEMO | server=FTMO-Demo
[LOOP] 2026-03-21T08:56:56+00:00 | no new closed trades | account_type=DEMO | server=FTMO-Demo
[LOOP] 2026-03-21T08:57:56+00:00 | no new closed trades | account_type=DEMO | server=FTMO-Demo
[LOOP] 2026-03-21T08:58:56+00:00 | no new closed trades | account_type=DEMO | server=FTMO-Demo
[LOOP] 2026-03-21T08:59:56+00:00 | no new closed trades | account_type=DEMO | server=FTMO-Demo
[LOOP] 2026-03-21T09:00:56+00:00 | no new closed trades | account_type=DEMO | server=FTMO-Demo
[LOOP] 2026-03-21T09:01:56+00:00 | no new closed trades | account_type=DEMO | server=FTMO-Demo
[LOOP] 2026-03-21T09:02:56+00:00 | no new closed trades | account_type=DEMO | server=FTMO-Demo
[LOOP] 2026-03-21T09:03:56+00:00 | no new closed trades | account_type=DEMO | server=FTMO-Demo
[LOOP] 2026-03-21T09:04:56+00:00 | no new closed trades | account_type=DEMO | server=FTMO-Demo
[LOOP] 2026-03-21T09:05:56+00:00 | no new closed trades | account_type=DEMO | server=FTMO-Demo
[LOOP] 2026-03-21T09:06:56+00:00 | no new closed trades | account_type=DEMO | server=FTMO-Demo
[LOOP] 2026-03-21T09:07:56+00:00 | no new closed trades | account_type=DEMO | server=FTMO-Demo
[LOOP] 2026-03-21T09:08:56+00:00 | no new closed trades | account_type=DEMO | server=FTMO-Demo
[LOOP] 2026-03-21T09:09:56+00:00 | no new closed trades | account_type=DEMO | server=FTMO-Demo
[LOOP] 2026-03-21T09:10:56+00:00 | no new closed trades | account_type=DEMO | server=FTMO-Demo
[LOOP] 2026-03-21T09:11:56+00:00 | no new closed trades | account_type=DEMO | server=FTMO-Demo
[LOOP] 2026-03-21T09:12:56+00:00 | no new closed trades | account_type=DEMO | server=FTMO-Demo
[LOOP] 2026-03-21T09:13:56+00:00 | no new closed trades | account_type=DEMO | server=FTMO-Demo
[LOOP] 2026-03-21T09:14:56+00:00 | no new closed trades | account_type=DEMO | server=FTMO-Demo
[LOOP] 2026-03-21T09:15:56+00:00 | no new closed trades | account_type=DEMO | server=FTMO-Demo
[LOOP] 2026-03-21T09:16:56+00:00 | no new closed trades | account_type=DEMO | server=FTMO-Demo
[LOOP] 2026-03-21T09:17:56+00:00 | no new closed trades | account_type=DEMO | server=FTMO-Demo
[LOOP] 2026-03-21T09:18:56+00:00 | no new closed trades | account_type=DEMO | server=FTMO-Demo
[LOOP] 2026-03-21T09:19:56+00:00 | no new closed trades | account_type=DEMO | server=FTMO-Demo
[LOOP] 2026-03-21T09:20:56+00:00 | no new closed trades | account_type=DEMO | server=FTMO-Demo
[LOOP] 2026-03-21T09:21:56+00:00 | no new closed trades | account_type=DEMO | server=FTMO-Demo
[LOOP] 2026-03-21T09:22:56+00:00 | no new closed trades | account_type=DEMO | server=FTMO-Demo
[LOOP] 2026-03-21T09:23:56+00:00 | no new closed trades | account_type=DEMO | server=FTMO-Demo
[LOOP] 2026-03-21T09:24:56+00:00 | no new closed trades | account_type=DEMO | server=FTMO-Demo
[LOOP] 2026-03-21T09:25:56+00:00 | no new closed trades | account_type=DEMO | server=FTMO-Demo
[LOOP] 2026-03-21T09:26:56+00:00 | no new closed trades | account_type=DEMO | server=FTMO-Demo
[LOOP] 2026-03-21T09:27:56+00:00 | no new closed trades | account_type=DEMO | server=FTMO-Demo
[LOOP] 2026-03-21T09:28:56+00:00 | no new closed trades | account_type=DEMO | server=FTMO-Demo
[LOOP] 2026-03-21T09:29:56+00:00 | no new closed trades | account_type=DEMO | server=FTMO-Demo
[LOOP] 2026-03-21T09:30:56+00:00 | no new closed trades | account_type=DEMO | server=FTMO-Demo
[LOOP] 2026-03-21T09:31:56+00:00 | no new closed trades | account_type=DEMO | server=FTMO-Demo
[LOOP] 2026-03-21T09:32:56+00:00 | no new closed trades | account_type=DEMO | server=FTMO-Demo
[LOOP] 2026-03-21T09:33:56+00:00 | no new closed trades | account_type=DEMO | server=FTMO-Demo
[LOOP] 2026-03-21T09:34:56+00:00 | no new closed trades | account_type=DEMO | server=FTMO-Demo
[LOOP] 2026-03-21T09:35:56+00:00 | no new closed trades | account_type=DEMO | server=FTMO-Demo
[LOOP] 2026-03-21T09:36:56+00:00 | no new closed trades | account_type=DEMO | server=FTMO-Demo
[LOOP] 2026-03-21T09:37:56+00:00 | no new closed trades | account_type=DEMO | server=FTMO-Demo
[LOOP] 2026-03-21T09:38:56+00:00 | no new closed trades | account_type=DEMO | server=FTMO-Demo
[LOOP] 2026-03-21T09:39:56+00:00 | no new closed trades | account_type=DEMO | server=FTMO-Demo
[LOOP] 2026-03-21T09:40:56+00:00 | no new closed trades | account_type=DEMO | server=FTMO-Demo
[LOOP] 2026-03-21T09:41:56+00:00 | no new closed trades | account_type=DEMO | server=FTMO-Demo
[LOOP] 2026-03-21T09:42:56+00:00 | no new closed trades | account_type=DEMO | server=FTMO-Demo
[LOOP] 2026-03-21T09:43:56+00:00 | no new closed trades | account_type=DEMO | server=FTMO-Demo
[LOOP] 2026-03-21T09:44:56+00:00 | no new closed trades | account_type=DEMO | server=FTMO-Demo
[LOOP] 2026-03-21T09:45:56+00:00 | no new closed trades | account_type=DEMO | server=FTMO-Demo
[LOOP] 2026-03-21T09:46:56+00:00 | no new closed trades | account_type=DEMO | server=FTMO-Demo
[LOOP] 2026-03-21T09:47:56+00:00 | no new closed trades | account_type=DEMO | server=FTMO-Demo
[LOOP] 2026-03-21T09:48:56+00:00 | no new closed trades | account_type=DEMO | server=FTMO-Demo
[LOOP] 2026-03-21T09:49:56+00:00 | no new closed trades | account_type=DEMO | server=FTMO-Demo
[LOOP] 2026-03-21T09:50:56+00:00 | no new closed trades | account_type=DEMO | server=FTMO-Demo
[LOOP] 2026-03-21T09:51:56+00:00 | no new closed trades | account_type=DEMO | server=FTMO-Demo
[LOOP] 2026-03-21T09:52:56+00:00 | no new closed trades | account_type=DEMO | server=FTMO-Demo
[LOOP] 2026-03-21T09:53:56+00:00 | no new closed trades | account_type=DEMO | server=FTMO-Demo
[LOOP] 2026-03-21T09:54:56+00:00 | no new closed trades | account_type=DEMO | server=FTMO-Demo
[LOOP] 2026-03-21T09:55:56+00:00 | no new closed trades | account_type=DEMO | server=FTMO-Demo
[LOOP] 2026-03-21T09:56:56+00:00 | no new closed trades | account_type=DEMO | server=FTMO-Demo
[LOOP] 2026-03-21T09:57:56+00:00 | no new closed trades | account_type=DEMO | server=FTMO-Demo
[LOOP] 2026-03-21T09:58:56+00:00 | no new closed trades | account_type=DEMO | server=FTMO-Demo
[LOOP] 2026-03-21T09:59:56+00:00 | no new closed trades | account_type=DEMO | server=FTMO-Demo
[LOOP] 2026-03-21T10:00:56+00:00 | no new closed trades | account_type=DEMO | server=FTMO-Demo
[LOOP] 2026-03-21T10:01:56+00:00 | no new closed trades | account_type=DEMO | server=FTMO-Demo
[LOOP] 2026-03-21T10:02:56+00:00 | no new closed trades | account_type=DEMO | server=FTMO-Demo
[LOOP] 2026-03-21T10:03:56+00:00 | no new closed trades | account_type=DEMO | server=FTMO-Demo
[LOOP] 2026-03-21T10:04:56+00:00 | no new closed trades | account_type=DEMO | server=FTMO-Demo
[LOOP] 2026-03-21T10:05:56+00:00 | no new closed trades | account_type=DEMO | server=FTMO-Demo
[LOOP] 2026-03-21T10:06:56+00:00 | no new closed trades | account_type=DEMO | server=FTMO-Demo
[LOOP] 2026-03-21T10:07:56+00:00 | no new closed trades | account_type=DEMO | server=FTMO-Demo
[LOOP] 2026-03-21T10:08:56+00:00 | no new closed trades | account_type=DEMO | server=FTMO-Demo
[LOOP] 2026-03-21T10:09:56+00:00 | no new closed trades | account_type=DEMO | server=FTMO-Demo
[LOOP] 2026-03-21T10:10:56+00:00 | no new closed trades | account_type=DEMO | server=FTMO-Demo
[LOOP] 2026-03-21T10:11:56+00:00 | no new closed trades | account_type=DEMO | server=FTMO-Demo
[LOOP] 2026-03-21T10:12:56+00:00 | no new closed trades | account_type=DEMO | server=FTMO-Demo
[LOOP] 2026-03-21T10:13:56+00:00 | no new closed trades | account_type=DEMO | server=FTMO-Demo
[LOOP] 2026-03-21T10:14:56+00:00 | no new closed trades | account_type=DEMO | server=FTMO-Demo
[LOOP] 2026-03-21T10:15:56+00:00 | no new closed trades | account_type=DEMO | server=FTMO-Demo
[LOOP] 2026-03-21T10:16:56+00:00 | no new closed trades | account_type=DEMO | server=FTMO-Demo
[LOOP] 2026-03-21T10:17:56+00:00 | no new closed trades | account_type=DEMO | server=FTMO-Demo
[LOOP] 2026-03-21T10:18:56+00:00 | no new closed trades | account_type=DEMO | server=FTMO-Demo
[LOOP] 2026-03-21T10:19:56+00:00 | no new closed trades | account_type=DEMO | server=FTMO-Demo
[LOOP] 2026-03-21T10:20:56+00:00 | no new closed trades | account_type=DEMO | server=FTMO-Demo
[LOOP] 2026-03-21T10:21:56+00:00 | no new closed trades | account_type=DEMO | server=FTMO-Demo
[LOOP] 2026-03-21T10:22:56+00:00 | no new closed trades | account_type=DEMO | server=FTMO-Demo
[LOOP] 2026-03-21T10:23:56+00:00 | no new closed trades | account_type=DEMO | server=FTMO-Demo
[LOOP] 2026-03-21T10:24:56+00:00 | no new closed trades | account_type=DEMO | server=FTMO-Demo
[LOOP] 2026-03-21T10:25:56+00:00 | no new closed trades | account_type=DEMO | server=FTMO-Demo
[LOOP] 2026-03-21T10:26:56+00:00 | no new closed trades | account_type=DEMO | server=FTMO-Demo
[LOOP] 2026-03-21T10:27:56+00:00 | no new closed trades | account_type=DEMO | server=FTMO-Demo
[LOOP] 2026-03-21T10:28:56+00:00 | no new closed trades | account_type=DEMO | server=FTMO-Demo
[LOOP] 2026-03-21T10:29:56+00:00 | no new closed trades | account_type=DEMO | server=FTMO-Demo
[LOOP] 2026-03-21T10:30:56+00:00 | no new closed trades | account_type=DEMO | server=FTMO-Demo
[LOOP] 2026-03-21T10:31:56+00:00 | no new closed trades | account_type=DEMO | server=FTMO-Demo
[LOOP] 2026-03-21T10:32:56+00:00 | no new closed trades | account_type=DEMO | server=FTMO-Demo
[LOOP] 2026-03-21T10:33:56+00:00 | no new closed trades | account_type=DEMO | server=FTMO-Demo
[LOOP] 2026-03-21T10:34:56+00:00 | no new closed trades | account_type=DEMO | server=FTMO-Demo
[LOOP] 2026-03-21T10:35:56+00:00 | no new closed trades | account_type=DEMO | server=FTMO-Demo
[LOOP] 2026-03-21T10:36:56+00:00 | no new closed trades | account_type=DEMO | server=FTMO-Demo
[LOOP] 2026-03-21T10:37:56+00:00 | no new closed trades | account_type=DEMO | server=FTMO-Demo
[LOOP] 2026-03-21T10:38:56+00:00 | no new closed trades | account_type=DEMO | server=FTMO-Demo
[LOOP] 2026-03-21T10:39:56+00:00 | no new closed trades | account_type=DEMO | server=FTMO-Demo
[LOOP] 2026-03-21T10:40:56+00:00 | no new closed trades | account_type=DEMO | server=FTMO-Demo
[LOOP] 2026-03-21T10:41:56+00:00 | no new closed trades | account_type=DEMO | server=FTMO-Demo
[LOOP] 2026-03-21T10:42:56+00:00 | no new closed trades | account_type=DEMO | server=FTMO-Demo
[LOOP] 2026-03-21T10:43:56+00:00 | no new closed trades | account_type=DEMO | server=FTMO-Demo
[LOOP] 2026-03-21T10:44:56+00:00 | no new closed trades | account_type=DEMO | server=FTMO-Demo
[LOOP] 2026-03-21T10:45:56+00:00 | no new closed trades | account_type=DEMO | server=FTMO-Demo
[LOOP] 2026-03-21T10:46:56+00:00 | no new closed trades | account_type=DEMO | server=FTMO-Demo
[LOOP] 2026-03-21T10:47:56+00:00 | no new closed trades | account_type=DEMO | server=FTMO-Demo
[LOOP] 2026-03-21T10:48:56+00:00 | no new closed trades | account_type=DEMO | server=FTMO-Demo
[LOOP] 2026-03-21T10:49:56+00:00 | no new closed trades | account_type=DEMO | server=FTMO-Demo
[LOOP] 2026-03-21T10:50:56+00:00 | no new closed trades | account_type=DEMO | server=FTMO-Demo
[LOOP] 2026-03-21T10:51:56+00:00 | no new closed trades | account_type=DEMO | server=FTMO-Demo
[LOOP] 2026-03-21T10:52:56+00:00 | no new closed trades | account_type=DEMO | server=FTMO-Demo
[LOOP] 2026-03-21T10:53:56+00:00 | no new closed trades | account_type=DEMO | server=FTMO-Demo
[LOOP] 2026-03-21T10:54:56+00:00 | no new closed trades | account_type=DEMO | server=FTMO-Demo
[LOOP] 2026-03-21T10:55:56+00:00 | no new closed trades | account_type=DEMO | server=FTMO-Demo
[LOOP] 2026-03-21T10:56:56+00:00 | no new closed trades | account_type=DEMO | server=FTMO-Demo
[LOOP] 2026-03-21T10:57:56+00:00 | no new closed trades | account_type=DEMO | server=FTMO-Demo
[LOOP] 2026-03-21T10:58:56+00:00 | no new closed trades | account_type=DEMO | server=FTMO-Demo
[LOOP] 2026-03-21T10:59:56+00:00 | no new closed trades | account_type=DEMO | server=FTMO-Demo
[LOOP] 2026-03-21T11:00:56+00:00 | no new closed trades | account_type=DEMO | server=FTMO-Demo
[LOOP] 2026-03-21T11:01:56+00:00 | no new closed trades | account_type=DEMO | server=FTMO-Demo
[LOOP] 2026-03-21T11:02:56+00:00 | no new closed trades | account_type=DEMO | server=FTMO-Demo
[LOOP] 2026-03-21T11:03:56+00:00 | no new closed trades | account_type=DEMO | server=FTMO-Demo
[LOOP] 2026-03-21T11:04:56+00:00 | no new closed trades | account_type=DEMO | server=FTMO-Demo
[LOOP] 2026-03-21T11:05:56+00:00 | no new closed trades | account_type=DEMO | server=FTMO-Demo
[LOOP] 2026-03-21T11:06:56+00:00 | no new closed trades | account_type=DEMO | server=FTMO-Demo
[LOOP] 2026-03-21T11:07:56+00:00 | no new closed trades | account_type=DEMO | server=FTMO-Demo
[LOOP] 2026-03-21T11:08:56+00:00 | no new closed trades | account_type=DEMO | server=FTMO-Demo
[LOOP] 2026-03-21T11:09:56+00:00 | no new closed trades | account_type=DEMO | server=FTMO-Demo
[LOOP] 2026-03-21T11:10:56+00:00 | no new closed trades | account_type=DEMO | server=FTMO-Demo
[LOOP] 2026-03-21T11:11:56+00:00 | no new closed trades | account_type=DEMO | server=FTMO-Demo
[LOOP] 2026-03-21T11:12:56+00:00 | no new closed trades | account_type=DEMO | server=FTMO-Demo
[LOOP] 2026-03-21T11:13:56+00:00 | no new closed trades | account_type=DEMO | server=FTMO-Demo
[LOOP] 2026-03-21T11:14:56+00:00 | no new closed trades | account_type=DEMO | server=FTMO-Demo
[LOOP] 2026-03-21T11:15:56+00:00 | no new closed trades | account_type=DEMO | server=FTMO-Demo
[LOOP] 2026-03-21T11:16:56+00:00 | no new closed trades | account_type=DEMO | server=FTMO-Demo
[LOOP] 2026-03-21T11:17:56+00:00 | no new closed trades | account_type=DEMO | server=FTMO-Demo
[LOOP] 2026-03-21T11:18:56+00:00 | no new closed trades | account_type=DEMO | server=FTMO-Demo
[LOOP] 2026-03-21T11:19:56+00:00 | no new closed trades | account_type=DEMO | server=FTMO-Demo
[LOOP] 2026-03-21T11:20:56+00:00 | no new closed trades | account_type=DEMO | server=FTMO-Demo
[LOOP] 2026-03-21T11:21:56+00:00 | no new closed trades | account_type=DEMO | server=FTMO-Demo
[LOOP] 2026-03-21T11:22:56+00:00 | no new closed trades | account_type=DEMO | server=FTMO-Demo
[LOOP] 2026-03-21T11:23:56+00:00 | no new closed trades | account_type=DEMO | server=FTMO-Demo
[LOOP] 2026-03-21T11:24:56+00:00 | no new closed trades | account_type=DEMO | server=FTMO-Demo
[LOOP] 2026-03-21T11:25:56+00:00 | no new closed trades | account_type=DEMO | server=FTMO-Demo
[LOOP] 2026-03-21T11:26:56+00:00 | no new closed trades | account_type=DEMO | server=FTMO-Demo
[LOOP] 2026-03-21T11:27:56+00:00 | no new closed trades | account_type=DEMO | server=FTMO-Demo
[LOOP] 2026-03-21T11:28:56+00:00 | no new closed trades | account_type=DEMO | server=FTMO-Demo
[LOOP] 2026-03-21T11:29:56+00:00 | no new closed trades | account_type=DEMO | server=FTMO-Demo
[LOOP] 2026-03-21T11:30:56+00:00 | no new closed trades | account_type=DEMO | server=FTMO-Demo
[LOOP] 2026-03-21T11:31:56+00:00 | no new closed trades | account_type=DEMO | server=FTMO-Demo
[LOOP] 2026-03-21T11:32:56+00:00 | no new closed trades | account_type=DEMO | server=FTMO-Demo
[LOOP] 2026-03-21T11:33:56+00:00 | no new closed trades | account_type=DEMO | server=FTMO-Demo
[LOOP] 2026-03-21T11:34:56+00:00 | no new closed trades | account_type=DEMO | server=FTMO-Demo
[LOOP] 2026-03-21T11:35:56+00:00 | no new closed trades | account_type=DEMO | server=FTMO-Demo
[LOOP] 2026-03-21T11:36:56+00:00 | no new closed trades | account_type=DEMO | server=FTMO-Demo
[LOOP] 2026-03-21T11:37:56+00:00 | no new closed trades | account_type=DEMO | server=FTMO-Demo
[LOOP] 2026-03-21T11:38:56+00:00 | no new closed trades | account_type=DEMO | server=FTMO-Demo
[LOOP] 2026-03-21T11:39:56+00:00 | no new closed trades | account_type=DEMO | server=FTMO-Demo
[LOOP] 2026-03-21T11:40:56+00:00 | no new closed trades | account_type=DEMO | server=FTMO-Demo
[LOOP] 2026-03-21T11:41:56+00:00 | no new closed trades | account_type=DEMO | server=FTMO-Demo
[LOOP] 2026-03-21T11:42:56+00:00 | no new closed trades | account_type=DEMO | server=FTMO-Demo
[LOOP] 2026-03-21T11:43:56+00:00 | no new closed trades | account_type=DEMO | server=FTMO-Demo
[LOOP] 2026-03-21T11:44:56+00:00 | no new closed trades | account_type=DEMO | server=FTMO-Demo
[LOOP] 2026-03-21T11:45:56+00:00 | no new closed trades | account_type=DEMO | server=FTMO-Demo
[LOOP] 2026-03-21T11:46:56+00:00 | no new closed trades | account_type=DEMO | server=FTMO-Demo
[LOOP] 2026-03-21T11:47:56+00:00 | no new closed trades | account_type=DEMO | server=FTMO-Demo
[LOOP] 2026-03-21T11:48:56+00:00 | no new closed trades | account_type=DEMO | server=FTMO-Demo
[LOOP] 2026-03-21T11:49:56+00:00 | no new closed trades | account_type=DEMO | server=FTMO-Demo
[LOOP] 2026-03-21T11:50:56+00:00 | no new closed trades | account_type=DEMO | server=FTMO-Demo
[LOOP] 2026-03-21T11:51:56+00:00 | no new closed trades | account_type=DEMO | server=FTMO-Demo
[LOOP] 2026-03-21T11:52:56+00:00 | no new closed trades | account_type=DEMO | server=FTMO-Demo
[LOOP] 2026-03-21T11:53:56+00:00 | no new closed trades | account_type=DEMO | server=FTMO-Demo
[LOOP] 2026-03-21T11:54:56+00:00 | no new closed trades | account_type=DEMO | server=FTMO-Demo
[LOOP] 2026-03-21T11:55:56+00:00 | no new closed trades | account_type=DEMO | server=FTMO-Demo
[LOOP] 2026-03-21T11:56:56+00:00 | no new closed trades | account_type=DEMO | server=FTMO-Demo
[LOOP] 2026-03-21T11:57:56+00:00 | no new closed trades | account_type=DEMO | server=FTMO-Demo
[LOOP] 2026-03-21T11:58:56+00:00 | no new closed trades | account_type=DEMO | server=FTMO-Demo
[LOOP] 2026-03-21T11:59:56+00:00 | no new closed trades | account_type=DEMO | server=FTMO-Demo
[LOOP] 2026-03-21T12:00:56+00:00 | no new closed trades | account_type=DEMO | server=FTMO-Demo
[LOOP] 2026-03-21T12:01:56+00:00 | no new closed trades | account_type=DEMO | server=FTMO-Demo
[LOOP] 2026-03-21T12:02:56+00:00 | no new closed trades | account_type=DEMO | server=FTMO-Demo
[LOOP] 2026-03-21T12:03:56+00:00 | no new closed trades | account_type=DEMO | server=FTMO-Demo
[LOOP] 2026-03-21T12:04:56+00:00 | no new closed trades | account_type=DEMO | server=FTMO-Demo
[LOOP] 2026-03-21T12:05:56+00:00 | no new closed trades | account_type=DEMO | server=FTMO-Demo
[LOOP] 2026-03-21T12:06:56+00:00 | no new closed trades | account_type=DEMO | server=FTMO-Demo
[LOOP] 2026-03-21T12:07:56+00:00 | no new closed trades | account_type=DEMO | server=FTMO-Demo
[LOOP] 2026-03-21T12:08:56+00:00 | no new closed trades | account_type=DEMO | server=FTMO-Demo
[LOOP] 2026-03-21T12:09:56+00:00 | no new closed trades | account_type=DEMO | server=FTMO-Demo
[LOOP] 2026-03-21T12:10:56+00:00 | no new closed trades | account_type=DEMO | server=FTMO-Demo
[LOOP] 2026-03-21T12:11:56+00:00 | no new closed trades | account_type=DEMO | server=FTMO-Demo
[LOOP] 2026-03-21T12:12:56+00:00 | no new closed trades | account_type=DEMO | server=FTMO-Demo
[LOOP] 2026-03-21T12:13:56+00:00 | no new closed trades | account_type=DEMO | server=FTMO-Demo
[LOOP] 2026-03-21T12:14:56+00:00 | no new closed trades | account_type=DEMO | server=FTMO-Demo
[LOOP] 2026-03-21T12:15:56+00:00 | no new closed trades | account_type=DEMO | server=FTMO-Demo
[LOOP] 2026-03-21T12:16:56+00:00 | no new closed trades | account_type=DEMO | server=FTMO-Demo
[LOOP] 2026-03-21T12:17:56+00:00 | no new closed trades | account_type=DEMO | server=FTMO-Demo
[LOOP] 2026-03-21T12:18:56+00:00 | no new closed trades | account_type=DEMO | server=FTMO-Demo
[LOOP] 2026-03-21T12:19:56+00:00 | no new closed trades | account_type=DEMO | server=FTMO-Demo
[LOOP] 2026-03-21T12:20:56+00:00 | no new closed trades | account_type=DEMO | server=FTMO-Demo
[LOOP] 2026-03-21T12:21:56+00:00 | no new closed trades | account_type=DEMO | server=FTMO-Demo
[LOOP] 2026-03-21T12:22:56+00:00 | no new closed trades | account_type=DEMO | server=FTMO-Demo
[LOOP] 2026-03-21T12:23:56+00:00 | no new closed trades | account_type=DEMO | server=FTMO-Demo
[LOOP] 2026-03-21T12:24:56+00:00 | no new closed trades | account_type=DEMO | server=FTMO-Demo
[LOOP] 2026-03-21T12:25:56+00:00 | no new closed trades | account_type=DEMO | server=FTMO-Demo
[LOOP] 2026-03-21T12:26:56+00:00 | no new closed trades | account_type=DEMO | server=FTMO-Demo
[LOOP] 2026-03-21T12:27:56+00:00 | no new closed trades | account_type=DEMO | server=FTMO-Demo
[LOOP] 2026-03-21T12:28:56+00:00 | no new closed trades | account_type=DEMO | server=FTMO-Demo
[LOOP] 2026-03-21T12:29:56+00:00 | no new closed trades | account_type=DEMO | server=FTMO-Demo
[LOOP] 2026-03-21T12:30:56+00:00 | no new closed trades | account_type=DEMO | server=FTMO-Demo
[LOOP] 2026-03-21T12:31:56+00:00 | no new closed trades | account_type=DEMO | server=FTMO-Demo
[LOOP] 2026-03-21T12:32:56+00:00 | no new closed trades | account_type=DEMO | server=FTMO-Demo
[LOOP] 2026-03-21T12:33:56+00:00 | no new closed trades | account_type=DEMO | server=FTMO-Demo
[LOOP] 2026-03-21T12:34:56+00:00 | no new closed trades | account_type=DEMO | server=FTMO-Demo
[LOOP] 2026-03-21T12:35:56+00:00 | no new closed trades | account_type=DEMO | server=FTMO-Demo
[LOOP] 2026-03-21T12:36:56+00:00 | no new closed trades | account_type=DEMO | server=FTMO-Demo
[LOOP] 2026-03-21T12:37:56+00:00 | no new closed trades | account_type=DEMO | server=FTMO-Demo
[LOOP] 2026-03-21T12:38:56+00:00 | no new closed trades | account_type=DEMO | server=FTMO-Demo
[LOOP] 2026-03-21T12:39:56+00:00 | no new closed trades | account_type=DEMO | server=FTMO-Demo
[LOOP] 2026-03-21T12:40:56+00:00 | no new closed trades | account_type=DEMO | server=FTMO-Demo
[LOOP] 2026-03-21T12:41:56+00:00 | no new closed trades | account_type=DEMO | server=FTMO-Demo
[LOOP] 2026-03-21T12:42:56+00:00 | no new closed trades | account_type=DEMO | server=FTMO-Demo
[LOOP] 2026-03-21T12:43:56+00:00 | no new closed trades | account_type=DEMO | server=FTMO-Demo
[LOOP] 2026-03-21T12:44:56+00:00 | no new closed trades | account_type=DEMO | server=FTMO-Demo
[LOOP] 2026-03-21T12:45:56+00:00 | no new closed trades | account_type=DEMO | server=FTMO-Demo
[LOOP] 2026-03-21T12:46:56+00:00 | no new closed trades | account_type=DEMO | server=FTMO-Demo
[LOOP] 2026-03-21T12:47:56+00:00 | no new closed trades | account_type=DEMO | server=FTMO-Demo
[LOOP] 2026-03-21T12:48:56+00:00 | no new closed trades | account_type=DEMO | server=FTMO-Demo
[LOOP] 2026-03-21T12:49:56+00:00 | no new closed trades | account_type=DEMO | server=FTMO-Demo
[LOOP] 2026-03-21T12:50:56+00:00 | no new closed trades | account_type=DEMO | server=FTMO-Demo
[LOOP] 2026-03-21T12:51:56+00:00 | no new closed trades | account_type=DEMO | server=FTMO-Demo
[LOOP] 2026-03-21T12:52:56+00:00 | no new closed trades | account_type=DEMO | server=FTMO-Demo
[LOOP] 2026-03-21T12:53:56+00:00 | no new closed trades | account_type=DEMO | server=FTMO-Demo
[LOOP] 2026-03-21T12:54:56+00:00 | no new closed trades | account_type=DEMO | server=FTMO-Demo
[LOOP] 2026-03-21T12:55:56+00:00 | no new closed trades | account_type=DEMO | server=FTMO-Demo
[LOOP] 2026-03-21T12:56:56+00:00 | no new closed trades | account_type=DEMO | server=FTMO-Demo
[LOOP] 2026-03-21T12:57:56+00:00 | no new closed trades | account_type=DEMO | server=FTMO-Demo
[LOOP] 2026-03-21T12:58:56+00:00 | no new closed trades | account_type=DEMO | server=FTMO-Demo
[LOOP] 2026-03-21T12:59:56+00:00 | no new closed trades | account_type=DEMO | server=FTMO-Demo
[LOOP] 2026-03-21T13:00:56+00:00 | no new closed trades | account_type=DEMO | server=FTMO-Demo
[LOOP] 2026-03-21T13:01:56+00:00 | no new closed trades | account_type=DEMO | server=FTMO-Demo
[LOOP] 2026-03-21T13:02:56+00:00 | no new closed trades | account_type=DEMO | server=FTMO-Demo
[LOOP] 2026-03-21T13:03:56+00:00 | no new closed trades | account_type=DEMO | server=FTMO-Demo
[LOOP] 2026-03-21T13:04:56+00:00 | no new closed trades | account_type=DEMO | server=FTMO-Demo
[LOOP] 2026-03-21T13:05:56+00:00 | no new closed trades | account_type=DEMO | server=FTMO-Demo
[LOOP] 2026-03-21T13:06:56+00:00 | no new closed trades | account_type=DEMO | server=FTMO-Demo
[LOOP] 2026-03-21T13:07:56+00:00 | no new closed trades | account_type=DEMO | server=FTMO-Demo
[LOOP] 2026-03-21T13:08:56+00:00 | no new closed trades | account_type=DEMO | server=FTMO-Demo
[LOOP] 2026-03-21T13:09:56+00:00 | no new closed trades | account_type=DEMO | server=FTMO-Demo
[LOOP] 2026-03-21T13:10:56+00:00 | no new closed trades | account_type=DEMO | server=FTMO-Demo
[LOOP] 2026-03-21T13:11:56+00:00 | no new closed trades | account_type=DEMO | server=FTMO-Demo
[LOOP] 2026-03-21T13:12:56+00:00 | no new closed trades | account_type=DEMO | server=FTMO-Demo
[LOOP] 2026-03-21T13:13:56+00:00 | no new closed trades | account_type=DEMO | server=FTMO-Demo
[LOOP] 2026-03-21T13:14:56+00:00 | no new closed trades | account_type=DEMO | server=FTMO-Demo
[LOOP] 2026-03-21T13:15:56+00:00 | no new closed trades | account_type=DEMO | server=FTMO-Demo
[LOOP] 2026-03-21T13:16:56+00:00 | no new closed trades | account_type=DEMO | server=FTMO-Demo
[LOOP] 2026-03-21T13:17:56+00:00 | no new closed trades | account_type=DEMO | server=FTMO-Demo
[LOOP] 2026-03-21T13:18:56+00:00 | no new closed trades | account_type=DEMO | server=FTMO-Demo
[LOOP] 2026-03-21T13:19:56+00:00 | no new closed trades | account_type=DEMO | server=FTMO-Demo
[LOOP] 2026-03-21T13:20:56+00:00 | no new closed trades | account_type=DEMO | server=FTMO-Demo
[LOOP] 2026-03-21T13:21:56+00:00 | no new closed trades | account_type=DEMO | server=FTMO-Demo
[LOOP] 2026-03-21T13:22:56+00:00 | no new closed trades | account_type=DEMO | server=FTMO-Demo
[LOOP] 2026-03-21T13:23:56+00:00 | no new closed trades | account_type=DEMO | server=FTMO-Demo
[LOOP] 2026-03-21T13:24:56+00:00 | no new closed trades | account_type=DEMO | server=FTMO-Demo
[LOOP] 2026-03-21T13:25:56+00:00 | no new closed trades | account_type=DEMO | server=FTMO-Demo
[LOOP] 2026-03-21T13:26:56+00:00 | no new closed trades | account_type=DEMO | server=FTMO-Demo
[LOOP] 2026-03-21T13:27:56+00:00 | no new closed trades | account_type=DEMO | server=FTMO-Demo
[LOOP] 2026-03-21T13:28:56+00:00 | no new closed trades | account_type=DEMO | server=FTMO-Demo
[LOOP] 2026-03-21T13:29:56+00:00 | no new closed trades | account_type=DEMO | server=FTMO-Demo
[LOOP] 2026-03-21T13:30:56+00:00 | no new closed trades | account_type=DEMO | server=FTMO-Demo
[LOOP] 2026-03-21T13:31:56+00:00 | no new closed trades | account_type=DEMO | server=FTMO-Demo
[LOOP] 2026-03-21T13:32:56+00:00 | no new closed trades | account_type=DEMO | server=FTMO-Demo
[LOOP] 2026-03-21T13:33:56+00:00 | no new closed trades | account_type=DEMO | server=FTMO-Demo
[LOOP] 2026-03-21T13:34:56+00:00 | no new closed trades | account_type=DEMO | server=FTMO-Demo
[LOOP] 2026-03-21T13:35:56+00:00 | no new closed trades | account_type=DEMO | server=FTMO-Demo
[LOOP] 2026-03-21T13:36:56+00:00 | no new closed trades | account_type=DEMO | server=FTMO-Demo
[LOOP] 2026-03-21T13:37:56+00:00 | no new closed trades | account_type=DEMO | server=FTMO-Demo
[LOOP] 2026-03-21T13:38:56+00:00 | no new closed trades | account_type=DEMO | server=FTMO-Demo
[LOOP] 2026-03-21T13:39:56+00:00 | no new closed trades | account_type=DEMO | server=FTMO-Demo
[LOOP] 2026-03-21T13:40:56+00:00 | no new closed trades | account_type=DEMO | server=FTMO-Demo
[LOOP] 2026-03-21T13:41:56+00:00 | no new closed trades | account_type=DEMO | server=FTMO-Demo
[LOOP] 2026-03-21T13:42:56+00:00 | no new closed trades | account_type=DEMO | server=FTMO-Demo
[LOOP] 2026-03-21T13:43:56+00:00 | no new closed trades | account_type=DEMO | server=FTMO-Demo
[LOOP] 2026-03-21T13:44:56+00:00 | no new closed trades | account_type=DEMO | server=FTMO-Demo
[LOOP] 2026-03-21T13:45:56+00:00 | no new closed trades | account_type=DEMO | server=FTMO-Demo
[LOOP] 2026-03-21T13:46:56+00:00 | no new closed trades | account_type=DEMO | server=FTMO-Demo
[LOOP] 2026-03-21T13:47:56+00:00 | no new closed trades | account_type=DEMO | server=FTMO-Demo
[LOOP] 2026-03-21T13:48:56+00:00 | no new closed trades | account_type=DEMO | server=FTMO-Demo
[LOOP] 2026-03-21T13:49:56+00:00 | no new closed trades | account_type=DEMO | server=FTMO-Demo
[LOOP] 2026-03-21T13:50:56+00:00 | no new closed trades | account_type=DEMO | server=FTMO-Demo
[LOOP] 2026-03-21T13:51:56+00:00 | no new closed trades | account_type=DEMO | server=FTMO-Demo
[LOOP] 2026-03-21T13:52:56+00:00 | no new closed trades | account_type=DEMO | server=FTMO-Demo
[LOOP] 2026-03-21T13:53:56+00:00 | no new closed trades | account_type=DEMO | server=FTMO-Demo
[LOOP] 2026-03-21T13:54:56+00:00 | no new closed trades | account_type=DEMO | server=FTMO-Demo
[LOOP] 2026-03-21T13:55:56+00:00 | no new closed trades | account_type=DEMO | server=FTMO-Demo
[LOOP] 2026-03-21T13:56:56+00:00 | no new closed trades | account_type=DEMO | server=FTMO-Demo
[LOOP] 2026-03-21T13:57:56+00:00 | no new closed trades | account_type=DEMO | server=FTMO-Demo
[LOOP] 2026-03-21T13:58:56+00:00 | no new closed trades | account_type=DEMO | server=FTMO-Demo
[LOOP] 2026-03-21T13:59:56+00:00 | no new closed trades | account_type=DEMO | server=FTMO-Demo
[LOOP] 2026-03-21T14:00:56+00:00 | no new closed trades | account_type=DEMO | server=FTMO-Demo
[LOOP] 2026-03-21T14:01:56+00:00 | no new closed trades | account_type=DEMO | server=FTMO-Demo
[LOOP] 2026-03-21T14:02:56+00:00 | no new closed trades | account_type=DEMO | server=FTMO-Demo
[LOOP] 2026-03-21T14:03:56+00:00 | no new closed trades | account_type=DEMO | server=FTMO-Demo
[LOOP] 2026-03-21T14:04:56+00:00 | no new closed trades | account_type=DEMO | server=FTMO-Demo
[LOOP] 2026-03-21T14:05:56+00:00 | no new closed trades | account_type=DEMO | server=FTMO-Demo
[LOOP] 2026-03-21T14:06:56+00:00 | no new closed trades | account_type=DEMO | server=FTMO-Demo
[LOOP] 2026-03-21T14:07:56+00:00 | no new closed trades | account_type=DEMO | server=FTMO-Demo
[LOOP] 2026-03-21T14:08:56+00:00 | no new closed trades | account_type=DEMO | server=FTMO-Demo
[LOOP] 2026-03-21T14:09:56+00:00 | no new closed trades | account_type=DEMO | server=FTMO-Demo
[LOOP] 2026-03-21T14:10:56+00:00 | no new closed trades | account_type=DEMO | server=FTMO-Demo
[LOOP] 2026-03-21T14:11:56+00:00 | no new closed trades | account_type=DEMO | server=FTMO-Demo
[LOOP] 2026-03-21T14:12:56+00:00 | no new closed trades | account_type=DEMO | server=FTMO-Demo
[LOOP] 2026-03-21T14:13:56+00:00 | no new closed trades | account_type=DEMO | server=FTMO-Demo
[LOOP] 2026-03-21T14:14:56+00:00 | no new closed trades | account_type=DEMO | server=FTMO-Demo
[LOOP] 2026-03-21T14:15:56+00:00 | no new closed trades | account_type=DEMO | server=FTMO-Demo
[LOOP] 2026-03-22T06:37:06+00:00 | no new closed trades | account_type=DEMO | server=FTMO-Demo
[LOOP] 2026-03-22T06:38:09+00:00 | no new closed trades | account_type=DEMO | server=FTMO-Demo
[LOOP] 2026-03-22T06:39:09+00:00 | no new closed trades | account_type=DEMO | server=FTMO-Demo
[LOOP] 2026-03-22T06:40:09+00:00 | no new closed trades | account_type=DEMO | server=FTMO-Demo
[LOOP] 2026-03-22T06:41:09+00:00 | no new closed trades | account_type=DEMO | server=FTMO-Demo
[LOOP] 2026-03-22T06:42:09+00:00 | no new closed trades | account_type=DEMO | server=FTMO-Demo
[LOOP] 2026-03-22T06:43:09+00:00 | no new closed trades | account_type=DEMO | server=FTMO-Demo
[LOOP] 2026-03-22T06:44:09+00:00 | no new closed trades | account_type=DEMO | server=FTMO-Demo
[LOOP] 2026-03-22T06:45:09+00:00 | no new closed trades | account_type=DEMO | server=FTMO-Demo
[LOOP] 2026-03-22T06:46:09+00:00 | no new closed trades | account_type=DEMO | server=FTMO-Demo
[LOOP] 2026-03-22T06:47:09+00:00 | no new closed trades | account_type=DEMO | server=FTMO-Demo
[LOOP] 2026-03-22T06:48:09+00:00 | no new closed trades | account_type=DEMO | server=FTMO-Demo
[LOOP] 2026-03-22T06:49:09+00:00 | no new closed trades | account_type=DEMO | server=FTMO-Demo
[LOOP] 2026-03-22T06:50:09+00:00 | no new closed trades | account_type=DEMO | server=FTMO-Demo
[LOOP] 2026-03-22T06:51:09+00:00 | no new closed trades | account_type=DEMO | server=FTMO-Demo
[LOOP] 2026-03-22T06:52:09+00:00 | no new closed trades | account_type=DEMO | server=FTMO-Demo
[LOOP] 2026-03-22T06:53:09+00:00 | no new closed trades | account_type=DEMO | server=FTMO-Demo
[LOOP] 2026-03-22T06:54:09+00:00 | no new closed trades | account_type=DEMO | server=FTMO-Demo
[LOOP] 2026-03-22T06:55:09+00:00 | no new closed trades | account_type=DEMO | server=FTMO-Demo
[LOOP] 2026-03-22T06:56:09+00:00 | no new closed trades | account_type=DEMO | server=FTMO-Demo
[LOOP] 2026-03-22T06:57:09+00:00 | no new closed trades | account_type=DEMO | server=FTMO-Demo
[LOOP] 2026-03-22T06:58:09+00:00 | no new closed trades | account_type=DEMO | server=FTMO-Demo
[LOOP] 2026-03-22T06:59:09+00:00 | no new closed trades | account_type=DEMO | server=FTMO-Demo
[LOOP] 2026-03-22T07:00:09+00:00 | no new closed trades | account_type=DEMO | server=FTMO-Demo
[LOOP] 2026-03-22T07:01:09+00:00 | no new closed trades | account_type=DEMO | server=FTMO-Demo
[LOOP] 2026-03-22T07:02:09+00:00 | no new closed trades | account_type=DEMO | server=FTMO-Demo
[LOOP] 2026-03-22T07:03:09+00:00 | no new closed trades | account_type=DEMO | server=FTMO-Demo
[LOOP] 2026-03-22T07:04:09+00:00 | no new closed trades | account_type=DEMO | server=FTMO-Demo
[LOOP] 2026-03-22T07:05:09+00:00 | no new closed trades | account_type=DEMO | server=FTMO-Demo
[LOOP] 2026-03-22T07:06:09+00:00 | no new closed trades | account_type=DEMO | server=FTMO-Demo
[LOOP] 2026-03-22T07:07:09+00:00 | no new closed trades | account_type=DEMO | server=FTMO-Demo
[LOOP] 2026-03-22T07:08:09+00:00 | no new closed trades | account_type=DEMO | server=FTMO-Demo
[LOOP] 2026-03-22T07:09:09+00:00 | no new closed trades | account_type=DEMO | server=FTMO-Demo
[LOOP] 2026-03-22T07:10:09+00:00 | no new closed trades | account_type=DEMO | server=FTMO-Demo
[LOOP] 2026-03-22T07:11:09+00:00 | no new closed trades | account_type=DEMO | server=FTMO-Demo
[LOOP] 2026-03-22T07:12:09+00:00 | no new closed trades | account_type=DEMO | server=FTMO-Demo
[LOOP] 2026-03-22T07:13:09+00:00 | no new closed trades | account_type=DEMO | server=FTMO-Demo
[LOOP] 2026-03-22T07:14:09+00:00 | no new closed trades | account_type=DEMO | server=FTMO-Demo
[LOOP] 2026-03-22T07:15:09+00:00 | no new closed trades | account_type=DEMO | server=FTMO-Demo
[LOOP] 2026-03-22T07:16:09+00:00 | no new closed trades | account_type=DEMO | server=FTMO-Demo
[LOOP] 2026-03-22T07:17:09+00:00 | no new closed trades | account_type=DEMO | server=FTMO-Demo
[LOOP] 2026-03-22T07:18:09+00:00 | no new closed trades | account_type=DEMO | server=FTMO-Demo
[LOOP] 2026-03-22T07:19:09+00:00 | no new closed trades | account_type=DEMO | server=FTMO-Demo
[LOOP] 2026-03-22T07:20:09+00:00 | no new closed trades | account_type=DEMO | server=FTMO-Demo
[LOOP] 2026-03-22T07:21:09+00:00 | no new closed trades | account_type=DEMO | server=FTMO-Demo
[LOOP] 2026-03-22T07:22:09+00:00 | no new closed trades | account_type=DEMO | server=FTMO-Demo
[LOOP] 2026-03-22T07:23:09+00:00 | no new closed trades | account_type=DEMO | server=FTMO-Demo
[LOOP] 2026-03-22T07:24:09+00:00 | no new closed trades | account_type=DEMO | server=FTMO-Demo
[LOOP] 2026-03-22T07:25:09+00:00 | no new closed trades | account_type=DEMO | server=FTMO-Demo
[LOOP] 2026-03-22T07:26:09+00:00 | no new closed trades | account_type=DEMO | server=FTMO-Demo
[LOOP] 2026-03-22T07:27:09+00:00 | no new closed trades | account_type=DEMO | server=FTMO-Demo
[LOOP] 2026-03-22T07:28:09+00:00 | no new closed trades | account_type=DEMO | server=FTMO-Demo
[LOOP] 2026-03-22T07:29:09+00:00 | no new closed trades | account_type=DEMO | server=FTMO-Demo
[LOOP] 2026-03-22T07:30:09+00:00 | no new closed trades | account_type=DEMO | server=FTMO-Demo
[LOOP] 2026-03-22T07:31:09+00:00 | no new closed trades | account_type=DEMO | server=FTMO-Demo
[LOOP] 2026-03-22T07:32:09+00:00 | no new closed trades | account_type=DEMO | server=FTMO-Demo
[LOOP] 2026-03-22T07:33:09+00:00 | no new closed trades | account_type=DEMO | server=FTMO-Demo
[LOOP] 2026-03-22T07:34:09+00:00 | no new closed trades | account_type=DEMO | server=FTMO-Demo
[LOOP] 2026-03-22T07:35:09+00:00 | no new closed trades | account_type=DEMO | server=FTMO-Demo
[LOOP] 2026-03-22T07:36:09+00:00 | no new closed trades | account_type=DEMO | server=FTMO-Demo
[LOOP] 2026-03-22T07:37:09+00:00 | no new closed trades | account_type=DEMO | server=FTMO-Demo
[LOOP] 2026-03-22T07:38:09+00:00 | no new closed trades | account_type=DEMO | server=FTMO-Demo
[LOOP] 2026-03-22T07:39:09+00:00 | no new closed trades | account_type=DEMO | server=FTMO-Demo
[LOOP] 2026-03-22T07:40:09+00:00 | no new closed trades | account_type=DEMO | server=FTMO-Demo
[LOOP] 2026-03-22T07:41:09+00:00 | no new closed trades | account_type=DEMO | server=FTMO-Demo
[LOOP] 2026-03-22T07:42:09+00:00 | no new closed trades | account_type=DEMO | server=FTMO-Demo
[LOOP] 2026-03-22T07:43:09+00:00 | no new closed trades | account_type=DEMO | server=FTMO-Demo
[LOOP] 2026-03-22T07:44:09+00:00 | no new closed trades | account_type=DEMO | server=FTMO-Demo
[LOOP] 2026-03-22T07:45:09+00:00 | no new closed trades | account_type=DEMO | server=FTMO-Demo
[LOOP] 2026-03-22T07:46:09+00:00 | no new closed trades | account_type=DEMO | server=FTMO-Demo
[LOOP] 2026-03-22T07:47:09+00:00 | no new closed trades | account_type=DEMO | server=FTMO-Demo
[LOOP] 2026-03-22T07:48:09+00:00 | no new closed trades | account_type=DEMO | server=FTMO-Demo
[LOOP] 2026-03-22T07:49:09+00:00 | no new closed trades | account_type=DEMO | server=FTMO-Demo
[LOOP] 2026-03-22T07:50:09+00:00 | no new closed trades | account_type=DEMO | server=FTMO-Demo
[LOOP] 2026-03-22T07:51:09+00:00 | no new closed trades | account_type=DEMO | server=FTMO-Demo
[LOOP] 2026-03-22T07:52:09+00:00 | no new closed trades | account_type=DEMO | server=FTMO-Demo
[LOOP] 2026-03-22T07:53:09+00:00 | no new closed trades | account_type=DEMO | server=FTMO-Demo
[LOOP] 2026-03-22T07:54:09+00:00 | no new closed trades | account_type=DEMO | server=FTMO-Demo
[LOOP] 2026-03-22T07:55:09+00:00 | no new closed trades | account_type=DEMO | server=FTMO-Demo
[LOOP] 2026-03-22T07:56:09+00:00 | no new closed trades | account_type=DEMO | server=FTMO-Demo
[LOOP] 2026-03-22T07:57:09+00:00 | no new closed trades | account_type=DEMO | server=FTMO-Demo
[LOOP] 2026-03-22T07:58:09+00:00 | no new closed trades | account_type=DEMO | server=FTMO-Demo
[LOOP] 2026-03-22T07:59:09+00:00 | no new closed trades | account_type=DEMO | server=FTMO-Demo
[LOOP] 2026-03-22T08:00:09+00:00 | no new closed trades | account_type=DEMO | server=FTMO-Demo
[LOOP] 2026-03-22T08:01:09+00:00 | no new closed trades | account_type=DEMO | server=FTMO-Demo
[LOOP] 2026-03-22T08:02:09+00:00 | no new closed trades | account_type=DEMO | server=FTMO-Demo
[LOOP] 2026-03-22T08:03:09+00:00 | no new closed trades | account_type=DEMO | server=FTMO-Demo
[LOOP] 2026-03-22T08:04:09+00:00 | no new closed trades | account_type=DEMO | server=FTMO-Demo
[LOOP] 2026-03-22T08:05:09+00:00 | no new closed trades | account_type=DEMO | server=FTMO-Demo
[LOOP] 2026-03-22T08:06:09+00:00 | no new closed trades | account_type=DEMO | server=FTMO-Demo
[LOOP] 2026-03-22T08:07:09+00:00 | no new closed trades | account_type=DEMO | server=FTMO-Demo
[LOOP] 2026-03-22T08:08:09+00:00 | no new closed trades | account_type=DEMO | server=FTMO-Demo
[LOOP] 2026-03-22T08:09:09+00:00 | no new closed trades | account_type=DEMO | server=FTMO-Demo
[LOOP] 2026-03-22T08:10:09+00:00 | no new closed trades | account_type=DEMO | server=FTMO-Demo
[LOOP] 2026-03-22T08:11:09+00:00 | no new closed trades | account_type=DEMO | server=FTMO-Demo
[LOOP] 2026-03-22T08:12:09+00:00 | no new closed trades | account_type=DEMO | server=FTMO-Demo
[LOOP] 2026-03-22T08:13:09+00:00 | no new closed trades | account_type=DEMO | server=FTMO-Demo
[LOOP] 2026-03-22T08:14:09+00:00 | no new closed trades | account_type=DEMO | server=FTMO-Demo
[LOOP] 2026-03-22T08:15:09+00:00 | no new closed trades | account_type=DEMO | server=FTMO-Demo
[LOOP] 2026-03-22T08:16:09+00:00 | no new closed trades | account_type=DEMO | server=FTMO-Demo
[LOOP] 2026-03-22T08:17:09+00:00 | no new closed trades | account_type=DEMO | server=FTMO-Demo
[LOOP] 2026-03-22T08:18:09+00:00 | no new closed trades | account_type=DEMO | server=FTMO-Demo
[LOOP] 2026-03-22T08:19:09+00:00 | no new closed trades | account_type=DEMO | server=FTMO-Demo
[LOOP] 2026-03-22T08:20:09+00:00 | no new closed trades | account_type=DEMO | server=FTMO-Demo
[LOOP] 2026-03-22T08:21:09+00:00 | no new closed trades | account_type=DEMO | server=FTMO-Demo
[LOOP] 2026-03-22T08:22:09+00:00 | no new closed trades | account_type=DEMO | server=FTMO-Demo
[LOOP] 2026-03-22T08:23:09+00:00 | no new closed trades | account_type=DEMO | server=FTMO-Demo
[LOOP] 2026-03-22T08:24:09+00:00 | no new closed trades | account_type=DEMO | server=FTMO-Demo
[LOOP] 2026-03-22T08:25:09+00:00 | no new closed trades | account_type=DEMO | server=FTMO-Demo
[LOOP] 2026-03-22T08:26:09+00:00 | no new closed trades | account_type=DEMO | server=FTMO-Demo
[LOOP] 2026-03-22T08:27:09+00:00 | no new closed trades | account_type=DEMO | server=FTMO-Demo
[LOOP] 2026-03-22T08:28:09+00:00 | no new closed trades | account_type=DEMO | server=FTMO-Demo
[LOOP] 2026-03-22T08:29:09+00:00 | no new closed trades | account_type=DEMO | server=FTMO-Demo
[LOOP] 2026-03-22T08:30:09+00:00 | no new closed trades | account_type=DEMO | server=FTMO-Demo
[LOOP] 2026-03-22T08:31:09+00:00 | no new closed trades | account_type=DEMO | server=FTMO-Demo
[LOOP] 2026-03-22T08:32:09+00:00 | no new closed trades | account_type=DEMO | server=FTMO-Demo
[LOOP] 2026-03-22T08:33:09+00:00 | no new closed trades | account_type=DEMO | server=FTMO-Demo
[LOOP] 2026-03-22T08:34:09+00:00 | no new closed trades | account_type=DEMO | server=FTMO-Demo
[LOOP] 2026-03-22T08:35:09+00:00 | no new closed trades | account_type=DEMO | server=FTMO-Demo
[LOOP] 2026-03-22T08:36:09+00:00 | no new closed trades | account_type=DEMO | server=FTMO-Demo
[LOOP] 2026-03-22T08:37:09+00:00 | no new closed trades | account_type=DEMO | server=FTMO-Demo
[LOOP] 2026-03-22T08:38:09+00:00 | no new closed trades | account_type=DEMO | server=FTMO-Demo
[LOOP] 2026-03-22T08:39:09+00:00 | no new closed trades | account_type=DEMO | server=FTMO-Demo
[LOOP] 2026-03-22T08:40:09+00:00 | no new closed trades | account_type=DEMO | server=FTMO-Demo
[LOOP] 2026-03-22T08:41:09+00:00 | no new closed trades | account_type=DEMO | server=FTMO-Demo
[LOOP] 2026-03-22T08:42:09+00:00 | no new closed trades | account_type=DEMO | server=FTMO-Demo
[LOOP] 2026-03-22T08:43:09+00:00 | no new closed trades | account_type=DEMO | server=FTMO-Demo
[LOOP] 2026-03-22T08:44:09+00:00 | no new closed trades | account_type=DEMO | server=FTMO-Demo
[LOOP] 2026-03-22T08:45:09+00:00 | no new closed trades | account_type=DEMO | server=FTMO-Demo
[LOOP] 2026-03-22T08:46:09+00:00 | no new closed trades | account_type=DEMO | server=FTMO-Demo
[LOOP] 2026-03-22T08:47:09+00:00 | no new closed trades | account_type=DEMO | server=FTMO-Demo
[LOOP] 2026-03-22T08:48:09+00:00 | no new closed trades | account_type=DEMO | server=FTMO-Demo
[LOOP] 2026-03-22T08:49:09+00:00 | no new closed trades | account_type=DEMO | server=FTMO-Demo
[LOOP] 2026-03-22T08:50:09+00:00 | no new closed trades | account_type=DEMO | server=FTMO-Demo
[LOOP] 2026-03-22T08:51:09+00:00 | no new closed trades | account_type=DEMO | server=FTMO-Demo
[LOOP] 2026-03-22T08:52:09+00:00 | no new closed trades | account_type=DEMO | server=FTMO-Demo
[LOOP] 2026-03-22T08:53:09+00:00 | no new closed trades | account_type=DEMO | server=FTMO-Demo
[LOOP] 2026-03-22T08:54:09+00:00 | no new closed trades | account_type=DEMO | server=FTMO-Demo
[LOOP] 2026-03-22T08:55:09+00:00 | no new closed trades | account_type=DEMO | server=FTMO-Demo
[LOOP] 2026-03-22T08:56:09+00:00 | no new closed trades | account_type=DEMO | server=FTMO-Demo
[LOOP] 2026-03-22T08:57:09+00:00 | no new closed trades | account_type=DEMO | server=FTMO-Demo
[LOOP] 2026-03-22T08:58:09+00:00 | no new closed trades | account_type=DEMO | server=FTMO-Demo
[LOOP] 2026-03-22T08:59:09+00:00 | no new closed trades | account_type=DEMO | server=FTMO-Demo
[LOOP] 2026-03-22T09:00:09+00:00 | no new closed trades | account_type=DEMO | server=FTMO-Demo
[LOOP] 2026-03-22T09:01:09+00:00 | no new closed trades | account_type=DEMO | server=FTMO-Demo
[LOOP] 2026-03-22T09:02:09+00:00 | no new closed trades | account_type=DEMO | server=FTMO-Demo
[LOOP] 2026-03-22T09:03:09+00:00 | no new closed trades | account_type=DEMO | server=FTMO-Demo
[LOOP] 2026-03-22T09:04:09+00:00 | no new closed trades | account_type=DEMO | server=FTMO-Demo
[LOOP] 2026-03-22T09:05:09+00:00 | no new closed trades | account_type=DEMO | server=FTMO-Demo
[LOOP] 2026-03-22T09:06:09+00:00 | no new closed trades | account_type=DEMO | server=FTMO-Demo
[LOOP] 2026-03-22T09:07:09+00:00 | no new closed trades | account_type=DEMO | server=FTMO-Demo
[LOOP] 2026-03-22T09:08:09+00:00 | no new closed trades | account_type=DEMO | server=FTMO-Demo
[LOOP] 2026-03-22T09:09:09+00:00 | no new closed trades | account_type=DEMO | server=FTMO-Demo
[LOOP] 2026-03-22T09:10:09+00:00 | no new closed trades | account_type=DEMO | server=FTMO-Demo
[LOOP] 2026-03-22T09:11:09+00:00 | no new closed trades | account_type=DEMO | server=FTMO-Demo
[LOOP] 2026-03-22T09:12:09+00:00 | no new closed trades | account_type=DEMO | server=FTMO-Demo
[LOOP] 2026-03-22T09:13:09+00:00 | no new closed trades | account_type=DEMO | server=FTMO-Demo
[LOOP] 2026-03-22T09:14:09+00:00 | no new closed trades | account_type=DEMO | server=FTMO-Demo
[LOOP] 2026-03-22T09:15:09+00:00 | no new closed trades | account_type=DEMO | server=FTMO-Demo
[LOOP] 2026-03-22T09:16:09+00:00 | no new closed trades | account_type=DEMO | server=FTMO-Demo
[LOOP] 2026-03-22T09:17:09+00:00 | no new closed trades | account_type=DEMO | server=FTMO-Demo
[LOOP] 2026-03-22T09:18:09+00:00 | no new closed trades | account_type=DEMO | server=FTMO-Demo
[LOOP] 2026-03-22T09:19:09+00:00 | no new closed trades | account_type=DEMO | server=FTMO-Demo
[LOOP] 2026-03-22T09:20:09+00:00 | no new closed trades | account_type=DEMO | server=FTMO-Demo
[LOOP] 2026-03-22T09:21:09+00:00 | no new closed trades | account_type=DEMO | server=FTMO-Demo
[LOOP] 2026-03-22T09:22:09+00:00 | no new closed trades | account_type=DEMO | server=FTMO-Demo
[LOOP] 2026-03-22T09:23:09+00:00 | no new closed trades | account_type=DEMO | server=FTMO-Demo
[LOOP] 2026-03-22T09:24:09+00:00 | no new closed trades | account_type=DEMO | server=FTMO-Demo
[LOOP] 2026-03-22T09:25:09+00:00 | no new closed trades | account_type=DEMO | server=FTMO-Demo
[LOOP] 2026-03-22T09:26:09+00:00 | no new closed trades | account_type=DEMO | server=FTMO-Demo
[LOOP] 2026-03-22T09:27:09+00:00 | no new closed trades | account_type=DEMO | server=FTMO-Demo
[LOOP] 2026-03-22T09:28:09+00:00 | no new closed trades | account_type=DEMO | server=FTMO-Demo
[LOOP] 2026-03-22T09:29:09+00:00 | no new closed trades | account_type=DEMO | server=FTMO-Demo
[LOOP] 2026-03-22T09:30:09+00:00 | no new closed trades | account_type=DEMO | server=FTMO-Demo
[LOOP] 2026-03-22T09:31:09+00:00 | no new closed trades | account_type=DEMO | server=FTMO-Demo
[LOOP] 2026-03-22T09:32:09+00:00 | no new closed trades | account_type=DEMO | server=FTMO-Demo
[LOOP] 2026-03-22T09:33:09+00:00 | no new closed trades | account_type=DEMO | server=FTMO-Demo
[LOOP] 2026-03-22T09:34:09+00:00 | no new closed trades | account_type=DEMO | server=FTMO-Demo
[LOOP] 2026-03-22T09:35:09+00:00 | no new closed trades | account_type=DEMO | server=FTMO-Demo
[LOOP] 2026-03-22T09:36:09+00:00 | no new closed trades | account_type=DEMO | server=FTMO-Demo
[LOOP] 2026-03-22T09:37:09+00:00 | no new closed trades | account_type=DEMO | server=FTMO-Demo
[LOOP] 2026-03-22T09:38:09+00:00 | no new closed trades | account_type=DEMO | server=FTMO-Demo
[LOOP] 2026-03-22T09:39:09+00:00 | no new closed trades | account_type=DEMO | server=FTMO-Demo
[LOOP] 2026-03-22T09:40:09+00:00 | no new closed trades | account_type=DEMO | server=FTMO-Demo
[LOOP] 2026-03-22T09:41:09+00:00 | no new closed trades | account_type=DEMO | server=FTMO-Demo
[LOOP] 2026-03-22T09:42:09+00:00 | no new closed trades | account_type=DEMO | server=FTMO-Demo
[LOOP] 2026-03-22T09:43:09+00:00 | no new closed trades | account_type=DEMO | server=FTMO-Demo
[LOOP] 2026-03-22T09:44:09+00:00 | no new closed trades | account_type=DEMO | server=FTMO-Demo
[LOOP] 2026-03-22T09:45:09+00:00 | no new closed trades | account_type=DEMO | server=FTMO-Demo
[LOOP] 2026-03-22T09:46:09+00:00 | no new closed trades | account_type=DEMO | server=FTMO-Demo
[LOOP] 2026-03-22T09:47:09+00:00 | no new closed trades | account_type=DEMO | server=FTMO-Demo
[LOOP] 2026-03-22T09:48:09+00:00 | no new closed trades | account_type=DEMO | server=FTMO-Demo
[LOOP] 2026-03-22T09:49:09+00:00 | no new closed trades | account_type=DEMO | server=FTMO-Demo
[LOOP] 2026-03-22T09:50:09+00:00 | no new closed trades | account_type=DEMO | server=FTMO-Demo
[LOOP] 2026-03-22T09:51:09+00:00 | no new closed trades | account_type=DEMO | server=FTMO-Demo
[LOOP] 2026-03-22T09:52:09+00:00 | no new closed trades | account_type=DEMO | server=FTMO-Demo
[LOOP] 2026-03-22T09:53:09+00:00 | no new closed trades | account_type=DEMO | server=FTMO-Demo
[LOOP] 2026-03-22T09:54:09+00:00 | no new closed trades | account_type=DEMO | server=FTMO-Demo
[LOOP] 2026-03-22T09:55:09+00:00 | no new closed trades | account_type=DEMO | server=FTMO-Demo
[LOOP] 2026-03-22T09:56:09+00:00 | no new closed trades | account_type=DEMO | server=FTMO-Demo
[LOOP] 2026-03-22T09:57:09+00:00 | no new closed trades | account_type=DEMO | server=FTMO-Demo
[LOOP] 2026-03-22T09:58:09+00:00 | no new closed trades | account_type=DEMO | server=FTMO-Demo
[LOOP] 2026-03-22T09:59:09+00:00 | no new closed trades | account_type=DEMO | server=FTMO-Demo
[LOOP] 2026-03-22T10:00:09+00:00 | no new closed trades | account_type=DEMO | server=FTMO-Demo
[LOOP] 2026-03-22T10:01:09+00:00 | no new closed trades | account_type=DEMO | server=FTMO-Demo
[LOOP] 2026-03-22T10:02:09+00:00 | no new closed trades | account_type=DEMO | server=FTMO-Demo
[LOOP] 2026-03-22T10:03:09+00:00 | no new closed trades | account_type=DEMO | server=FTMO-Demo
[LOOP] 2026-03-22T10:04:09+00:00 | no new closed trades | account_type=DEMO | server=FTMO-Demo
[LOOP] 2026-03-22T10:05:09+00:00 | no new closed trades | account_type=DEMO | server=FTMO-Demo
[LOOP] 2026-03-22T10:06:09+00:00 | no new closed trades | account_type=DEMO | server=FTMO-Demo
[LOOP] 2026-03-22T10:07:09+00:00 | no new closed trades | account_type=DEMO | server=FTMO-Demo
[LOOP] 2026-03-22T10:08:09+00:00 | no new closed trades | account_type=DEMO | server=FTMO-Demo
